<?xml version="1.0" encoding="UTF-8"?>
<testsuite name="at.fhv.se.banking.application.CustomerServiceTests" tests="3" skipped="0" failures="0" errors="0" timestamp="2021-10-19T07:29:25" hostname="zazengine" time="0.021">
  <properties/>
  <testcase name="given_customersinrepo_when_listall_thenreturnall()" classname="at.fhv.se.banking.application.CustomerServiceTests" time="0.006"/>
  <testcase name="given_customerinrepo_when_informationFor_thenreturninfo()" classname="at.fhv.se.banking.application.CustomerServiceTests" time="0.005"/>
  <testcase name="given_nocustomerinrepo_when_informationFor_thenthrowsexception()" classname="at.fhv.se.banking.application.CustomerServiceTests" time="0.006"/>
  <system-out><![CDATA[09:29:25.116 [Test worker] INFO  o.s.b.t.c.SpringBootTestContextBootstrapper - Neither @ContextConfiguration nor @ContextHierarchy found for test class [at.fhv.se.banking.application.CustomerServiceTests], using SpringBootContextLoader
09:29:25.116 [Test worker] INFO  o.s.t.c.s.AbstractContextLoader - Could not detect default resource locations for test class [at.fhv.se.banking.application.CustomerServiceTests]: no resource found for suffixes {-context.xml, Context.groovy}.
09:29:25.117 [Test worker] INFO  o.s.t.c.s.AnnotationConfigContextLoaderUtils - Could not detect default configuration classes for test class [at.fhv.se.banking.application.CustomerServiceTests]: CustomerServiceTests does not declare any static, non-private, non-final, nested classes annotated with @Configuration.
09:29:25.120 [Test worker] INFO  o.s.b.t.c.SpringBootTestContextBootstrapper - Found @SpringBootConfiguration at.fhv.se.banking.BankingApplication for test class at.fhv.se.banking.application.CustomerServiceTests
09:29:25.122 [Test worker] INFO  o.s.b.t.c.SpringBootTestContextBootstrapper - Loaded default TestExecutionListener class names from location [META-INF/spring.factories]: [org.springframework.boot.test.autoconfigure.restdocs.RestDocsTestExecutionListener, org.springframework.boot.test.autoconfigure.web.client.MockRestServiceServerResetTestExecutionListener, org.springframework.boot.test.autoconfigure.web.servlet.MockMvcPrintOnlyOnFailureTestExecutionListener, org.springframework.boot.test.autoconfigure.web.servlet.WebDriverTestExecutionListener, org.springframework.boot.test.autoconfigure.webservices.client.MockWebServiceServerTestExecutionListener, org.springframework.boot.test.mock.mockito.MockitoTestExecutionListener, org.springframework.boot.test.mock.mockito.ResetMocksTestExecutionListener, org.springframework.test.context.web.ServletTestExecutionListener, org.springframework.test.context.support.DirtiesContextBeforeModesTestExecutionListener, org.springframework.test.context.event.ApplicationEventsTestExecutionListener, org.springframework.test.context.support.DependencyInjectionTestExecutionListener, org.springframework.test.context.support.DirtiesContextTestExecutionListener, org.springframework.test.context.transaction.TransactionalTestExecutionListener, org.springframework.test.context.jdbc.SqlScriptsTestExecutionListener, org.springframework.test.context.event.EventPublishingTestExecutionListener]
09:29:25.122 [Test worker] INFO  o.s.b.t.c.SpringBootTestContextBootstrapper - Using TestExecutionListeners: [org.springframework.test.context.web.ServletTestExecutionListener@7e4e2ac3, org.springframework.test.context.support.DirtiesContextBeforeModesTestExecutionListener@7318b25b, org.springframework.test.context.event.ApplicationEventsTestExecutionListener@21f0016a, org.springframework.boot.test.mock.mockito.MockitoTestExecutionListener@41191d21, org.springframework.boot.test.autoconfigure.SpringBootDependencyInjectionTestExecutionListener@4e8e3ff3, org.springframework.test.context.support.DirtiesContextTestExecutionListener@7832c613, org.springframework.test.context.transaction.TransactionalTestExecutionListener@59e8732e, org.springframework.test.context.jdbc.SqlScriptsTestExecutionListener@50918d27, org.springframework.test.context.event.EventPublishingTestExecutionListener@6f5f5161, org.springframework.boot.test.autoconfigure.restdocs.RestDocsTestExecutionListener@13310c7, org.springframework.boot.test.autoconfigure.web.client.MockRestServiceServerResetTestExecutionListener@1bd872cc, org.springframework.boot.test.autoconfigure.web.servlet.MockMvcPrintOnlyOnFailureTestExecutionListener@47fc3c25, org.springframework.boot.test.autoconfigure.web.servlet.WebDriverTestExecutionListener@523da9e2, org.springframework.boot.test.autoconfigure.webservices.client.MockWebServiceServerTestExecutionListener@4b912e4a, org.springframework.boot.test.mock.mockito.ResetMocksTestExecutionListener@13076be6]
]]></system-out>
  <system-err><![CDATA[]]></system-err>
</testsuite>
