<?xml version="1.0" encoding="UTF-8"?>
<testsuite name="at.fhv.se.banking.infrastructure.db.HibernateAccountRepositoryTests" tests="2" skipped="0" failures="0" errors="0" timestamp="2021-11-15T16:33:47" hostname="zazengine" time="0.074">
  <properties/>
  <testcase name="given_account_when_add_then_fetch()" classname="at.fhv.se.banking.infrastructure.db.HibernateAccountRepositoryTests" time="0.054"/>
  <testcase name="given_accounts_when_add_and_forcustomer_then_fetch()" classname="at.fhv.se.banking.infrastructure.db.HibernateAccountRepositoryTests" time="0.019"/>
  <system-out><![CDATA[17:33:47.410 [Test worker] INFO  o.s.b.t.c.SpringBootTestContextBootstrapper - Neither @ContextConfiguration nor @ContextHierarchy found for test class [at.fhv.se.banking.infrastructure.db.HibernateAccountRepositoryTests], using SpringBootContextLoader
17:33:47.411 [Test worker] INFO  o.s.t.c.s.AbstractContextLoader - Could not detect default resource locations for test class [at.fhv.se.banking.infrastructure.db.HibernateAccountRepositoryTests]: no resource found for suffixes {-context.xml, Context.groovy}.
17:33:47.411 [Test worker] INFO  o.s.t.c.s.AnnotationConfigContextLoaderUtils - Could not detect default configuration classes for test class [at.fhv.se.banking.infrastructure.db.HibernateAccountRepositoryTests]: HibernateAccountRepositoryTests does not declare any static, non-private, non-final, nested classes annotated with @Configuration.
17:33:47.413 [Test worker] INFO  o.s.b.t.c.SpringBootTestContextBootstrapper - Found @SpringBootConfiguration at.fhv.se.banking.BankingApplication for test class at.fhv.se.banking.infrastructure.db.HibernateAccountRepositoryTests
17:33:47.415 [Test worker] INFO  o.s.b.t.c.SpringBootTestContextBootstrapper - Loaded default TestExecutionListener class names from location [META-INF/spring.factories]: [org.springframework.boot.test.autoconfigure.restdocs.RestDocsTestExecutionListener, org.springframework.boot.test.autoconfigure.web.client.MockRestServiceServerResetTestExecutionListener, org.springframework.boot.test.autoconfigure.web.servlet.MockMvcPrintOnlyOnFailureTestExecutionListener, org.springframework.boot.test.autoconfigure.web.servlet.WebDriverTestExecutionListener, org.springframework.boot.test.autoconfigure.webservices.client.MockWebServiceServerTestExecutionListener, org.springframework.boot.test.mock.mockito.MockitoTestExecutionListener, org.springframework.boot.test.mock.mockito.ResetMocksTestExecutionListener, org.springframework.test.context.web.ServletTestExecutionListener, org.springframework.test.context.support.DirtiesContextBeforeModesTestExecutionListener, org.springframework.test.context.event.ApplicationEventsTestExecutionListener, org.springframework.test.context.support.DependencyInjectionTestExecutionListener, org.springframework.test.context.support.DirtiesContextTestExecutionListener, org.springframework.test.context.transaction.TransactionalTestExecutionListener, org.springframework.test.context.jdbc.SqlScriptsTestExecutionListener, org.springframework.test.context.event.EventPublishingTestExecutionListener]
17:33:47.415 [Test worker] INFO  o.s.b.t.c.SpringBootTestContextBootstrapper - Using TestExecutionListeners: [org.springframework.test.context.web.ServletTestExecutionListener@24380cf1, org.springframework.test.context.support.DirtiesContextBeforeModesTestExecutionListener@3129c938, org.springframework.test.context.event.ApplicationEventsTestExecutionListener@7b6aa310, org.springframework.boot.test.mock.mockito.MockitoTestExecutionListener@663b5642, org.springframework.boot.test.autoconfigure.SpringBootDependencyInjectionTestExecutionListener@28081f0, org.springframework.test.context.support.DirtiesContextTestExecutionListener@7d1ff891, org.springframework.test.context.transaction.TransactionalTestExecutionListener@5343a601, org.springframework.test.context.jdbc.SqlScriptsTestExecutionListener@6f76636d, org.springframework.test.context.event.EventPublishingTestExecutionListener@697ff072, org.springframework.boot.test.autoconfigure.restdocs.RestDocsTestExecutionListener@6b2656bc, org.springframework.boot.test.autoconfigure.web.client.MockRestServiceServerResetTestExecutionListener@251b9677, org.springframework.boot.test.autoconfigure.web.servlet.MockMvcPrintOnlyOnFailureTestExecutionListener@792ae4b2, org.springframework.boot.test.autoconfigure.web.servlet.WebDriverTestExecutionListener@6f406785, org.springframework.boot.test.autoconfigure.webservices.client.MockWebServiceServerTestExecutionListener@360a4f67, org.springframework.boot.test.mock.mockito.ResetMocksTestExecutionListener@4fdbdfff]
17:33:47.420 [Test worker] INFO  o.s.t.c.t.TransactionContext - Began transaction (1) for test context [DefaultTestContext@d6a8227 testClass = HibernateAccountRepositoryTests, testInstance = at.fhv.se.banking.infrastructure.db.HibernateAccountRepositoryTests@69ff859a, testMethod = given_account_when_add_then_fetch@HibernateAccountRepositoryTests, testException = [null], mergedContextConfiguration = [WebMergedContextConfiguration@78ca9b7d testClass = HibernateAccountRepositoryTests, locations = '{}', classes = '{class at.fhv.se.banking.BankingApplication}', contextInitializerClasses = '[]', activeProfiles = '{test}', propertySourceLocations = '{}', propertySourceProperties = '{org.springframework.boot.test.context.SpringBootTestContextBootstrapper=true}', contextCustomizers = set[org.springframework.boot.test.autoconfigure.actuate.metrics.MetricsExportContextCustomizerFactory$DisableMetricExportContextCustomizer@258e0c1a, org.springframework.boot.test.autoconfigure.properties.PropertyMappingContextCustomizer@0, org.springframework.boot.test.autoconfigure.web.servlet.WebDriverContextCustomizerFactory$Customizer@46bbe622, org.springframework.boot.test.context.filter.ExcludeFilterContextCustomizer@4df2cea2, org.springframework.boot.test.json.DuplicateJsonObjectContextCustomizerFactory$DuplicateJsonObjectContextCustomizer@7371b122, org.springframework.boot.test.mock.mockito.MockitoContextCustomizer@0, org.springframework.boot.test.web.client.TestRestTemplateContextCustomizer@312510bc, org.springframework.boot.test.context.SpringBootTestArgs@1, org.springframework.boot.test.context.SpringBootTestWebEnvironment@522987b7], resourceBasePath = 'src/main/webapp', contextLoader = 'org.springframework.boot.test.context.SpringBootContextLoader', parent = [null]], attributes = map['org.springframework.test.context.web.ServletTestExecutionListener.activateListener' -> true, 'org.springframework.test.context.web.ServletTestExecutionListener.populatedRequestContextHolder' -> true, 'org.springframework.test.context.web.ServletTestExecutionListener.resetRequestContextHolder' -> true, 'org.springframework.test.context.event.ApplicationEventsTestExecutionListener.recordApplicationEvents' -> false]]; transaction manager [org.springframework.orm.jpa.JpaTransactionManager@798b4de7]; rollback [true]
Hibernate: 
    insert 
    into
        accounts
        (id, account_version, account_owner_id, account_iban, account_type) 
    values
        (null, ?, ?, ?, 'GIRO')
Hibernate: 
    insert 
    into
        transactions
        (id, tx_amount, tx_iban, tx_name, tx_reference, tx_time) 
    values
        (null, ?, ?, ?, ?, ?)
Hibernate: 
    insert 
    into
        transactions
        (id, tx_amount, tx_iban, tx_name, tx_reference, tx_time) 
    values
        (null, ?, ?, ?, ?, ?)
Hibernate: 
    select
        account0_.id as id1_0_,
        account0_.account_version as account_2_0_,
        account0_.account_owner_id as account_4_0_,
        account0_.account_iban as account_5_0_,
        account0_.account_type as account_3_0_ 
    from
        accounts account0_ 
    where
        account0_.account_iban=?
17:33:47.473 [Test worker] INFO  o.s.t.c.t.TransactionContext - Rolled back transaction for test: [DefaultTestContext@d6a8227 testClass = HibernateAccountRepositoryTests, testInstance = at.fhv.se.banking.infrastructure.db.HibernateAccountRepositoryTests@69ff859a, testMethod = given_account_when_add_then_fetch@HibernateAccountRepositoryTests, testException = [null], mergedContextConfiguration = [WebMergedContextConfiguration@78ca9b7d testClass = HibernateAccountRepositoryTests, locations = '{}', classes = '{class at.fhv.se.banking.BankingApplication}', contextInitializerClasses = '[]', activeProfiles = '{test}', propertySourceLocations = '{}', propertySourceProperties = '{org.springframework.boot.test.context.SpringBootTestContextBootstrapper=true}', contextCustomizers = set[org.springframework.boot.test.autoconfigure.actuate.metrics.MetricsExportContextCustomizerFactory$DisableMetricExportContextCustomizer@258e0c1a, org.springframework.boot.test.autoconfigure.properties.PropertyMappingContextCustomizer@0, org.springframework.boot.test.autoconfigure.web.servlet.WebDriverContextCustomizerFactory$Customizer@46bbe622, org.springframework.boot.test.context.filter.ExcludeFilterContextCustomizer@4df2cea2, org.springframework.boot.test.json.DuplicateJsonObjectContextCustomizerFactory$DuplicateJsonObjectContextCustomizer@7371b122, org.springframework.boot.test.mock.mockito.MockitoContextCustomizer@0, org.springframework.boot.test.web.client.TestRestTemplateContextCustomizer@312510bc, org.springframework.boot.test.context.SpringBootTestArgs@1, org.springframework.boot.test.context.SpringBootTestWebEnvironment@522987b7], resourceBasePath = 'src/main/webapp', contextLoader = 'org.springframework.boot.test.context.SpringBootContextLoader', parent = [null]], attributes = map['org.springframework.test.context.web.ServletTestExecutionListener.activateListener' -> true, 'org.springframework.test.context.web.ServletTestExecutionListener.populatedRequestContextHolder' -> true, 'org.springframework.test.context.web.ServletTestExecutionListener.resetRequestContextHolder' -> true, 'org.springframework.test.context.event.ApplicationEventsTestExecutionListener.recordApplicationEvents' -> false]]
17:33:47.475 [Test worker] INFO  o.s.t.c.t.TransactionContext - Began transaction (1) for test context [DefaultTestContext@d6a8227 testClass = HibernateAccountRepositoryTests, testInstance = at.fhv.se.banking.infrastructure.db.HibernateAccountRepositoryTests@11a43e9, testMethod = given_accounts_when_add_and_forcustomer_then_fetch@HibernateAccountRepositoryTests, testException = [null], mergedContextConfiguration = [WebMergedContextConfiguration@78ca9b7d testClass = HibernateAccountRepositoryTests, locations = '{}', classes = '{class at.fhv.se.banking.BankingApplication}', contextInitializerClasses = '[]', activeProfiles = '{test}', propertySourceLocations = '{}', propertySourceProperties = '{org.springframework.boot.test.context.SpringBootTestContextBootstrapper=true}', contextCustomizers = set[org.springframework.boot.test.autoconfigure.actuate.metrics.MetricsExportContextCustomizerFactory$DisableMetricExportContextCustomizer@258e0c1a, org.springframework.boot.test.autoconfigure.properties.PropertyMappingContextCustomizer@0, org.springframework.boot.test.autoconfigure.web.servlet.WebDriverContextCustomizerFactory$Customizer@46bbe622, org.springframework.boot.test.context.filter.ExcludeFilterContextCustomizer@4df2cea2, org.springframework.boot.test.json.DuplicateJsonObjectContextCustomizerFactory$DuplicateJsonObjectContextCustomizer@7371b122, org.springframework.boot.test.mock.mockito.MockitoContextCustomizer@0, org.springframework.boot.test.web.client.TestRestTemplateContextCustomizer@312510bc, org.springframework.boot.test.context.SpringBootTestArgs@1, org.springframework.boot.test.context.SpringBootTestWebEnvironment@522987b7], resourceBasePath = 'src/main/webapp', contextLoader = 'org.springframework.boot.test.context.SpringBootContextLoader', parent = [null]], attributes = map['org.springframework.test.context.web.ServletTestExecutionListener.activateListener' -> true, 'org.springframework.test.context.web.ServletTestExecutionListener.populatedRequestContextHolder' -> true, 'org.springframework.test.context.web.ServletTestExecutionListener.resetRequestContextHolder' -> true, 'org.springframework.test.context.event.ApplicationEventsTestExecutionListener.recordApplicationEvents' -> false]]; transaction manager [org.springframework.orm.jpa.JpaTransactionManager@798b4de7]; rollback [true]
Hibernate: 
    insert 
    into
        accounts
        (id, account_version, account_owner_id, account_iban, account_type) 
    values
        (null, ?, ?, ?, 'GIRO')
Hibernate: 
    insert 
    into
        transactions
        (id, tx_amount, tx_iban, tx_name, tx_reference, tx_time) 
    values
        (null, ?, ?, ?, ?, ?)
Hibernate: 
    insert 
    into
        transactions
        (id, tx_amount, tx_iban, tx_name, tx_reference, tx_time) 
    values
        (null, ?, ?, ?, ?, ?)
Hibernate: 
    insert 
    into
        accounts
        (id, account_version, account_owner_id, account_iban, account_type) 
    values
        (null, ?, ?, ?, 'GIRO')
Hibernate: 
    insert 
    into
        transactions
        (id, tx_amount, tx_iban, tx_name, tx_reference, tx_time) 
    values
        (null, ?, ?, ?, ?, ?)
Hibernate: 
    insert 
    into
        transactions
        (id, tx_amount, tx_iban, tx_name, tx_reference, tx_time) 
    values
        (null, ?, ?, ?, ?, ?)
Hibernate: 
    insert 
    into
        accounts
        (id, account_version, account_owner_id, account_iban, account_type) 
    values
        (null, ?, ?, ?, 'GIRO')
Hibernate: 
    insert 
    into
        transactions
        (id, tx_amount, tx_iban, tx_name, tx_reference, tx_time) 
    values
        (null, ?, ?, ?, ?, ?)
Hibernate: 
    insert 
    into
        transactions
        (id, tx_amount, tx_iban, tx_name, tx_reference, tx_time) 
    values
        (null, ?, ?, ?, ?, ?)
Hibernate: 
    select
        account0_.id as id1_0_,
        account0_.account_version as account_2_0_,
        account0_.account_owner_id as account_4_0_,
        account0_.account_iban as account_5_0_,
        account0_.account_type as account_3_0_ 
    from
        accounts account0_ 
    where
        account0_.account_owner_id=?
Hibernate: 
    select
        account0_.id as id1_0_,
        account0_.account_version as account_2_0_,
        account0_.account_owner_id as account_4_0_,
        account0_.account_iban as account_5_0_,
        account0_.account_type as account_3_0_ 
    from
        accounts account0_ 
    where
        account0_.account_owner_id=?
17:33:47.493 [Test worker] INFO  o.s.t.c.t.TransactionContext - Rolled back transaction for test: [DefaultTestContext@d6a8227 testClass = HibernateAccountRepositoryTests, testInstance = at.fhv.se.banking.infrastructure.db.HibernateAccountRepositoryTests@11a43e9, testMethod = given_accounts_when_add_and_forcustomer_then_fetch@HibernateAccountRepositoryTests, testException = [null], mergedContextConfiguration = [WebMergedContextConfiguration@78ca9b7d testClass = HibernateAccountRepositoryTests, locations = '{}', classes = '{class at.fhv.se.banking.BankingApplication}', contextInitializerClasses = '[]', activeProfiles = '{test}', propertySourceLocations = '{}', propertySourceProperties = '{org.springframework.boot.test.context.SpringBootTestContextBootstrapper=true}', contextCustomizers = set[org.springframework.boot.test.autoconfigure.actuate.metrics.MetricsExportContextCustomizerFactory$DisableMetricExportContextCustomizer@258e0c1a, org.springframework.boot.test.autoconfigure.properties.PropertyMappingContextCustomizer@0, org.springframework.boot.test.autoconfigure.web.servlet.WebDriverContextCustomizerFactory$Customizer@46bbe622, org.springframework.boot.test.context.filter.ExcludeFilterContextCustomizer@4df2cea2, org.springframework.boot.test.json.DuplicateJsonObjectContextCustomizerFactory$DuplicateJsonObjectContextCustomizer@7371b122, org.springframework.boot.test.mock.mockito.MockitoContextCustomizer@0, org.springframework.boot.test.web.client.TestRestTemplateContextCustomizer@312510bc, org.springframework.boot.test.context.SpringBootTestArgs@1, org.springframework.boot.test.context.SpringBootTestWebEnvironment@522987b7], resourceBasePath = 'src/main/webapp', contextLoader = 'org.springframework.boot.test.context.SpringBootContextLoader', parent = [null]], attributes = map['org.springframework.test.context.web.ServletTestExecutionListener.activateListener' -> true, 'org.springframework.test.context.web.ServletTestExecutionListener.populatedRequestContextHolder' -> true, 'org.springframework.test.context.web.ServletTestExecutionListener.resetRequestContextHolder' -> true, 'org.springframework.test.context.event.ApplicationEventsTestExecutionListener.recordApplicationEvents' -> false]]
]]></system-out>
  <system-err><![CDATA[]]></system-err>
</testsuite>
