<?xml version="1.0" encoding="UTF-8"?>
<testsuite name="at.fhv.se.banking.infrastructure.db.HibernatePersistedEventRepositoryTests" tests="2" skipped="0" failures="0" errors="0" timestamp="2021-11-11T11:15:15" hostname="DESKTOP-PSP3COV" time="0.133">
  <properties/>
  <testcase name="given_domainevent_when_persisted_then_returnasnext()" classname="at.fhv.se.banking.infrastructure.db.HibernatePersistedEventRepositoryTests" time="0.123"/>
  <testcase name="given_emptyeventtable_when_nextevent_then_returnempty()" classname="at.fhv.se.banking.infrastructure.db.HibernatePersistedEventRepositoryTests" time="0.009"/>
  <system-out><![CDATA[12:15:15.085 [Test worker] INFO  o.s.b.t.c.SpringBootTestContextBootstrapper - Neither @ContextConfiguration nor @ContextHierarchy found for test class [at.fhv.se.banking.infrastructure.db.HibernatePersistedEventRepositoryTests], using SpringBootContextLoader
12:15:15.085 [Test worker] INFO  o.s.t.c.s.AbstractContextLoader - Could not detect default resource locations for test class [at.fhv.se.banking.infrastructure.db.HibernatePersistedEventRepositoryTests]: no resource found for suffixes {-context.xml, Context.groovy}.
12:15:15.085 [Test worker] INFO  o.s.t.c.s.AnnotationConfigContextLoaderUtils - Could not detect default configuration classes for test class [at.fhv.se.banking.infrastructure.db.HibernatePersistedEventRepositoryTests]: HibernatePersistedEventRepositoryTests does not declare any static, non-private, non-final, nested classes annotated with @Configuration.
12:15:15.085 [Test worker] INFO  o.s.b.t.c.SpringBootTestContextBootstrapper - Found @SpringBootConfiguration at.fhv.se.banking.BankingApplication for test class at.fhv.se.banking.infrastructure.db.HibernatePersistedEventRepositoryTests
12:15:15.101 [Test worker] INFO  o.s.b.t.c.SpringBootTestContextBootstrapper - Loaded default TestExecutionListener class names from location [META-INF/spring.factories]: [org.springframework.boot.test.autoconfigure.restdocs.RestDocsTestExecutionListener, org.springframework.boot.test.autoconfigure.web.client.MockRestServiceServerResetTestExecutionListener, org.springframework.boot.test.autoconfigure.web.servlet.MockMvcPrintOnlyOnFailureTestExecutionListener, org.springframework.boot.test.autoconfigure.web.servlet.WebDriverTestExecutionListener, org.springframework.boot.test.autoconfigure.webservices.client.MockWebServiceServerTestExecutionListener, org.springframework.boot.test.mock.mockito.MockitoTestExecutionListener, org.springframework.boot.test.mock.mockito.ResetMocksTestExecutionListener, org.springframework.test.context.web.ServletTestExecutionListener, org.springframework.test.context.support.DirtiesContextBeforeModesTestExecutionListener, org.springframework.test.context.event.ApplicationEventsTestExecutionListener, org.springframework.test.context.support.DependencyInjectionTestExecutionListener, org.springframework.test.context.support.DirtiesContextTestExecutionListener, org.springframework.test.context.transaction.TransactionalTestExecutionListener, org.springframework.test.context.jdbc.SqlScriptsTestExecutionListener, org.springframework.test.context.event.EventPublishingTestExecutionListener]
12:15:15.101 [Test worker] INFO  o.s.b.t.c.SpringBootTestContextBootstrapper - Using TestExecutionListeners: [org.springframework.test.context.web.ServletTestExecutionListener@6411c062, org.springframework.test.context.support.DirtiesContextBeforeModesTestExecutionListener@2ee4ca6b, org.springframework.test.context.event.ApplicationEventsTestExecutionListener@10660582, org.springframework.boot.test.mock.mockito.MockitoTestExecutionListener@653adb97, org.springframework.boot.test.autoconfigure.SpringBootDependencyInjectionTestExecutionListener@f420582, org.springframework.test.context.support.DirtiesContextTestExecutionListener@77d3193, org.springframework.test.context.transaction.TransactionalTestExecutionListener@27176eeb, org.springframework.test.context.jdbc.SqlScriptsTestExecutionListener@14c2effd, org.springframework.test.context.event.EventPublishingTestExecutionListener@b3396f2, org.springframework.boot.test.autoconfigure.restdocs.RestDocsTestExecutionListener@652cdfae, org.springframework.boot.test.autoconfigure.web.client.MockRestServiceServerResetTestExecutionListener@79d085d6, org.springframework.boot.test.autoconfigure.web.servlet.MockMvcPrintOnlyOnFailureTestExecutionListener@7a6e2016, org.springframework.boot.test.autoconfigure.web.servlet.WebDriverTestExecutionListener@6dfdbdaf, org.springframework.boot.test.autoconfigure.webservices.client.MockWebServiceServerTestExecutionListener@6e2fde11, org.springframework.boot.test.mock.mockito.ResetMocksTestExecutionListener@13ac0837]
12:15:15.104 [Test worker] INFO  o.s.t.c.t.TransactionContext - Began transaction (1) for test context [DefaultTestContext@185932a7 testClass = HibernatePersistedEventRepositoryTests, testInstance = at.fhv.se.banking.infrastructure.db.HibernatePersistedEventRepositoryTests@816b8eb, testMethod = given_domainevent_when_persisted_then_returnasnext@HibernatePersistedEventRepositoryTests, testException = [null], mergedContextConfiguration = [WebMergedContextConfiguration@7b08f46e testClass = HibernatePersistedEventRepositoryTests, locations = '{}', classes = '{class at.fhv.se.banking.BankingApplication}', contextInitializerClasses = '[]', activeProfiles = '{test}', propertySourceLocations = '{}', propertySourceProperties = '{org.springframework.boot.test.context.SpringBootTestContextBootstrapper=true}', contextCustomizers = set[org.springframework.boot.test.autoconfigure.actuate.metrics.MetricsExportContextCustomizerFactory$DisableMetricExportContextCustomizer@73be6529, org.springframework.boot.test.autoconfigure.properties.PropertyMappingContextCustomizer@0, org.springframework.boot.test.autoconfigure.web.servlet.WebDriverContextCustomizerFactory$Customizer@3ecdb6b5, org.springframework.boot.test.context.filter.ExcludeFilterContextCustomizer@3fda31c6, org.springframework.boot.test.json.DuplicateJsonObjectContextCustomizerFactory$DuplicateJsonObjectContextCustomizer@656d9659, org.springframework.boot.test.mock.mockito.MockitoContextCustomizer@0, org.springframework.boot.test.web.client.TestRestTemplateContextCustomizer@12a603ff, org.springframework.boot.test.context.SpringBootTestArgs@1, org.springframework.boot.test.context.SpringBootTestWebEnvironment@3d59f6ac], resourceBasePath = 'src/main/webapp', contextLoader = 'org.springframework.boot.test.context.SpringBootContextLoader', parent = [null]], attributes = map['org.springframework.test.context.web.ServletTestExecutionListener.activateListener' -> true, 'org.springframework.test.context.web.ServletTestExecutionListener.populatedRequestContextHolder' -> true, 'org.springframework.test.context.web.ServletTestExecutionListener.resetRequestContextHolder' -> true, 'org.springframework.test.context.event.ApplicationEventsTestExecutionListener.recordApplicationEvents' -> false]]; transaction manager [org.springframework.orm.jpa.JpaTransactionManager@1e3aa147]; rollback [true]
Hibernate: 
    insert 
    into
        persistedevents
        (id, persistedevent_created, persistedevent_type, persistedevent_processed, persistedevent_failed, persistedevent_fail_message, persistedevent_payload) 
    values
        (null, ?, ?, ?, ?, ?, ?)
Hibernate: 
    select
        persistede0_.id as id1_2_,
        persistede0_.persistedevent_created as persiste2_2_,
        persistede0_.persistedevent_type as persiste3_2_,
        persistede0_.persistedevent_processed as persiste4_2_,
        persistede0_.persistedevent_failed as persiste5_2_,
        persistede0_.persistedevent_fail_message as persiste6_2_,
        persistede0_.persistedevent_payload as persiste7_2_ 
    from
        persistedevents persistede0_ 
    where
        persistede0_.persistedevent_processed=? 
        and persistede0_.persistedevent_failed=0 
    order by
        persistede0_.persistedevent_created limit ?
12:15:15.228 [Test worker] INFO  o.s.t.c.t.TransactionContext - Rolled back transaction for test: [DefaultTestContext@185932a7 testClass = HibernatePersistedEventRepositoryTests, testInstance = at.fhv.se.banking.infrastructure.db.HibernatePersistedEventRepositoryTests@816b8eb, testMethod = given_domainevent_when_persisted_then_returnasnext@HibernatePersistedEventRepositoryTests, testException = [null], mergedContextConfiguration = [WebMergedContextConfiguration@7b08f46e testClass = HibernatePersistedEventRepositoryTests, locations = '{}', classes = '{class at.fhv.se.banking.BankingApplication}', contextInitializerClasses = '[]', activeProfiles = '{test}', propertySourceLocations = '{}', propertySourceProperties = '{org.springframework.boot.test.context.SpringBootTestContextBootstrapper=true}', contextCustomizers = set[org.springframework.boot.test.autoconfigure.actuate.metrics.MetricsExportContextCustomizerFactory$DisableMetricExportContextCustomizer@73be6529, org.springframework.boot.test.autoconfigure.properties.PropertyMappingContextCustomizer@0, org.springframework.boot.test.autoconfigure.web.servlet.WebDriverContextCustomizerFactory$Customizer@3ecdb6b5, org.springframework.boot.test.context.filter.ExcludeFilterContextCustomizer@3fda31c6, org.springframework.boot.test.json.DuplicateJsonObjectContextCustomizerFactory$DuplicateJsonObjectContextCustomizer@656d9659, org.springframework.boot.test.mock.mockito.MockitoContextCustomizer@0, org.springframework.boot.test.web.client.TestRestTemplateContextCustomizer@12a603ff, org.springframework.boot.test.context.SpringBootTestArgs@1, org.springframework.boot.test.context.SpringBootTestWebEnvironment@3d59f6ac], resourceBasePath = 'src/main/webapp', contextLoader = 'org.springframework.boot.test.context.SpringBootContextLoader', parent = [null]], attributes = map['org.springframework.test.context.web.ServletTestExecutionListener.activateListener' -> true, 'org.springframework.test.context.web.ServletTestExecutionListener.populatedRequestContextHolder' -> true, 'org.springframework.test.context.web.ServletTestExecutionListener.resetRequestContextHolder' -> true, 'org.springframework.test.context.event.ApplicationEventsTestExecutionListener.recordApplicationEvents' -> false]]
12:15:15.228 [Test worker] INFO  o.s.t.c.t.TransactionContext - Began transaction (1) for test context [DefaultTestContext@185932a7 testClass = HibernatePersistedEventRepositoryTests, testInstance = at.fhv.se.banking.infrastructure.db.HibernatePersistedEventRepositoryTests@57dffb48, testMethod = given_emptyeventtable_when_nextevent_then_returnempty@HibernatePersistedEventRepositoryTests, testException = [null], mergedContextConfiguration = [WebMergedContextConfiguration@7b08f46e testClass = HibernatePersistedEventRepositoryTests, locations = '{}', classes = '{class at.fhv.se.banking.BankingApplication}', contextInitializerClasses = '[]', activeProfiles = '{test}', propertySourceLocations = '{}', propertySourceProperties = '{org.springframework.boot.test.context.SpringBootTestContextBootstrapper=true}', contextCustomizers = set[org.springframework.boot.test.autoconfigure.actuate.metrics.MetricsExportContextCustomizerFactory$DisableMetricExportContextCustomizer@73be6529, org.springframework.boot.test.autoconfigure.properties.PropertyMappingContextCustomizer@0, org.springframework.boot.test.autoconfigure.web.servlet.WebDriverContextCustomizerFactory$Customizer@3ecdb6b5, org.springframework.boot.test.context.filter.ExcludeFilterContextCustomizer@3fda31c6, org.springframework.boot.test.json.DuplicateJsonObjectContextCustomizerFactory$DuplicateJsonObjectContextCustomizer@656d9659, org.springframework.boot.test.mock.mockito.MockitoContextCustomizer@0, org.springframework.boot.test.web.client.TestRestTemplateContextCustomizer@12a603ff, org.springframework.boot.test.context.SpringBootTestArgs@1, org.springframework.boot.test.context.SpringBootTestWebEnvironment@3d59f6ac], resourceBasePath = 'src/main/webapp', contextLoader = 'org.springframework.boot.test.context.SpringBootContextLoader', parent = [null]], attributes = map['org.springframework.test.context.web.ServletTestExecutionListener.activateListener' -> true, 'org.springframework.test.context.web.ServletTestExecutionListener.populatedRequestContextHolder' -> true, 'org.springframework.test.context.web.ServletTestExecutionListener.resetRequestContextHolder' -> true, 'org.springframework.test.context.event.ApplicationEventsTestExecutionListener.recordApplicationEvents' -> false]]; transaction manager [org.springframework.orm.jpa.JpaTransactionManager@1e3aa147]; rollback [true]
Hibernate: 
    select
        persistede0_.id as id1_2_,
        persistede0_.persistedevent_created as persiste2_2_,
        persistede0_.persistedevent_type as persiste3_2_,
        persistede0_.persistedevent_processed as persiste4_2_,
        persistede0_.persistedevent_failed as persiste5_2_,
        persistede0_.persistedevent_fail_message as persiste6_2_,
        persistede0_.persistedevent_payload as persiste7_2_ 
    from
        persistedevents persistede0_ 
    where
        persistede0_.persistedevent_processed=? 
        and persistede0_.persistedevent_failed=0 
    order by
        persistede0_.persistedevent_created limit ?
12:15:15.236 [Test worker] INFO  o.s.t.c.t.TransactionContext - Rolled back transaction for test: [DefaultTestContext@185932a7 testClass = HibernatePersistedEventRepositoryTests, testInstance = at.fhv.se.banking.infrastructure.db.HibernatePersistedEventRepositoryTests@57dffb48, testMethod = given_emptyeventtable_when_nextevent_then_returnempty@HibernatePersistedEventRepositoryTests, testException = [null], mergedContextConfiguration = [WebMergedContextConfiguration@7b08f46e testClass = HibernatePersistedEventRepositoryTests, locations = '{}', classes = '{class at.fhv.se.banking.BankingApplication}', contextInitializerClasses = '[]', activeProfiles = '{test}', propertySourceLocations = '{}', propertySourceProperties = '{org.springframework.boot.test.context.SpringBootTestContextBootstrapper=true}', contextCustomizers = set[org.springframework.boot.test.autoconfigure.actuate.metrics.MetricsExportContextCustomizerFactory$DisableMetricExportContextCustomizer@73be6529, org.springframework.boot.test.autoconfigure.properties.PropertyMappingContextCustomizer@0, org.springframework.boot.test.autoconfigure.web.servlet.WebDriverContextCustomizerFactory$Customizer@3ecdb6b5, org.springframework.boot.test.context.filter.ExcludeFilterContextCustomizer@3fda31c6, org.springframework.boot.test.json.DuplicateJsonObjectContextCustomizerFactory$DuplicateJsonObjectContextCustomizer@656d9659, org.springframework.boot.test.mock.mockito.MockitoContextCustomizer@0, org.springframework.boot.test.web.client.TestRestTemplateContextCustomizer@12a603ff, org.springframework.boot.test.context.SpringBootTestArgs@1, org.springframework.boot.test.context.SpringBootTestWebEnvironment@3d59f6ac], resourceBasePath = 'src/main/webapp', contextLoader = 'org.springframework.boot.test.context.SpringBootContextLoader', parent = [null]], attributes = map['org.springframework.test.context.web.ServletTestExecutionListener.activateListener' -> true, 'org.springframework.test.context.web.ServletTestExecutionListener.populatedRequestContextHolder' -> true, 'org.springframework.test.context.web.ServletTestExecutionListener.resetRequestContextHolder' -> true, 'org.springframework.test.context.event.ApplicationEventsTestExecutionListener.recordApplicationEvents' -> false]]
]]></system-out>
  <system-err><![CDATA[]]></system-err>
</testsuite>
