<?xml version="1.0" encoding="UTF-8"?>
<testsuite name="at.fhv.se.banking.infrastructure.db.HibernateCustomerRepositoryTests" tests="2" skipped="0" failures="0" errors="0" timestamp="2021-11-11T11:15:15" hostname="DESKTOP-PSP3COV" time="0.027">
  <properties/>
  <testcase name="given_customer_when_added_then_fetched()" classname="at.fhv.se.banking.infrastructure.db.HibernateCustomerRepositoryTests" time="0.013"/>
  <testcase name="given_customers_when_addedandall_then_fetched()" classname="at.fhv.se.banking.infrastructure.db.HibernateCustomerRepositoryTests" time="0.012"/>
  <system-out><![CDATA[12:15:15.051 [Test worker] INFO  o.s.b.t.c.SpringBootTestContextBootstrapper - Neither @ContextConfiguration nor @ContextHierarchy found for test class [at.fhv.se.banking.infrastructure.db.HibernateCustomerRepositoryTests], using SpringBootContextLoader
12:15:15.051 [Test worker] INFO  o.s.t.c.s.AbstractContextLoader - Could not detect default resource locations for test class [at.fhv.se.banking.infrastructure.db.HibernateCustomerRepositoryTests]: no resource found for suffixes {-context.xml, Context.groovy}.
12:15:15.051 [Test worker] INFO  o.s.t.c.s.AnnotationConfigContextLoaderUtils - Could not detect default configuration classes for test class [at.fhv.se.banking.infrastructure.db.HibernateCustomerRepositoryTests]: HibernateCustomerRepositoryTests does not declare any static, non-private, non-final, nested classes annotated with @Configuration.
12:15:15.051 [Test worker] INFO  o.s.b.t.c.SpringBootTestContextBootstrapper - Found @SpringBootConfiguration at.fhv.se.banking.BankingApplication for test class at.fhv.se.banking.infrastructure.db.HibernateCustomerRepositoryTests
12:15:15.051 [Test worker] INFO  o.s.b.t.c.SpringBootTestContextBootstrapper - Loaded default TestExecutionListener class names from location [META-INF/spring.factories]: [org.springframework.boot.test.autoconfigure.restdocs.RestDocsTestExecutionListener, org.springframework.boot.test.autoconfigure.web.client.MockRestServiceServerResetTestExecutionListener, org.springframework.boot.test.autoconfigure.web.servlet.MockMvcPrintOnlyOnFailureTestExecutionListener, org.springframework.boot.test.autoconfigure.web.servlet.WebDriverTestExecutionListener, org.springframework.boot.test.autoconfigure.webservices.client.MockWebServiceServerTestExecutionListener, org.springframework.boot.test.mock.mockito.MockitoTestExecutionListener, org.springframework.boot.test.mock.mockito.ResetMocksTestExecutionListener, org.springframework.test.context.web.ServletTestExecutionListener, org.springframework.test.context.support.DirtiesContextBeforeModesTestExecutionListener, org.springframework.test.context.event.ApplicationEventsTestExecutionListener, org.springframework.test.context.support.DependencyInjectionTestExecutionListener, org.springframework.test.context.support.DirtiesContextTestExecutionListener, org.springframework.test.context.transaction.TransactionalTestExecutionListener, org.springframework.test.context.jdbc.SqlScriptsTestExecutionListener, org.springframework.test.context.event.EventPublishingTestExecutionListener]
12:15:15.051 [Test worker] INFO  o.s.b.t.c.SpringBootTestContextBootstrapper - Using TestExecutionListeners: [org.springframework.test.context.web.ServletTestExecutionListener@633f2367, org.springframework.test.context.support.DirtiesContextBeforeModesTestExecutionListener@44f496aa, org.springframework.test.context.event.ApplicationEventsTestExecutionListener@76e0ff8e, org.springframework.boot.test.mock.mockito.MockitoTestExecutionListener@3aed48b1, org.springframework.boot.test.autoconfigure.SpringBootDependencyInjectionTestExecutionListener@20537090, org.springframework.test.context.support.DirtiesContextTestExecutionListener@40f2e3f6, org.springframework.test.context.transaction.TransactionalTestExecutionListener@319f78e9, org.springframework.test.context.jdbc.SqlScriptsTestExecutionListener@616716ab, org.springframework.test.context.event.EventPublishingTestExecutionListener@5a8b3de7, org.springframework.boot.test.autoconfigure.restdocs.RestDocsTestExecutionListener@db18813, org.springframework.boot.test.autoconfigure.web.client.MockRestServiceServerResetTestExecutionListener@4723f17c, org.springframework.boot.test.autoconfigure.web.servlet.MockMvcPrintOnlyOnFailureTestExecutionListener@1ea8657d, org.springframework.boot.test.autoconfigure.web.servlet.WebDriverTestExecutionListener@1dcf074a, org.springframework.boot.test.autoconfigure.webservices.client.MockWebServiceServerTestExecutionListener@1c3fe5f0, org.springframework.boot.test.mock.mockito.ResetMocksTestExecutionListener@44cf5f1a]
12:15:15.068 [Test worker] INFO  o.s.t.c.t.TransactionContext - Began transaction (1) for test context [DefaultTestContext@7c81f84c testClass = HibernateCustomerRepositoryTests, testInstance = at.fhv.se.banking.infrastructure.db.HibernateCustomerRepositoryTests@1f728249, testMethod = given_customer_when_added_then_fetched@HibernateCustomerRepositoryTests, testException = [null], mergedContextConfiguration = [WebMergedContextConfiguration@217b2932 testClass = HibernateCustomerRepositoryTests, locations = '{}', classes = '{class at.fhv.se.banking.BankingApplication}', contextInitializerClasses = '[]', activeProfiles = '{test}', propertySourceLocations = '{}', propertySourceProperties = '{org.springframework.boot.test.context.SpringBootTestContextBootstrapper=true}', contextCustomizers = set[org.springframework.boot.test.autoconfigure.actuate.metrics.MetricsExportContextCustomizerFactory$DisableMetricExportContextCustomizer@73be6529, org.springframework.boot.test.autoconfigure.properties.PropertyMappingContextCustomizer@0, org.springframework.boot.test.autoconfigure.web.servlet.WebDriverContextCustomizerFactory$Customizer@3ecdb6b5, org.springframework.boot.test.context.filter.ExcludeFilterContextCustomizer@3fda31c6, org.springframework.boot.test.json.DuplicateJsonObjectContextCustomizerFactory$DuplicateJsonObjectContextCustomizer@656d9659, org.springframework.boot.test.mock.mockito.MockitoContextCustomizer@0, org.springframework.boot.test.web.client.TestRestTemplateContextCustomizer@12a603ff, org.springframework.boot.test.context.SpringBootTestArgs@1, org.springframework.boot.test.context.SpringBootTestWebEnvironment@3d59f6ac], resourceBasePath = 'src/main/webapp', contextLoader = 'org.springframework.boot.test.context.SpringBootContextLoader', parent = [null]], attributes = map['org.springframework.test.context.web.ServletTestExecutionListener.activateListener' -> true, 'org.springframework.test.context.web.ServletTestExecutionListener.populatedRequestContextHolder' -> true, 'org.springframework.test.context.web.ServletTestExecutionListener.resetRequestContextHolder' -> true, 'org.springframework.test.context.event.ApplicationEventsTestExecutionListener.recordApplicationEvents' -> false]]; transaction manager [org.springframework.orm.jpa.JpaTransactionManager@1e3aa147]; rollback [true]
Hibernate: 
    insert 
    into
        customers
        (customer_id, customer_name, customer_domain_id) 
    values
        (null, ?, ?)
Hibernate: 
    select
        customer0_.customer_id as customer1_1_,
        customer0_.customer_name as customer2_1_,
        customer0_.customer_domain_id as customer3_1_ 
    from
        customers customer0_ 
    where
        customer0_.customer_domain_id=?
12:15:15.077 [Test worker] INFO  o.s.t.c.t.TransactionContext - Rolled back transaction for test: [DefaultTestContext@7c81f84c testClass = HibernateCustomerRepositoryTests, testInstance = at.fhv.se.banking.infrastructure.db.HibernateCustomerRepositoryTests@1f728249, testMethod = given_customer_when_added_then_fetched@HibernateCustomerRepositoryTests, testException = [null], mergedContextConfiguration = [WebMergedContextConfiguration@217b2932 testClass = HibernateCustomerRepositoryTests, locations = '{}', classes = '{class at.fhv.se.banking.BankingApplication}', contextInitializerClasses = '[]', activeProfiles = '{test}', propertySourceLocations = '{}', propertySourceProperties = '{org.springframework.boot.test.context.SpringBootTestContextBootstrapper=true}', contextCustomizers = set[org.springframework.boot.test.autoconfigure.actuate.metrics.MetricsExportContextCustomizerFactory$DisableMetricExportContextCustomizer@73be6529, org.springframework.boot.test.autoconfigure.properties.PropertyMappingContextCustomizer@0, org.springframework.boot.test.autoconfigure.web.servlet.WebDriverContextCustomizerFactory$Customizer@3ecdb6b5, org.springframework.boot.test.context.filter.ExcludeFilterContextCustomizer@3fda31c6, org.springframework.boot.test.json.DuplicateJsonObjectContextCustomizerFactory$DuplicateJsonObjectContextCustomizer@656d9659, org.springframework.boot.test.mock.mockito.MockitoContextCustomizer@0, org.springframework.boot.test.web.client.TestRestTemplateContextCustomizer@12a603ff, org.springframework.boot.test.context.SpringBootTestArgs@1, org.springframework.boot.test.context.SpringBootTestWebEnvironment@3d59f6ac], resourceBasePath = 'src/main/webapp', contextLoader = 'org.springframework.boot.test.context.SpringBootContextLoader', parent = [null]], attributes = map['org.springframework.test.context.web.ServletTestExecutionListener.activateListener' -> true, 'org.springframework.test.context.web.ServletTestExecutionListener.populatedRequestContextHolder' -> true, 'org.springframework.test.context.web.ServletTestExecutionListener.resetRequestContextHolder' -> true, 'org.springframework.test.context.event.ApplicationEventsTestExecutionListener.recordApplicationEvents' -> false]]
12:15:15.077 [Test worker] INFO  o.s.t.c.t.TransactionContext - Began transaction (1) for test context [DefaultTestContext@7c81f84c testClass = HibernateCustomerRepositoryTests, testInstance = at.fhv.se.banking.infrastructure.db.HibernateCustomerRepositoryTests@4677e1fd, testMethod = given_customers_when_addedandall_then_fetched@HibernateCustomerRepositoryTests, testException = [null], mergedContextConfiguration = [WebMergedContextConfiguration@217b2932 testClass = HibernateCustomerRepositoryTests, locations = '{}', classes = '{class at.fhv.se.banking.BankingApplication}', contextInitializerClasses = '[]', activeProfiles = '{test}', propertySourceLocations = '{}', propertySourceProperties = '{org.springframework.boot.test.context.SpringBootTestContextBootstrapper=true}', contextCustomizers = set[org.springframework.boot.test.autoconfigure.actuate.metrics.MetricsExportContextCustomizerFactory$DisableMetricExportContextCustomizer@73be6529, org.springframework.boot.test.autoconfigure.properties.PropertyMappingContextCustomizer@0, org.springframework.boot.test.autoconfigure.web.servlet.WebDriverContextCustomizerFactory$Customizer@3ecdb6b5, org.springframework.boot.test.context.filter.ExcludeFilterContextCustomizer@3fda31c6, org.springframework.boot.test.json.DuplicateJsonObjectContextCustomizerFactory$DuplicateJsonObjectContextCustomizer@656d9659, org.springframework.boot.test.mock.mockito.MockitoContextCustomizer@0, org.springframework.boot.test.web.client.TestRestTemplateContextCustomizer@12a603ff, org.springframework.boot.test.context.SpringBootTestArgs@1, org.springframework.boot.test.context.SpringBootTestWebEnvironment@3d59f6ac], resourceBasePath = 'src/main/webapp', contextLoader = 'org.springframework.boot.test.context.SpringBootContextLoader', parent = [null]], attributes = map['org.springframework.test.context.web.ServletTestExecutionListener.activateListener' -> true, 'org.springframework.test.context.web.ServletTestExecutionListener.populatedRequestContextHolder' -> true, 'org.springframework.test.context.web.ServletTestExecutionListener.resetRequestContextHolder' -> true, 'org.springframework.test.context.event.ApplicationEventsTestExecutionListener.recordApplicationEvents' -> false]]; transaction manager [org.springframework.orm.jpa.JpaTransactionManager@1e3aa147]; rollback [true]
Hibernate: 
    insert 
    into
        customers
        (customer_id, customer_name, customer_domain_id) 
    values
        (null, ?, ?)
Hibernate: 
    insert 
    into
        customers
        (customer_id, customer_name, customer_domain_id) 
    values
        (null, ?, ?)
Hibernate: 
    select
        customer0_.customer_id as customer1_1_,
        customer0_.customer_name as customer2_1_,
        customer0_.customer_domain_id as customer3_1_ 
    from
        customers customer0_
12:15:15.085 [Test worker] INFO  o.s.t.c.t.TransactionContext - Rolled back transaction for test: [DefaultTestContext@7c81f84c testClass = HibernateCustomerRepositoryTests, testInstance = at.fhv.se.banking.infrastructure.db.HibernateCustomerRepositoryTests@4677e1fd, testMethod = given_customers_when_addedandall_then_fetched@HibernateCustomerRepositoryTests, testException = [null], mergedContextConfiguration = [WebMergedContextConfiguration@217b2932 testClass = HibernateCustomerRepositoryTests, locations = '{}', classes = '{class at.fhv.se.banking.BankingApplication}', contextInitializerClasses = '[]', activeProfiles = '{test}', propertySourceLocations = '{}', propertySourceProperties = '{org.springframework.boot.test.context.SpringBootTestContextBootstrapper=true}', contextCustomizers = set[org.springframework.boot.test.autoconfigure.actuate.metrics.MetricsExportContextCustomizerFactory$DisableMetricExportContextCustomizer@73be6529, org.springframework.boot.test.autoconfigure.properties.PropertyMappingContextCustomizer@0, org.springframework.boot.test.autoconfigure.web.servlet.WebDriverContextCustomizerFactory$Customizer@3ecdb6b5, org.springframework.boot.test.context.filter.ExcludeFilterContextCustomizer@3fda31c6, org.springframework.boot.test.json.DuplicateJsonObjectContextCustomizerFactory$DuplicateJsonObjectContextCustomizer@656d9659, org.springframework.boot.test.mock.mockito.MockitoContextCustomizer@0, org.springframework.boot.test.web.client.TestRestTemplateContextCustomizer@12a603ff, org.springframework.boot.test.context.SpringBootTestArgs@1, org.springframework.boot.test.context.SpringBootTestWebEnvironment@3d59f6ac], resourceBasePath = 'src/main/webapp', contextLoader = 'org.springframework.boot.test.context.SpringBootContextLoader', parent = [null]], attributes = map['org.springframework.test.context.web.ServletTestExecutionListener.activateListener' -> true, 'org.springframework.test.context.web.ServletTestExecutionListener.populatedRequestContextHolder' -> true, 'org.springframework.test.context.web.ServletTestExecutionListener.resetRequestContextHolder' -> true, 'org.springframework.test.context.event.ApplicationEventsTestExecutionListener.recordApplicationEvents' -> false]]
]]></system-out>
  <system-err><![CDATA[]]></system-err>
</testsuite>
