<?xml version="1.0" encoding="UTF-8"?>
<testsuite name="at.fhv.se.banking.infrastructure.HibernateCustomerRepositoryTests" tests="2" skipped="0" failures="0" errors="0" timestamp="2021-10-19T07:29:15" hostname="zazengine" time="0.004">
  <properties/>
  <testcase name="given_customer_when_added_then_fetched()" classname="at.fhv.se.banking.infrastructure.HibernateCustomerRepositoryTests" time="0.002"/>
  <testcase name="given_customers_when_addedandall_then_fetched()" classname="at.fhv.se.banking.infrastructure.HibernateCustomerRepositoryTests" time="0.001"/>
  <system-out><![CDATA[]]></system-out>
  <system-err><![CDATA[]]></system-err>
</testsuite>
