<?xml version="1.0" encoding="UTF-8"?>
<testsuite name="at.fhv.se.banking.infrastructure.db.HibernateAccountRepositoryTests" tests="2" skipped="0" failures="0" errors="0" timestamp="2021-11-11T11:15:14" hostname="DESKTOP-PSP3COV" time="0.128">
  <properties/>
  <testcase name="given_account_when_add_then_fetch()" classname="at.fhv.se.banking.infrastructure.db.HibernateAccountRepositoryTests" time="0.106"/>
  <testcase name="given_accounts_when_add_and_forcustomer_then_fetch()" classname="at.fhv.se.banking.infrastructure.db.HibernateAccountRepositoryTests" time="0.021"/>
  <system-out><![CDATA[12:15:13.765 [Test worker] INFO  o.s.b.t.c.SpringBootTestContextBootstrapper - Neither @ContextConfiguration nor @ContextHierarchy found for test class [at.fhv.se.banking.infrastructure.db.HibernateAccountRepositoryTests], using SpringBootContextLoader
12:15:13.765 [Test worker] INFO  o.s.t.c.s.AbstractContextLoader - Could not detect default resource locations for test class [at.fhv.se.banking.infrastructure.db.HibernateAccountRepositoryTests]: no resource found for suffixes {-context.xml, Context.groovy}.
12:15:13.765 [Test worker] INFO  o.s.t.c.s.AnnotationConfigContextLoaderUtils - Could not detect default configuration classes for test class [at.fhv.se.banking.infrastructure.db.HibernateAccountRepositoryTests]: HibernateAccountRepositoryTests does not declare any static, non-private, non-final, nested classes annotated with @Configuration.
12:15:13.772 [Test worker] INFO  o.s.b.t.c.SpringBootTestContextBootstrapper - Found @SpringBootConfiguration at.fhv.se.banking.BankingApplication for test class at.fhv.se.banking.infrastructure.db.HibernateAccountRepositoryTests
12:15:13.783 [Test worker] INFO  o.s.b.t.c.SpringBootTestContextBootstrapper - Loaded default TestExecutionListener class names from location [META-INF/spring.factories]: [org.springframework.boot.test.autoconfigure.restdocs.RestDocsTestExecutionListener, org.springframework.boot.test.autoconfigure.web.client.MockRestServiceServerResetTestExecutionListener, org.springframework.boot.test.autoconfigure.web.servlet.MockMvcPrintOnlyOnFailureTestExecutionListener, org.springframework.boot.test.autoconfigure.web.servlet.WebDriverTestExecutionListener, org.springframework.boot.test.autoconfigure.webservices.client.MockWebServiceServerTestExecutionListener, org.springframework.boot.test.mock.mockito.MockitoTestExecutionListener, org.springframework.boot.test.mock.mockito.ResetMocksTestExecutionListener, org.springframework.test.context.web.ServletTestExecutionListener, org.springframework.test.context.support.DirtiesContextBeforeModesTestExecutionListener, org.springframework.test.context.event.ApplicationEventsTestExecutionListener, org.springframework.test.context.support.DependencyInjectionTestExecutionListener, org.springframework.test.context.support.DirtiesContextTestExecutionListener, org.springframework.test.context.transaction.TransactionalTestExecutionListener, org.springframework.test.context.jdbc.SqlScriptsTestExecutionListener, org.springframework.test.context.event.EventPublishingTestExecutionListener]
12:15:13.784 [Test worker] INFO  o.s.b.t.c.SpringBootTestContextBootstrapper - Using TestExecutionListeners: [org.springframework.test.context.web.ServletTestExecutionListener@510dc863, org.springframework.test.context.support.DirtiesContextBeforeModesTestExecutionListener@22ff198c, org.springframework.test.context.event.ApplicationEventsTestExecutionListener@41804346, org.springframework.boot.test.mock.mockito.MockitoTestExecutionListener@506a0ad9, org.springframework.boot.test.autoconfigure.SpringBootDependencyInjectionTestExecutionListener@6f1b8e67, org.springframework.test.context.support.DirtiesContextTestExecutionListener@3572d971, org.springframework.test.context.transaction.TransactionalTestExecutionListener@76ab26ea, org.springframework.test.context.jdbc.SqlScriptsTestExecutionListener@7617c624, org.springframework.test.context.event.EventPublishingTestExecutionListener@454c1637, org.springframework.boot.test.autoconfigure.restdocs.RestDocsTestExecutionListener@66d6f6be, org.springframework.boot.test.autoconfigure.web.client.MockRestServiceServerResetTestExecutionListener@49e510f8, org.springframework.boot.test.autoconfigure.web.servlet.MockMvcPrintOnlyOnFailureTestExecutionListener@10bc906, org.springframework.boot.test.autoconfigure.web.servlet.WebDriverTestExecutionListener@24d39abe, org.springframework.boot.test.autoconfigure.webservices.client.MockWebServiceServerTestExecutionListener@7561fb9c, org.springframework.boot.test.mock.mockito.ResetMocksTestExecutionListener@14e25718]

  .   ____          _            __ _ _
 /\\ / ___'_ __ _ _(_)_ __  __ _ \ \ \ \
( ( )\___ | '_ | '_| | '_ \/ _` | \ \ \ \
 \\/  ___)| |_)| | | | | || (_| |  ) ) ) )
  '  |____| .__|_| |_|_| |_\__, | / / / /
 =========|_|==============|___/=/_/_/_/
 :: Spring Boot ::                (v2.5.5)

12:15:13.830 [Test worker] INFO  a.f.s.b.i.d.HibernateAccountRepositoryTests - Starting HibernateAccountRepositoryTests using Java 11.0.9.1 on DESKTOP-PSP3COV with PID 27116 (started by Jonathan Thaler in C:\Users\Jonathan Thaler\gitrepos\DDDHaskell\java)
12:15:13.830 [Test worker] DEBUG a.f.s.b.i.d.HibernateAccountRepositoryTests - Running with Spring Boot v2.5.5, Spring v5.3.10
12:15:13.830 [Test worker] INFO  a.f.s.b.i.d.HibernateAccountRepositoryTests - The following profiles are active: test
Hibernate: 
    select
        persistede0_.id as id1_2_,
        persistede0_.persistedevent_created as persiste2_2_,
        persistede0_.persistedevent_type as persiste3_2_,
        persistede0_.persistedevent_processed as persiste4_2_,
        persistede0_.persistedevent_failed as persiste5_2_,
        persistede0_.persistedevent_fail_message as persiste6_2_,
        persistede0_.persistedevent_payload as persiste7_2_ 
    from
        persistedevents persistede0_ 
    where
        persistede0_.persistedevent_processed=? 
        and persistede0_.persistedevent_failed=0 
    order by
        persistede0_.persistedevent_created limit ?
12:15:14.097 [Test worker] INFO  o.s.d.r.c.RepositoryConfigurationDelegate - Bootstrapping Spring Data JPA repositories in DEFAULT mode.
12:15:14.129 [Test worker] INFO  o.s.d.r.c.RepositoryConfigurationDelegate - Finished Spring Data repository scanning in 19 ms. Found 0 JPA repository interfaces.
12:15:14.226 [Test worker] INFO  com.zaxxer.hikari.HikariDataSource - HikariPool-3 - Starting...
12:15:14.226 [Test worker] INFO  com.zaxxer.hikari.HikariDataSource - HikariPool-3 - Start completed.
12:15:14.268 [Test worker] INFO  o.h.jpa.internal.util.LogHelper - HHH000204: Processing PersistenceUnitInfo [name: default]
12:15:14.352 [Test worker] INFO  org.hibernate.dialect.Dialect - HHH000400: Using dialect: org.hibernate.dialect.H2Dialect
Hibernate: 
    
    drop table if exists accounts CASCADE 
Hibernate: 
    
    drop table if exists customers CASCADE 
Hibernate: 
    
    drop table if exists persistedevents CASCADE 
Hibernate: 
    
    drop table if exists transactions CASCADE 
Hibernate: 
    
    create table accounts (
       id bigint generated by default as identity,
        account_version integer not null,
        account_type varchar(255) not null,
        account_owner_id varchar(255),
        account_iban varchar(255),
        primary key (id)
    )
Hibernate: 
    
    create table customers (
       customer_id bigint generated by default as identity,
        customer_name varchar(255),
        customer_domain_id varchar(255),
        primary key (customer_id)
    )
Hibernate: 
    
    create table persistedevents (
       id bigint generated by default as identity,
        persistedevent_created timestamp,
        persistedevent_type varchar(255),
        persistedevent_processed boolean,
        persistedevent_failed boolean,
        persistedevent_fail_message varchar(255),
        persistedevent_payload varchar(4096),
        primary key (id)
    )
Hibernate: 
    
    create table transactions (
       id bigint generated by default as identity,
        tx_account varchar(255),
        tx_amount double,
        tx_iban varchar(255),
        tx_name varchar(255),
        tx_reference varchar(255),
        tx_time timestamp,
        account_id bigint,
        primary key (id)
    )
Hibernate: 
    
    alter table transactions 
       add constraint FK20w7wsg13u9srbq3bd7chfxdh 
       foreign key (account_id) 
       references accounts
12:15:14.446 [Test worker] INFO  o.h.e.t.j.p.i.JtaPlatformInitiator - HHH000490: Using JtaPlatform implementation: [org.hibernate.engine.transaction.jta.platform.internal.NoJtaPlatform]
12:15:14.446 [Test worker] INFO  o.s.o.j.LocalContainerEntityManagerFactoryBean - Initialized JPA EntityManagerFactory for persistence unit 'default'
12:15:14.584 [Test worker] WARN  o.s.b.a.o.j.JpaBaseConfiguration$JpaWebConfiguration - spring.jpa.open-in-view is enabled by default. Therefore, database queries may be performed during view rendering. Explicitly configure spring.jpa.open-in-view to disable this warning
12:15:14.685 [Test worker] INFO  o.s.b.a.h.H2ConsoleAutoConfiguration - H2 console available at '/h2-console'. Database available at 'jdbc:h2:mem:collabnotes'
12:15:14.917 [Test worker] INFO  a.f.s.b.i.d.HibernateAccountRepositoryTests - Started HibernateAccountRepositoryTests in 1.138 seconds (JVM running for 13.948)
12:15:14.935 [Test worker] INFO  o.s.t.c.t.TransactionContext - Began transaction (1) for test context [DefaultTestContext@762e8ceb testClass = HibernateAccountRepositoryTests, testInstance = at.fhv.se.banking.infrastructure.db.HibernateAccountRepositoryTests@706cc63e, testMethod = given_account_when_add_then_fetch@HibernateAccountRepositoryTests, testException = [null], mergedContextConfiguration = [WebMergedContextConfiguration@5b0adf58 testClass = HibernateAccountRepositoryTests, locations = '{}', classes = '{class at.fhv.se.banking.BankingApplication}', contextInitializerClasses = '[]', activeProfiles = '{test}', propertySourceLocations = '{}', propertySourceProperties = '{org.springframework.boot.test.context.SpringBootTestContextBootstrapper=true}', contextCustomizers = set[org.springframework.boot.test.autoconfigure.actuate.metrics.MetricsExportContextCustomizerFactory$DisableMetricExportContextCustomizer@73be6529, org.springframework.boot.test.autoconfigure.properties.PropertyMappingContextCustomizer@0, org.springframework.boot.test.autoconfigure.web.servlet.WebDriverContextCustomizerFactory$Customizer@3ecdb6b5, org.springframework.boot.test.context.filter.ExcludeFilterContextCustomizer@3fda31c6, org.springframework.boot.test.json.DuplicateJsonObjectContextCustomizerFactory$DuplicateJsonObjectContextCustomizer@656d9659, org.springframework.boot.test.mock.mockito.MockitoContextCustomizer@0, org.springframework.boot.test.web.client.TestRestTemplateContextCustomizer@12a603ff, org.springframework.boot.test.context.SpringBootTestArgs@1, org.springframework.boot.test.context.SpringBootTestWebEnvironment@3d59f6ac], resourceBasePath = 'src/main/webapp', contextLoader = 'org.springframework.boot.test.context.SpringBootContextLoader', parent = [null]], attributes = map['org.springframework.test.context.web.ServletTestExecutionListener.activateListener' -> true, 'org.springframework.test.context.web.ServletTestExecutionListener.populatedRequestContextHolder' -> true, 'org.springframework.test.context.web.ServletTestExecutionListener.resetRequestContextHolder' -> true, 'org.springframework.test.context.event.ApplicationEventsTestExecutionListener.recordApplicationEvents' -> false]]; transaction manager [org.springframework.orm.jpa.JpaTransactionManager@1e3aa147]; rollback [true]
Hibernate: 
    insert 
    into
        accounts
        (id, account_version, account_owner_id, account_iban, account_type) 
    values
        (null, ?, ?, ?, 'GIRO')
Hibernate: 
    insert 
    into
        transactions
        (id, tx_account, tx_amount, tx_iban, tx_name, tx_reference, tx_time) 
    values
        (null, ?, ?, ?, ?, ?, ?)
Hibernate: 
    insert 
    into
        transactions
        (id, tx_account, tx_amount, tx_iban, tx_name, tx_reference, tx_time) 
    values
        (null, ?, ?, ?, ?, ?, ?)
Hibernate: 
    select
        account0_.id as id1_0_,
        account0_.account_version as account_2_0_,
        account0_.account_owner_id as account_4_0_,
        account0_.account_iban as account_5_0_,
        account0_.account_type as account_3_0_ 
    from
        accounts account0_ 
    where
        account0_.account_iban=?
12:15:15.020 [Test worker] INFO  o.s.t.c.t.TransactionContext - Rolled back transaction for test: [DefaultTestContext@762e8ceb testClass = HibernateAccountRepositoryTests, testInstance = at.fhv.se.banking.infrastructure.db.HibernateAccountRepositoryTests@706cc63e, testMethod = given_account_when_add_then_fetch@HibernateAccountRepositoryTests, testException = [null], mergedContextConfiguration = [WebMergedContextConfiguration@5b0adf58 testClass = HibernateAccountRepositoryTests, locations = '{}', classes = '{class at.fhv.se.banking.BankingApplication}', contextInitializerClasses = '[]', activeProfiles = '{test}', propertySourceLocations = '{}', propertySourceProperties = '{org.springframework.boot.test.context.SpringBootTestContextBootstrapper=true}', contextCustomizers = set[org.springframework.boot.test.autoconfigure.actuate.metrics.MetricsExportContextCustomizerFactory$DisableMetricExportContextCustomizer@73be6529, org.springframework.boot.test.autoconfigure.properties.PropertyMappingContextCustomizer@0, org.springframework.boot.test.autoconfigure.web.servlet.WebDriverContextCustomizerFactory$Customizer@3ecdb6b5, org.springframework.boot.test.context.filter.ExcludeFilterContextCustomizer@3fda31c6, org.springframework.boot.test.json.DuplicateJsonObjectContextCustomizerFactory$DuplicateJsonObjectContextCustomizer@656d9659, org.springframework.boot.test.mock.mockito.MockitoContextCustomizer@0, org.springframework.boot.test.web.client.TestRestTemplateContextCustomizer@12a603ff, org.springframework.boot.test.context.SpringBootTestArgs@1, org.springframework.boot.test.context.SpringBootTestWebEnvironment@3d59f6ac], resourceBasePath = 'src/main/webapp', contextLoader = 'org.springframework.boot.test.context.SpringBootContextLoader', parent = [null]], attributes = map['org.springframework.test.context.web.ServletTestExecutionListener.activateListener' -> true, 'org.springframework.test.context.web.ServletTestExecutionListener.populatedRequestContextHolder' -> true, 'org.springframework.test.context.web.ServletTestExecutionListener.resetRequestContextHolder' -> true, 'org.springframework.test.context.event.ApplicationEventsTestExecutionListener.recordApplicationEvents' -> false]]
12:15:15.035 [Test worker] INFO  o.s.t.c.t.TransactionContext - Began transaction (1) for test context [DefaultTestContext@762e8ceb testClass = HibernateAccountRepositoryTests, testInstance = at.fhv.se.banking.infrastructure.db.HibernateAccountRepositoryTests@ef9f41b, testMethod = given_accounts_when_add_and_forcustomer_then_fetch@HibernateAccountRepositoryTests, testException = [null], mergedContextConfiguration = [WebMergedContextConfiguration@5b0adf58 testClass = HibernateAccountRepositoryTests, locations = '{}', classes = '{class at.fhv.se.banking.BankingApplication}', contextInitializerClasses = '[]', activeProfiles = '{test}', propertySourceLocations = '{}', propertySourceProperties = '{org.springframework.boot.test.context.SpringBootTestContextBootstrapper=true}', contextCustomizers = set[org.springframework.boot.test.autoconfigure.actuate.metrics.MetricsExportContextCustomizerFactory$DisableMetricExportContextCustomizer@73be6529, org.springframework.boot.test.autoconfigure.properties.PropertyMappingContextCustomizer@0, org.springframework.boot.test.autoconfigure.web.servlet.WebDriverContextCustomizerFactory$Customizer@3ecdb6b5, org.springframework.boot.test.context.filter.ExcludeFilterContextCustomizer@3fda31c6, org.springframework.boot.test.json.DuplicateJsonObjectContextCustomizerFactory$DuplicateJsonObjectContextCustomizer@656d9659, org.springframework.boot.test.mock.mockito.MockitoContextCustomizer@0, org.springframework.boot.test.web.client.TestRestTemplateContextCustomizer@12a603ff, org.springframework.boot.test.context.SpringBootTestArgs@1, org.springframework.boot.test.context.SpringBootTestWebEnvironment@3d59f6ac], resourceBasePath = 'src/main/webapp', contextLoader = 'org.springframework.boot.test.context.SpringBootContextLoader', parent = [null]], attributes = map['org.springframework.test.context.web.ServletTestExecutionListener.activateListener' -> true, 'org.springframework.test.context.web.ServletTestExecutionListener.populatedRequestContextHolder' -> true, 'org.springframework.test.context.web.ServletTestExecutionListener.resetRequestContextHolder' -> true, 'org.springframework.test.context.event.ApplicationEventsTestExecutionListener.recordApplicationEvents' -> false]]; transaction manager [org.springframework.orm.jpa.JpaTransactionManager@1e3aa147]; rollback [true]
Hibernate: 
    insert 
    into
        accounts
        (id, account_version, account_owner_id, account_iban, account_type) 
    values
        (null, ?, ?, ?, 'GIRO')
Hibernate: 
    insert 
    into
        transactions
        (id, tx_account, tx_amount, tx_iban, tx_name, tx_reference, tx_time) 
    values
        (null, ?, ?, ?, ?, ?, ?)
Hibernate: 
    insert 
    into
        transactions
        (id, tx_account, tx_amount, tx_iban, tx_name, tx_reference, tx_time) 
    values
        (null, ?, ?, ?, ?, ?, ?)
Hibernate: 
    insert 
    into
        accounts
        (id, account_version, account_owner_id, account_iban, account_type) 
    values
        (null, ?, ?, ?, 'GIRO')
Hibernate: 
    insert 
    into
        transactions
        (id, tx_account, tx_amount, tx_iban, tx_name, tx_reference, tx_time) 
    values
        (null, ?, ?, ?, ?, ?, ?)
Hibernate: 
    insert 
    into
        transactions
        (id, tx_account, tx_amount, tx_iban, tx_name, tx_reference, tx_time) 
    values
        (null, ?, ?, ?, ?, ?, ?)
Hibernate: 
    insert 
    into
        accounts
        (id, account_version, account_owner_id, account_iban, account_type) 
    values
        (null, ?, ?, ?, 'GIRO')
Hibernate: 
    insert 
    into
        transactions
        (id, tx_account, tx_amount, tx_iban, tx_name, tx_reference, tx_time) 
    values
        (null, ?, ?, ?, ?, ?, ?)
Hibernate: 
    insert 
    into
        transactions
        (id, tx_account, tx_amount, tx_iban, tx_name, tx_reference, tx_time) 
    values
        (null, ?, ?, ?, ?, ?, ?)
Hibernate: 
    select
        account0_.id as id1_0_,
        account0_.account_version as account_2_0_,
        account0_.account_owner_id as account_4_0_,
        account0_.account_iban as account_5_0_,
        account0_.account_type as account_3_0_ 
    from
        accounts account0_ 
    where
        account0_.account_owner_id=?
Hibernate: 
    select
        account0_.id as id1_0_,
        account0_.account_version as account_2_0_,
        account0_.account_owner_id as account_4_0_,
        account0_.account_iban as account_5_0_,
        account0_.account_type as account_3_0_ 
    from
        accounts account0_ 
    where
        account0_.account_owner_id=?
12:15:15.051 [Test worker] INFO  o.s.t.c.t.TransactionContext - Rolled back transaction for test: [DefaultTestContext@762e8ceb testClass = HibernateAccountRepositoryTests, testInstance = at.fhv.se.banking.infrastructure.db.HibernateAccountRepositoryTests@ef9f41b, testMethod = given_accounts_when_add_and_forcustomer_then_fetch@HibernateAccountRepositoryTests, testException = [null], mergedContextConfiguration = [WebMergedContextConfiguration@5b0adf58 testClass = HibernateAccountRepositoryTests, locations = '{}', classes = '{class at.fhv.se.banking.BankingApplication}', contextInitializerClasses = '[]', activeProfiles = '{test}', propertySourceLocations = '{}', propertySourceProperties = '{org.springframework.boot.test.context.SpringBootTestContextBootstrapper=true}', contextCustomizers = set[org.springframework.boot.test.autoconfigure.actuate.metrics.MetricsExportContextCustomizerFactory$DisableMetricExportContextCustomizer@73be6529, org.springframework.boot.test.autoconfigure.properties.PropertyMappingContextCustomizer@0, org.springframework.boot.test.autoconfigure.web.servlet.WebDriverContextCustomizerFactory$Customizer@3ecdb6b5, org.springframework.boot.test.context.filter.ExcludeFilterContextCustomizer@3fda31c6, org.springframework.boot.test.json.DuplicateJsonObjectContextCustomizerFactory$DuplicateJsonObjectContextCustomizer@656d9659, org.springframework.boot.test.mock.mockito.MockitoContextCustomizer@0, org.springframework.boot.test.web.client.TestRestTemplateContextCustomizer@12a603ff, org.springframework.boot.test.context.SpringBootTestArgs@1, org.springframework.boot.test.context.SpringBootTestWebEnvironment@3d59f6ac], resourceBasePath = 'src/main/webapp', contextLoader = 'org.springframework.boot.test.context.SpringBootContextLoader', parent = [null]], attributes = map['org.springframework.test.context.web.ServletTestExecutionListener.activateListener' -> true, 'org.springframework.test.context.web.ServletTestExecutionListener.populatedRequestContextHolder' -> true, 'org.springframework.test.context.web.ServletTestExecutionListener.resetRequestContextHolder' -> true, 'org.springframework.test.context.event.ApplicationEventsTestExecutionListener.recordApplicationEvents' -> false]]
]]></system-out>
  <system-err><![CDATA[]]></system-err>
</testsuite>
