<?xml version="1.0" encoding="UTF-8"?>
<testsuite name="at.fhv.se.banking.infrastructure.db.HibernateAccountRepositoryTests" tests="2" skipped="0" failures="0" errors="0" timestamp="2021-11-04T08:46:45" hostname="DESKTOP-PSP3COV" time="0.048">
  <properties/>
  <testcase name="given_account_when_add_then_fetch()" classname="at.fhv.se.banking.infrastructure.db.HibernateAccountRepositoryTests" time="0.026"/>
  <testcase name="given_accounts_when_add_and_forcustomer_then_fetch()" classname="at.fhv.se.banking.infrastructure.db.HibernateAccountRepositoryTests" time="0.022"/>
  <system-out><![CDATA[09:46:44.362 [Test worker] INFO  o.s.b.t.c.SpringBootTestContextBootstrapper - Neither @ContextConfiguration nor @ContextHierarchy found for test class [at.fhv.se.banking.infrastructure.db.HibernateAccountRepositoryTests], using SpringBootContextLoader
09:46:44.363 [Test worker] INFO  o.s.t.c.s.AbstractContextLoader - Could not detect default resource locations for test class [at.fhv.se.banking.infrastructure.db.HibernateAccountRepositoryTests]: no resource found for suffixes {-context.xml, Context.groovy}.
09:46:44.363 [Test worker] INFO  o.s.t.c.s.AnnotationConfigContextLoaderUtils - Could not detect default configuration classes for test class [at.fhv.se.banking.infrastructure.db.HibernateAccountRepositoryTests]: HibernateAccountRepositoryTests does not declare any static, non-private, non-final, nested classes annotated with @Configuration.
09:46:44.371 [Test worker] INFO  o.s.b.t.c.SpringBootTestContextBootstrapper - Found @SpringBootConfiguration at.fhv.se.banking.BankingApplication for test class at.fhv.se.banking.infrastructure.db.HibernateAccountRepositoryTests
09:46:44.373 [Test worker] INFO  o.s.b.t.c.SpringBootTestContextBootstrapper - Loaded default TestExecutionListener class names from location [META-INF/spring.factories]: [org.springframework.boot.test.autoconfigure.restdocs.RestDocsTestExecutionListener, org.springframework.boot.test.autoconfigure.web.client.MockRestServiceServerResetTestExecutionListener, org.springframework.boot.test.autoconfigure.web.servlet.MockMvcPrintOnlyOnFailureTestExecutionListener, org.springframework.boot.test.autoconfigure.web.servlet.WebDriverTestExecutionListener, org.springframework.boot.test.autoconfigure.webservices.client.MockWebServiceServerTestExecutionListener, org.springframework.boot.test.mock.mockito.MockitoTestExecutionListener, org.springframework.boot.test.mock.mockito.ResetMocksTestExecutionListener, org.springframework.test.context.web.ServletTestExecutionListener, org.springframework.test.context.support.DirtiesContextBeforeModesTestExecutionListener, org.springframework.test.context.event.ApplicationEventsTestExecutionListener, org.springframework.test.context.support.DependencyInjectionTestExecutionListener, org.springframework.test.context.support.DirtiesContextTestExecutionListener, org.springframework.test.context.transaction.TransactionalTestExecutionListener, org.springframework.test.context.jdbc.SqlScriptsTestExecutionListener, org.springframework.test.context.event.EventPublishingTestExecutionListener]
09:46:44.373 [Test worker] INFO  o.s.b.t.c.SpringBootTestContextBootstrapper - Using TestExecutionListeners: [org.springframework.test.context.web.ServletTestExecutionListener@78e18cc0, org.springframework.test.context.support.DirtiesContextBeforeModesTestExecutionListener@29c9c776, org.springframework.test.context.event.ApplicationEventsTestExecutionListener@4a46ca06, org.springframework.boot.test.mock.mockito.MockitoTestExecutionListener@21d2a16, org.springframework.boot.test.autoconfigure.SpringBootDependencyInjectionTestExecutionListener@766e2119, org.springframework.test.context.support.DirtiesContextTestExecutionListener@117bbad5, org.springframework.test.context.transaction.TransactionalTestExecutionListener@6d115406, org.springframework.test.context.jdbc.SqlScriptsTestExecutionListener@6b78e28, org.springframework.test.context.event.EventPublishingTestExecutionListener@156110e, org.springframework.boot.test.autoconfigure.restdocs.RestDocsTestExecutionListener@4d37aee3, org.springframework.boot.test.autoconfigure.web.client.MockRestServiceServerResetTestExecutionListener@2a616227, org.springframework.boot.test.autoconfigure.web.servlet.MockMvcPrintOnlyOnFailureTestExecutionListener@109d6f8d, org.springframework.boot.test.autoconfigure.web.servlet.WebDriverTestExecutionListener@21f2d2f1, org.springframework.boot.test.autoconfigure.webservices.client.MockWebServiceServerTestExecutionListener@51c2309a, org.springframework.boot.test.mock.mockito.ResetMocksTestExecutionListener@709300df]

  .   ____          _            __ _ _
 /\\ / ___'_ __ _ _(_)_ __  __ _ \ \ \ \
( ( )\___ | '_ | '_| | '_ \/ _` | \ \ \ \
 \\/  ___)| |_)| | | | | || (_| |  ) ) ) )
  '  |____| .__|_| |_|_| |_\__, | / / / /
 =========|_|==============|___/=/_/_/_/
 :: Spring Boot ::                (v2.5.5)

09:46:44.397 [Test worker] INFO  a.f.s.b.i.d.HibernateAccountRepositoryTests - Starting HibernateAccountRepositoryTests using Java 11.0.9.1 on DESKTOP-PSP3COV with PID 25164 (started by Jonathan Thaler in C:\Users\Jonathan Thaler\gitrepos\DDDHaskell\java)
09:46:44.397 [Test worker] DEBUG a.f.s.b.i.d.HibernateAccountRepositoryTests - Running with Spring Boot v2.5.5, Spring v5.3.10
09:46:44.397 [Test worker] INFO  a.f.s.b.i.d.HibernateAccountRepositoryTests - The following profiles are active: test
09:46:44.561 [Test worker] INFO  o.s.d.r.c.RepositoryConfigurationDelegate - Bootstrapping Spring Data JPA repositories in DEFAULT mode.
09:46:44.573 [Test worker] INFO  o.s.d.r.c.RepositoryConfigurationDelegate - Finished Spring Data repository scanning in 11 ms. Found 0 JPA repository interfaces.
09:46:44.661 [Test worker] INFO  com.zaxxer.hikari.HikariDataSource - HikariPool-4 - Starting...
09:46:44.662 [Test worker] INFO  com.zaxxer.hikari.HikariDataSource - HikariPool-4 - Start completed.
09:46:44.699 [Test worker] INFO  o.h.jpa.internal.util.LogHelper - HHH000204: Processing PersistenceUnitInfo [name: default]
09:46:44.774 [Test worker] INFO  org.hibernate.dialect.Dialect - HHH000400: Using dialect: org.hibernate.dialect.H2Dialect
Hibernate: 
    
    drop table if exists accounts CASCADE 
Hibernate: 
    
    drop table if exists customers CASCADE 
Hibernate: 
    
    drop table if exists persistedevents CASCADE 
Hibernate: 
    
    drop table if exists transactions CASCADE 
Hibernate: 
    
    create table accounts (
       id bigint generated by default as identity,
        account_version integer not null,
        account_type varchar(255) not null,
        account_owner_id varchar(255),
        account_iban varchar(255),
        primary key (id)
    )
Hibernate: 
    
    create table customers (
       customer_id bigint generated by default as identity,
        customer_name varchar(255),
        customer_domain_id varchar(255),
        primary key (customer_id)
    )
Hibernate: 
    
    create table persistedevents (
       id bigint generated by default as identity,
        persistedevent_created timestamp,
        persistedevent_type varchar(255),
        persistedevent_processed boolean,
        persistedevent_failed boolean,
        persistedevent_fail_message varchar(255),
        persistedevent_payload varchar(4096),
        primary key (id)
    )
Hibernate: 
    
    create table transactions (
       id bigint generated by default as identity,
        tx_account varchar(255),
        tx_amount double,
        tx_iban varchar(255),
        tx_name varchar(255),
        tx_reference varchar(255),
        tx_time timestamp,
        account_id bigint,
        primary key (id)
    )
Hibernate: 
    
    alter table transactions 
       add constraint FK20w7wsg13u9srbq3bd7chfxdh 
       foreign key (account_id) 
       references accounts
09:46:44.850 [Test worker] INFO  o.h.e.t.j.p.i.JtaPlatformInitiator - HHH000490: Using JtaPlatform implementation: [org.hibernate.engine.transaction.jta.platform.internal.NoJtaPlatform]
09:46:44.850 [Test worker] INFO  o.s.o.j.LocalContainerEntityManagerFactoryBean - Initialized JPA EntityManagerFactory for persistence unit 'default'
09:46:44.950 [Test worker] WARN  o.s.b.a.o.j.JpaBaseConfiguration$JpaWebConfiguration - spring.jpa.open-in-view is enabled by default. Therefore, database queries may be performed during view rendering. Explicitly configure spring.jpa.open-in-view to disable this warning
Hibernate: 
    select
        persistede0_.id as id1_2_,
        persistede0_.persistedevent_created as persiste2_2_,
        persistede0_.persistedevent_type as persiste3_2_,
        persistede0_.persistedevent_processed as persiste4_2_,
        persistede0_.persistedevent_failed as persiste5_2_,
        persistede0_.persistedevent_fail_message as persiste6_2_,
        persistede0_.persistedevent_payload as persiste7_2_ 
    from
        persistedevents persistede0_ 
    where
        persistede0_.persistedevent_processed=? 
        and persistede0_.persistedevent_failed=0 
    order by
        persistede0_.persistedevent_created limit ?
09:46:45.043 [Test worker] INFO  o.s.b.a.h.H2ConsoleAutoConfiguration - H2 console available at '/h2-console'. Database available at 'jdbc:h2:mem:collabnotes'
09:46:45.257 [Test worker] INFO  a.f.s.b.i.d.HibernateAccountRepositoryTests - Started HibernateAccountRepositoryTests in 0.882 seconds (JVM running for 20.207)
09:46:45.266 [Test worker] INFO  o.s.t.c.t.TransactionContext - Began transaction (1) for test context [DefaultTestContext@17352a09 testClass = HibernateAccountRepositoryTests, testInstance = at.fhv.se.banking.infrastructure.db.HibernateAccountRepositoryTests@65848e1a, testMethod = given_account_when_add_then_fetch@HibernateAccountRepositoryTests, testException = [null], mergedContextConfiguration = [WebMergedContextConfiguration@6057dc5a testClass = HibernateAccountRepositoryTests, locations = '{}', classes = '{class at.fhv.se.banking.BankingApplication}', contextInitializerClasses = '[]', activeProfiles = '{test}', propertySourceLocations = '{}', propertySourceProperties = '{org.springframework.boot.test.context.SpringBootTestContextBootstrapper=true}', contextCustomizers = set[org.springframework.boot.test.autoconfigure.actuate.metrics.MetricsExportContextCustomizerFactory$DisableMetricExportContextCustomizer@36569648, org.springframework.boot.test.autoconfigure.properties.PropertyMappingContextCustomizer@0, org.springframework.boot.test.autoconfigure.web.servlet.WebDriverContextCustomizerFactory$Customizer@342577f8, org.springframework.boot.test.context.filter.ExcludeFilterContextCustomizer@3333973d, org.springframework.boot.test.json.DuplicateJsonObjectContextCustomizerFactory$DuplicateJsonObjectContextCustomizer@609b271f, org.springframework.boot.test.mock.mockito.MockitoContextCustomizer@0, org.springframework.boot.test.web.client.TestRestTemplateContextCustomizer@62bab8ef, org.springframework.boot.test.context.SpringBootTestArgs@1, org.springframework.boot.test.context.SpringBootTestWebEnvironment@5de1233d], resourceBasePath = 'src/main/webapp', contextLoader = 'org.springframework.boot.test.context.SpringBootContextLoader', parent = [null]], attributes = map['org.springframework.test.context.web.ServletTestExecutionListener.activateListener' -> true, 'org.springframework.test.context.web.ServletTestExecutionListener.populatedRequestContextHolder' -> true, 'org.springframework.test.context.web.ServletTestExecutionListener.resetRequestContextHolder' -> true, 'org.springframework.test.context.event.ApplicationEventsTestExecutionListener.recordApplicationEvents' -> false]]; transaction manager [org.springframework.orm.jpa.JpaTransactionManager@638d25b6]; rollback [true]
Hibernate: 
    insert 
    into
        accounts
        (id, account_version, account_owner_id, account_iban, account_type) 
    values
        (null, ?, ?, ?, 'GIRO')
Hibernate: 
    insert 
    into
        transactions
        (id, tx_account, tx_amount, tx_iban, tx_name, tx_reference, tx_time) 
    values
        (null, ?, ?, ?, ?, ?, ?)
Hibernate: 
    insert 
    into
        transactions
        (id, tx_account, tx_amount, tx_iban, tx_name, tx_reference, tx_time) 
    values
        (null, ?, ?, ?, ?, ?, ?)
Hibernate: 
    select
        account0_.id as id1_0_,
        account0_.account_version as account_2_0_,
        account0_.account_owner_id as account_4_0_,
        account0_.account_iban as account_5_0_,
        account0_.account_type as account_3_0_ 
    from
        accounts account0_ 
    where
        account0_.account_iban=?
09:46:45.285 [Test worker] INFO  o.s.t.c.t.TransactionContext - Rolled back transaction for test: [DefaultTestContext@17352a09 testClass = HibernateAccountRepositoryTests, testInstance = at.fhv.se.banking.infrastructure.db.HibernateAccountRepositoryTests@65848e1a, testMethod = given_account_when_add_then_fetch@HibernateAccountRepositoryTests, testException = [null], mergedContextConfiguration = [WebMergedContextConfiguration@6057dc5a testClass = HibernateAccountRepositoryTests, locations = '{}', classes = '{class at.fhv.se.banking.BankingApplication}', contextInitializerClasses = '[]', activeProfiles = '{test}', propertySourceLocations = '{}', propertySourceProperties = '{org.springframework.boot.test.context.SpringBootTestContextBootstrapper=true}', contextCustomizers = set[org.springframework.boot.test.autoconfigure.actuate.metrics.MetricsExportContextCustomizerFactory$DisableMetricExportContextCustomizer@36569648, org.springframework.boot.test.autoconfigure.properties.PropertyMappingContextCustomizer@0, org.springframework.boot.test.autoconfigure.web.servlet.WebDriverContextCustomizerFactory$Customizer@342577f8, org.springframework.boot.test.context.filter.ExcludeFilterContextCustomizer@3333973d, org.springframework.boot.test.json.DuplicateJsonObjectContextCustomizerFactory$DuplicateJsonObjectContextCustomizer@609b271f, org.springframework.boot.test.mock.mockito.MockitoContextCustomizer@0, org.springframework.boot.test.web.client.TestRestTemplateContextCustomizer@62bab8ef, org.springframework.boot.test.context.SpringBootTestArgs@1, org.springframework.boot.test.context.SpringBootTestWebEnvironment@5de1233d], resourceBasePath = 'src/main/webapp', contextLoader = 'org.springframework.boot.test.context.SpringBootContextLoader', parent = [null]], attributes = map['org.springframework.test.context.web.ServletTestExecutionListener.activateListener' -> true, 'org.springframework.test.context.web.ServletTestExecutionListener.populatedRequestContextHolder' -> true, 'org.springframework.test.context.web.ServletTestExecutionListener.resetRequestContextHolder' -> true, 'org.springframework.test.context.event.ApplicationEventsTestExecutionListener.recordApplicationEvents' -> false]]
09:46:45.288 [Test worker] INFO  o.s.t.c.t.TransactionContext - Began transaction (1) for test context [DefaultTestContext@17352a09 testClass = HibernateAccountRepositoryTests, testInstance = at.fhv.se.banking.infrastructure.db.HibernateAccountRepositoryTests@15752663, testMethod = given_accounts_when_add_and_forcustomer_then_fetch@HibernateAccountRepositoryTests, testException = [null], mergedContextConfiguration = [WebMergedContextConfiguration@6057dc5a testClass = HibernateAccountRepositoryTests, locations = '{}', classes = '{class at.fhv.se.banking.BankingApplication}', contextInitializerClasses = '[]', activeProfiles = '{test}', propertySourceLocations = '{}', propertySourceProperties = '{org.springframework.boot.test.context.SpringBootTestContextBootstrapper=true}', contextCustomizers = set[org.springframework.boot.test.autoconfigure.actuate.metrics.MetricsExportContextCustomizerFactory$DisableMetricExportContextCustomizer@36569648, org.springframework.boot.test.autoconfigure.properties.PropertyMappingContextCustomizer@0, org.springframework.boot.test.autoconfigure.web.servlet.WebDriverContextCustomizerFactory$Customizer@342577f8, org.springframework.boot.test.context.filter.ExcludeFilterContextCustomizer@3333973d, org.springframework.boot.test.json.DuplicateJsonObjectContextCustomizerFactory$DuplicateJsonObjectContextCustomizer@609b271f, org.springframework.boot.test.mock.mockito.MockitoContextCustomizer@0, org.springframework.boot.test.web.client.TestRestTemplateContextCustomizer@62bab8ef, org.springframework.boot.test.context.SpringBootTestArgs@1, org.springframework.boot.test.context.SpringBootTestWebEnvironment@5de1233d], resourceBasePath = 'src/main/webapp', contextLoader = 'org.springframework.boot.test.context.SpringBootContextLoader', parent = [null]], attributes = map['org.springframework.test.context.web.ServletTestExecutionListener.activateListener' -> true, 'org.springframework.test.context.web.ServletTestExecutionListener.populatedRequestContextHolder' -> true, 'org.springframework.test.context.web.ServletTestExecutionListener.resetRequestContextHolder' -> true, 'org.springframework.test.context.event.ApplicationEventsTestExecutionListener.recordApplicationEvents' -> false]]; transaction manager [org.springframework.orm.jpa.JpaTransactionManager@638d25b6]; rollback [true]
Hibernate: 
    insert 
    into
        accounts
        (id, account_version, account_owner_id, account_iban, account_type) 
    values
        (null, ?, ?, ?, 'GIRO')
Hibernate: 
    insert 
    into
        transactions
        (id, tx_account, tx_amount, tx_iban, tx_name, tx_reference, tx_time) 
    values
        (null, ?, ?, ?, ?, ?, ?)
Hibernate: 
    insert 
    into
        transactions
        (id, tx_account, tx_amount, tx_iban, tx_name, tx_reference, tx_time) 
    values
        (null, ?, ?, ?, ?, ?, ?)
Hibernate: 
    insert 
    into
        accounts
        (id, account_version, account_owner_id, account_iban, account_type) 
    values
        (null, ?, ?, ?, 'GIRO')
Hibernate: 
    insert 
    into
        transactions
        (id, tx_account, tx_amount, tx_iban, tx_name, tx_reference, tx_time) 
    values
        (null, ?, ?, ?, ?, ?, ?)
Hibernate: 
    insert 
    into
        transactions
        (id, tx_account, tx_amount, tx_iban, tx_name, tx_reference, tx_time) 
    values
        (null, ?, ?, ?, ?, ?, ?)
Hibernate: 
    insert 
    into
        accounts
        (id, account_version, account_owner_id, account_iban, account_type) 
    values
        (null, ?, ?, ?, 'GIRO')
Hibernate: 
    insert 
    into
        transactions
        (id, tx_account, tx_amount, tx_iban, tx_name, tx_reference, tx_time) 
    values
        (null, ?, ?, ?, ?, ?, ?)
Hibernate: 
    insert 
    into
        transactions
        (id, tx_account, tx_amount, tx_iban, tx_name, tx_reference, tx_time) 
    values
        (null, ?, ?, ?, ?, ?, ?)
Hibernate: 
    select
        account0_.id as id1_0_,
        account0_.account_version as account_2_0_,
        account0_.account_owner_id as account_4_0_,
        account0_.account_iban as account_5_0_,
        account0_.account_type as account_3_0_ 
    from
        accounts account0_ 
    where
        account0_.account_owner_id=?
Hibernate: 
    select
        account0_.id as id1_0_,
        account0_.account_version as account_2_0_,
        account0_.account_owner_id as account_4_0_,
        account0_.account_iban as account_5_0_,
        account0_.account_type as account_3_0_ 
    from
        accounts account0_ 
    where
        account0_.account_owner_id=?
09:46:45.309 [Test worker] INFO  o.s.t.c.t.TransactionContext - Rolled back transaction for test: [DefaultTestContext@17352a09 testClass = HibernateAccountRepositoryTests, testInstance = at.fhv.se.banking.infrastructure.db.HibernateAccountRepositoryTests@15752663, testMethod = given_accounts_when_add_and_forcustomer_then_fetch@HibernateAccountRepositoryTests, testException = [null], mergedContextConfiguration = [WebMergedContextConfiguration@6057dc5a testClass = HibernateAccountRepositoryTests, locations = '{}', classes = '{class at.fhv.se.banking.BankingApplication}', contextInitializerClasses = '[]', activeProfiles = '{test}', propertySourceLocations = '{}', propertySourceProperties = '{org.springframework.boot.test.context.SpringBootTestContextBootstrapper=true}', contextCustomizers = set[org.springframework.boot.test.autoconfigure.actuate.metrics.MetricsExportContextCustomizerFactory$DisableMetricExportContextCustomizer@36569648, org.springframework.boot.test.autoconfigure.properties.PropertyMappingContextCustomizer@0, org.springframework.boot.test.autoconfigure.web.servlet.WebDriverContextCustomizerFactory$Customizer@342577f8, org.springframework.boot.test.context.filter.ExcludeFilterContextCustomizer@3333973d, org.springframework.boot.test.json.DuplicateJsonObjectContextCustomizerFactory$DuplicateJsonObjectContextCustomizer@609b271f, org.springframework.boot.test.mock.mockito.MockitoContextCustomizer@0, org.springframework.boot.test.web.client.TestRestTemplateContextCustomizer@62bab8ef, org.springframework.boot.test.context.SpringBootTestArgs@1, org.springframework.boot.test.context.SpringBootTestWebEnvironment@5de1233d], resourceBasePath = 'src/main/webapp', contextLoader = 'org.springframework.boot.test.context.SpringBootContextLoader', parent = [null]], attributes = map['org.springframework.test.context.web.ServletTestExecutionListener.activateListener' -> true, 'org.springframework.test.context.web.ServletTestExecutionListener.populatedRequestContextHolder' -> true, 'org.springframework.test.context.web.ServletTestExecutionListener.resetRequestContextHolder' -> true, 'org.springframework.test.context.event.ApplicationEventsTestExecutionListener.recordApplicationEvents' -> false]]
]]></system-out>
  <system-err><![CDATA[]]></system-err>
</testsuite>
