<?xml version="1.0" encoding="UTF-8"?>
<testsuite name="at.fhv.se.banking.view.BankingViewTests" tests="12" skipped="0" failures="0" errors="0" timestamp="2021-10-25T05:43:54" hostname="zazengine" time="7.949">
  <properties/>
  <testcase name="given_account_when_transfer_and_noaccount_thenshowerror()" classname="at.fhv.se.banking.view.BankingViewTests" time="2.947"/>
  <testcase name="given_account_when_deposit_thendisplaynewbalance()" classname="at.fhv.se.banking.view.BankingViewTests" time="0.581"/>
  <testcase name="given_account_when_withdraw_andnoaccount_thendisplaynewbalance()" classname="at.fhv.se.banking.view.BankingViewTests" time="0.546"/>
  <testcase name="given_account_when_view_displayinfoandalltransactions()" classname="at.fhv.se.banking.view.BankingViewTests" time="0.374"/>
  <testcase name="given_customernotfound_when_view_displaydetailsandaccounts_thenerrorpage()" classname="at.fhv.se.banking.view.BankingViewTests" time="0.338"/>
  <testcase name="given_customer_when_view_displaydetailsandaccounts()" classname="at.fhv.se.banking.view.BankingViewTests" time="0.59"/>
  <testcase name="given_noaccount_when_viewdisplayinfoandalltransactions_then_showerrorpage()" classname="at.fhv.se.banking.view.BankingViewTests" time="0.311"/>
  <testcase name="given_account_when_withdraw_thendisplaynewbalance()" classname="at.fhv.se.banking.view.BankingViewTests" time="0.47"/>
  <testcase name="given_customers_when_welcomepage_displaycustomers()" classname="at.fhv.se.banking.view.BankingViewTests" time="0.314"/>
  <testcase name="given_account_when_deposit_and_noaccount_thenshowerror()" classname="at.fhv.se.banking.view.BankingViewTests" time="0.456"/>
  <testcase name="given_account_when_transfer_and_nocustomer_thenshowerror()" classname="at.fhv.se.banking.view.BankingViewTests" time="0.479"/>
  <testcase name="given_account_when_transfer_thendisplaynewbalance()" classname="at.fhv.se.banking.view.BankingViewTests" time="0.533"/>
  <system-out><![CDATA[07:43:53.103 [Test worker] INFO  o.s.t.c.s.AbstractContextLoader - Could not detect default resource locations for test class [at.fhv.se.banking.view.BankingViewTests]: no resource found for suffixes {-context.xml, Context.groovy}.
07:43:53.104 [Test worker] INFO  o.s.t.c.s.AnnotationConfigContextLoaderUtils - Could not detect default configuration classes for test class [at.fhv.se.banking.view.BankingViewTests]: BankingViewTests does not declare any static, non-private, non-final, nested classes annotated with @Configuration.
07:43:53.110 [Test worker] INFO  o.s.b.t.c.SpringBootTestContextBootstrapper - Found @SpringBootConfiguration at.fhv.se.banking.BankingApplication for test class at.fhv.se.banking.view.BankingViewTests
07:43:53.112 [Test worker] INFO  o.s.b.t.c.SpringBootTestContextBootstrapper - Loaded default TestExecutionListener class names from location [META-INF/spring.factories]: [org.springframework.boot.test.autoconfigure.restdocs.RestDocsTestExecutionListener, org.springframework.boot.test.autoconfigure.web.client.MockRestServiceServerResetTestExecutionListener, org.springframework.boot.test.autoconfigure.web.servlet.MockMvcPrintOnlyOnFailureTestExecutionListener, org.springframework.boot.test.autoconfigure.web.servlet.WebDriverTestExecutionListener, org.springframework.boot.test.autoconfigure.webservices.client.MockWebServiceServerTestExecutionListener, org.springframework.boot.test.mock.mockito.MockitoTestExecutionListener, org.springframework.boot.test.mock.mockito.ResetMocksTestExecutionListener, org.springframework.test.context.web.ServletTestExecutionListener, org.springframework.test.context.support.DirtiesContextBeforeModesTestExecutionListener, org.springframework.test.context.event.ApplicationEventsTestExecutionListener, org.springframework.test.context.support.DependencyInjectionTestExecutionListener, org.springframework.test.context.support.DirtiesContextTestExecutionListener, org.springframework.test.context.transaction.TransactionalTestExecutionListener, org.springframework.test.context.jdbc.SqlScriptsTestExecutionListener, org.springframework.test.context.event.EventPublishingTestExecutionListener]
07:43:53.112 [Test worker] INFO  o.s.b.t.c.SpringBootTestContextBootstrapper - Using TestExecutionListeners: [org.springframework.test.context.web.ServletTestExecutionListener@a193046, org.springframework.test.context.support.DirtiesContextBeforeModesTestExecutionListener@3a02cf6b, org.springframework.test.context.event.ApplicationEventsTestExecutionListener@3185e6f0, org.springframework.boot.test.mock.mockito.MockitoTestExecutionListener@3bfacab4, org.springframework.boot.test.autoconfigure.SpringBootDependencyInjectionTestExecutionListener@78a2468d, org.springframework.test.context.support.DirtiesContextTestExecutionListener@5477a765, org.springframework.test.context.transaction.TransactionalTestExecutionListener@4adb697d, org.springframework.test.context.jdbc.SqlScriptsTestExecutionListener@2719b5f8, org.springframework.test.context.event.EventPublishingTestExecutionListener@4de519b8, org.springframework.boot.test.autoconfigure.restdocs.RestDocsTestExecutionListener@24c0c3ee, org.springframework.boot.test.autoconfigure.web.client.MockRestServiceServerResetTestExecutionListener@3541c68a, org.springframework.boot.test.autoconfigure.web.servlet.MockMvcPrintOnlyOnFailureTestExecutionListener@5f9d13af, org.springframework.boot.test.autoconfigure.web.servlet.WebDriverTestExecutionListener@3a50f93d, org.springframework.boot.test.autoconfigure.webservices.client.MockWebServiceServerTestExecutionListener@182d922a, org.springframework.boot.test.mock.mockito.ResetMocksTestExecutionListener@23e36233]

  .   ____          _            __ _ _
 /\\ / ___'_ __ _ _(_)_ __  __ _ \ \ \ \
( ( )\___ | '_ | '_| | '_ \/ _` | \ \ \ \
 \\/  ___)| |_)| | | | | || (_| |  ) ) ) )
  '  |____| .__|_| |_|_| |_\__, | / / / /
 =========|_|==============|___/=/_/_/_/
 :: Spring Boot ::                (v2.5.5)

07:43:53.136 [Test worker] INFO  a.f.se.banking.view.BankingViewTests - Starting BankingViewTests using Java 15.0.3 on zazengine with PID 15515 (started by ionathan in /home/ionathan/gitrepos/DDDHaskell/java)
07:43:53.137 [Test worker] DEBUG a.f.se.banking.view.BankingViewTests - Running with Spring Boot v2.5.5, Spring v5.3.10
07:43:53.137 [Test worker] INFO  a.f.se.banking.view.BankingViewTests - No active profile set, falling back to default profiles: default
07:43:53.276 [Test worker] INFO  o.s.d.r.c.RepositoryConfigurationDelegate - Bootstrapping Spring Data JPA repositories in DEFAULT mode.
07:43:53.279 [Test worker] INFO  o.s.d.r.c.RepositoryConfigurationDelegate - Finished Spring Data repository scanning in 3 ms. Found 0 JPA repository interfaces.
07:43:53.413 [Test worker] INFO  com.zaxxer.hikari.HikariDataSource - HikariPool-3 - Starting...
07:43:53.415 [Test worker] INFO  com.zaxxer.hikari.HikariDataSource - HikariPool-3 - Start completed.
07:43:53.446 [Test worker] INFO  o.h.jpa.internal.util.LogHelper - HHH000204: Processing PersistenceUnitInfo [name: default]
07:43:53.534 [Test worker] INFO  org.hibernate.dialect.Dialect - HHH000400: Using dialect: org.hibernate.dialect.H2Dialect
Hibernate: 
    
    drop table if exists accounts CASCADE 
Hibernate: 
    
    drop table if exists customers CASCADE 
Hibernate: 
    
    drop table if exists transactions CASCADE 
Hibernate: 
    
    create table accounts (
       id bigint generated by default as identity,
        account_version integer not null,
        account_type varchar(255) not null,
        account_owner_id varchar(255),
        account_iban varchar(255),
        primary key (id)
    )
Hibernate: 
    
    create table customers (
       customer_id bigint generated by default as identity,
        customer_name varchar(255),
        customer_domain_id varchar(255),
        primary key (customer_id)
    )
Hibernate: 
    
    create table transactions (
       id bigint generated by default as identity,
        tx_account varchar(255),
        tx_amount double,
        tx_iban varchar(255),
        tx_name varchar(255),
        tx_reference varchar(255),
        tx_time timestamp,
        account_id bigint,
        primary key (id)
    )
Hibernate: 
    
    alter table transactions 
       add constraint FK20w7wsg13u9srbq3bd7chfxdh 
       foreign key (account_id) 
       references accounts
07:43:53.614 [Test worker] INFO  o.h.e.t.j.p.i.JtaPlatformInitiator - HHH000490: Using JtaPlatform implementation: [org.hibernate.engine.transaction.jta.platform.internal.NoJtaPlatform]
07:43:53.614 [Test worker] INFO  o.s.o.j.LocalContainerEntityManagerFactoryBean - Initialized JPA EntityManagerFactory for persistence unit 'default'
07:43:53.719 [Test worker] WARN  o.s.b.a.o.j.JpaBaseConfiguration$JpaWebConfiguration - spring.jpa.open-in-view is enabled by default. Therefore, database queries may be performed during view rendering. Explicitly configure spring.jpa.open-in-view to disable this warning
07:43:53.823 [Test worker] INFO  o.s.b.a.h.H2ConsoleAutoConfiguration - H2 console available at '/h2-console'. Database available at 'jdbc:h2:mem:collabnotes'
07:43:54.067 [Test worker] INFO  a.f.se.banking.view.BankingViewTests - Started BankingViewTests in 0.953 seconds (JVM running for 11.185)
Hibernate: 
    insert 
    into
        accounts
        (id, account_version, account_owner_id, account_iban, account_type) 
    values
        (null, ?, ?, ?, 'GIRO')
Hibernate: 
    insert 
    into
        transactions
        (id, tx_account, tx_amount, tx_iban, tx_name, tx_reference, tx_time) 
    values
        (null, ?, ?, ?, ?, ?, ?)
Hibernate: 
    insert 
    into
        transactions
        (id, tx_account, tx_amount, tx_iban, tx_name, tx_reference, tx_time) 
    values
        (null, ?, ?, ?, ?, ?, ?)
Hibernate: 
    insert 
    into
        accounts
        (id, account_version, account_owner_id, account_iban, account_type) 
    values
        (null, ?, ?, ?, 'SAVINGS')
Hibernate: 
    insert 
    into
        transactions
        (id, tx_account, tx_amount, tx_iban, tx_name, tx_reference, tx_time) 
    values
        (null, ?, ?, ?, ?, ?, ?)
Hibernate: 
    insert 
    into
        transactions
        (id, tx_account, tx_amount, tx_iban, tx_name, tx_reference, tx_time) 
    values
        (null, ?, ?, ?, ?, ?, ?)
Hibernate: 
    insert 
    into
        accounts
        (id, account_version, account_owner_id, account_iban, account_type) 
    values
        (null, ?, ?, ?, 'GIRO')
Hibernate: 
    insert 
    into
        transactions
        (id, tx_account, tx_amount, tx_iban, tx_name, tx_reference, tx_time) 
    values
        (null, ?, ?, ?, ?, ?, ?)
Hibernate: 
    insert 
    into
        transactions
        (id, tx_account, tx_amount, tx_iban, tx_name, tx_reference, tx_time) 
    values
        (null, ?, ?, ?, ?, ?, ?)
Hibernate: 
    insert 
    into
        accounts
        (id, account_version, account_owner_id, account_iban, account_type) 
    values
        (null, ?, ?, ?, 'SAVINGS')
Hibernate: 
    insert 
    into
        transactions
        (id, tx_account, tx_amount, tx_iban, tx_name, tx_reference, tx_time) 
    values
        (null, ?, ?, ?, ?, ?, ?)
Hibernate: 
    insert 
    into
        transactions
        (id, tx_account, tx_amount, tx_iban, tx_name, tx_reference, tx_time) 
    values
        (null, ?, ?, ?, ?, ?, ?)
Hibernate: 
    insert 
    into
        customers
        (customer_id, customer_name, customer_domain_id) 
    values
        (null, ?, ?)
Hibernate: 
    insert 
    into
        customers
        (customer_id, customer_name, customer_domain_id) 
    values
        (null, ?, ?)
Hibernate: 
    update
        transactions 
    set
        account_id=? 
    where
        id=?
Hibernate: 
    update
        transactions 
    set
        account_id=? 
    where
        id=?
Hibernate: 
    update
        transactions 
    set
        account_id=? 
    where
        id=?
Hibernate: 
    update
        transactions 
    set
        account_id=? 
    where
        id=?
Hibernate: 
    update
        transactions 
    set
        account_id=? 
    where
        id=?
Hibernate: 
    update
        transactions 
    set
        account_id=? 
    where
        id=?
Hibernate: 
    update
        transactions 
    set
        account_id=? 
    where
        id=?
Hibernate: 
    update
        transactions 
    set
        account_id=? 
    where
        id=?
07:43:54.156 [Test worker] INFO  o.s.b.t.m.w.SpringBootMockServletContext - Initializing Spring TestDispatcherServlet ''
07:43:54.157 [Test worker] INFO  o.s.t.w.s.TestDispatcherServlet - Initializing Servlet ''
07:43:54.158 [Test worker] INFO  o.s.t.w.s.TestDispatcherServlet - Completed initialization in 1 ms
07:43:56.586 [Test worker] ERROR c.g.h.j.DefaultJavaScriptErrorListener - Error during JavaScript execution
com.gargoylesoftware.htmlunit.ScriptException: missing formal parameter (https://cdn.jsdelivr.net/npm/bootstrap@5.1.3/dist/js/bootstrap.bundle.min.js#6)
	at com.gargoylesoftware.htmlunit.javascript.JavaScriptEngine$HtmlUnitContextAction.run(JavaScriptEngine.java:960)
	at net.sourceforge.htmlunit.corejs.javascript.Context.call(Context.java:581)
	at net.sourceforge.htmlunit.corejs.javascript.ContextFactory.call(ContextFactory.java:481)
	at com.gargoylesoftware.htmlunit.javascript.HtmlUnitContextFactory.callSecured(HtmlUnitContextFactory.java:352)
	at com.gargoylesoftware.htmlunit.javascript.JavaScriptEngine.compile(JavaScriptEngine.java:788)
	at com.gargoylesoftware.htmlunit.javascript.JavaScriptEngine.compile(JavaScriptEngine.java:754)
	at com.gargoylesoftware.htmlunit.javascript.JavaScriptEngine.compile(JavaScriptEngine.java:112)
	at com.gargoylesoftware.htmlunit.html.HtmlPage.loadJavaScriptFromUrl(HtmlPage.java:1122)
	at com.gargoylesoftware.htmlunit.html.HtmlPage.loadExternalJavaScriptFile(HtmlPage.java:1002)
	at com.gargoylesoftware.htmlunit.html.ScriptElementSupport.executeScriptIfNeeded(ScriptElementSupport.java:196)
	at com.gargoylesoftware.htmlunit.html.ScriptElementSupport$1.execute(ScriptElementSupport.java:120)
	at com.gargoylesoftware.htmlunit.html.ScriptElementSupport.onAllChildrenAddedToPage(ScriptElementSupport.java:143)
	at com.gargoylesoftware.htmlunit.html.HtmlScript.onAllChildrenAddedToPage(HtmlScript.java:191)
	at com.gargoylesoftware.htmlunit.html.parser.neko.HtmlUnitNekoDOMBuilder.endElement(HtmlUnitNekoDOMBuilder.java:551)
	at org.apache.xerces.parsers.AbstractSAXParser.endElement(Unknown Source)
	at com.gargoylesoftware.htmlunit.html.parser.neko.HtmlUnitNekoDOMBuilder.endElement(HtmlUnitNekoDOMBuilder.java:503)
	at net.sourceforge.htmlunit.cyberneko.HTMLTagBalancer.callEndElement(HTMLTagBalancer.java:1216)
	at net.sourceforge.htmlunit.cyberneko.HTMLTagBalancer.endElement(HTMLTagBalancer.java:1156)
	at net.sourceforge.htmlunit.cyberneko.filters.DefaultFilter.endElement(DefaultFilter.java:219)
	at net.sourceforge.htmlunit.cyberneko.filters.NamespaceBinder.endElement(NamespaceBinder.java:312)
	at net.sourceforge.htmlunit.cyberneko.HTMLScanner$ContentScanner.scanEndElement(HTMLScanner.java:3189)
	at net.sourceforge.htmlunit.cyberneko.HTMLScanner$ContentScanner.scan(HTMLScanner.java:2114)
	at net.sourceforge.htmlunit.cyberneko.HTMLScanner.scanDocument(HTMLScanner.java:937)
	at net.sourceforge.htmlunit.cyberneko.HTMLConfiguration.parse(HTMLConfiguration.java:443)
	at net.sourceforge.htmlunit.cyberneko.HTMLConfiguration.parse(HTMLConfiguration.java:394)
	at org.apache.xerces.parsers.XMLParser.parse(Unknown Source)
	at com.gargoylesoftware.htmlunit.html.parser.neko.HtmlUnitNekoDOMBuilder.parse(HtmlUnitNekoDOMBuilder.java:751)
	at com.gargoylesoftware.htmlunit.html.parser.neko.HtmlUnitNekoHtmlParser.parse(HtmlUnitNekoHtmlParser.java:208)
	at com.gargoylesoftware.htmlunit.DefaultPageCreator.createHtmlPage(DefaultPageCreator.java:297)
	at com.gargoylesoftware.htmlunit.DefaultPageCreator.createPage(DefaultPageCreator.java:217)
	at com.gargoylesoftware.htmlunit.WebClient.loadWebResponseInto(WebClient.java:684)
	at com.gargoylesoftware.htmlunit.WebClient.loadWebResponseInto(WebClient.java:586)
	at com.gargoylesoftware.htmlunit.WebClient.getPage(WebClient.java:501)
	at com.gargoylesoftware.htmlunit.WebClient.getPage(WebClient.java:413)
	at com.gargoylesoftware.htmlunit.WebClient.getPage(WebClient.java:548)
	at com.gargoylesoftware.htmlunit.WebClient.getPage(WebClient.java:529)
	at at.fhv.se.banking.view.BankingViewTests.fetchAccountPage(BankingViewTests.java:569)
	at at.fhv.se.banking.view.BankingViewTests.given_account_when_transfer_and_noaccount_thenshowerror(BankingViewTests.java:499)
	at java.base/jdk.internal.reflect.NativeMethodAccessorImpl.invoke0(Native Method)
	at java.base/jdk.internal.reflect.NativeMethodAccessorImpl.invoke(NativeMethodAccessorImpl.java:64)
	at java.base/jdk.internal.reflect.DelegatingMethodAccessorImpl.invoke(DelegatingMethodAccessorImpl.java:43)
	at java.base/java.lang.reflect.Method.invoke(Method.java:564)
	at org.junit.platform.commons.util.ReflectionUtils.invokeMethod(ReflectionUtils.java:688)
	at org.junit.jupiter.engine.execution.MethodInvocation.proceed(MethodInvocation.java:60)
	at org.junit.jupiter.engine.execution.InvocationInterceptorChain$ValidatingInvocation.proceed(InvocationInterceptorChain.java:131)
	at org.junit.jupiter.engine.extension.TimeoutExtension.intercept(TimeoutExtension.java:149)
	at org.junit.jupiter.engine.extension.TimeoutExtension.interceptTestableMethod(TimeoutExtension.java:140)
	at org.junit.jupiter.engine.extension.TimeoutExtension.interceptTestMethod(TimeoutExtension.java:84)
	at org.junit.jupiter.engine.execution.ExecutableInvoker$ReflectiveInterceptorCall.lambda$ofVoidMethod$0(ExecutableInvoker.java:115)
	at org.junit.jupiter.engine.execution.ExecutableInvoker.lambda$invoke$0(ExecutableInvoker.java:105)
	at org.junit.jupiter.engine.execution.InvocationInterceptorChain$InterceptedInvocation.proceed(InvocationInterceptorChain.java:106)
	at org.junit.jupiter.engine.execution.InvocationInterceptorChain.proceed(InvocationInterceptorChain.java:64)
	at org.junit.jupiter.engine.execution.InvocationInterceptorChain.chainAndInvoke(InvocationInterceptorChain.java:45)
	at org.junit.jupiter.engine.execution.InvocationInterceptorChain.invoke(InvocationInterceptorChain.java:37)
	at org.junit.jupiter.engine.execution.ExecutableInvoker.invoke(ExecutableInvoker.java:104)
	at org.junit.jupiter.engine.execution.ExecutableInvoker.invoke(ExecutableInvoker.java:98)
	at org.junit.jupiter.engine.descriptor.TestMethodTestDescriptor.lambda$invokeTestMethod$6(TestMethodTestDescriptor.java:210)
	at org.junit.platform.engine.support.hierarchical.ThrowableCollector.execute(ThrowableCollector.java:73)
	at org.junit.jupiter.engine.descriptor.TestMethodTestDescriptor.invokeTestMethod(TestMethodTestDescriptor.java:206)
	at org.junit.jupiter.engine.descriptor.TestMethodTestDescriptor.execute(TestMethodTestDescriptor.java:131)
	at org.junit.jupiter.engine.descriptor.TestMethodTestDescriptor.execute(TestMethodTestDescriptor.java:65)
	at org.junit.platform.engine.support.hierarchical.NodeTestTask.lambda$executeRecursively$5(NodeTestTask.java:139)
	at org.junit.platform.engine.support.hierarchical.ThrowableCollector.execute(ThrowableCollector.java:73)
	at org.junit.platform.engine.support.hierarchical.NodeTestTask.lambda$executeRecursively$7(NodeTestTask.java:129)
	at org.junit.platform.engine.support.hierarchical.Node.around(Node.java:137)
	at org.junit.platform.engine.support.hierarchical.NodeTestTask.lambda$executeRecursively$8(NodeTestTask.java:127)
	at org.junit.platform.engine.support.hierarchical.ThrowableCollector.execute(ThrowableCollector.java:73)
	at org.junit.platform.engine.support.hierarchical.NodeTestTask.executeRecursively(NodeTestTask.java:126)
	at org.junit.platform.engine.support.hierarchical.NodeTestTask.execute(NodeTestTask.java:84)
	at java.base/java.util.ArrayList.forEach(ArrayList.java:1511)
	at org.junit.platform.engine.support.hierarchical.SameThreadHierarchicalTestExecutorService.invokeAll(SameThreadHierarchicalTestExecutorService.java:38)
	at org.junit.platform.engine.support.hierarchical.NodeTestTask.lambda$executeRecursively$5(NodeTestTask.java:143)
	at org.junit.platform.engine.support.hierarchical.ThrowableCollector.execute(ThrowableCollector.java:73)
	at org.junit.platform.engine.support.hierarchical.NodeTestTask.lambda$executeRecursively$7(NodeTestTask.java:129)
	at org.junit.platform.engine.support.hierarchical.Node.around(Node.java:137)
	at org.junit.platform.engine.support.hierarchical.NodeTestTask.lambda$executeRecursively$8(NodeTestTask.java:127)
	at org.junit.platform.engine.support.hierarchical.ThrowableCollector.execute(ThrowableCollector.java:73)
	at org.junit.platform.engine.support.hierarchical.NodeTestTask.executeRecursively(NodeTestTask.java:126)
	at org.junit.platform.engine.support.hierarchical.NodeTestTask.execute(NodeTestTask.java:84)
	at java.base/java.util.ArrayList.forEach(ArrayList.java:1511)
	at org.junit.platform.engine.support.hierarchical.SameThreadHierarchicalTestExecutorService.invokeAll(SameThreadHierarchicalTestExecutorService.java:38)
	at org.junit.platform.engine.support.hierarchical.NodeTestTask.lambda$executeRecursively$5(NodeTestTask.java:143)
	at org.junit.platform.engine.support.hierarchical.ThrowableCollector.execute(ThrowableCollector.java:73)
	at org.junit.platform.engine.support.hierarchical.NodeTestTask.lambda$executeRecursively$7(NodeTestTask.java:129)
	at org.junit.platform.engine.support.hierarchical.Node.around(Node.java:137)
	at org.junit.platform.engine.support.hierarchical.NodeTestTask.lambda$executeRecursively$8(NodeTestTask.java:127)
	at org.junit.platform.engine.support.hierarchical.ThrowableCollector.execute(ThrowableCollector.java:73)
	at org.junit.platform.engine.support.hierarchical.NodeTestTask.executeRecursively(NodeTestTask.java:126)
	at org.junit.platform.engine.support.hierarchical.NodeTestTask.execute(NodeTestTask.java:84)
	at org.junit.platform.engine.support.hierarchical.SameThreadHierarchicalTestExecutorService.submit(SameThreadHierarchicalTestExecutorService.java:32)
	at org.junit.platform.engine.support.hierarchical.HierarchicalTestExecutor.execute(HierarchicalTestExecutor.java:57)
	at org.junit.platform.engine.support.hierarchical.HierarchicalTestEngine.execute(HierarchicalTestEngine.java:51)
	at org.junit.platform.launcher.core.EngineExecutionOrchestrator.execute(EngineExecutionOrchestrator.java:108)
	at org.junit.platform.launcher.core.EngineExecutionOrchestrator.execute(EngineExecutionOrchestrator.java:88)
	at org.junit.platform.launcher.core.EngineExecutionOrchestrator.lambda$execute$0(EngineExecutionOrchestrator.java:54)
	at org.junit.platform.launcher.core.EngineExecutionOrchestrator.withInterceptedStreams(EngineExecutionOrchestrator.java:67)
	at org.junit.platform.launcher.core.EngineExecutionOrchestrator.execute(EngineExecutionOrchestrator.java:52)
	at org.junit.platform.launcher.core.DefaultLauncher.execute(DefaultLauncher.java:96)
	at org.junit.platform.launcher.core.DefaultLauncher.execute(DefaultLauncher.java:75)
	at org.gradle.api.internal.tasks.testing.junitplatform.JUnitPlatformTestClassProcessor$CollectAllTestClassesExecutor.processAllTestClasses(JUnitPlatformTestClassProcessor.java:99)
	at org.gradle.api.internal.tasks.testing.junitplatform.JUnitPlatformTestClassProcessor$CollectAllTestClassesExecutor.access$000(JUnitPlatformTestClassProcessor.java:79)
	at org.gradle.api.internal.tasks.testing.junitplatform.JUnitPlatformTestClassProcessor.stop(JUnitPlatformTestClassProcessor.java:75)
	at org.gradle.api.internal.tasks.testing.SuiteTestClassProcessor.stop(SuiteTestClassProcessor.java:61)
	at java.base/jdk.internal.reflect.NativeMethodAccessorImpl.invoke0(Native Method)
	at java.base/jdk.internal.reflect.NativeMethodAccessorImpl.invoke(NativeMethodAccessorImpl.java:64)
	at java.base/jdk.internal.reflect.DelegatingMethodAccessorImpl.invoke(DelegatingMethodAccessorImpl.java:43)
	at java.base/java.lang.reflect.Method.invoke(Method.java:564)
	at org.gradle.internal.dispatch.ReflectionDispatch.dispatch(ReflectionDispatch.java:36)
	at org.gradle.internal.dispatch.ReflectionDispatch.dispatch(ReflectionDispatch.java:24)
	at org.gradle.internal.dispatch.ContextClassLoaderDispatch.dispatch(ContextClassLoaderDispatch.java:33)
	at org.gradle.internal.dispatch.ProxyDispatchAdapter$DispatchingInvocationHandler.invoke(ProxyDispatchAdapter.java:94)
	at com.sun.proxy.$Proxy5.stop(Unknown Source)
	at org.gradle.api.internal.tasks.testing.worker.TestWorker.stop(TestWorker.java:135)
	at java.base/jdk.internal.reflect.NativeMethodAccessorImpl.invoke0(Native Method)
	at java.base/jdk.internal.reflect.NativeMethodAccessorImpl.invoke(NativeMethodAccessorImpl.java:64)
	at java.base/jdk.internal.reflect.DelegatingMethodAccessorImpl.invoke(DelegatingMethodAccessorImpl.java:43)
	at java.base/java.lang.reflect.Method.invoke(Method.java:564)
	at org.gradle.internal.dispatch.ReflectionDispatch.dispatch(ReflectionDispatch.java:36)
	at org.gradle.internal.dispatch.ReflectionDispatch.dispatch(ReflectionDispatch.java:24)
	at org.gradle.internal.remote.internal.hub.MessageHubBackedObjectConnection$DispatchWrapper.dispatch(MessageHubBackedObjectConnection.java:182)
	at org.gradle.internal.remote.internal.hub.MessageHubBackedObjectConnection$DispatchWrapper.dispatch(MessageHubBackedObjectConnection.java:164)
	at org.gradle.internal.remote.internal.hub.MessageHub$Handler.run(MessageHub.java:414)
	at org.gradle.internal.concurrent.ExecutorPolicy$CatchAndRecordFailures.onExecute(ExecutorPolicy.java:64)
	at org.gradle.internal.concurrent.ManagedExecutorImpl$1.run(ManagedExecutorImpl.java:48)
	at java.base/java.util.concurrent.ThreadPoolExecutor.runWorker(ThreadPoolExecutor.java:1130)
	at java.base/java.util.concurrent.ThreadPoolExecutor$Worker.run(ThreadPoolExecutor.java:630)
	at org.gradle.internal.concurrent.ThreadFactoryImpl$ManagedThreadRunnable.run(ThreadFactoryImpl.java:56)
	at java.base/java.lang.Thread.run(Thread.java:832)
Caused by: net.sourceforge.htmlunit.corejs.javascript.EvaluatorException: missing formal parameter (https://cdn.jsdelivr.net/npm/bootstrap@5.1.3/dist/js/bootstrap.bundle.min.js#6)
	at com.gargoylesoftware.htmlunit.javascript.HtmlUnitContextFactory$HtmlUnitErrorReporter.error(HtmlUnitContextFactory.java:436)
	at net.sourceforge.htmlunit.corejs.javascript.Parser.addError(Parser.java:251)
	at net.sourceforge.htmlunit.corejs.javascript.Parser.reportError(Parser.java:330)
	at net.sourceforge.htmlunit.corejs.javascript.Parser.reportError(Parser.java:326)
	at net.sourceforge.htmlunit.corejs.javascript.Parser.arrowFunctionParams(Parser.java:1035)
	at net.sourceforge.htmlunit.corejs.javascript.Parser.arrowFunctionParams(Parser.java:1020)
	at net.sourceforge.htmlunit.corejs.javascript.Parser.arrowFunction(Parser.java:969)
	at net.sourceforge.htmlunit.corejs.javascript.Parser.assignExpr(Parser.java:2310)
	at net.sourceforge.htmlunit.corejs.javascript.Parser.variables(Parser.java:2122)
	at net.sourceforge.htmlunit.corejs.javascript.Parser.statementHelper(Parser.java:1191)
	at net.sourceforge.htmlunit.corejs.javascript.Parser.statement(Parser.java:1098)
	at net.sourceforge.htmlunit.corejs.javascript.Parser.parseFunctionBody(Parser.java:730)
	at net.sourceforge.htmlunit.corejs.javascript.Parser.function(Parser.java:905)
	at net.sourceforge.htmlunit.corejs.javascript.Parser.function(Parser.java:839)
	at net.sourceforge.htmlunit.corejs.javascript.Parser.primaryExpr(Parser.java:3035)
	at net.sourceforge.htmlunit.corejs.javascript.Parser.memberExpr(Parser.java:2665)
	at net.sourceforge.htmlunit.corejs.javascript.Parser.unaryExpr(Parser.java:2568)
	at net.sourceforge.htmlunit.corejs.javascript.Parser.expExpr(Parser.java:2488)
	at net.sourceforge.htmlunit.corejs.javascript.Parser.mulExpr(Parser.java:2471)
	at net.sourceforge.htmlunit.corejs.javascript.Parser.addExpr(Parser.java:2457)
	at net.sourceforge.htmlunit.corejs.javascript.Parser.shiftExpr(Parser.java:2440)
	at net.sourceforge.htmlunit.corejs.javascript.Parser.relExpr(Parser.java:2418)
	at net.sourceforge.htmlunit.corejs.javascript.Parser.eqExpr(Parser.java:2394)
	at net.sourceforge.htmlunit.corejs.javascript.Parser.bitAndExpr(Parser.java:2385)
	at net.sourceforge.htmlunit.corejs.javascript.Parser.bitXorExpr(Parser.java:2376)
	at net.sourceforge.htmlunit.corejs.javascript.Parser.bitOrExpr(Parser.java:2367)
	at net.sourceforge.htmlunit.corejs.javascript.Parser.andExpr(Parser.java:2358)
	at net.sourceforge.htmlunit.corejs.javascript.Parser.orExpr(Parser.java:2349)
	at net.sourceforge.htmlunit.corejs.javascript.Parser.condExpr(Parser.java:2316)
	at net.sourceforge.htmlunit.corejs.javascript.Parser.assignExpr(Parser.java:2274)
	at net.sourceforge.htmlunit.corejs.javascript.Parser.expr(Parser.java:2257)
	at net.sourceforge.htmlunit.corejs.javascript.Parser.parenExpr(Parser.java:3129)
	at net.sourceforge.htmlunit.corejs.javascript.Parser.primaryExpr(Parser.java:3051)
	at net.sourceforge.htmlunit.corejs.javascript.Parser.memberExpr(Parser.java:2665)
	at net.sourceforge.htmlunit.corejs.javascript.Parser.unaryExpr(Parser.java:2568)
	at net.sourceforge.htmlunit.corejs.javascript.Parser.expExpr(Parser.java:2488)
	at net.sourceforge.htmlunit.corejs.javascript.Parser.mulExpr(Parser.java:2471)
	at net.sourceforge.htmlunit.corejs.javascript.Parser.addExpr(Parser.java:2457)
	at net.sourceforge.htmlunit.corejs.javascript.Parser.shiftExpr(Parser.java:2440)
	at net.sourceforge.htmlunit.corejs.javascript.Parser.relExpr(Parser.java:2418)
	at net.sourceforge.htmlunit.corejs.javascript.Parser.eqExpr(Parser.java:2394)
	at net.sourceforge.htmlunit.corejs.javascript.Parser.bitAndExpr(Parser.java:2385)
	at net.sourceforge.htmlunit.corejs.javascript.Parser.bitXorExpr(Parser.java:2376)
	at net.sourceforge.htmlunit.corejs.javascript.Parser.bitOrExpr(Parser.java:2367)
	at net.sourceforge.htmlunit.corejs.javascript.Parser.andExpr(Parser.java:2358)
	at net.sourceforge.htmlunit.corejs.javascript.Parser.orExpr(Parser.java:2349)
	at net.sourceforge.htmlunit.corejs.javascript.Parser.condExpr(Parser.java:2316)
	at net.sourceforge.htmlunit.corejs.javascript.Parser.assignExpr(Parser.java:2274)
	at net.sourceforge.htmlunit.corejs.javascript.Parser.argumentList(Parser.java:2636)
	at net.sourceforge.htmlunit.corejs.javascript.Parser.memberExprTail(Parser.java:2780)
	at net.sourceforge.htmlunit.corejs.javascript.Parser.memberExpr(Parser.java:2700)
	at net.sourceforge.htmlunit.corejs.javascript.Parser.unaryExpr(Parser.java:2568)
	at net.sourceforge.htmlunit.corejs.javascript.Parser.unaryExpr(Parser.java:2523)
	at net.sourceforge.htmlunit.corejs.javascript.Parser.expExpr(Parser.java:2488)
	at net.sourceforge.htmlunit.corejs.javascript.Parser.mulExpr(Parser.java:2471)
	at net.sourceforge.htmlunit.corejs.javascript.Parser.addExpr(Parser.java:2457)
	at net.sourceforge.htmlunit.corejs.javascript.Parser.shiftExpr(Parser.java:2440)
	at net.sourceforge.htmlunit.corejs.javascript.Parser.relExpr(Parser.java:2418)
	at net.sourceforge.htmlunit.corejs.javascript.Parser.eqExpr(Parser.java:2394)
	at net.sourceforge.htmlunit.corejs.javascript.Parser.bitAndExpr(Parser.java:2385)
	at net.sourceforge.htmlunit.corejs.javascript.Parser.bitXorExpr(Parser.java:2376)
	at net.sourceforge.htmlunit.corejs.javascript.Parser.bitOrExpr(Parser.java:2367)
	at net.sourceforge.htmlunit.corejs.javascript.Parser.andExpr(Parser.java:2358)
	at net.sourceforge.htmlunit.corejs.javascript.Parser.orExpr(Parser.java:2349)
	at net.sourceforge.htmlunit.corejs.javascript.Parser.condExpr(Parser.java:2316)
	at net.sourceforge.htmlunit.corejs.javascript.Parser.assignExpr(Parser.java:2274)
	at net.sourceforge.htmlunit.corejs.javascript.Parser.expr(Parser.java:2257)
	at net.sourceforge.htmlunit.corejs.javascript.Parser.statementHelper(Parser.java:1243)
	at net.sourceforge.htmlunit.corejs.javascript.Parser.statement(Parser.java:1098)
	at net.sourceforge.htmlunit.corejs.javascript.Parser.parse(Parser.java:626)
	at net.sourceforge.htmlunit.corejs.javascript.Parser.parse(Parser.java:556)
	at net.sourceforge.htmlunit.corejs.javascript.Context.parse(Context.java:2496)
	at net.sourceforge.htmlunit.corejs.javascript.Context.compileImpl(Context.java:2427)
	at net.sourceforge.htmlunit.corejs.javascript.Context.compileString(Context.java:1415)
	at com.gargoylesoftware.htmlunit.javascript.HtmlUnitContextFactory$TimeoutContext.compileString(HtmlUnitContextFactory.java:222)
	at net.sourceforge.htmlunit.corejs.javascript.Context.compileString(Context.java:1403)
	at com.gargoylesoftware.htmlunit.javascript.JavaScriptEngine$1.doRun(JavaScriptEngine.java:779)
	at com.gargoylesoftware.htmlunit.javascript.JavaScriptEngine$HtmlUnitContextAction.run(JavaScriptEngine.java:942)
	... 127 common frames omitted
07:43:56.949 [Test worker] ERROR c.g.h.j.DefaultJavaScriptErrorListener - Error during JavaScript execution
com.gargoylesoftware.htmlunit.ScriptException: missing formal parameter (https://cdn.jsdelivr.net/npm/bootstrap@5.1.3/dist/js/bootstrap.bundle.min.js#6)
	at com.gargoylesoftware.htmlunit.javascript.JavaScriptEngine$HtmlUnitContextAction.run(JavaScriptEngine.java:960)
	at net.sourceforge.htmlunit.corejs.javascript.Context.call(Context.java:581)
	at net.sourceforge.htmlunit.corejs.javascript.ContextFactory.call(ContextFactory.java:481)
	at com.gargoylesoftware.htmlunit.javascript.HtmlUnitContextFactory.callSecured(HtmlUnitContextFactory.java:352)
	at com.gargoylesoftware.htmlunit.javascript.JavaScriptEngine.compile(JavaScriptEngine.java:788)
	at com.gargoylesoftware.htmlunit.javascript.JavaScriptEngine.compile(JavaScriptEngine.java:754)
	at com.gargoylesoftware.htmlunit.javascript.JavaScriptEngine.compile(JavaScriptEngine.java:112)
	at com.gargoylesoftware.htmlunit.html.HtmlPage.loadJavaScriptFromUrl(HtmlPage.java:1122)
	at com.gargoylesoftware.htmlunit.html.HtmlPage.loadExternalJavaScriptFile(HtmlPage.java:1002)
	at com.gargoylesoftware.htmlunit.html.ScriptElementSupport.executeScriptIfNeeded(ScriptElementSupport.java:196)
	at com.gargoylesoftware.htmlunit.html.ScriptElementSupport$1.execute(ScriptElementSupport.java:120)
	at com.gargoylesoftware.htmlunit.html.ScriptElementSupport.onAllChildrenAddedToPage(ScriptElementSupport.java:143)
	at com.gargoylesoftware.htmlunit.html.HtmlScript.onAllChildrenAddedToPage(HtmlScript.java:191)
	at com.gargoylesoftware.htmlunit.html.parser.neko.HtmlUnitNekoDOMBuilder.endElement(HtmlUnitNekoDOMBuilder.java:551)
	at org.apache.xerces.parsers.AbstractSAXParser.endElement(Unknown Source)
	at com.gargoylesoftware.htmlunit.html.parser.neko.HtmlUnitNekoDOMBuilder.endElement(HtmlUnitNekoDOMBuilder.java:503)
	at net.sourceforge.htmlunit.cyberneko.HTMLTagBalancer.callEndElement(HTMLTagBalancer.java:1216)
	at net.sourceforge.htmlunit.cyberneko.HTMLTagBalancer.endElement(HTMLTagBalancer.java:1156)
	at net.sourceforge.htmlunit.cyberneko.filters.DefaultFilter.endElement(DefaultFilter.java:219)
	at net.sourceforge.htmlunit.cyberneko.filters.NamespaceBinder.endElement(NamespaceBinder.java:312)
	at net.sourceforge.htmlunit.cyberneko.HTMLScanner$ContentScanner.scanEndElement(HTMLScanner.java:3189)
	at net.sourceforge.htmlunit.cyberneko.HTMLScanner$ContentScanner.scan(HTMLScanner.java:2114)
	at net.sourceforge.htmlunit.cyberneko.HTMLScanner.scanDocument(HTMLScanner.java:937)
	at net.sourceforge.htmlunit.cyberneko.HTMLConfiguration.parse(HTMLConfiguration.java:443)
	at net.sourceforge.htmlunit.cyberneko.HTMLConfiguration.parse(HTMLConfiguration.java:394)
	at org.apache.xerces.parsers.XMLParser.parse(Unknown Source)
	at com.gargoylesoftware.htmlunit.html.parser.neko.HtmlUnitNekoDOMBuilder.parse(HtmlUnitNekoDOMBuilder.java:751)
	at com.gargoylesoftware.htmlunit.html.parser.neko.HtmlUnitNekoHtmlParser.parse(HtmlUnitNekoHtmlParser.java:208)
	at com.gargoylesoftware.htmlunit.DefaultPageCreator.createHtmlPage(DefaultPageCreator.java:297)
	at com.gargoylesoftware.htmlunit.DefaultPageCreator.createPage(DefaultPageCreator.java:217)
	at com.gargoylesoftware.htmlunit.WebClient.loadWebResponseInto(WebClient.java:684)
	at com.gargoylesoftware.htmlunit.WebClient.loadDownloadedResponses(WebClient.java:2517)
	at com.gargoylesoftware.htmlunit.javascript.JavaScriptEngine.doProcessPostponedActions(JavaScriptEngine.java:988)
	at com.gargoylesoftware.htmlunit.javascript.JavaScriptEngine.processPostponedActions(JavaScriptEngine.java:1110)
	at com.gargoylesoftware.htmlunit.html.DomElement.click(DomElement.java:1101)
	at com.gargoylesoftware.htmlunit.html.DomElement.click(DomElement.java:1032)
	at com.gargoylesoftware.htmlunit.html.DomElement.click(DomElement.java:918)
	at com.gargoylesoftware.htmlunit.html.DomElement.click(DomElement.java:895)
	at com.gargoylesoftware.htmlunit.html.DomElement.click(DomElement.java:872)
	at at.fhv.se.banking.view.BankingViewTests.given_account_when_transfer_and_noaccount_thenshowerror(BankingViewTests.java:513)
	at java.base/jdk.internal.reflect.NativeMethodAccessorImpl.invoke0(Native Method)
	at java.base/jdk.internal.reflect.NativeMethodAccessorImpl.invoke(NativeMethodAccessorImpl.java:64)
	at java.base/jdk.internal.reflect.DelegatingMethodAccessorImpl.invoke(DelegatingMethodAccessorImpl.java:43)
	at java.base/java.lang.reflect.Method.invoke(Method.java:564)
	at org.junit.platform.commons.util.ReflectionUtils.invokeMethod(ReflectionUtils.java:688)
	at org.junit.jupiter.engine.execution.MethodInvocation.proceed(MethodInvocation.java:60)
	at org.junit.jupiter.engine.execution.InvocationInterceptorChain$ValidatingInvocation.proceed(InvocationInterceptorChain.java:131)
	at org.junit.jupiter.engine.extension.TimeoutExtension.intercept(TimeoutExtension.java:149)
	at org.junit.jupiter.engine.extension.TimeoutExtension.interceptTestableMethod(TimeoutExtension.java:140)
	at org.junit.jupiter.engine.extension.TimeoutExtension.interceptTestMethod(TimeoutExtension.java:84)
	at org.junit.jupiter.engine.execution.ExecutableInvoker$ReflectiveInterceptorCall.lambda$ofVoidMethod$0(ExecutableInvoker.java:115)
	at org.junit.jupiter.engine.execution.ExecutableInvoker.lambda$invoke$0(ExecutableInvoker.java:105)
	at org.junit.jupiter.engine.execution.InvocationInterceptorChain$InterceptedInvocation.proceed(InvocationInterceptorChain.java:106)
	at org.junit.jupiter.engine.execution.InvocationInterceptorChain.proceed(InvocationInterceptorChain.java:64)
	at org.junit.jupiter.engine.execution.InvocationInterceptorChain.chainAndInvoke(InvocationInterceptorChain.java:45)
	at org.junit.jupiter.engine.execution.InvocationInterceptorChain.invoke(InvocationInterceptorChain.java:37)
	at org.junit.jupiter.engine.execution.ExecutableInvoker.invoke(ExecutableInvoker.java:104)
	at org.junit.jupiter.engine.execution.ExecutableInvoker.invoke(ExecutableInvoker.java:98)
	at org.junit.jupiter.engine.descriptor.TestMethodTestDescriptor.lambda$invokeTestMethod$6(TestMethodTestDescriptor.java:210)
	at org.junit.platform.engine.support.hierarchical.ThrowableCollector.execute(ThrowableCollector.java:73)
	at org.junit.jupiter.engine.descriptor.TestMethodTestDescriptor.invokeTestMethod(TestMethodTestDescriptor.java:206)
	at org.junit.jupiter.engine.descriptor.TestMethodTestDescriptor.execute(TestMethodTestDescriptor.java:131)
	at org.junit.jupiter.engine.descriptor.TestMethodTestDescriptor.execute(TestMethodTestDescriptor.java:65)
	at org.junit.platform.engine.support.hierarchical.NodeTestTask.lambda$executeRecursively$5(NodeTestTask.java:139)
	at org.junit.platform.engine.support.hierarchical.ThrowableCollector.execute(ThrowableCollector.java:73)
	at org.junit.platform.engine.support.hierarchical.NodeTestTask.lambda$executeRecursively$7(NodeTestTask.java:129)
	at org.junit.platform.engine.support.hierarchical.Node.around(Node.java:137)
	at org.junit.platform.engine.support.hierarchical.NodeTestTask.lambda$executeRecursively$8(NodeTestTask.java:127)
	at org.junit.platform.engine.support.hierarchical.ThrowableCollector.execute(ThrowableCollector.java:73)
	at org.junit.platform.engine.support.hierarchical.NodeTestTask.executeRecursively(NodeTestTask.java:126)
	at org.junit.platform.engine.support.hierarchical.NodeTestTask.execute(NodeTestTask.java:84)
	at java.base/java.util.ArrayList.forEach(ArrayList.java:1511)
	at org.junit.platform.engine.support.hierarchical.SameThreadHierarchicalTestExecutorService.invokeAll(SameThreadHierarchicalTestExecutorService.java:38)
	at org.junit.platform.engine.support.hierarchical.NodeTestTask.lambda$executeRecursively$5(NodeTestTask.java:143)
	at org.junit.platform.engine.support.hierarchical.ThrowableCollector.execute(ThrowableCollector.java:73)
	at org.junit.platform.engine.support.hierarchical.NodeTestTask.lambda$executeRecursively$7(NodeTestTask.java:129)
	at org.junit.platform.engine.support.hierarchical.Node.around(Node.java:137)
	at org.junit.platform.engine.support.hierarchical.NodeTestTask.lambda$executeRecursively$8(NodeTestTask.java:127)
	at org.junit.platform.engine.support.hierarchical.ThrowableCollector.execute(ThrowableCollector.java:73)
	at org.junit.platform.engine.support.hierarchical.NodeTestTask.executeRecursively(NodeTestTask.java:126)
	at org.junit.platform.engine.support.hierarchical.NodeTestTask.execute(NodeTestTask.java:84)
	at java.base/java.util.ArrayList.forEach(ArrayList.java:1511)
	at org.junit.platform.engine.support.hierarchical.SameThreadHierarchicalTestExecutorService.invokeAll(SameThreadHierarchicalTestExecutorService.java:38)
	at org.junit.platform.engine.support.hierarchical.NodeTestTask.lambda$executeRecursively$5(NodeTestTask.java:143)
	at org.junit.platform.engine.support.hierarchical.ThrowableCollector.execute(ThrowableCollector.java:73)
	at org.junit.platform.engine.support.hierarchical.NodeTestTask.lambda$executeRecursively$7(NodeTestTask.java:129)
	at org.junit.platform.engine.support.hierarchical.Node.around(Node.java:137)
	at org.junit.platform.engine.support.hierarchical.NodeTestTask.lambda$executeRecursively$8(NodeTestTask.java:127)
	at org.junit.platform.engine.support.hierarchical.ThrowableCollector.execute(ThrowableCollector.java:73)
	at org.junit.platform.engine.support.hierarchical.NodeTestTask.executeRecursively(NodeTestTask.java:126)
	at org.junit.platform.engine.support.hierarchical.NodeTestTask.execute(NodeTestTask.java:84)
	at org.junit.platform.engine.support.hierarchical.SameThreadHierarchicalTestExecutorService.submit(SameThreadHierarchicalTestExecutorService.java:32)
	at org.junit.platform.engine.support.hierarchical.HierarchicalTestExecutor.execute(HierarchicalTestExecutor.java:57)
	at org.junit.platform.engine.support.hierarchical.HierarchicalTestEngine.execute(HierarchicalTestEngine.java:51)
	at org.junit.platform.launcher.core.EngineExecutionOrchestrator.execute(EngineExecutionOrchestrator.java:108)
	at org.junit.platform.launcher.core.EngineExecutionOrchestrator.execute(EngineExecutionOrchestrator.java:88)
	at org.junit.platform.launcher.core.EngineExecutionOrchestrator.lambda$execute$0(EngineExecutionOrchestrator.java:54)
	at org.junit.platform.launcher.core.EngineExecutionOrchestrator.withInterceptedStreams(EngineExecutionOrchestrator.java:67)
	at org.junit.platform.launcher.core.EngineExecutionOrchestrator.execute(EngineExecutionOrchestrator.java:52)
	at org.junit.platform.launcher.core.DefaultLauncher.execute(DefaultLauncher.java:96)
	at org.junit.platform.launcher.core.DefaultLauncher.execute(DefaultLauncher.java:75)
	at org.gradle.api.internal.tasks.testing.junitplatform.JUnitPlatformTestClassProcessor$CollectAllTestClassesExecutor.processAllTestClasses(JUnitPlatformTestClassProcessor.java:99)
	at org.gradle.api.internal.tasks.testing.junitplatform.JUnitPlatformTestClassProcessor$CollectAllTestClassesExecutor.access$000(JUnitPlatformTestClassProcessor.java:79)
	at org.gradle.api.internal.tasks.testing.junitplatform.JUnitPlatformTestClassProcessor.stop(JUnitPlatformTestClassProcessor.java:75)
	at org.gradle.api.internal.tasks.testing.SuiteTestClassProcessor.stop(SuiteTestClassProcessor.java:61)
	at java.base/jdk.internal.reflect.NativeMethodAccessorImpl.invoke0(Native Method)
	at java.base/jdk.internal.reflect.NativeMethodAccessorImpl.invoke(NativeMethodAccessorImpl.java:64)
	at java.base/jdk.internal.reflect.DelegatingMethodAccessorImpl.invoke(DelegatingMethodAccessorImpl.java:43)
	at java.base/java.lang.reflect.Method.invoke(Method.java:564)
	at org.gradle.internal.dispatch.ReflectionDispatch.dispatch(ReflectionDispatch.java:36)
	at org.gradle.internal.dispatch.ReflectionDispatch.dispatch(ReflectionDispatch.java:24)
	at org.gradle.internal.dispatch.ContextClassLoaderDispatch.dispatch(ContextClassLoaderDispatch.java:33)
	at org.gradle.internal.dispatch.ProxyDispatchAdapter$DispatchingInvocationHandler.invoke(ProxyDispatchAdapter.java:94)
	at com.sun.proxy.$Proxy5.stop(Unknown Source)
	at org.gradle.api.internal.tasks.testing.worker.TestWorker.stop(TestWorker.java:135)
	at java.base/jdk.internal.reflect.NativeMethodAccessorImpl.invoke0(Native Method)
	at java.base/jdk.internal.reflect.NativeMethodAccessorImpl.invoke(NativeMethodAccessorImpl.java:64)
	at java.base/jdk.internal.reflect.DelegatingMethodAccessorImpl.invoke(DelegatingMethodAccessorImpl.java:43)
	at java.base/java.lang.reflect.Method.invoke(Method.java:564)
	at org.gradle.internal.dispatch.ReflectionDispatch.dispatch(ReflectionDispatch.java:36)
	at org.gradle.internal.dispatch.ReflectionDispatch.dispatch(ReflectionDispatch.java:24)
	at org.gradle.internal.remote.internal.hub.MessageHubBackedObjectConnection$DispatchWrapper.dispatch(MessageHubBackedObjectConnection.java:182)
	at org.gradle.internal.remote.internal.hub.MessageHubBackedObjectConnection$DispatchWrapper.dispatch(MessageHubBackedObjectConnection.java:164)
	at org.gradle.internal.remote.internal.hub.MessageHub$Handler.run(MessageHub.java:414)
	at org.gradle.internal.concurrent.ExecutorPolicy$CatchAndRecordFailures.onExecute(ExecutorPolicy.java:64)
	at org.gradle.internal.concurrent.ManagedExecutorImpl$1.run(ManagedExecutorImpl.java:48)
	at java.base/java.util.concurrent.ThreadPoolExecutor.runWorker(ThreadPoolExecutor.java:1130)
	at java.base/java.util.concurrent.ThreadPoolExecutor$Worker.run(ThreadPoolExecutor.java:630)
	at org.gradle.internal.concurrent.ThreadFactoryImpl$ManagedThreadRunnable.run(ThreadFactoryImpl.java:56)
	at java.base/java.lang.Thread.run(Thread.java:832)
Caused by: net.sourceforge.htmlunit.corejs.javascript.EvaluatorException: missing formal parameter (https://cdn.jsdelivr.net/npm/bootstrap@5.1.3/dist/js/bootstrap.bundle.min.js#6)
	at com.gargoylesoftware.htmlunit.javascript.HtmlUnitContextFactory$HtmlUnitErrorReporter.error(HtmlUnitContextFactory.java:436)
	at net.sourceforge.htmlunit.corejs.javascript.Parser.addError(Parser.java:251)
	at net.sourceforge.htmlunit.corejs.javascript.Parser.reportError(Parser.java:330)
	at net.sourceforge.htmlunit.corejs.javascript.Parser.reportError(Parser.java:326)
	at net.sourceforge.htmlunit.corejs.javascript.Parser.arrowFunctionParams(Parser.java:1035)
	at net.sourceforge.htmlunit.corejs.javascript.Parser.arrowFunctionParams(Parser.java:1020)
	at net.sourceforge.htmlunit.corejs.javascript.Parser.arrowFunction(Parser.java:969)
	at net.sourceforge.htmlunit.corejs.javascript.Parser.assignExpr(Parser.java:2310)
	at net.sourceforge.htmlunit.corejs.javascript.Parser.variables(Parser.java:2122)
	at net.sourceforge.htmlunit.corejs.javascript.Parser.statementHelper(Parser.java:1191)
	at net.sourceforge.htmlunit.corejs.javascript.Parser.statement(Parser.java:1098)
	at net.sourceforge.htmlunit.corejs.javascript.Parser.parseFunctionBody(Parser.java:730)
	at net.sourceforge.htmlunit.corejs.javascript.Parser.function(Parser.java:905)
	at net.sourceforge.htmlunit.corejs.javascript.Parser.function(Parser.java:839)
	at net.sourceforge.htmlunit.corejs.javascript.Parser.primaryExpr(Parser.java:3035)
	at net.sourceforge.htmlunit.corejs.javascript.Parser.memberExpr(Parser.java:2665)
	at net.sourceforge.htmlunit.corejs.javascript.Parser.unaryExpr(Parser.java:2568)
	at net.sourceforge.htmlunit.corejs.javascript.Parser.expExpr(Parser.java:2488)
	at net.sourceforge.htmlunit.corejs.javascript.Parser.mulExpr(Parser.java:2471)
	at net.sourceforge.htmlunit.corejs.javascript.Parser.addExpr(Parser.java:2457)
	at net.sourceforge.htmlunit.corejs.javascript.Parser.shiftExpr(Parser.java:2440)
	at net.sourceforge.htmlunit.corejs.javascript.Parser.relExpr(Parser.java:2418)
	at net.sourceforge.htmlunit.corejs.javascript.Parser.eqExpr(Parser.java:2394)
	at net.sourceforge.htmlunit.corejs.javascript.Parser.bitAndExpr(Parser.java:2385)
	at net.sourceforge.htmlunit.corejs.javascript.Parser.bitXorExpr(Parser.java:2376)
	at net.sourceforge.htmlunit.corejs.javascript.Parser.bitOrExpr(Parser.java:2367)
	at net.sourceforge.htmlunit.corejs.javascript.Parser.andExpr(Parser.java:2358)
	at net.sourceforge.htmlunit.corejs.javascript.Parser.orExpr(Parser.java:2349)
	at net.sourceforge.htmlunit.corejs.javascript.Parser.condExpr(Parser.java:2316)
	at net.sourceforge.htmlunit.corejs.javascript.Parser.assignExpr(Parser.java:2274)
	at net.sourceforge.htmlunit.corejs.javascript.Parser.expr(Parser.java:2257)
	at net.sourceforge.htmlunit.corejs.javascript.Parser.parenExpr(Parser.java:3129)
	at net.sourceforge.htmlunit.corejs.javascript.Parser.primaryExpr(Parser.java:3051)
	at net.sourceforge.htmlunit.corejs.javascript.Parser.memberExpr(Parser.java:2665)
	at net.sourceforge.htmlunit.corejs.javascript.Parser.unaryExpr(Parser.java:2568)
	at net.sourceforge.htmlunit.corejs.javascript.Parser.expExpr(Parser.java:2488)
	at net.sourceforge.htmlunit.corejs.javascript.Parser.mulExpr(Parser.java:2471)
	at net.sourceforge.htmlunit.corejs.javascript.Parser.addExpr(Parser.java:2457)
	at net.sourceforge.htmlunit.corejs.javascript.Parser.shiftExpr(Parser.java:2440)
	at net.sourceforge.htmlunit.corejs.javascript.Parser.relExpr(Parser.java:2418)
	at net.sourceforge.htmlunit.corejs.javascript.Parser.eqExpr(Parser.java:2394)
	at net.sourceforge.htmlunit.corejs.javascript.Parser.bitAndExpr(Parser.java:2385)
	at net.sourceforge.htmlunit.corejs.javascript.Parser.bitXorExpr(Parser.java:2376)
	at net.sourceforge.htmlunit.corejs.javascript.Parser.bitOrExpr(Parser.java:2367)
	at net.sourceforge.htmlunit.corejs.javascript.Parser.andExpr(Parser.java:2358)
	at net.sourceforge.htmlunit.corejs.javascript.Parser.orExpr(Parser.java:2349)
	at net.sourceforge.htmlunit.corejs.javascript.Parser.condExpr(Parser.java:2316)
	at net.sourceforge.htmlunit.corejs.javascript.Parser.assignExpr(Parser.java:2274)
	at net.sourceforge.htmlunit.corejs.javascript.Parser.argumentList(Parser.java:2636)
	at net.sourceforge.htmlunit.corejs.javascript.Parser.memberExprTail(Parser.java:2780)
	at net.sourceforge.htmlunit.corejs.javascript.Parser.memberExpr(Parser.java:2700)
	at net.sourceforge.htmlunit.corejs.javascript.Parser.unaryExpr(Parser.java:2568)
	at net.sourceforge.htmlunit.corejs.javascript.Parser.unaryExpr(Parser.java:2523)
	at net.sourceforge.htmlunit.corejs.javascript.Parser.expExpr(Parser.java:2488)
	at net.sourceforge.htmlunit.corejs.javascript.Parser.mulExpr(Parser.java:2471)
	at net.sourceforge.htmlunit.corejs.javascript.Parser.addExpr(Parser.java:2457)
	at net.sourceforge.htmlunit.corejs.javascript.Parser.shiftExpr(Parser.java:2440)
	at net.sourceforge.htmlunit.corejs.javascript.Parser.relExpr(Parser.java:2418)
	at net.sourceforge.htmlunit.corejs.javascript.Parser.eqExpr(Parser.java:2394)
	at net.sourceforge.htmlunit.corejs.javascript.Parser.bitAndExpr(Parser.java:2385)
	at net.sourceforge.htmlunit.corejs.javascript.Parser.bitXorExpr(Parser.java:2376)
	at net.sourceforge.htmlunit.corejs.javascript.Parser.bitOrExpr(Parser.java:2367)
	at net.sourceforge.htmlunit.corejs.javascript.Parser.andExpr(Parser.java:2358)
	at net.sourceforge.htmlunit.corejs.javascript.Parser.orExpr(Parser.java:2349)
	at net.sourceforge.htmlunit.corejs.javascript.Parser.condExpr(Parser.java:2316)
	at net.sourceforge.htmlunit.corejs.javascript.Parser.assignExpr(Parser.java:2274)
	at net.sourceforge.htmlunit.corejs.javascript.Parser.expr(Parser.java:2257)
	at net.sourceforge.htmlunit.corejs.javascript.Parser.statementHelper(Parser.java:1243)
	at net.sourceforge.htmlunit.corejs.javascript.Parser.statement(Parser.java:1098)
	at net.sourceforge.htmlunit.corejs.javascript.Parser.parse(Parser.java:626)
	at net.sourceforge.htmlunit.corejs.javascript.Parser.parse(Parser.java:556)
	at net.sourceforge.htmlunit.corejs.javascript.Context.parse(Context.java:2496)
	at net.sourceforge.htmlunit.corejs.javascript.Context.compileImpl(Context.java:2427)
	at net.sourceforge.htmlunit.corejs.javascript.Context.compileString(Context.java:1415)
	at com.gargoylesoftware.htmlunit.javascript.HtmlUnitContextFactory$TimeoutContext.compileString(HtmlUnitContextFactory.java:222)
	at net.sourceforge.htmlunit.corejs.javascript.Context.compileString(Context.java:1403)
	at com.gargoylesoftware.htmlunit.javascript.JavaScriptEngine$1.doRun(JavaScriptEngine.java:779)
	at com.gargoylesoftware.htmlunit.javascript.JavaScriptEngine$HtmlUnitContextAction.run(JavaScriptEngine.java:942)
	... 129 common frames omitted
07:43:57.088 [Test worker] INFO  o.s.b.t.m.w.SpringBootMockServletContext - Initializing Spring TestDispatcherServlet ''
07:43:57.088 [Test worker] INFO  o.s.t.w.s.TestDispatcherServlet - Initializing Servlet ''
07:43:57.088 [Test worker] INFO  o.s.t.w.s.TestDispatcherServlet - Completed initialization in 0 ms
07:43:57.434 [Test worker] ERROR c.g.h.j.DefaultJavaScriptErrorListener - Error during JavaScript execution
com.gargoylesoftware.htmlunit.ScriptException: missing formal parameter (https://cdn.jsdelivr.net/npm/bootstrap@5.1.3/dist/js/bootstrap.bundle.min.js#6)
	at com.gargoylesoftware.htmlunit.javascript.JavaScriptEngine$HtmlUnitContextAction.run(JavaScriptEngine.java:960)
	at net.sourceforge.htmlunit.corejs.javascript.Context.call(Context.java:581)
	at net.sourceforge.htmlunit.corejs.javascript.ContextFactory.call(ContextFactory.java:481)
	at com.gargoylesoftware.htmlunit.javascript.HtmlUnitContextFactory.callSecured(HtmlUnitContextFactory.java:352)
	at com.gargoylesoftware.htmlunit.javascript.JavaScriptEngine.compile(JavaScriptEngine.java:788)
	at com.gargoylesoftware.htmlunit.javascript.JavaScriptEngine.compile(JavaScriptEngine.java:754)
	at com.gargoylesoftware.htmlunit.javascript.JavaScriptEngine.compile(JavaScriptEngine.java:112)
	at com.gargoylesoftware.htmlunit.html.HtmlPage.loadJavaScriptFromUrl(HtmlPage.java:1122)
	at com.gargoylesoftware.htmlunit.html.HtmlPage.loadExternalJavaScriptFile(HtmlPage.java:1002)
	at com.gargoylesoftware.htmlunit.html.ScriptElementSupport.executeScriptIfNeeded(ScriptElementSupport.java:196)
	at com.gargoylesoftware.htmlunit.html.ScriptElementSupport$1.execute(ScriptElementSupport.java:120)
	at com.gargoylesoftware.htmlunit.html.ScriptElementSupport.onAllChildrenAddedToPage(ScriptElementSupport.java:143)
	at com.gargoylesoftware.htmlunit.html.HtmlScript.onAllChildrenAddedToPage(HtmlScript.java:191)
	at com.gargoylesoftware.htmlunit.html.parser.neko.HtmlUnitNekoDOMBuilder.endElement(HtmlUnitNekoDOMBuilder.java:551)
	at org.apache.xerces.parsers.AbstractSAXParser.endElement(Unknown Source)
	at com.gargoylesoftware.htmlunit.html.parser.neko.HtmlUnitNekoDOMBuilder.endElement(HtmlUnitNekoDOMBuilder.java:503)
	at net.sourceforge.htmlunit.cyberneko.HTMLTagBalancer.callEndElement(HTMLTagBalancer.java:1216)
	at net.sourceforge.htmlunit.cyberneko.HTMLTagBalancer.endElement(HTMLTagBalancer.java:1156)
	at net.sourceforge.htmlunit.cyberneko.filters.DefaultFilter.endElement(DefaultFilter.java:219)
	at net.sourceforge.htmlunit.cyberneko.filters.NamespaceBinder.endElement(NamespaceBinder.java:312)
	at net.sourceforge.htmlunit.cyberneko.HTMLScanner$ContentScanner.scanEndElement(HTMLScanner.java:3189)
	at net.sourceforge.htmlunit.cyberneko.HTMLScanner$ContentScanner.scan(HTMLScanner.java:2114)
	at net.sourceforge.htmlunit.cyberneko.HTMLScanner.scanDocument(HTMLScanner.java:937)
	at net.sourceforge.htmlunit.cyberneko.HTMLConfiguration.parse(HTMLConfiguration.java:443)
	at net.sourceforge.htmlunit.cyberneko.HTMLConfiguration.parse(HTMLConfiguration.java:394)
	at org.apache.xerces.parsers.XMLParser.parse(Unknown Source)
	at com.gargoylesoftware.htmlunit.html.parser.neko.HtmlUnitNekoDOMBuilder.parse(HtmlUnitNekoDOMBuilder.java:751)
	at com.gargoylesoftware.htmlunit.html.parser.neko.HtmlUnitNekoHtmlParser.parse(HtmlUnitNekoHtmlParser.java:208)
	at com.gargoylesoftware.htmlunit.DefaultPageCreator.createHtmlPage(DefaultPageCreator.java:297)
	at com.gargoylesoftware.htmlunit.DefaultPageCreator.createPage(DefaultPageCreator.java:217)
	at com.gargoylesoftware.htmlunit.WebClient.loadWebResponseInto(WebClient.java:684)
	at com.gargoylesoftware.htmlunit.WebClient.loadWebResponseInto(WebClient.java:586)
	at com.gargoylesoftware.htmlunit.WebClient.getPage(WebClient.java:501)
	at com.gargoylesoftware.htmlunit.WebClient.getPage(WebClient.java:413)
	at com.gargoylesoftware.htmlunit.WebClient.getPage(WebClient.java:548)
	at com.gargoylesoftware.htmlunit.WebClient.getPage(WebClient.java:529)
	at at.fhv.se.banking.view.BankingViewTests.fetchAccountPage(BankingViewTests.java:569)
	at at.fhv.se.banking.view.BankingViewTests.given_account_when_deposit_thendisplaynewbalance(BankingViewTests.java:275)
	at java.base/jdk.internal.reflect.NativeMethodAccessorImpl.invoke0(Native Method)
	at java.base/jdk.internal.reflect.NativeMethodAccessorImpl.invoke(NativeMethodAccessorImpl.java:64)
	at java.base/jdk.internal.reflect.DelegatingMethodAccessorImpl.invoke(DelegatingMethodAccessorImpl.java:43)
	at java.base/java.lang.reflect.Method.invoke(Method.java:564)
	at org.junit.platform.commons.util.ReflectionUtils.invokeMethod(ReflectionUtils.java:688)
	at org.junit.jupiter.engine.execution.MethodInvocation.proceed(MethodInvocation.java:60)
	at org.junit.jupiter.engine.execution.InvocationInterceptorChain$ValidatingInvocation.proceed(InvocationInterceptorChain.java:131)
	at org.junit.jupiter.engine.extension.TimeoutExtension.intercept(TimeoutExtension.java:149)
	at org.junit.jupiter.engine.extension.TimeoutExtension.interceptTestableMethod(TimeoutExtension.java:140)
	at org.junit.jupiter.engine.extension.TimeoutExtension.interceptTestMethod(TimeoutExtension.java:84)
	at org.junit.jupiter.engine.execution.ExecutableInvoker$ReflectiveInterceptorCall.lambda$ofVoidMethod$0(ExecutableInvoker.java:115)
	at org.junit.jupiter.engine.execution.ExecutableInvoker.lambda$invoke$0(ExecutableInvoker.java:105)
	at org.junit.jupiter.engine.execution.InvocationInterceptorChain$InterceptedInvocation.proceed(InvocationInterceptorChain.java:106)
	at org.junit.jupiter.engine.execution.InvocationInterceptorChain.proceed(InvocationInterceptorChain.java:64)
	at org.junit.jupiter.engine.execution.InvocationInterceptorChain.chainAndInvoke(InvocationInterceptorChain.java:45)
	at org.junit.jupiter.engine.execution.InvocationInterceptorChain.invoke(InvocationInterceptorChain.java:37)
	at org.junit.jupiter.engine.execution.ExecutableInvoker.invoke(ExecutableInvoker.java:104)
	at org.junit.jupiter.engine.execution.ExecutableInvoker.invoke(ExecutableInvoker.java:98)
	at org.junit.jupiter.engine.descriptor.TestMethodTestDescriptor.lambda$invokeTestMethod$6(TestMethodTestDescriptor.java:210)
	at org.junit.platform.engine.support.hierarchical.ThrowableCollector.execute(ThrowableCollector.java:73)
	at org.junit.jupiter.engine.descriptor.TestMethodTestDescriptor.invokeTestMethod(TestMethodTestDescriptor.java:206)
	at org.junit.jupiter.engine.descriptor.TestMethodTestDescriptor.execute(TestMethodTestDescriptor.java:131)
	at org.junit.jupiter.engine.descriptor.TestMethodTestDescriptor.execute(TestMethodTestDescriptor.java:65)
	at org.junit.platform.engine.support.hierarchical.NodeTestTask.lambda$executeRecursively$5(NodeTestTask.java:139)
	at org.junit.platform.engine.support.hierarchical.ThrowableCollector.execute(ThrowableCollector.java:73)
	at org.junit.platform.engine.support.hierarchical.NodeTestTask.lambda$executeRecursively$7(NodeTestTask.java:129)
	at org.junit.platform.engine.support.hierarchical.Node.around(Node.java:137)
	at org.junit.platform.engine.support.hierarchical.NodeTestTask.lambda$executeRecursively$8(NodeTestTask.java:127)
	at org.junit.platform.engine.support.hierarchical.ThrowableCollector.execute(ThrowableCollector.java:73)
	at org.junit.platform.engine.support.hierarchical.NodeTestTask.executeRecursively(NodeTestTask.java:126)
	at org.junit.platform.engine.support.hierarchical.NodeTestTask.execute(NodeTestTask.java:84)
	at java.base/java.util.ArrayList.forEach(ArrayList.java:1511)
	at org.junit.platform.engine.support.hierarchical.SameThreadHierarchicalTestExecutorService.invokeAll(SameThreadHierarchicalTestExecutorService.java:38)
	at org.junit.platform.engine.support.hierarchical.NodeTestTask.lambda$executeRecursively$5(NodeTestTask.java:143)
	at org.junit.platform.engine.support.hierarchical.ThrowableCollector.execute(ThrowableCollector.java:73)
	at org.junit.platform.engine.support.hierarchical.NodeTestTask.lambda$executeRecursively$7(NodeTestTask.java:129)
	at org.junit.platform.engine.support.hierarchical.Node.around(Node.java:137)
	at org.junit.platform.engine.support.hierarchical.NodeTestTask.lambda$executeRecursively$8(NodeTestTask.java:127)
	at org.junit.platform.engine.support.hierarchical.ThrowableCollector.execute(ThrowableCollector.java:73)
	at org.junit.platform.engine.support.hierarchical.NodeTestTask.executeRecursively(NodeTestTask.java:126)
	at org.junit.platform.engine.support.hierarchical.NodeTestTask.execute(NodeTestTask.java:84)
	at java.base/java.util.ArrayList.forEach(ArrayList.java:1511)
	at org.junit.platform.engine.support.hierarchical.SameThreadHierarchicalTestExecutorService.invokeAll(SameThreadHierarchicalTestExecutorService.java:38)
	at org.junit.platform.engine.support.hierarchical.NodeTestTask.lambda$executeRecursively$5(NodeTestTask.java:143)
	at org.junit.platform.engine.support.hierarchical.ThrowableCollector.execute(ThrowableCollector.java:73)
	at org.junit.platform.engine.support.hierarchical.NodeTestTask.lambda$executeRecursively$7(NodeTestTask.java:129)
	at org.junit.platform.engine.support.hierarchical.Node.around(Node.java:137)
	at org.junit.platform.engine.support.hierarchical.NodeTestTask.lambda$executeRecursively$8(NodeTestTask.java:127)
	at org.junit.platform.engine.support.hierarchical.ThrowableCollector.execute(ThrowableCollector.java:73)
	at org.junit.platform.engine.support.hierarchical.NodeTestTask.executeRecursively(NodeTestTask.java:126)
	at org.junit.platform.engine.support.hierarchical.NodeTestTask.execute(NodeTestTask.java:84)
	at org.junit.platform.engine.support.hierarchical.SameThreadHierarchicalTestExecutorService.submit(SameThreadHierarchicalTestExecutorService.java:32)
	at org.junit.platform.engine.support.hierarchical.HierarchicalTestExecutor.execute(HierarchicalTestExecutor.java:57)
	at org.junit.platform.engine.support.hierarchical.HierarchicalTestEngine.execute(HierarchicalTestEngine.java:51)
	at org.junit.platform.launcher.core.EngineExecutionOrchestrator.execute(EngineExecutionOrchestrator.java:108)
	at org.junit.platform.launcher.core.EngineExecutionOrchestrator.execute(EngineExecutionOrchestrator.java:88)
	at org.junit.platform.launcher.core.EngineExecutionOrchestrator.lambda$execute$0(EngineExecutionOrchestrator.java:54)
	at org.junit.platform.launcher.core.EngineExecutionOrchestrator.withInterceptedStreams(EngineExecutionOrchestrator.java:67)
	at org.junit.platform.launcher.core.EngineExecutionOrchestrator.execute(EngineExecutionOrchestrator.java:52)
	at org.junit.platform.launcher.core.DefaultLauncher.execute(DefaultLauncher.java:96)
	at org.junit.platform.launcher.core.DefaultLauncher.execute(DefaultLauncher.java:75)
	at org.gradle.api.internal.tasks.testing.junitplatform.JUnitPlatformTestClassProcessor$CollectAllTestClassesExecutor.processAllTestClasses(JUnitPlatformTestClassProcessor.java:99)
	at org.gradle.api.internal.tasks.testing.junitplatform.JUnitPlatformTestClassProcessor$CollectAllTestClassesExecutor.access$000(JUnitPlatformTestClassProcessor.java:79)
	at org.gradle.api.internal.tasks.testing.junitplatform.JUnitPlatformTestClassProcessor.stop(JUnitPlatformTestClassProcessor.java:75)
	at org.gradle.api.internal.tasks.testing.SuiteTestClassProcessor.stop(SuiteTestClassProcessor.java:61)
	at java.base/jdk.internal.reflect.NativeMethodAccessorImpl.invoke0(Native Method)
	at java.base/jdk.internal.reflect.NativeMethodAccessorImpl.invoke(NativeMethodAccessorImpl.java:64)
	at java.base/jdk.internal.reflect.DelegatingMethodAccessorImpl.invoke(DelegatingMethodAccessorImpl.java:43)
	at java.base/java.lang.reflect.Method.invoke(Method.java:564)
	at org.gradle.internal.dispatch.ReflectionDispatch.dispatch(ReflectionDispatch.java:36)
	at org.gradle.internal.dispatch.ReflectionDispatch.dispatch(ReflectionDispatch.java:24)
	at org.gradle.internal.dispatch.ContextClassLoaderDispatch.dispatch(ContextClassLoaderDispatch.java:33)
	at org.gradle.internal.dispatch.ProxyDispatchAdapter$DispatchingInvocationHandler.invoke(ProxyDispatchAdapter.java:94)
	at com.sun.proxy.$Proxy5.stop(Unknown Source)
	at org.gradle.api.internal.tasks.testing.worker.TestWorker.stop(TestWorker.java:135)
	at java.base/jdk.internal.reflect.NativeMethodAccessorImpl.invoke0(Native Method)
	at java.base/jdk.internal.reflect.NativeMethodAccessorImpl.invoke(NativeMethodAccessorImpl.java:64)
	at java.base/jdk.internal.reflect.DelegatingMethodAccessorImpl.invoke(DelegatingMethodAccessorImpl.java:43)
	at java.base/java.lang.reflect.Method.invoke(Method.java:564)
	at org.gradle.internal.dispatch.ReflectionDispatch.dispatch(ReflectionDispatch.java:36)
	at org.gradle.internal.dispatch.ReflectionDispatch.dispatch(ReflectionDispatch.java:24)
	at org.gradle.internal.remote.internal.hub.MessageHubBackedObjectConnection$DispatchWrapper.dispatch(MessageHubBackedObjectConnection.java:182)
	at org.gradle.internal.remote.internal.hub.MessageHubBackedObjectConnection$DispatchWrapper.dispatch(MessageHubBackedObjectConnection.java:164)
	at org.gradle.internal.remote.internal.hub.MessageHub$Handler.run(MessageHub.java:414)
	at org.gradle.internal.concurrent.ExecutorPolicy$CatchAndRecordFailures.onExecute(ExecutorPolicy.java:64)
	at org.gradle.internal.concurrent.ManagedExecutorImpl$1.run(ManagedExecutorImpl.java:48)
	at java.base/java.util.concurrent.ThreadPoolExecutor.runWorker(ThreadPoolExecutor.java:1130)
	at java.base/java.util.concurrent.ThreadPoolExecutor$Worker.run(ThreadPoolExecutor.java:630)
	at org.gradle.internal.concurrent.ThreadFactoryImpl$ManagedThreadRunnable.run(ThreadFactoryImpl.java:56)
	at java.base/java.lang.Thread.run(Thread.java:832)
Caused by: net.sourceforge.htmlunit.corejs.javascript.EvaluatorException: missing formal parameter (https://cdn.jsdelivr.net/npm/bootstrap@5.1.3/dist/js/bootstrap.bundle.min.js#6)
	at com.gargoylesoftware.htmlunit.javascript.HtmlUnitContextFactory$HtmlUnitErrorReporter.error(HtmlUnitContextFactory.java:436)
	at net.sourceforge.htmlunit.corejs.javascript.Parser.addError(Parser.java:251)
	at net.sourceforge.htmlunit.corejs.javascript.Parser.reportError(Parser.java:330)
	at net.sourceforge.htmlunit.corejs.javascript.Parser.reportError(Parser.java:326)
	at net.sourceforge.htmlunit.corejs.javascript.Parser.arrowFunctionParams(Parser.java:1035)
	at net.sourceforge.htmlunit.corejs.javascript.Parser.arrowFunctionParams(Parser.java:1020)
	at net.sourceforge.htmlunit.corejs.javascript.Parser.arrowFunction(Parser.java:969)
	at net.sourceforge.htmlunit.corejs.javascript.Parser.assignExpr(Parser.java:2310)
	at net.sourceforge.htmlunit.corejs.javascript.Parser.variables(Parser.java:2122)
	at net.sourceforge.htmlunit.corejs.javascript.Parser.statementHelper(Parser.java:1191)
	at net.sourceforge.htmlunit.corejs.javascript.Parser.statement(Parser.java:1098)
	at net.sourceforge.htmlunit.corejs.javascript.Parser.parseFunctionBody(Parser.java:730)
	at net.sourceforge.htmlunit.corejs.javascript.Parser.function(Parser.java:905)
	at net.sourceforge.htmlunit.corejs.javascript.Parser.function(Parser.java:839)
	at net.sourceforge.htmlunit.corejs.javascript.Parser.primaryExpr(Parser.java:3035)
	at net.sourceforge.htmlunit.corejs.javascript.Parser.memberExpr(Parser.java:2665)
	at net.sourceforge.htmlunit.corejs.javascript.Parser.unaryExpr(Parser.java:2568)
	at net.sourceforge.htmlunit.corejs.javascript.Parser.expExpr(Parser.java:2488)
	at net.sourceforge.htmlunit.corejs.javascript.Parser.mulExpr(Parser.java:2471)
	at net.sourceforge.htmlunit.corejs.javascript.Parser.addExpr(Parser.java:2457)
	at net.sourceforge.htmlunit.corejs.javascript.Parser.shiftExpr(Parser.java:2440)
	at net.sourceforge.htmlunit.corejs.javascript.Parser.relExpr(Parser.java:2418)
	at net.sourceforge.htmlunit.corejs.javascript.Parser.eqExpr(Parser.java:2394)
	at net.sourceforge.htmlunit.corejs.javascript.Parser.bitAndExpr(Parser.java:2385)
	at net.sourceforge.htmlunit.corejs.javascript.Parser.bitXorExpr(Parser.java:2376)
	at net.sourceforge.htmlunit.corejs.javascript.Parser.bitOrExpr(Parser.java:2367)
	at net.sourceforge.htmlunit.corejs.javascript.Parser.andExpr(Parser.java:2358)
	at net.sourceforge.htmlunit.corejs.javascript.Parser.orExpr(Parser.java:2349)
	at net.sourceforge.htmlunit.corejs.javascript.Parser.condExpr(Parser.java:2316)
	at net.sourceforge.htmlunit.corejs.javascript.Parser.assignExpr(Parser.java:2274)
	at net.sourceforge.htmlunit.corejs.javascript.Parser.expr(Parser.java:2257)
	at net.sourceforge.htmlunit.corejs.javascript.Parser.parenExpr(Parser.java:3129)
	at net.sourceforge.htmlunit.corejs.javascript.Parser.primaryExpr(Parser.java:3051)
	at net.sourceforge.htmlunit.corejs.javascript.Parser.memberExpr(Parser.java:2665)
	at net.sourceforge.htmlunit.corejs.javascript.Parser.unaryExpr(Parser.java:2568)
	at net.sourceforge.htmlunit.corejs.javascript.Parser.expExpr(Parser.java:2488)
	at net.sourceforge.htmlunit.corejs.javascript.Parser.mulExpr(Parser.java:2471)
	at net.sourceforge.htmlunit.corejs.javascript.Parser.addExpr(Parser.java:2457)
	at net.sourceforge.htmlunit.corejs.javascript.Parser.shiftExpr(Parser.java:2440)
	at net.sourceforge.htmlunit.corejs.javascript.Parser.relExpr(Parser.java:2418)
	at net.sourceforge.htmlunit.corejs.javascript.Parser.eqExpr(Parser.java:2394)
	at net.sourceforge.htmlunit.corejs.javascript.Parser.bitAndExpr(Parser.java:2385)
	at net.sourceforge.htmlunit.corejs.javascript.Parser.bitXorExpr(Parser.java:2376)
	at net.sourceforge.htmlunit.corejs.javascript.Parser.bitOrExpr(Parser.java:2367)
	at net.sourceforge.htmlunit.corejs.javascript.Parser.andExpr(Parser.java:2358)
	at net.sourceforge.htmlunit.corejs.javascript.Parser.orExpr(Parser.java:2349)
	at net.sourceforge.htmlunit.corejs.javascript.Parser.condExpr(Parser.java:2316)
	at net.sourceforge.htmlunit.corejs.javascript.Parser.assignExpr(Parser.java:2274)
	at net.sourceforge.htmlunit.corejs.javascript.Parser.argumentList(Parser.java:2636)
	at net.sourceforge.htmlunit.corejs.javascript.Parser.memberExprTail(Parser.java:2780)
	at net.sourceforge.htmlunit.corejs.javascript.Parser.memberExpr(Parser.java:2700)
	at net.sourceforge.htmlunit.corejs.javascript.Parser.unaryExpr(Parser.java:2568)
	at net.sourceforge.htmlunit.corejs.javascript.Parser.unaryExpr(Parser.java:2523)
	at net.sourceforge.htmlunit.corejs.javascript.Parser.expExpr(Parser.java:2488)
	at net.sourceforge.htmlunit.corejs.javascript.Parser.mulExpr(Parser.java:2471)
	at net.sourceforge.htmlunit.corejs.javascript.Parser.addExpr(Parser.java:2457)
	at net.sourceforge.htmlunit.corejs.javascript.Parser.shiftExpr(Parser.java:2440)
	at net.sourceforge.htmlunit.corejs.javascript.Parser.relExpr(Parser.java:2418)
	at net.sourceforge.htmlunit.corejs.javascript.Parser.eqExpr(Parser.java:2394)
	at net.sourceforge.htmlunit.corejs.javascript.Parser.bitAndExpr(Parser.java:2385)
	at net.sourceforge.htmlunit.corejs.javascript.Parser.bitXorExpr(Parser.java:2376)
	at net.sourceforge.htmlunit.corejs.javascript.Parser.bitOrExpr(Parser.java:2367)
	at net.sourceforge.htmlunit.corejs.javascript.Parser.andExpr(Parser.java:2358)
	at net.sourceforge.htmlunit.corejs.javascript.Parser.orExpr(Parser.java:2349)
	at net.sourceforge.htmlunit.corejs.javascript.Parser.condExpr(Parser.java:2316)
	at net.sourceforge.htmlunit.corejs.javascript.Parser.assignExpr(Parser.java:2274)
	at net.sourceforge.htmlunit.corejs.javascript.Parser.expr(Parser.java:2257)
	at net.sourceforge.htmlunit.corejs.javascript.Parser.statementHelper(Parser.java:1243)
	at net.sourceforge.htmlunit.corejs.javascript.Parser.statement(Parser.java:1098)
	at net.sourceforge.htmlunit.corejs.javascript.Parser.parse(Parser.java:626)
	at net.sourceforge.htmlunit.corejs.javascript.Parser.parse(Parser.java:556)
	at net.sourceforge.htmlunit.corejs.javascript.Context.parse(Context.java:2496)
	at net.sourceforge.htmlunit.corejs.javascript.Context.compileImpl(Context.java:2427)
	at net.sourceforge.htmlunit.corejs.javascript.Context.compileString(Context.java:1415)
	at com.gargoylesoftware.htmlunit.javascript.HtmlUnitContextFactory$TimeoutContext.compileString(HtmlUnitContextFactory.java:222)
	at net.sourceforge.htmlunit.corejs.javascript.Context.compileString(Context.java:1403)
	at com.gargoylesoftware.htmlunit.javascript.JavaScriptEngine$1.doRun(JavaScriptEngine.java:779)
	at com.gargoylesoftware.htmlunit.javascript.JavaScriptEngine$HtmlUnitContextAction.run(JavaScriptEngine.java:942)
	... 127 common frames omitted
07:43:57.654 [Test worker] ERROR c.g.h.j.DefaultJavaScriptErrorListener - Error during JavaScript execution
com.gargoylesoftware.htmlunit.ScriptException: missing formal parameter (https://cdn.jsdelivr.net/npm/bootstrap@5.1.3/dist/js/bootstrap.bundle.min.js#6)
	at com.gargoylesoftware.htmlunit.javascript.JavaScriptEngine$HtmlUnitContextAction.run(JavaScriptEngine.java:960)
	at net.sourceforge.htmlunit.corejs.javascript.Context.call(Context.java:581)
	at net.sourceforge.htmlunit.corejs.javascript.ContextFactory.call(ContextFactory.java:481)
	at com.gargoylesoftware.htmlunit.javascript.HtmlUnitContextFactory.callSecured(HtmlUnitContextFactory.java:352)
	at com.gargoylesoftware.htmlunit.javascript.JavaScriptEngine.compile(JavaScriptEngine.java:788)
	at com.gargoylesoftware.htmlunit.javascript.JavaScriptEngine.compile(JavaScriptEngine.java:754)
	at com.gargoylesoftware.htmlunit.javascript.JavaScriptEngine.compile(JavaScriptEngine.java:112)
	at com.gargoylesoftware.htmlunit.html.HtmlPage.loadJavaScriptFromUrl(HtmlPage.java:1122)
	at com.gargoylesoftware.htmlunit.html.HtmlPage.loadExternalJavaScriptFile(HtmlPage.java:1002)
	at com.gargoylesoftware.htmlunit.html.ScriptElementSupport.executeScriptIfNeeded(ScriptElementSupport.java:196)
	at com.gargoylesoftware.htmlunit.html.ScriptElementSupport$1.execute(ScriptElementSupport.java:120)
	at com.gargoylesoftware.htmlunit.html.ScriptElementSupport.onAllChildrenAddedToPage(ScriptElementSupport.java:143)
	at com.gargoylesoftware.htmlunit.html.HtmlScript.onAllChildrenAddedToPage(HtmlScript.java:191)
	at com.gargoylesoftware.htmlunit.html.parser.neko.HtmlUnitNekoDOMBuilder.endElement(HtmlUnitNekoDOMBuilder.java:551)
	at org.apache.xerces.parsers.AbstractSAXParser.endElement(Unknown Source)
	at com.gargoylesoftware.htmlunit.html.parser.neko.HtmlUnitNekoDOMBuilder.endElement(HtmlUnitNekoDOMBuilder.java:503)
	at net.sourceforge.htmlunit.cyberneko.HTMLTagBalancer.callEndElement(HTMLTagBalancer.java:1216)
	at net.sourceforge.htmlunit.cyberneko.HTMLTagBalancer.endElement(HTMLTagBalancer.java:1156)
	at net.sourceforge.htmlunit.cyberneko.filters.DefaultFilter.endElement(DefaultFilter.java:219)
	at net.sourceforge.htmlunit.cyberneko.filters.NamespaceBinder.endElement(NamespaceBinder.java:312)
	at net.sourceforge.htmlunit.cyberneko.HTMLScanner$ContentScanner.scanEndElement(HTMLScanner.java:3189)
	at net.sourceforge.htmlunit.cyberneko.HTMLScanner$ContentScanner.scan(HTMLScanner.java:2114)
	at net.sourceforge.htmlunit.cyberneko.HTMLScanner.scanDocument(HTMLScanner.java:937)
	at net.sourceforge.htmlunit.cyberneko.HTMLConfiguration.parse(HTMLConfiguration.java:443)
	at net.sourceforge.htmlunit.cyberneko.HTMLConfiguration.parse(HTMLConfiguration.java:394)
	at org.apache.xerces.parsers.XMLParser.parse(Unknown Source)
	at com.gargoylesoftware.htmlunit.html.parser.neko.HtmlUnitNekoDOMBuilder.parse(HtmlUnitNekoDOMBuilder.java:751)
	at com.gargoylesoftware.htmlunit.html.parser.neko.HtmlUnitNekoHtmlParser.parse(HtmlUnitNekoHtmlParser.java:208)
	at com.gargoylesoftware.htmlunit.DefaultPageCreator.createHtmlPage(DefaultPageCreator.java:297)
	at com.gargoylesoftware.htmlunit.DefaultPageCreator.createPage(DefaultPageCreator.java:217)
	at com.gargoylesoftware.htmlunit.WebClient.loadWebResponseInto(WebClient.java:684)
	at com.gargoylesoftware.htmlunit.WebClient.loadDownloadedResponses(WebClient.java:2517)
	at com.gargoylesoftware.htmlunit.javascript.JavaScriptEngine.doProcessPostponedActions(JavaScriptEngine.java:988)
	at com.gargoylesoftware.htmlunit.javascript.JavaScriptEngine.processPostponedActions(JavaScriptEngine.java:1110)
	at com.gargoylesoftware.htmlunit.html.DomElement.click(DomElement.java:1101)
	at com.gargoylesoftware.htmlunit.html.DomElement.click(DomElement.java:1032)
	at com.gargoylesoftware.htmlunit.html.DomElement.click(DomElement.java:918)
	at com.gargoylesoftware.htmlunit.html.DomElement.click(DomElement.java:895)
	at com.gargoylesoftware.htmlunit.html.DomElement.click(DomElement.java:872)
	at at.fhv.se.banking.view.BankingViewTests.given_account_when_deposit_thendisplaynewbalance(BankingViewTests.java:285)
	at java.base/jdk.internal.reflect.NativeMethodAccessorImpl.invoke0(Native Method)
	at java.base/jdk.internal.reflect.NativeMethodAccessorImpl.invoke(NativeMethodAccessorImpl.java:64)
	at java.base/jdk.internal.reflect.DelegatingMethodAccessorImpl.invoke(DelegatingMethodAccessorImpl.java:43)
	at java.base/java.lang.reflect.Method.invoke(Method.java:564)
	at org.junit.platform.commons.util.ReflectionUtils.invokeMethod(ReflectionUtils.java:688)
	at org.junit.jupiter.engine.execution.MethodInvocation.proceed(MethodInvocation.java:60)
	at org.junit.jupiter.engine.execution.InvocationInterceptorChain$ValidatingInvocation.proceed(InvocationInterceptorChain.java:131)
	at org.junit.jupiter.engine.extension.TimeoutExtension.intercept(TimeoutExtension.java:149)
	at org.junit.jupiter.engine.extension.TimeoutExtension.interceptTestableMethod(TimeoutExtension.java:140)
	at org.junit.jupiter.engine.extension.TimeoutExtension.interceptTestMethod(TimeoutExtension.java:84)
	at org.junit.jupiter.engine.execution.ExecutableInvoker$ReflectiveInterceptorCall.lambda$ofVoidMethod$0(ExecutableInvoker.java:115)
	at org.junit.jupiter.engine.execution.ExecutableInvoker.lambda$invoke$0(ExecutableInvoker.java:105)
	at org.junit.jupiter.engine.execution.InvocationInterceptorChain$InterceptedInvocation.proceed(InvocationInterceptorChain.java:106)
	at org.junit.jupiter.engine.execution.InvocationInterceptorChain.proceed(InvocationInterceptorChain.java:64)
	at org.junit.jupiter.engine.execution.InvocationInterceptorChain.chainAndInvoke(InvocationInterceptorChain.java:45)
	at org.junit.jupiter.engine.execution.InvocationInterceptorChain.invoke(InvocationInterceptorChain.java:37)
	at org.junit.jupiter.engine.execution.ExecutableInvoker.invoke(ExecutableInvoker.java:104)
	at org.junit.jupiter.engine.execution.ExecutableInvoker.invoke(ExecutableInvoker.java:98)
	at org.junit.jupiter.engine.descriptor.TestMethodTestDescriptor.lambda$invokeTestMethod$6(TestMethodTestDescriptor.java:210)
	at org.junit.platform.engine.support.hierarchical.ThrowableCollector.execute(ThrowableCollector.java:73)
	at org.junit.jupiter.engine.descriptor.TestMethodTestDescriptor.invokeTestMethod(TestMethodTestDescriptor.java:206)
	at org.junit.jupiter.engine.descriptor.TestMethodTestDescriptor.execute(TestMethodTestDescriptor.java:131)
	at org.junit.jupiter.engine.descriptor.TestMethodTestDescriptor.execute(TestMethodTestDescriptor.java:65)
	at org.junit.platform.engine.support.hierarchical.NodeTestTask.lambda$executeRecursively$5(NodeTestTask.java:139)
	at org.junit.platform.engine.support.hierarchical.ThrowableCollector.execute(ThrowableCollector.java:73)
	at org.junit.platform.engine.support.hierarchical.NodeTestTask.lambda$executeRecursively$7(NodeTestTask.java:129)
	at org.junit.platform.engine.support.hierarchical.Node.around(Node.java:137)
	at org.junit.platform.engine.support.hierarchical.NodeTestTask.lambda$executeRecursively$8(NodeTestTask.java:127)
	at org.junit.platform.engine.support.hierarchical.ThrowableCollector.execute(ThrowableCollector.java:73)
	at org.junit.platform.engine.support.hierarchical.NodeTestTask.executeRecursively(NodeTestTask.java:126)
	at org.junit.platform.engine.support.hierarchical.NodeTestTask.execute(NodeTestTask.java:84)
	at java.base/java.util.ArrayList.forEach(ArrayList.java:1511)
	at org.junit.platform.engine.support.hierarchical.SameThreadHierarchicalTestExecutorService.invokeAll(SameThreadHierarchicalTestExecutorService.java:38)
	at org.junit.platform.engine.support.hierarchical.NodeTestTask.lambda$executeRecursively$5(NodeTestTask.java:143)
	at org.junit.platform.engine.support.hierarchical.ThrowableCollector.execute(ThrowableCollector.java:73)
	at org.junit.platform.engine.support.hierarchical.NodeTestTask.lambda$executeRecursively$7(NodeTestTask.java:129)
	at org.junit.platform.engine.support.hierarchical.Node.around(Node.java:137)
	at org.junit.platform.engine.support.hierarchical.NodeTestTask.lambda$executeRecursively$8(NodeTestTask.java:127)
	at org.junit.platform.engine.support.hierarchical.ThrowableCollector.execute(ThrowableCollector.java:73)
	at org.junit.platform.engine.support.hierarchical.NodeTestTask.executeRecursively(NodeTestTask.java:126)
	at org.junit.platform.engine.support.hierarchical.NodeTestTask.execute(NodeTestTask.java:84)
	at java.base/java.util.ArrayList.forEach(ArrayList.java:1511)
	at org.junit.platform.engine.support.hierarchical.SameThreadHierarchicalTestExecutorService.invokeAll(SameThreadHierarchicalTestExecutorService.java:38)
	at org.junit.platform.engine.support.hierarchical.NodeTestTask.lambda$executeRecursively$5(NodeTestTask.java:143)
	at org.junit.platform.engine.support.hierarchical.ThrowableCollector.execute(ThrowableCollector.java:73)
	at org.junit.platform.engine.support.hierarchical.NodeTestTask.lambda$executeRecursively$7(NodeTestTask.java:129)
	at org.junit.platform.engine.support.hierarchical.Node.around(Node.java:137)
	at org.junit.platform.engine.support.hierarchical.NodeTestTask.lambda$executeRecursively$8(NodeTestTask.java:127)
	at org.junit.platform.engine.support.hierarchical.ThrowableCollector.execute(ThrowableCollector.java:73)
	at org.junit.platform.engine.support.hierarchical.NodeTestTask.executeRecursively(NodeTestTask.java:126)
	at org.junit.platform.engine.support.hierarchical.NodeTestTask.execute(NodeTestTask.java:84)
	at org.junit.platform.engine.support.hierarchical.SameThreadHierarchicalTestExecutorService.submit(SameThreadHierarchicalTestExecutorService.java:32)
	at org.junit.platform.engine.support.hierarchical.HierarchicalTestExecutor.execute(HierarchicalTestExecutor.java:57)
	at org.junit.platform.engine.support.hierarchical.HierarchicalTestEngine.execute(HierarchicalTestEngine.java:51)
	at org.junit.platform.launcher.core.EngineExecutionOrchestrator.execute(EngineExecutionOrchestrator.java:108)
	at org.junit.platform.launcher.core.EngineExecutionOrchestrator.execute(EngineExecutionOrchestrator.java:88)
	at org.junit.platform.launcher.core.EngineExecutionOrchestrator.lambda$execute$0(EngineExecutionOrchestrator.java:54)
	at org.junit.platform.launcher.core.EngineExecutionOrchestrator.withInterceptedStreams(EngineExecutionOrchestrator.java:67)
	at org.junit.platform.launcher.core.EngineExecutionOrchestrator.execute(EngineExecutionOrchestrator.java:52)
	at org.junit.platform.launcher.core.DefaultLauncher.execute(DefaultLauncher.java:96)
	at org.junit.platform.launcher.core.DefaultLauncher.execute(DefaultLauncher.java:75)
	at org.gradle.api.internal.tasks.testing.junitplatform.JUnitPlatformTestClassProcessor$CollectAllTestClassesExecutor.processAllTestClasses(JUnitPlatformTestClassProcessor.java:99)
	at org.gradle.api.internal.tasks.testing.junitplatform.JUnitPlatformTestClassProcessor$CollectAllTestClassesExecutor.access$000(JUnitPlatformTestClassProcessor.java:79)
	at org.gradle.api.internal.tasks.testing.junitplatform.JUnitPlatformTestClassProcessor.stop(JUnitPlatformTestClassProcessor.java:75)
	at org.gradle.api.internal.tasks.testing.SuiteTestClassProcessor.stop(SuiteTestClassProcessor.java:61)
	at java.base/jdk.internal.reflect.NativeMethodAccessorImpl.invoke0(Native Method)
	at java.base/jdk.internal.reflect.NativeMethodAccessorImpl.invoke(NativeMethodAccessorImpl.java:64)
	at java.base/jdk.internal.reflect.DelegatingMethodAccessorImpl.invoke(DelegatingMethodAccessorImpl.java:43)
	at java.base/java.lang.reflect.Method.invoke(Method.java:564)
	at org.gradle.internal.dispatch.ReflectionDispatch.dispatch(ReflectionDispatch.java:36)
	at org.gradle.internal.dispatch.ReflectionDispatch.dispatch(ReflectionDispatch.java:24)
	at org.gradle.internal.dispatch.ContextClassLoaderDispatch.dispatch(ContextClassLoaderDispatch.java:33)
	at org.gradle.internal.dispatch.ProxyDispatchAdapter$DispatchingInvocationHandler.invoke(ProxyDispatchAdapter.java:94)
	at com.sun.proxy.$Proxy5.stop(Unknown Source)
	at org.gradle.api.internal.tasks.testing.worker.TestWorker.stop(TestWorker.java:135)
	at java.base/jdk.internal.reflect.NativeMethodAccessorImpl.invoke0(Native Method)
	at java.base/jdk.internal.reflect.NativeMethodAccessorImpl.invoke(NativeMethodAccessorImpl.java:64)
	at java.base/jdk.internal.reflect.DelegatingMethodAccessorImpl.invoke(DelegatingMethodAccessorImpl.java:43)
	at java.base/java.lang.reflect.Method.invoke(Method.java:564)
	at org.gradle.internal.dispatch.ReflectionDispatch.dispatch(ReflectionDispatch.java:36)
	at org.gradle.internal.dispatch.ReflectionDispatch.dispatch(ReflectionDispatch.java:24)
	at org.gradle.internal.remote.internal.hub.MessageHubBackedObjectConnection$DispatchWrapper.dispatch(MessageHubBackedObjectConnection.java:182)
	at org.gradle.internal.remote.internal.hub.MessageHubBackedObjectConnection$DispatchWrapper.dispatch(MessageHubBackedObjectConnection.java:164)
	at org.gradle.internal.remote.internal.hub.MessageHub$Handler.run(MessageHub.java:414)
	at org.gradle.internal.concurrent.ExecutorPolicy$CatchAndRecordFailures.onExecute(ExecutorPolicy.java:64)
	at org.gradle.internal.concurrent.ManagedExecutorImpl$1.run(ManagedExecutorImpl.java:48)
	at java.base/java.util.concurrent.ThreadPoolExecutor.runWorker(ThreadPoolExecutor.java:1130)
	at java.base/java.util.concurrent.ThreadPoolExecutor$Worker.run(ThreadPoolExecutor.java:630)
	at org.gradle.internal.concurrent.ThreadFactoryImpl$ManagedThreadRunnable.run(ThreadFactoryImpl.java:56)
	at java.base/java.lang.Thread.run(Thread.java:832)
Caused by: net.sourceforge.htmlunit.corejs.javascript.EvaluatorException: missing formal parameter (https://cdn.jsdelivr.net/npm/bootstrap@5.1.3/dist/js/bootstrap.bundle.min.js#6)
	at com.gargoylesoftware.htmlunit.javascript.HtmlUnitContextFactory$HtmlUnitErrorReporter.error(HtmlUnitContextFactory.java:436)
	at net.sourceforge.htmlunit.corejs.javascript.Parser.addError(Parser.java:251)
	at net.sourceforge.htmlunit.corejs.javascript.Parser.reportError(Parser.java:330)
	at net.sourceforge.htmlunit.corejs.javascript.Parser.reportError(Parser.java:326)
	at net.sourceforge.htmlunit.corejs.javascript.Parser.arrowFunctionParams(Parser.java:1035)
	at net.sourceforge.htmlunit.corejs.javascript.Parser.arrowFunctionParams(Parser.java:1020)
	at net.sourceforge.htmlunit.corejs.javascript.Parser.arrowFunction(Parser.java:969)
	at net.sourceforge.htmlunit.corejs.javascript.Parser.assignExpr(Parser.java:2310)
	at net.sourceforge.htmlunit.corejs.javascript.Parser.variables(Parser.java:2122)
	at net.sourceforge.htmlunit.corejs.javascript.Parser.statementHelper(Parser.java:1191)
	at net.sourceforge.htmlunit.corejs.javascript.Parser.statement(Parser.java:1098)
	at net.sourceforge.htmlunit.corejs.javascript.Parser.parseFunctionBody(Parser.java:730)
	at net.sourceforge.htmlunit.corejs.javascript.Parser.function(Parser.java:905)
	at net.sourceforge.htmlunit.corejs.javascript.Parser.function(Parser.java:839)
	at net.sourceforge.htmlunit.corejs.javascript.Parser.primaryExpr(Parser.java:3035)
	at net.sourceforge.htmlunit.corejs.javascript.Parser.memberExpr(Parser.java:2665)
	at net.sourceforge.htmlunit.corejs.javascript.Parser.unaryExpr(Parser.java:2568)
	at net.sourceforge.htmlunit.corejs.javascript.Parser.expExpr(Parser.java:2488)
	at net.sourceforge.htmlunit.corejs.javascript.Parser.mulExpr(Parser.java:2471)
	at net.sourceforge.htmlunit.corejs.javascript.Parser.addExpr(Parser.java:2457)
	at net.sourceforge.htmlunit.corejs.javascript.Parser.shiftExpr(Parser.java:2440)
	at net.sourceforge.htmlunit.corejs.javascript.Parser.relExpr(Parser.java:2418)
	at net.sourceforge.htmlunit.corejs.javascript.Parser.eqExpr(Parser.java:2394)
	at net.sourceforge.htmlunit.corejs.javascript.Parser.bitAndExpr(Parser.java:2385)
	at net.sourceforge.htmlunit.corejs.javascript.Parser.bitXorExpr(Parser.java:2376)
	at net.sourceforge.htmlunit.corejs.javascript.Parser.bitOrExpr(Parser.java:2367)
	at net.sourceforge.htmlunit.corejs.javascript.Parser.andExpr(Parser.java:2358)
	at net.sourceforge.htmlunit.corejs.javascript.Parser.orExpr(Parser.java:2349)
	at net.sourceforge.htmlunit.corejs.javascript.Parser.condExpr(Parser.java:2316)
	at net.sourceforge.htmlunit.corejs.javascript.Parser.assignExpr(Parser.java:2274)
	at net.sourceforge.htmlunit.corejs.javascript.Parser.expr(Parser.java:2257)
	at net.sourceforge.htmlunit.corejs.javascript.Parser.parenExpr(Parser.java:3129)
	at net.sourceforge.htmlunit.corejs.javascript.Parser.primaryExpr(Parser.java:3051)
	at net.sourceforge.htmlunit.corejs.javascript.Parser.memberExpr(Parser.java:2665)
	at net.sourceforge.htmlunit.corejs.javascript.Parser.unaryExpr(Parser.java:2568)
	at net.sourceforge.htmlunit.corejs.javascript.Parser.expExpr(Parser.java:2488)
	at net.sourceforge.htmlunit.corejs.javascript.Parser.mulExpr(Parser.java:2471)
	at net.sourceforge.htmlunit.corejs.javascript.Parser.addExpr(Parser.java:2457)
	at net.sourceforge.htmlunit.corejs.javascript.Parser.shiftExpr(Parser.java:2440)
	at net.sourceforge.htmlunit.corejs.javascript.Parser.relExpr(Parser.java:2418)
	at net.sourceforge.htmlunit.corejs.javascript.Parser.eqExpr(Parser.java:2394)
	at net.sourceforge.htmlunit.corejs.javascript.Parser.bitAndExpr(Parser.java:2385)
	at net.sourceforge.htmlunit.corejs.javascript.Parser.bitXorExpr(Parser.java:2376)
	at net.sourceforge.htmlunit.corejs.javascript.Parser.bitOrExpr(Parser.java:2367)
	at net.sourceforge.htmlunit.corejs.javascript.Parser.andExpr(Parser.java:2358)
	at net.sourceforge.htmlunit.corejs.javascript.Parser.orExpr(Parser.java:2349)
	at net.sourceforge.htmlunit.corejs.javascript.Parser.condExpr(Parser.java:2316)
	at net.sourceforge.htmlunit.corejs.javascript.Parser.assignExpr(Parser.java:2274)
	at net.sourceforge.htmlunit.corejs.javascript.Parser.argumentList(Parser.java:2636)
	at net.sourceforge.htmlunit.corejs.javascript.Parser.memberExprTail(Parser.java:2780)
	at net.sourceforge.htmlunit.corejs.javascript.Parser.memberExpr(Parser.java:2700)
	at net.sourceforge.htmlunit.corejs.javascript.Parser.unaryExpr(Parser.java:2568)
	at net.sourceforge.htmlunit.corejs.javascript.Parser.unaryExpr(Parser.java:2523)
	at net.sourceforge.htmlunit.corejs.javascript.Parser.expExpr(Parser.java:2488)
	at net.sourceforge.htmlunit.corejs.javascript.Parser.mulExpr(Parser.java:2471)
	at net.sourceforge.htmlunit.corejs.javascript.Parser.addExpr(Parser.java:2457)
	at net.sourceforge.htmlunit.corejs.javascript.Parser.shiftExpr(Parser.java:2440)
	at net.sourceforge.htmlunit.corejs.javascript.Parser.relExpr(Parser.java:2418)
	at net.sourceforge.htmlunit.corejs.javascript.Parser.eqExpr(Parser.java:2394)
	at net.sourceforge.htmlunit.corejs.javascript.Parser.bitAndExpr(Parser.java:2385)
	at net.sourceforge.htmlunit.corejs.javascript.Parser.bitXorExpr(Parser.java:2376)
	at net.sourceforge.htmlunit.corejs.javascript.Parser.bitOrExpr(Parser.java:2367)
	at net.sourceforge.htmlunit.corejs.javascript.Parser.andExpr(Parser.java:2358)
	at net.sourceforge.htmlunit.corejs.javascript.Parser.orExpr(Parser.java:2349)
	at net.sourceforge.htmlunit.corejs.javascript.Parser.condExpr(Parser.java:2316)
	at net.sourceforge.htmlunit.corejs.javascript.Parser.assignExpr(Parser.java:2274)
	at net.sourceforge.htmlunit.corejs.javascript.Parser.expr(Parser.java:2257)
	at net.sourceforge.htmlunit.corejs.javascript.Parser.statementHelper(Parser.java:1243)
	at net.sourceforge.htmlunit.corejs.javascript.Parser.statement(Parser.java:1098)
	at net.sourceforge.htmlunit.corejs.javascript.Parser.parse(Parser.java:626)
	at net.sourceforge.htmlunit.corejs.javascript.Parser.parse(Parser.java:556)
	at net.sourceforge.htmlunit.corejs.javascript.Context.parse(Context.java:2496)
	at net.sourceforge.htmlunit.corejs.javascript.Context.compileImpl(Context.java:2427)
	at net.sourceforge.htmlunit.corejs.javascript.Context.compileString(Context.java:1415)
	at com.gargoylesoftware.htmlunit.javascript.HtmlUnitContextFactory$TimeoutContext.compileString(HtmlUnitContextFactory.java:222)
	at net.sourceforge.htmlunit.corejs.javascript.Context.compileString(Context.java:1403)
	at com.gargoylesoftware.htmlunit.javascript.JavaScriptEngine$1.doRun(JavaScriptEngine.java:779)
	at com.gargoylesoftware.htmlunit.javascript.JavaScriptEngine$HtmlUnitContextAction.run(JavaScriptEngine.java:942)
	... 129 common frames omitted
07:43:57.669 [Test worker] INFO  o.s.b.t.m.w.SpringBootMockServletContext - Initializing Spring TestDispatcherServlet ''
07:43:57.669 [Test worker] INFO  o.s.t.w.s.TestDispatcherServlet - Initializing Servlet ''
07:43:57.670 [Test worker] INFO  o.s.t.w.s.TestDispatcherServlet - Completed initialization in 1 ms
07:43:58.008 [Test worker] ERROR c.g.h.j.DefaultJavaScriptErrorListener - Error during JavaScript execution
com.gargoylesoftware.htmlunit.ScriptException: missing formal parameter (https://cdn.jsdelivr.net/npm/bootstrap@5.1.3/dist/js/bootstrap.bundle.min.js#6)
	at com.gargoylesoftware.htmlunit.javascript.JavaScriptEngine$HtmlUnitContextAction.run(JavaScriptEngine.java:960)
	at net.sourceforge.htmlunit.corejs.javascript.Context.call(Context.java:581)
	at net.sourceforge.htmlunit.corejs.javascript.ContextFactory.call(ContextFactory.java:481)
	at com.gargoylesoftware.htmlunit.javascript.HtmlUnitContextFactory.callSecured(HtmlUnitContextFactory.java:352)
	at com.gargoylesoftware.htmlunit.javascript.JavaScriptEngine.compile(JavaScriptEngine.java:788)
	at com.gargoylesoftware.htmlunit.javascript.JavaScriptEngine.compile(JavaScriptEngine.java:754)
	at com.gargoylesoftware.htmlunit.javascript.JavaScriptEngine.compile(JavaScriptEngine.java:112)
	at com.gargoylesoftware.htmlunit.html.HtmlPage.loadJavaScriptFromUrl(HtmlPage.java:1122)
	at com.gargoylesoftware.htmlunit.html.HtmlPage.loadExternalJavaScriptFile(HtmlPage.java:1002)
	at com.gargoylesoftware.htmlunit.html.ScriptElementSupport.executeScriptIfNeeded(ScriptElementSupport.java:196)
	at com.gargoylesoftware.htmlunit.html.ScriptElementSupport$1.execute(ScriptElementSupport.java:120)
	at com.gargoylesoftware.htmlunit.html.ScriptElementSupport.onAllChildrenAddedToPage(ScriptElementSupport.java:143)
	at com.gargoylesoftware.htmlunit.html.HtmlScript.onAllChildrenAddedToPage(HtmlScript.java:191)
	at com.gargoylesoftware.htmlunit.html.parser.neko.HtmlUnitNekoDOMBuilder.endElement(HtmlUnitNekoDOMBuilder.java:551)
	at org.apache.xerces.parsers.AbstractSAXParser.endElement(Unknown Source)
	at com.gargoylesoftware.htmlunit.html.parser.neko.HtmlUnitNekoDOMBuilder.endElement(HtmlUnitNekoDOMBuilder.java:503)
	at net.sourceforge.htmlunit.cyberneko.HTMLTagBalancer.callEndElement(HTMLTagBalancer.java:1216)
	at net.sourceforge.htmlunit.cyberneko.HTMLTagBalancer.endElement(HTMLTagBalancer.java:1156)
	at net.sourceforge.htmlunit.cyberneko.filters.DefaultFilter.endElement(DefaultFilter.java:219)
	at net.sourceforge.htmlunit.cyberneko.filters.NamespaceBinder.endElement(NamespaceBinder.java:312)
	at net.sourceforge.htmlunit.cyberneko.HTMLScanner$ContentScanner.scanEndElement(HTMLScanner.java:3189)
	at net.sourceforge.htmlunit.cyberneko.HTMLScanner$ContentScanner.scan(HTMLScanner.java:2114)
	at net.sourceforge.htmlunit.cyberneko.HTMLScanner.scanDocument(HTMLScanner.java:937)
	at net.sourceforge.htmlunit.cyberneko.HTMLConfiguration.parse(HTMLConfiguration.java:443)
	at net.sourceforge.htmlunit.cyberneko.HTMLConfiguration.parse(HTMLConfiguration.java:394)
	at org.apache.xerces.parsers.XMLParser.parse(Unknown Source)
	at com.gargoylesoftware.htmlunit.html.parser.neko.HtmlUnitNekoDOMBuilder.parse(HtmlUnitNekoDOMBuilder.java:751)
	at com.gargoylesoftware.htmlunit.html.parser.neko.HtmlUnitNekoHtmlParser.parse(HtmlUnitNekoHtmlParser.java:208)
	at com.gargoylesoftware.htmlunit.DefaultPageCreator.createHtmlPage(DefaultPageCreator.java:297)
	at com.gargoylesoftware.htmlunit.DefaultPageCreator.createPage(DefaultPageCreator.java:217)
	at com.gargoylesoftware.htmlunit.WebClient.loadWebResponseInto(WebClient.java:684)
	at com.gargoylesoftware.htmlunit.WebClient.loadWebResponseInto(WebClient.java:586)
	at com.gargoylesoftware.htmlunit.WebClient.getPage(WebClient.java:501)
	at com.gargoylesoftware.htmlunit.WebClient.getPage(WebClient.java:413)
	at com.gargoylesoftware.htmlunit.WebClient.getPage(WebClient.java:548)
	at com.gargoylesoftware.htmlunit.WebClient.getPage(WebClient.java:529)
	at at.fhv.se.banking.view.BankingViewTests.fetchAccountPage(BankingViewTests.java:569)
	at at.fhv.se.banking.view.BankingViewTests.given_account_when_withdraw_andnoaccount_thendisplaynewbalance(BankingViewTests.java:356)
	at java.base/jdk.internal.reflect.NativeMethodAccessorImpl.invoke0(Native Method)
	at java.base/jdk.internal.reflect.NativeMethodAccessorImpl.invoke(NativeMethodAccessorImpl.java:64)
	at java.base/jdk.internal.reflect.DelegatingMethodAccessorImpl.invoke(DelegatingMethodAccessorImpl.java:43)
	at java.base/java.lang.reflect.Method.invoke(Method.java:564)
	at org.junit.platform.commons.util.ReflectionUtils.invokeMethod(ReflectionUtils.java:688)
	at org.junit.jupiter.engine.execution.MethodInvocation.proceed(MethodInvocation.java:60)
	at org.junit.jupiter.engine.execution.InvocationInterceptorChain$ValidatingInvocation.proceed(InvocationInterceptorChain.java:131)
	at org.junit.jupiter.engine.extension.TimeoutExtension.intercept(TimeoutExtension.java:149)
	at org.junit.jupiter.engine.extension.TimeoutExtension.interceptTestableMethod(TimeoutExtension.java:140)
	at org.junit.jupiter.engine.extension.TimeoutExtension.interceptTestMethod(TimeoutExtension.java:84)
	at org.junit.jupiter.engine.execution.ExecutableInvoker$ReflectiveInterceptorCall.lambda$ofVoidMethod$0(ExecutableInvoker.java:115)
	at org.junit.jupiter.engine.execution.ExecutableInvoker.lambda$invoke$0(ExecutableInvoker.java:105)
	at org.junit.jupiter.engine.execution.InvocationInterceptorChain$InterceptedInvocation.proceed(InvocationInterceptorChain.java:106)
	at org.junit.jupiter.engine.execution.InvocationInterceptorChain.proceed(InvocationInterceptorChain.java:64)
	at org.junit.jupiter.engine.execution.InvocationInterceptorChain.chainAndInvoke(InvocationInterceptorChain.java:45)
	at org.junit.jupiter.engine.execution.InvocationInterceptorChain.invoke(InvocationInterceptorChain.java:37)
	at org.junit.jupiter.engine.execution.ExecutableInvoker.invoke(ExecutableInvoker.java:104)
	at org.junit.jupiter.engine.execution.ExecutableInvoker.invoke(ExecutableInvoker.java:98)
	at org.junit.jupiter.engine.descriptor.TestMethodTestDescriptor.lambda$invokeTestMethod$6(TestMethodTestDescriptor.java:210)
	at org.junit.platform.engine.support.hierarchical.ThrowableCollector.execute(ThrowableCollector.java:73)
	at org.junit.jupiter.engine.descriptor.TestMethodTestDescriptor.invokeTestMethod(TestMethodTestDescriptor.java:206)
	at org.junit.jupiter.engine.descriptor.TestMethodTestDescriptor.execute(TestMethodTestDescriptor.java:131)
	at org.junit.jupiter.engine.descriptor.TestMethodTestDescriptor.execute(TestMethodTestDescriptor.java:65)
	at org.junit.platform.engine.support.hierarchical.NodeTestTask.lambda$executeRecursively$5(NodeTestTask.java:139)
	at org.junit.platform.engine.support.hierarchical.ThrowableCollector.execute(ThrowableCollector.java:73)
	at org.junit.platform.engine.support.hierarchical.NodeTestTask.lambda$executeRecursively$7(NodeTestTask.java:129)
	at org.junit.platform.engine.support.hierarchical.Node.around(Node.java:137)
	at org.junit.platform.engine.support.hierarchical.NodeTestTask.lambda$executeRecursively$8(NodeTestTask.java:127)
	at org.junit.platform.engine.support.hierarchical.ThrowableCollector.execute(ThrowableCollector.java:73)
	at org.junit.platform.engine.support.hierarchical.NodeTestTask.executeRecursively(NodeTestTask.java:126)
	at org.junit.platform.engine.support.hierarchical.NodeTestTask.execute(NodeTestTask.java:84)
	at java.base/java.util.ArrayList.forEach(ArrayList.java:1511)
	at org.junit.platform.engine.support.hierarchical.SameThreadHierarchicalTestExecutorService.invokeAll(SameThreadHierarchicalTestExecutorService.java:38)
	at org.junit.platform.engine.support.hierarchical.NodeTestTask.lambda$executeRecursively$5(NodeTestTask.java:143)
	at org.junit.platform.engine.support.hierarchical.ThrowableCollector.execute(ThrowableCollector.java:73)
	at org.junit.platform.engine.support.hierarchical.NodeTestTask.lambda$executeRecursively$7(NodeTestTask.java:129)
	at org.junit.platform.engine.support.hierarchical.Node.around(Node.java:137)
	at org.junit.platform.engine.support.hierarchical.NodeTestTask.lambda$executeRecursively$8(NodeTestTask.java:127)
	at org.junit.platform.engine.support.hierarchical.ThrowableCollector.execute(ThrowableCollector.java:73)
	at org.junit.platform.engine.support.hierarchical.NodeTestTask.executeRecursively(NodeTestTask.java:126)
	at org.junit.platform.engine.support.hierarchical.NodeTestTask.execute(NodeTestTask.java:84)
	at java.base/java.util.ArrayList.forEach(ArrayList.java:1511)
	at org.junit.platform.engine.support.hierarchical.SameThreadHierarchicalTestExecutorService.invokeAll(SameThreadHierarchicalTestExecutorService.java:38)
	at org.junit.platform.engine.support.hierarchical.NodeTestTask.lambda$executeRecursively$5(NodeTestTask.java:143)
	at org.junit.platform.engine.support.hierarchical.ThrowableCollector.execute(ThrowableCollector.java:73)
	at org.junit.platform.engine.support.hierarchical.NodeTestTask.lambda$executeRecursively$7(NodeTestTask.java:129)
	at org.junit.platform.engine.support.hierarchical.Node.around(Node.java:137)
	at org.junit.platform.engine.support.hierarchical.NodeTestTask.lambda$executeRecursively$8(NodeTestTask.java:127)
	at org.junit.platform.engine.support.hierarchical.ThrowableCollector.execute(ThrowableCollector.java:73)
	at org.junit.platform.engine.support.hierarchical.NodeTestTask.executeRecursively(NodeTestTask.java:126)
	at org.junit.platform.engine.support.hierarchical.NodeTestTask.execute(NodeTestTask.java:84)
	at org.junit.platform.engine.support.hierarchical.SameThreadHierarchicalTestExecutorService.submit(SameThreadHierarchicalTestExecutorService.java:32)
	at org.junit.platform.engine.support.hierarchical.HierarchicalTestExecutor.execute(HierarchicalTestExecutor.java:57)
	at org.junit.platform.engine.support.hierarchical.HierarchicalTestEngine.execute(HierarchicalTestEngine.java:51)
	at org.junit.platform.launcher.core.EngineExecutionOrchestrator.execute(EngineExecutionOrchestrator.java:108)
	at org.junit.platform.launcher.core.EngineExecutionOrchestrator.execute(EngineExecutionOrchestrator.java:88)
	at org.junit.platform.launcher.core.EngineExecutionOrchestrator.lambda$execute$0(EngineExecutionOrchestrator.java:54)
	at org.junit.platform.launcher.core.EngineExecutionOrchestrator.withInterceptedStreams(EngineExecutionOrchestrator.java:67)
	at org.junit.platform.launcher.core.EngineExecutionOrchestrator.execute(EngineExecutionOrchestrator.java:52)
	at org.junit.platform.launcher.core.DefaultLauncher.execute(DefaultLauncher.java:96)
	at org.junit.platform.launcher.core.DefaultLauncher.execute(DefaultLauncher.java:75)
	at org.gradle.api.internal.tasks.testing.junitplatform.JUnitPlatformTestClassProcessor$CollectAllTestClassesExecutor.processAllTestClasses(JUnitPlatformTestClassProcessor.java:99)
	at org.gradle.api.internal.tasks.testing.junitplatform.JUnitPlatformTestClassProcessor$CollectAllTestClassesExecutor.access$000(JUnitPlatformTestClassProcessor.java:79)
	at org.gradle.api.internal.tasks.testing.junitplatform.JUnitPlatformTestClassProcessor.stop(JUnitPlatformTestClassProcessor.java:75)
	at org.gradle.api.internal.tasks.testing.SuiteTestClassProcessor.stop(SuiteTestClassProcessor.java:61)
	at java.base/jdk.internal.reflect.NativeMethodAccessorImpl.invoke0(Native Method)
	at java.base/jdk.internal.reflect.NativeMethodAccessorImpl.invoke(NativeMethodAccessorImpl.java:64)
	at java.base/jdk.internal.reflect.DelegatingMethodAccessorImpl.invoke(DelegatingMethodAccessorImpl.java:43)
	at java.base/java.lang.reflect.Method.invoke(Method.java:564)
	at org.gradle.internal.dispatch.ReflectionDispatch.dispatch(ReflectionDispatch.java:36)
	at org.gradle.internal.dispatch.ReflectionDispatch.dispatch(ReflectionDispatch.java:24)
	at org.gradle.internal.dispatch.ContextClassLoaderDispatch.dispatch(ContextClassLoaderDispatch.java:33)
	at org.gradle.internal.dispatch.ProxyDispatchAdapter$DispatchingInvocationHandler.invoke(ProxyDispatchAdapter.java:94)
	at com.sun.proxy.$Proxy5.stop(Unknown Source)
	at org.gradle.api.internal.tasks.testing.worker.TestWorker.stop(TestWorker.java:135)
	at java.base/jdk.internal.reflect.NativeMethodAccessorImpl.invoke0(Native Method)
	at java.base/jdk.internal.reflect.NativeMethodAccessorImpl.invoke(NativeMethodAccessorImpl.java:64)
	at java.base/jdk.internal.reflect.DelegatingMethodAccessorImpl.invoke(DelegatingMethodAccessorImpl.java:43)
	at java.base/java.lang.reflect.Method.invoke(Method.java:564)
	at org.gradle.internal.dispatch.ReflectionDispatch.dispatch(ReflectionDispatch.java:36)
	at org.gradle.internal.dispatch.ReflectionDispatch.dispatch(ReflectionDispatch.java:24)
	at org.gradle.internal.remote.internal.hub.MessageHubBackedObjectConnection$DispatchWrapper.dispatch(MessageHubBackedObjectConnection.java:182)
	at org.gradle.internal.remote.internal.hub.MessageHubBackedObjectConnection$DispatchWrapper.dispatch(MessageHubBackedObjectConnection.java:164)
	at org.gradle.internal.remote.internal.hub.MessageHub$Handler.run(MessageHub.java:414)
	at org.gradle.internal.concurrent.ExecutorPolicy$CatchAndRecordFailures.onExecute(ExecutorPolicy.java:64)
	at org.gradle.internal.concurrent.ManagedExecutorImpl$1.run(ManagedExecutorImpl.java:48)
	at java.base/java.util.concurrent.ThreadPoolExecutor.runWorker(ThreadPoolExecutor.java:1130)
	at java.base/java.util.concurrent.ThreadPoolExecutor$Worker.run(ThreadPoolExecutor.java:630)
	at org.gradle.internal.concurrent.ThreadFactoryImpl$ManagedThreadRunnable.run(ThreadFactoryImpl.java:56)
	at java.base/java.lang.Thread.run(Thread.java:832)
Caused by: net.sourceforge.htmlunit.corejs.javascript.EvaluatorException: missing formal parameter (https://cdn.jsdelivr.net/npm/bootstrap@5.1.3/dist/js/bootstrap.bundle.min.js#6)
	at com.gargoylesoftware.htmlunit.javascript.HtmlUnitContextFactory$HtmlUnitErrorReporter.error(HtmlUnitContextFactory.java:436)
	at net.sourceforge.htmlunit.corejs.javascript.Parser.addError(Parser.java:251)
	at net.sourceforge.htmlunit.corejs.javascript.Parser.reportError(Parser.java:330)
	at net.sourceforge.htmlunit.corejs.javascript.Parser.reportError(Parser.java:326)
	at net.sourceforge.htmlunit.corejs.javascript.Parser.arrowFunctionParams(Parser.java:1035)
	at net.sourceforge.htmlunit.corejs.javascript.Parser.arrowFunctionParams(Parser.java:1020)
	at net.sourceforge.htmlunit.corejs.javascript.Parser.arrowFunction(Parser.java:969)
	at net.sourceforge.htmlunit.corejs.javascript.Parser.assignExpr(Parser.java:2310)
	at net.sourceforge.htmlunit.corejs.javascript.Parser.variables(Parser.java:2122)
	at net.sourceforge.htmlunit.corejs.javascript.Parser.statementHelper(Parser.java:1191)
	at net.sourceforge.htmlunit.corejs.javascript.Parser.statement(Parser.java:1098)
	at net.sourceforge.htmlunit.corejs.javascript.Parser.parseFunctionBody(Parser.java:730)
	at net.sourceforge.htmlunit.corejs.javascript.Parser.function(Parser.java:905)
	at net.sourceforge.htmlunit.corejs.javascript.Parser.function(Parser.java:839)
	at net.sourceforge.htmlunit.corejs.javascript.Parser.primaryExpr(Parser.java:3035)
	at net.sourceforge.htmlunit.corejs.javascript.Parser.memberExpr(Parser.java:2665)
	at net.sourceforge.htmlunit.corejs.javascript.Parser.unaryExpr(Parser.java:2568)
	at net.sourceforge.htmlunit.corejs.javascript.Parser.expExpr(Parser.java:2488)
	at net.sourceforge.htmlunit.corejs.javascript.Parser.mulExpr(Parser.java:2471)
	at net.sourceforge.htmlunit.corejs.javascript.Parser.addExpr(Parser.java:2457)
	at net.sourceforge.htmlunit.corejs.javascript.Parser.shiftExpr(Parser.java:2440)
	at net.sourceforge.htmlunit.corejs.javascript.Parser.relExpr(Parser.java:2418)
	at net.sourceforge.htmlunit.corejs.javascript.Parser.eqExpr(Parser.java:2394)
	at net.sourceforge.htmlunit.corejs.javascript.Parser.bitAndExpr(Parser.java:2385)
	at net.sourceforge.htmlunit.corejs.javascript.Parser.bitXorExpr(Parser.java:2376)
	at net.sourceforge.htmlunit.corejs.javascript.Parser.bitOrExpr(Parser.java:2367)
	at net.sourceforge.htmlunit.corejs.javascript.Parser.andExpr(Parser.java:2358)
	at net.sourceforge.htmlunit.corejs.javascript.Parser.orExpr(Parser.java:2349)
	at net.sourceforge.htmlunit.corejs.javascript.Parser.condExpr(Parser.java:2316)
	at net.sourceforge.htmlunit.corejs.javascript.Parser.assignExpr(Parser.java:2274)
	at net.sourceforge.htmlunit.corejs.javascript.Parser.expr(Parser.java:2257)
	at net.sourceforge.htmlunit.corejs.javascript.Parser.parenExpr(Parser.java:3129)
	at net.sourceforge.htmlunit.corejs.javascript.Parser.primaryExpr(Parser.java:3051)
	at net.sourceforge.htmlunit.corejs.javascript.Parser.memberExpr(Parser.java:2665)
	at net.sourceforge.htmlunit.corejs.javascript.Parser.unaryExpr(Parser.java:2568)
	at net.sourceforge.htmlunit.corejs.javascript.Parser.expExpr(Parser.java:2488)
	at net.sourceforge.htmlunit.corejs.javascript.Parser.mulExpr(Parser.java:2471)
	at net.sourceforge.htmlunit.corejs.javascript.Parser.addExpr(Parser.java:2457)
	at net.sourceforge.htmlunit.corejs.javascript.Parser.shiftExpr(Parser.java:2440)
	at net.sourceforge.htmlunit.corejs.javascript.Parser.relExpr(Parser.java:2418)
	at net.sourceforge.htmlunit.corejs.javascript.Parser.eqExpr(Parser.java:2394)
	at net.sourceforge.htmlunit.corejs.javascript.Parser.bitAndExpr(Parser.java:2385)
	at net.sourceforge.htmlunit.corejs.javascript.Parser.bitXorExpr(Parser.java:2376)
	at net.sourceforge.htmlunit.corejs.javascript.Parser.bitOrExpr(Parser.java:2367)
	at net.sourceforge.htmlunit.corejs.javascript.Parser.andExpr(Parser.java:2358)
	at net.sourceforge.htmlunit.corejs.javascript.Parser.orExpr(Parser.java:2349)
	at net.sourceforge.htmlunit.corejs.javascript.Parser.condExpr(Parser.java:2316)
	at net.sourceforge.htmlunit.corejs.javascript.Parser.assignExpr(Parser.java:2274)
	at net.sourceforge.htmlunit.corejs.javascript.Parser.argumentList(Parser.java:2636)
	at net.sourceforge.htmlunit.corejs.javascript.Parser.memberExprTail(Parser.java:2780)
	at net.sourceforge.htmlunit.corejs.javascript.Parser.memberExpr(Parser.java:2700)
	at net.sourceforge.htmlunit.corejs.javascript.Parser.unaryExpr(Parser.java:2568)
	at net.sourceforge.htmlunit.corejs.javascript.Parser.unaryExpr(Parser.java:2523)
	at net.sourceforge.htmlunit.corejs.javascript.Parser.expExpr(Parser.java:2488)
	at net.sourceforge.htmlunit.corejs.javascript.Parser.mulExpr(Parser.java:2471)
	at net.sourceforge.htmlunit.corejs.javascript.Parser.addExpr(Parser.java:2457)
	at net.sourceforge.htmlunit.corejs.javascript.Parser.shiftExpr(Parser.java:2440)
	at net.sourceforge.htmlunit.corejs.javascript.Parser.relExpr(Parser.java:2418)
	at net.sourceforge.htmlunit.corejs.javascript.Parser.eqExpr(Parser.java:2394)
	at net.sourceforge.htmlunit.corejs.javascript.Parser.bitAndExpr(Parser.java:2385)
	at net.sourceforge.htmlunit.corejs.javascript.Parser.bitXorExpr(Parser.java:2376)
	at net.sourceforge.htmlunit.corejs.javascript.Parser.bitOrExpr(Parser.java:2367)
	at net.sourceforge.htmlunit.corejs.javascript.Parser.andExpr(Parser.java:2358)
	at net.sourceforge.htmlunit.corejs.javascript.Parser.orExpr(Parser.java:2349)
	at net.sourceforge.htmlunit.corejs.javascript.Parser.condExpr(Parser.java:2316)
	at net.sourceforge.htmlunit.corejs.javascript.Parser.assignExpr(Parser.java:2274)
	at net.sourceforge.htmlunit.corejs.javascript.Parser.expr(Parser.java:2257)
	at net.sourceforge.htmlunit.corejs.javascript.Parser.statementHelper(Parser.java:1243)
	at net.sourceforge.htmlunit.corejs.javascript.Parser.statement(Parser.java:1098)
	at net.sourceforge.htmlunit.corejs.javascript.Parser.parse(Parser.java:626)
	at net.sourceforge.htmlunit.corejs.javascript.Parser.parse(Parser.java:556)
	at net.sourceforge.htmlunit.corejs.javascript.Context.parse(Context.java:2496)
	at net.sourceforge.htmlunit.corejs.javascript.Context.compileImpl(Context.java:2427)
	at net.sourceforge.htmlunit.corejs.javascript.Context.compileString(Context.java:1415)
	at com.gargoylesoftware.htmlunit.javascript.HtmlUnitContextFactory$TimeoutContext.compileString(HtmlUnitContextFactory.java:222)
	at net.sourceforge.htmlunit.corejs.javascript.Context.compileString(Context.java:1403)
	at com.gargoylesoftware.htmlunit.javascript.JavaScriptEngine$1.doRun(JavaScriptEngine.java:779)
	at com.gargoylesoftware.htmlunit.javascript.JavaScriptEngine$HtmlUnitContextAction.run(JavaScriptEngine.java:942)
	... 127 common frames omitted
07:43:58.209 [Test worker] ERROR c.g.h.j.DefaultJavaScriptErrorListener - Error during JavaScript execution
com.gargoylesoftware.htmlunit.ScriptException: missing formal parameter (https://cdn.jsdelivr.net/npm/bootstrap@5.1.3/dist/js/bootstrap.bundle.min.js#6)
	at com.gargoylesoftware.htmlunit.javascript.JavaScriptEngine$HtmlUnitContextAction.run(JavaScriptEngine.java:960)
	at net.sourceforge.htmlunit.corejs.javascript.Context.call(Context.java:581)
	at net.sourceforge.htmlunit.corejs.javascript.ContextFactory.call(ContextFactory.java:481)
	at com.gargoylesoftware.htmlunit.javascript.HtmlUnitContextFactory.callSecured(HtmlUnitContextFactory.java:352)
	at com.gargoylesoftware.htmlunit.javascript.JavaScriptEngine.compile(JavaScriptEngine.java:788)
	at com.gargoylesoftware.htmlunit.javascript.JavaScriptEngine.compile(JavaScriptEngine.java:754)
	at com.gargoylesoftware.htmlunit.javascript.JavaScriptEngine.compile(JavaScriptEngine.java:112)
	at com.gargoylesoftware.htmlunit.html.HtmlPage.loadJavaScriptFromUrl(HtmlPage.java:1122)
	at com.gargoylesoftware.htmlunit.html.HtmlPage.loadExternalJavaScriptFile(HtmlPage.java:1002)
	at com.gargoylesoftware.htmlunit.html.ScriptElementSupport.executeScriptIfNeeded(ScriptElementSupport.java:196)
	at com.gargoylesoftware.htmlunit.html.ScriptElementSupport$1.execute(ScriptElementSupport.java:120)
	at com.gargoylesoftware.htmlunit.html.ScriptElementSupport.onAllChildrenAddedToPage(ScriptElementSupport.java:143)
	at com.gargoylesoftware.htmlunit.html.HtmlScript.onAllChildrenAddedToPage(HtmlScript.java:191)
	at com.gargoylesoftware.htmlunit.html.parser.neko.HtmlUnitNekoDOMBuilder.endElement(HtmlUnitNekoDOMBuilder.java:551)
	at org.apache.xerces.parsers.AbstractSAXParser.endElement(Unknown Source)
	at com.gargoylesoftware.htmlunit.html.parser.neko.HtmlUnitNekoDOMBuilder.endElement(HtmlUnitNekoDOMBuilder.java:503)
	at net.sourceforge.htmlunit.cyberneko.HTMLTagBalancer.callEndElement(HTMLTagBalancer.java:1216)
	at net.sourceforge.htmlunit.cyberneko.HTMLTagBalancer.endElement(HTMLTagBalancer.java:1156)
	at net.sourceforge.htmlunit.cyberneko.filters.DefaultFilter.endElement(DefaultFilter.java:219)
	at net.sourceforge.htmlunit.cyberneko.filters.NamespaceBinder.endElement(NamespaceBinder.java:312)
	at net.sourceforge.htmlunit.cyberneko.HTMLScanner$ContentScanner.scanEndElement(HTMLScanner.java:3189)
	at net.sourceforge.htmlunit.cyberneko.HTMLScanner$ContentScanner.scan(HTMLScanner.java:2114)
	at net.sourceforge.htmlunit.cyberneko.HTMLScanner.scanDocument(HTMLScanner.java:937)
	at net.sourceforge.htmlunit.cyberneko.HTMLConfiguration.parse(HTMLConfiguration.java:443)
	at net.sourceforge.htmlunit.cyberneko.HTMLConfiguration.parse(HTMLConfiguration.java:394)
	at org.apache.xerces.parsers.XMLParser.parse(Unknown Source)
	at com.gargoylesoftware.htmlunit.html.parser.neko.HtmlUnitNekoDOMBuilder.parse(HtmlUnitNekoDOMBuilder.java:751)
	at com.gargoylesoftware.htmlunit.html.parser.neko.HtmlUnitNekoHtmlParser.parse(HtmlUnitNekoHtmlParser.java:208)
	at com.gargoylesoftware.htmlunit.DefaultPageCreator.createHtmlPage(DefaultPageCreator.java:297)
	at com.gargoylesoftware.htmlunit.DefaultPageCreator.createPage(DefaultPageCreator.java:217)
	at com.gargoylesoftware.htmlunit.WebClient.loadWebResponseInto(WebClient.java:684)
	at com.gargoylesoftware.htmlunit.WebClient.loadDownloadedResponses(WebClient.java:2517)
	at com.gargoylesoftware.htmlunit.javascript.JavaScriptEngine.doProcessPostponedActions(JavaScriptEngine.java:988)
	at com.gargoylesoftware.htmlunit.javascript.JavaScriptEngine.processPostponedActions(JavaScriptEngine.java:1110)
	at com.gargoylesoftware.htmlunit.html.DomElement.click(DomElement.java:1101)
	at com.gargoylesoftware.htmlunit.html.DomElement.click(DomElement.java:1032)
	at com.gargoylesoftware.htmlunit.html.DomElement.click(DomElement.java:918)
	at com.gargoylesoftware.htmlunit.html.DomElement.click(DomElement.java:895)
	at com.gargoylesoftware.htmlunit.html.DomElement.click(DomElement.java:872)
	at at.fhv.se.banking.view.BankingViewTests.given_account_when_withdraw_andnoaccount_thendisplaynewbalance(BankingViewTests.java:366)
	at java.base/jdk.internal.reflect.NativeMethodAccessorImpl.invoke0(Native Method)
	at java.base/jdk.internal.reflect.NativeMethodAccessorImpl.invoke(NativeMethodAccessorImpl.java:64)
	at java.base/jdk.internal.reflect.DelegatingMethodAccessorImpl.invoke(DelegatingMethodAccessorImpl.java:43)
	at java.base/java.lang.reflect.Method.invoke(Method.java:564)
	at org.junit.platform.commons.util.ReflectionUtils.invokeMethod(ReflectionUtils.java:688)
	at org.junit.jupiter.engine.execution.MethodInvocation.proceed(MethodInvocation.java:60)
	at org.junit.jupiter.engine.execution.InvocationInterceptorChain$ValidatingInvocation.proceed(InvocationInterceptorChain.java:131)
	at org.junit.jupiter.engine.extension.TimeoutExtension.intercept(TimeoutExtension.java:149)
	at org.junit.jupiter.engine.extension.TimeoutExtension.interceptTestableMethod(TimeoutExtension.java:140)
	at org.junit.jupiter.engine.extension.TimeoutExtension.interceptTestMethod(TimeoutExtension.java:84)
	at org.junit.jupiter.engine.execution.ExecutableInvoker$ReflectiveInterceptorCall.lambda$ofVoidMethod$0(ExecutableInvoker.java:115)
	at org.junit.jupiter.engine.execution.ExecutableInvoker.lambda$invoke$0(ExecutableInvoker.java:105)
	at org.junit.jupiter.engine.execution.InvocationInterceptorChain$InterceptedInvocation.proceed(InvocationInterceptorChain.java:106)
	at org.junit.jupiter.engine.execution.InvocationInterceptorChain.proceed(InvocationInterceptorChain.java:64)
	at org.junit.jupiter.engine.execution.InvocationInterceptorChain.chainAndInvoke(InvocationInterceptorChain.java:45)
	at org.junit.jupiter.engine.execution.InvocationInterceptorChain.invoke(InvocationInterceptorChain.java:37)
	at org.junit.jupiter.engine.execution.ExecutableInvoker.invoke(ExecutableInvoker.java:104)
	at org.junit.jupiter.engine.execution.ExecutableInvoker.invoke(ExecutableInvoker.java:98)
	at org.junit.jupiter.engine.descriptor.TestMethodTestDescriptor.lambda$invokeTestMethod$6(TestMethodTestDescriptor.java:210)
	at org.junit.platform.engine.support.hierarchical.ThrowableCollector.execute(ThrowableCollector.java:73)
	at org.junit.jupiter.engine.descriptor.TestMethodTestDescriptor.invokeTestMethod(TestMethodTestDescriptor.java:206)
	at org.junit.jupiter.engine.descriptor.TestMethodTestDescriptor.execute(TestMethodTestDescriptor.java:131)
	at org.junit.jupiter.engine.descriptor.TestMethodTestDescriptor.execute(TestMethodTestDescriptor.java:65)
	at org.junit.platform.engine.support.hierarchical.NodeTestTask.lambda$executeRecursively$5(NodeTestTask.java:139)
	at org.junit.platform.engine.support.hierarchical.ThrowableCollector.execute(ThrowableCollector.java:73)
	at org.junit.platform.engine.support.hierarchical.NodeTestTask.lambda$executeRecursively$7(NodeTestTask.java:129)
	at org.junit.platform.engine.support.hierarchical.Node.around(Node.java:137)
	at org.junit.platform.engine.support.hierarchical.NodeTestTask.lambda$executeRecursively$8(NodeTestTask.java:127)
	at org.junit.platform.engine.support.hierarchical.ThrowableCollector.execute(ThrowableCollector.java:73)
	at org.junit.platform.engine.support.hierarchical.NodeTestTask.executeRecursively(NodeTestTask.java:126)
	at org.junit.platform.engine.support.hierarchical.NodeTestTask.execute(NodeTestTask.java:84)
	at java.base/java.util.ArrayList.forEach(ArrayList.java:1511)
	at org.junit.platform.engine.support.hierarchical.SameThreadHierarchicalTestExecutorService.invokeAll(SameThreadHierarchicalTestExecutorService.java:38)
	at org.junit.platform.engine.support.hierarchical.NodeTestTask.lambda$executeRecursively$5(NodeTestTask.java:143)
	at org.junit.platform.engine.support.hierarchical.ThrowableCollector.execute(ThrowableCollector.java:73)
	at org.junit.platform.engine.support.hierarchical.NodeTestTask.lambda$executeRecursively$7(NodeTestTask.java:129)
	at org.junit.platform.engine.support.hierarchical.Node.around(Node.java:137)
	at org.junit.platform.engine.support.hierarchical.NodeTestTask.lambda$executeRecursively$8(NodeTestTask.java:127)
	at org.junit.platform.engine.support.hierarchical.ThrowableCollector.execute(ThrowableCollector.java:73)
	at org.junit.platform.engine.support.hierarchical.NodeTestTask.executeRecursively(NodeTestTask.java:126)
	at org.junit.platform.engine.support.hierarchical.NodeTestTask.execute(NodeTestTask.java:84)
	at java.base/java.util.ArrayList.forEach(ArrayList.java:1511)
	at org.junit.platform.engine.support.hierarchical.SameThreadHierarchicalTestExecutorService.invokeAll(SameThreadHierarchicalTestExecutorService.java:38)
	at org.junit.platform.engine.support.hierarchical.NodeTestTask.lambda$executeRecursively$5(NodeTestTask.java:143)
	at org.junit.platform.engine.support.hierarchical.ThrowableCollector.execute(ThrowableCollector.java:73)
	at org.junit.platform.engine.support.hierarchical.NodeTestTask.lambda$executeRecursively$7(NodeTestTask.java:129)
	at org.junit.platform.engine.support.hierarchical.Node.around(Node.java:137)
	at org.junit.platform.engine.support.hierarchical.NodeTestTask.lambda$executeRecursively$8(NodeTestTask.java:127)
	at org.junit.platform.engine.support.hierarchical.ThrowableCollector.execute(ThrowableCollector.java:73)
	at org.junit.platform.engine.support.hierarchical.NodeTestTask.executeRecursively(NodeTestTask.java:126)
	at org.junit.platform.engine.support.hierarchical.NodeTestTask.execute(NodeTestTask.java:84)
	at org.junit.platform.engine.support.hierarchical.SameThreadHierarchicalTestExecutorService.submit(SameThreadHierarchicalTestExecutorService.java:32)
	at org.junit.platform.engine.support.hierarchical.HierarchicalTestExecutor.execute(HierarchicalTestExecutor.java:57)
	at org.junit.platform.engine.support.hierarchical.HierarchicalTestEngine.execute(HierarchicalTestEngine.java:51)
	at org.junit.platform.launcher.core.EngineExecutionOrchestrator.execute(EngineExecutionOrchestrator.java:108)
	at org.junit.platform.launcher.core.EngineExecutionOrchestrator.execute(EngineExecutionOrchestrator.java:88)
	at org.junit.platform.launcher.core.EngineExecutionOrchestrator.lambda$execute$0(EngineExecutionOrchestrator.java:54)
	at org.junit.platform.launcher.core.EngineExecutionOrchestrator.withInterceptedStreams(EngineExecutionOrchestrator.java:67)
	at org.junit.platform.launcher.core.EngineExecutionOrchestrator.execute(EngineExecutionOrchestrator.java:52)
	at org.junit.platform.launcher.core.DefaultLauncher.execute(DefaultLauncher.java:96)
	at org.junit.platform.launcher.core.DefaultLauncher.execute(DefaultLauncher.java:75)
	at org.gradle.api.internal.tasks.testing.junitplatform.JUnitPlatformTestClassProcessor$CollectAllTestClassesExecutor.processAllTestClasses(JUnitPlatformTestClassProcessor.java:99)
	at org.gradle.api.internal.tasks.testing.junitplatform.JUnitPlatformTestClassProcessor$CollectAllTestClassesExecutor.access$000(JUnitPlatformTestClassProcessor.java:79)
	at org.gradle.api.internal.tasks.testing.junitplatform.JUnitPlatformTestClassProcessor.stop(JUnitPlatformTestClassProcessor.java:75)
	at org.gradle.api.internal.tasks.testing.SuiteTestClassProcessor.stop(SuiteTestClassProcessor.java:61)
	at java.base/jdk.internal.reflect.NativeMethodAccessorImpl.invoke0(Native Method)
	at java.base/jdk.internal.reflect.NativeMethodAccessorImpl.invoke(NativeMethodAccessorImpl.java:64)
	at java.base/jdk.internal.reflect.DelegatingMethodAccessorImpl.invoke(DelegatingMethodAccessorImpl.java:43)
	at java.base/java.lang.reflect.Method.invoke(Method.java:564)
	at org.gradle.internal.dispatch.ReflectionDispatch.dispatch(ReflectionDispatch.java:36)
	at org.gradle.internal.dispatch.ReflectionDispatch.dispatch(ReflectionDispatch.java:24)
	at org.gradle.internal.dispatch.ContextClassLoaderDispatch.dispatch(ContextClassLoaderDispatch.java:33)
	at org.gradle.internal.dispatch.ProxyDispatchAdapter$DispatchingInvocationHandler.invoke(ProxyDispatchAdapter.java:94)
	at com.sun.proxy.$Proxy5.stop(Unknown Source)
	at org.gradle.api.internal.tasks.testing.worker.TestWorker.stop(TestWorker.java:135)
	at java.base/jdk.internal.reflect.NativeMethodAccessorImpl.invoke0(Native Method)
	at java.base/jdk.internal.reflect.NativeMethodAccessorImpl.invoke(NativeMethodAccessorImpl.java:64)
	at java.base/jdk.internal.reflect.DelegatingMethodAccessorImpl.invoke(DelegatingMethodAccessorImpl.java:43)
	at java.base/java.lang.reflect.Method.invoke(Method.java:564)
	at org.gradle.internal.dispatch.ReflectionDispatch.dispatch(ReflectionDispatch.java:36)
	at org.gradle.internal.dispatch.ReflectionDispatch.dispatch(ReflectionDispatch.java:24)
	at org.gradle.internal.remote.internal.hub.MessageHubBackedObjectConnection$DispatchWrapper.dispatch(MessageHubBackedObjectConnection.java:182)
	at org.gradle.internal.remote.internal.hub.MessageHubBackedObjectConnection$DispatchWrapper.dispatch(MessageHubBackedObjectConnection.java:164)
	at org.gradle.internal.remote.internal.hub.MessageHub$Handler.run(MessageHub.java:414)
	at org.gradle.internal.concurrent.ExecutorPolicy$CatchAndRecordFailures.onExecute(ExecutorPolicy.java:64)
	at org.gradle.internal.concurrent.ManagedExecutorImpl$1.run(ManagedExecutorImpl.java:48)
	at java.base/java.util.concurrent.ThreadPoolExecutor.runWorker(ThreadPoolExecutor.java:1130)
	at java.base/java.util.concurrent.ThreadPoolExecutor$Worker.run(ThreadPoolExecutor.java:630)
	at org.gradle.internal.concurrent.ThreadFactoryImpl$ManagedThreadRunnable.run(ThreadFactoryImpl.java:56)
	at java.base/java.lang.Thread.run(Thread.java:832)
Caused by: net.sourceforge.htmlunit.corejs.javascript.EvaluatorException: missing formal parameter (https://cdn.jsdelivr.net/npm/bootstrap@5.1.3/dist/js/bootstrap.bundle.min.js#6)
	at com.gargoylesoftware.htmlunit.javascript.HtmlUnitContextFactory$HtmlUnitErrorReporter.error(HtmlUnitContextFactory.java:436)
	at net.sourceforge.htmlunit.corejs.javascript.Parser.addError(Parser.java:251)
	at net.sourceforge.htmlunit.corejs.javascript.Parser.reportError(Parser.java:330)
	at net.sourceforge.htmlunit.corejs.javascript.Parser.reportError(Parser.java:326)
	at net.sourceforge.htmlunit.corejs.javascript.Parser.arrowFunctionParams(Parser.java:1035)
	at net.sourceforge.htmlunit.corejs.javascript.Parser.arrowFunctionParams(Parser.java:1020)
	at net.sourceforge.htmlunit.corejs.javascript.Parser.arrowFunction(Parser.java:969)
	at net.sourceforge.htmlunit.corejs.javascript.Parser.assignExpr(Parser.java:2310)
	at net.sourceforge.htmlunit.corejs.javascript.Parser.variables(Parser.java:2122)
	at net.sourceforge.htmlunit.corejs.javascript.Parser.statementHelper(Parser.java:1191)
	at net.sourceforge.htmlunit.corejs.javascript.Parser.statement(Parser.java:1098)
	at net.sourceforge.htmlunit.corejs.javascript.Parser.parseFunctionBody(Parser.java:730)
	at net.sourceforge.htmlunit.corejs.javascript.Parser.function(Parser.java:905)
	at net.sourceforge.htmlunit.corejs.javascript.Parser.function(Parser.java:839)
	at net.sourceforge.htmlunit.corejs.javascript.Parser.primaryExpr(Parser.java:3035)
	at net.sourceforge.htmlunit.corejs.javascript.Parser.memberExpr(Parser.java:2665)
	at net.sourceforge.htmlunit.corejs.javascript.Parser.unaryExpr(Parser.java:2568)
	at net.sourceforge.htmlunit.corejs.javascript.Parser.expExpr(Parser.java:2488)
	at net.sourceforge.htmlunit.corejs.javascript.Parser.mulExpr(Parser.java:2471)
	at net.sourceforge.htmlunit.corejs.javascript.Parser.addExpr(Parser.java:2457)
	at net.sourceforge.htmlunit.corejs.javascript.Parser.shiftExpr(Parser.java:2440)
	at net.sourceforge.htmlunit.corejs.javascript.Parser.relExpr(Parser.java:2418)
	at net.sourceforge.htmlunit.corejs.javascript.Parser.eqExpr(Parser.java:2394)
	at net.sourceforge.htmlunit.corejs.javascript.Parser.bitAndExpr(Parser.java:2385)
	at net.sourceforge.htmlunit.corejs.javascript.Parser.bitXorExpr(Parser.java:2376)
	at net.sourceforge.htmlunit.corejs.javascript.Parser.bitOrExpr(Parser.java:2367)
	at net.sourceforge.htmlunit.corejs.javascript.Parser.andExpr(Parser.java:2358)
	at net.sourceforge.htmlunit.corejs.javascript.Parser.orExpr(Parser.java:2349)
	at net.sourceforge.htmlunit.corejs.javascript.Parser.condExpr(Parser.java:2316)
	at net.sourceforge.htmlunit.corejs.javascript.Parser.assignExpr(Parser.java:2274)
	at net.sourceforge.htmlunit.corejs.javascript.Parser.expr(Parser.java:2257)
	at net.sourceforge.htmlunit.corejs.javascript.Parser.parenExpr(Parser.java:3129)
	at net.sourceforge.htmlunit.corejs.javascript.Parser.primaryExpr(Parser.java:3051)
	at net.sourceforge.htmlunit.corejs.javascript.Parser.memberExpr(Parser.java:2665)
	at net.sourceforge.htmlunit.corejs.javascript.Parser.unaryExpr(Parser.java:2568)
	at net.sourceforge.htmlunit.corejs.javascript.Parser.expExpr(Parser.java:2488)
	at net.sourceforge.htmlunit.corejs.javascript.Parser.mulExpr(Parser.java:2471)
	at net.sourceforge.htmlunit.corejs.javascript.Parser.addExpr(Parser.java:2457)
	at net.sourceforge.htmlunit.corejs.javascript.Parser.shiftExpr(Parser.java:2440)
	at net.sourceforge.htmlunit.corejs.javascript.Parser.relExpr(Parser.java:2418)
	at net.sourceforge.htmlunit.corejs.javascript.Parser.eqExpr(Parser.java:2394)
	at net.sourceforge.htmlunit.corejs.javascript.Parser.bitAndExpr(Parser.java:2385)
	at net.sourceforge.htmlunit.corejs.javascript.Parser.bitXorExpr(Parser.java:2376)
	at net.sourceforge.htmlunit.corejs.javascript.Parser.bitOrExpr(Parser.java:2367)
	at net.sourceforge.htmlunit.corejs.javascript.Parser.andExpr(Parser.java:2358)
	at net.sourceforge.htmlunit.corejs.javascript.Parser.orExpr(Parser.java:2349)
	at net.sourceforge.htmlunit.corejs.javascript.Parser.condExpr(Parser.java:2316)
	at net.sourceforge.htmlunit.corejs.javascript.Parser.assignExpr(Parser.java:2274)
	at net.sourceforge.htmlunit.corejs.javascript.Parser.argumentList(Parser.java:2636)
	at net.sourceforge.htmlunit.corejs.javascript.Parser.memberExprTail(Parser.java:2780)
	at net.sourceforge.htmlunit.corejs.javascript.Parser.memberExpr(Parser.java:2700)
	at net.sourceforge.htmlunit.corejs.javascript.Parser.unaryExpr(Parser.java:2568)
	at net.sourceforge.htmlunit.corejs.javascript.Parser.unaryExpr(Parser.java:2523)
	at net.sourceforge.htmlunit.corejs.javascript.Parser.expExpr(Parser.java:2488)
	at net.sourceforge.htmlunit.corejs.javascript.Parser.mulExpr(Parser.java:2471)
	at net.sourceforge.htmlunit.corejs.javascript.Parser.addExpr(Parser.java:2457)
	at net.sourceforge.htmlunit.corejs.javascript.Parser.shiftExpr(Parser.java:2440)
	at net.sourceforge.htmlunit.corejs.javascript.Parser.relExpr(Parser.java:2418)
	at net.sourceforge.htmlunit.corejs.javascript.Parser.eqExpr(Parser.java:2394)
	at net.sourceforge.htmlunit.corejs.javascript.Parser.bitAndExpr(Parser.java:2385)
	at net.sourceforge.htmlunit.corejs.javascript.Parser.bitXorExpr(Parser.java:2376)
	at net.sourceforge.htmlunit.corejs.javascript.Parser.bitOrExpr(Parser.java:2367)
	at net.sourceforge.htmlunit.corejs.javascript.Parser.andExpr(Parser.java:2358)
	at net.sourceforge.htmlunit.corejs.javascript.Parser.orExpr(Parser.java:2349)
	at net.sourceforge.htmlunit.corejs.javascript.Parser.condExpr(Parser.java:2316)
	at net.sourceforge.htmlunit.corejs.javascript.Parser.assignExpr(Parser.java:2274)
	at net.sourceforge.htmlunit.corejs.javascript.Parser.expr(Parser.java:2257)
	at net.sourceforge.htmlunit.corejs.javascript.Parser.statementHelper(Parser.java:1243)
	at net.sourceforge.htmlunit.corejs.javascript.Parser.statement(Parser.java:1098)
	at net.sourceforge.htmlunit.corejs.javascript.Parser.parse(Parser.java:626)
	at net.sourceforge.htmlunit.corejs.javascript.Parser.parse(Parser.java:556)
	at net.sourceforge.htmlunit.corejs.javascript.Context.parse(Context.java:2496)
	at net.sourceforge.htmlunit.corejs.javascript.Context.compileImpl(Context.java:2427)
	at net.sourceforge.htmlunit.corejs.javascript.Context.compileString(Context.java:1415)
	at com.gargoylesoftware.htmlunit.javascript.HtmlUnitContextFactory$TimeoutContext.compileString(HtmlUnitContextFactory.java:222)
	at net.sourceforge.htmlunit.corejs.javascript.Context.compileString(Context.java:1403)
	at com.gargoylesoftware.htmlunit.javascript.JavaScriptEngine$1.doRun(JavaScriptEngine.java:779)
	at com.gargoylesoftware.htmlunit.javascript.JavaScriptEngine$HtmlUnitContextAction.run(JavaScriptEngine.java:942)
	... 129 common frames omitted
07:43:58.216 [Test worker] INFO  o.s.b.t.m.w.SpringBootMockServletContext - Initializing Spring TestDispatcherServlet ''
07:43:58.216 [Test worker] INFO  o.s.t.w.s.TestDispatcherServlet - Initializing Servlet ''
07:43:58.217 [Test worker] INFO  o.s.t.w.s.TestDispatcherServlet - Completed initialization in 1 ms
07:43:58.555 [Test worker] ERROR c.g.h.j.DefaultJavaScriptErrorListener - Error during JavaScript execution
com.gargoylesoftware.htmlunit.ScriptException: missing formal parameter (https://cdn.jsdelivr.net/npm/bootstrap@5.1.3/dist/js/bootstrap.bundle.min.js#6)
	at com.gargoylesoftware.htmlunit.javascript.JavaScriptEngine$HtmlUnitContextAction.run(JavaScriptEngine.java:960)
	at net.sourceforge.htmlunit.corejs.javascript.Context.call(Context.java:581)
	at net.sourceforge.htmlunit.corejs.javascript.ContextFactory.call(ContextFactory.java:481)
	at com.gargoylesoftware.htmlunit.javascript.HtmlUnitContextFactory.callSecured(HtmlUnitContextFactory.java:352)
	at com.gargoylesoftware.htmlunit.javascript.JavaScriptEngine.compile(JavaScriptEngine.java:788)
	at com.gargoylesoftware.htmlunit.javascript.JavaScriptEngine.compile(JavaScriptEngine.java:754)
	at com.gargoylesoftware.htmlunit.javascript.JavaScriptEngine.compile(JavaScriptEngine.java:112)
	at com.gargoylesoftware.htmlunit.html.HtmlPage.loadJavaScriptFromUrl(HtmlPage.java:1122)
	at com.gargoylesoftware.htmlunit.html.HtmlPage.loadExternalJavaScriptFile(HtmlPage.java:1002)
	at com.gargoylesoftware.htmlunit.html.ScriptElementSupport.executeScriptIfNeeded(ScriptElementSupport.java:196)
	at com.gargoylesoftware.htmlunit.html.ScriptElementSupport$1.execute(ScriptElementSupport.java:120)
	at com.gargoylesoftware.htmlunit.html.ScriptElementSupport.onAllChildrenAddedToPage(ScriptElementSupport.java:143)
	at com.gargoylesoftware.htmlunit.html.HtmlScript.onAllChildrenAddedToPage(HtmlScript.java:191)
	at com.gargoylesoftware.htmlunit.html.parser.neko.HtmlUnitNekoDOMBuilder.endElement(HtmlUnitNekoDOMBuilder.java:551)
	at org.apache.xerces.parsers.AbstractSAXParser.endElement(Unknown Source)
	at com.gargoylesoftware.htmlunit.html.parser.neko.HtmlUnitNekoDOMBuilder.endElement(HtmlUnitNekoDOMBuilder.java:503)
	at net.sourceforge.htmlunit.cyberneko.HTMLTagBalancer.callEndElement(HTMLTagBalancer.java:1216)
	at net.sourceforge.htmlunit.cyberneko.HTMLTagBalancer.endElement(HTMLTagBalancer.java:1156)
	at net.sourceforge.htmlunit.cyberneko.filters.DefaultFilter.endElement(DefaultFilter.java:219)
	at net.sourceforge.htmlunit.cyberneko.filters.NamespaceBinder.endElement(NamespaceBinder.java:312)
	at net.sourceforge.htmlunit.cyberneko.HTMLScanner$ContentScanner.scanEndElement(HTMLScanner.java:3189)
	at net.sourceforge.htmlunit.cyberneko.HTMLScanner$ContentScanner.scan(HTMLScanner.java:2114)
	at net.sourceforge.htmlunit.cyberneko.HTMLScanner.scanDocument(HTMLScanner.java:937)
	at net.sourceforge.htmlunit.cyberneko.HTMLConfiguration.parse(HTMLConfiguration.java:443)
	at net.sourceforge.htmlunit.cyberneko.HTMLConfiguration.parse(HTMLConfiguration.java:394)
	at org.apache.xerces.parsers.XMLParser.parse(Unknown Source)
	at com.gargoylesoftware.htmlunit.html.parser.neko.HtmlUnitNekoDOMBuilder.parse(HtmlUnitNekoDOMBuilder.java:751)
	at com.gargoylesoftware.htmlunit.html.parser.neko.HtmlUnitNekoHtmlParser.parse(HtmlUnitNekoHtmlParser.java:208)
	at com.gargoylesoftware.htmlunit.DefaultPageCreator.createHtmlPage(DefaultPageCreator.java:297)
	at com.gargoylesoftware.htmlunit.DefaultPageCreator.createPage(DefaultPageCreator.java:217)
	at com.gargoylesoftware.htmlunit.WebClient.loadWebResponseInto(WebClient.java:684)
	at com.gargoylesoftware.htmlunit.WebClient.loadWebResponseInto(WebClient.java:586)
	at com.gargoylesoftware.htmlunit.WebClient.getPage(WebClient.java:501)
	at com.gargoylesoftware.htmlunit.WebClient.getPage(WebClient.java:413)
	at com.gargoylesoftware.htmlunit.WebClient.getPage(WebClient.java:548)
	at com.gargoylesoftware.htmlunit.WebClient.getPage(WebClient.java:529)
	at at.fhv.se.banking.view.BankingViewTests.fetchAccountPage(BankingViewTests.java:569)
	at at.fhv.se.banking.view.BankingViewTests.given_account_when_view_displayinfoandalltransactions(BankingViewTests.java:202)
	at java.base/jdk.internal.reflect.NativeMethodAccessorImpl.invoke0(Native Method)
	at java.base/jdk.internal.reflect.NativeMethodAccessorImpl.invoke(NativeMethodAccessorImpl.java:64)
	at java.base/jdk.internal.reflect.DelegatingMethodAccessorImpl.invoke(DelegatingMethodAccessorImpl.java:43)
	at java.base/java.lang.reflect.Method.invoke(Method.java:564)
	at org.junit.platform.commons.util.ReflectionUtils.invokeMethod(ReflectionUtils.java:688)
	at org.junit.jupiter.engine.execution.MethodInvocation.proceed(MethodInvocation.java:60)
	at org.junit.jupiter.engine.execution.InvocationInterceptorChain$ValidatingInvocation.proceed(InvocationInterceptorChain.java:131)
	at org.junit.jupiter.engine.extension.TimeoutExtension.intercept(TimeoutExtension.java:149)
	at org.junit.jupiter.engine.extension.TimeoutExtension.interceptTestableMethod(TimeoutExtension.java:140)
	at org.junit.jupiter.engine.extension.TimeoutExtension.interceptTestMethod(TimeoutExtension.java:84)
	at org.junit.jupiter.engine.execution.ExecutableInvoker$ReflectiveInterceptorCall.lambda$ofVoidMethod$0(ExecutableInvoker.java:115)
	at org.junit.jupiter.engine.execution.ExecutableInvoker.lambda$invoke$0(ExecutableInvoker.java:105)
	at org.junit.jupiter.engine.execution.InvocationInterceptorChain$InterceptedInvocation.proceed(InvocationInterceptorChain.java:106)
	at org.junit.jupiter.engine.execution.InvocationInterceptorChain.proceed(InvocationInterceptorChain.java:64)
	at org.junit.jupiter.engine.execution.InvocationInterceptorChain.chainAndInvoke(InvocationInterceptorChain.java:45)
	at org.junit.jupiter.engine.execution.InvocationInterceptorChain.invoke(InvocationInterceptorChain.java:37)
	at org.junit.jupiter.engine.execution.ExecutableInvoker.invoke(ExecutableInvoker.java:104)
	at org.junit.jupiter.engine.execution.ExecutableInvoker.invoke(ExecutableInvoker.java:98)
	at org.junit.jupiter.engine.descriptor.TestMethodTestDescriptor.lambda$invokeTestMethod$6(TestMethodTestDescriptor.java:210)
	at org.junit.platform.engine.support.hierarchical.ThrowableCollector.execute(ThrowableCollector.java:73)
	at org.junit.jupiter.engine.descriptor.TestMethodTestDescriptor.invokeTestMethod(TestMethodTestDescriptor.java:206)
	at org.junit.jupiter.engine.descriptor.TestMethodTestDescriptor.execute(TestMethodTestDescriptor.java:131)
	at org.junit.jupiter.engine.descriptor.TestMethodTestDescriptor.execute(TestMethodTestDescriptor.java:65)
	at org.junit.platform.engine.support.hierarchical.NodeTestTask.lambda$executeRecursively$5(NodeTestTask.java:139)
	at org.junit.platform.engine.support.hierarchical.ThrowableCollector.execute(ThrowableCollector.java:73)
	at org.junit.platform.engine.support.hierarchical.NodeTestTask.lambda$executeRecursively$7(NodeTestTask.java:129)
	at org.junit.platform.engine.support.hierarchical.Node.around(Node.java:137)
	at org.junit.platform.engine.support.hierarchical.NodeTestTask.lambda$executeRecursively$8(NodeTestTask.java:127)
	at org.junit.platform.engine.support.hierarchical.ThrowableCollector.execute(ThrowableCollector.java:73)
	at org.junit.platform.engine.support.hierarchical.NodeTestTask.executeRecursively(NodeTestTask.java:126)
	at org.junit.platform.engine.support.hierarchical.NodeTestTask.execute(NodeTestTask.java:84)
	at java.base/java.util.ArrayList.forEach(ArrayList.java:1511)
	at org.junit.platform.engine.support.hierarchical.SameThreadHierarchicalTestExecutorService.invokeAll(SameThreadHierarchicalTestExecutorService.java:38)
	at org.junit.platform.engine.support.hierarchical.NodeTestTask.lambda$executeRecursively$5(NodeTestTask.java:143)
	at org.junit.platform.engine.support.hierarchical.ThrowableCollector.execute(ThrowableCollector.java:73)
	at org.junit.platform.engine.support.hierarchical.NodeTestTask.lambda$executeRecursively$7(NodeTestTask.java:129)
	at org.junit.platform.engine.support.hierarchical.Node.around(Node.java:137)
	at org.junit.platform.engine.support.hierarchical.NodeTestTask.lambda$executeRecursively$8(NodeTestTask.java:127)
	at org.junit.platform.engine.support.hierarchical.ThrowableCollector.execute(ThrowableCollector.java:73)
	at org.junit.platform.engine.support.hierarchical.NodeTestTask.executeRecursively(NodeTestTask.java:126)
	at org.junit.platform.engine.support.hierarchical.NodeTestTask.execute(NodeTestTask.java:84)
	at java.base/java.util.ArrayList.forEach(ArrayList.java:1511)
	at org.junit.platform.engine.support.hierarchical.SameThreadHierarchicalTestExecutorService.invokeAll(SameThreadHierarchicalTestExecutorService.java:38)
	at org.junit.platform.engine.support.hierarchical.NodeTestTask.lambda$executeRecursively$5(NodeTestTask.java:143)
	at org.junit.platform.engine.support.hierarchical.ThrowableCollector.execute(ThrowableCollector.java:73)
	at org.junit.platform.engine.support.hierarchical.NodeTestTask.lambda$executeRecursively$7(NodeTestTask.java:129)
	at org.junit.platform.engine.support.hierarchical.Node.around(Node.java:137)
	at org.junit.platform.engine.support.hierarchical.NodeTestTask.lambda$executeRecursively$8(NodeTestTask.java:127)
	at org.junit.platform.engine.support.hierarchical.ThrowableCollector.execute(ThrowableCollector.java:73)
	at org.junit.platform.engine.support.hierarchical.NodeTestTask.executeRecursively(NodeTestTask.java:126)
	at org.junit.platform.engine.support.hierarchical.NodeTestTask.execute(NodeTestTask.java:84)
	at org.junit.platform.engine.support.hierarchical.SameThreadHierarchicalTestExecutorService.submit(SameThreadHierarchicalTestExecutorService.java:32)
	at org.junit.platform.engine.support.hierarchical.HierarchicalTestExecutor.execute(HierarchicalTestExecutor.java:57)
	at org.junit.platform.engine.support.hierarchical.HierarchicalTestEngine.execute(HierarchicalTestEngine.java:51)
	at org.junit.platform.launcher.core.EngineExecutionOrchestrator.execute(EngineExecutionOrchestrator.java:108)
	at org.junit.platform.launcher.core.EngineExecutionOrchestrator.execute(EngineExecutionOrchestrator.java:88)
	at org.junit.platform.launcher.core.EngineExecutionOrchestrator.lambda$execute$0(EngineExecutionOrchestrator.java:54)
	at org.junit.platform.launcher.core.EngineExecutionOrchestrator.withInterceptedStreams(EngineExecutionOrchestrator.java:67)
	at org.junit.platform.launcher.core.EngineExecutionOrchestrator.execute(EngineExecutionOrchestrator.java:52)
	at org.junit.platform.launcher.core.DefaultLauncher.execute(DefaultLauncher.java:96)
	at org.junit.platform.launcher.core.DefaultLauncher.execute(DefaultLauncher.java:75)
	at org.gradle.api.internal.tasks.testing.junitplatform.JUnitPlatformTestClassProcessor$CollectAllTestClassesExecutor.processAllTestClasses(JUnitPlatformTestClassProcessor.java:99)
	at org.gradle.api.internal.tasks.testing.junitplatform.JUnitPlatformTestClassProcessor$CollectAllTestClassesExecutor.access$000(JUnitPlatformTestClassProcessor.java:79)
	at org.gradle.api.internal.tasks.testing.junitplatform.JUnitPlatformTestClassProcessor.stop(JUnitPlatformTestClassProcessor.java:75)
	at org.gradle.api.internal.tasks.testing.SuiteTestClassProcessor.stop(SuiteTestClassProcessor.java:61)
	at java.base/jdk.internal.reflect.NativeMethodAccessorImpl.invoke0(Native Method)
	at java.base/jdk.internal.reflect.NativeMethodAccessorImpl.invoke(NativeMethodAccessorImpl.java:64)
	at java.base/jdk.internal.reflect.DelegatingMethodAccessorImpl.invoke(DelegatingMethodAccessorImpl.java:43)
	at java.base/java.lang.reflect.Method.invoke(Method.java:564)
	at org.gradle.internal.dispatch.ReflectionDispatch.dispatch(ReflectionDispatch.java:36)
	at org.gradle.internal.dispatch.ReflectionDispatch.dispatch(ReflectionDispatch.java:24)
	at org.gradle.internal.dispatch.ContextClassLoaderDispatch.dispatch(ContextClassLoaderDispatch.java:33)
	at org.gradle.internal.dispatch.ProxyDispatchAdapter$DispatchingInvocationHandler.invoke(ProxyDispatchAdapter.java:94)
	at com.sun.proxy.$Proxy5.stop(Unknown Source)
	at org.gradle.api.internal.tasks.testing.worker.TestWorker.stop(TestWorker.java:135)
	at java.base/jdk.internal.reflect.NativeMethodAccessorImpl.invoke0(Native Method)
	at java.base/jdk.internal.reflect.NativeMethodAccessorImpl.invoke(NativeMethodAccessorImpl.java:64)
	at java.base/jdk.internal.reflect.DelegatingMethodAccessorImpl.invoke(DelegatingMethodAccessorImpl.java:43)
	at java.base/java.lang.reflect.Method.invoke(Method.java:564)
	at org.gradle.internal.dispatch.ReflectionDispatch.dispatch(ReflectionDispatch.java:36)
	at org.gradle.internal.dispatch.ReflectionDispatch.dispatch(ReflectionDispatch.java:24)
	at org.gradle.internal.remote.internal.hub.MessageHubBackedObjectConnection$DispatchWrapper.dispatch(MessageHubBackedObjectConnection.java:182)
	at org.gradle.internal.remote.internal.hub.MessageHubBackedObjectConnection$DispatchWrapper.dispatch(MessageHubBackedObjectConnection.java:164)
	at org.gradle.internal.remote.internal.hub.MessageHub$Handler.run(MessageHub.java:414)
	at org.gradle.internal.concurrent.ExecutorPolicy$CatchAndRecordFailures.onExecute(ExecutorPolicy.java:64)
	at org.gradle.internal.concurrent.ManagedExecutorImpl$1.run(ManagedExecutorImpl.java:48)
	at java.base/java.util.concurrent.ThreadPoolExecutor.runWorker(ThreadPoolExecutor.java:1130)
	at java.base/java.util.concurrent.ThreadPoolExecutor$Worker.run(ThreadPoolExecutor.java:630)
	at org.gradle.internal.concurrent.ThreadFactoryImpl$ManagedThreadRunnable.run(ThreadFactoryImpl.java:56)
	at java.base/java.lang.Thread.run(Thread.java:832)
Caused by: net.sourceforge.htmlunit.corejs.javascript.EvaluatorException: missing formal parameter (https://cdn.jsdelivr.net/npm/bootstrap@5.1.3/dist/js/bootstrap.bundle.min.js#6)
	at com.gargoylesoftware.htmlunit.javascript.HtmlUnitContextFactory$HtmlUnitErrorReporter.error(HtmlUnitContextFactory.java:436)
	at net.sourceforge.htmlunit.corejs.javascript.Parser.addError(Parser.java:251)
	at net.sourceforge.htmlunit.corejs.javascript.Parser.reportError(Parser.java:330)
	at net.sourceforge.htmlunit.corejs.javascript.Parser.reportError(Parser.java:326)
	at net.sourceforge.htmlunit.corejs.javascript.Parser.arrowFunctionParams(Parser.java:1035)
	at net.sourceforge.htmlunit.corejs.javascript.Parser.arrowFunctionParams(Parser.java:1020)
	at net.sourceforge.htmlunit.corejs.javascript.Parser.arrowFunction(Parser.java:969)
	at net.sourceforge.htmlunit.corejs.javascript.Parser.assignExpr(Parser.java:2310)
	at net.sourceforge.htmlunit.corejs.javascript.Parser.variables(Parser.java:2122)
	at net.sourceforge.htmlunit.corejs.javascript.Parser.statementHelper(Parser.java:1191)
	at net.sourceforge.htmlunit.corejs.javascript.Parser.statement(Parser.java:1098)
	at net.sourceforge.htmlunit.corejs.javascript.Parser.parseFunctionBody(Parser.java:730)
	at net.sourceforge.htmlunit.corejs.javascript.Parser.function(Parser.java:905)
	at net.sourceforge.htmlunit.corejs.javascript.Parser.function(Parser.java:839)
	at net.sourceforge.htmlunit.corejs.javascript.Parser.primaryExpr(Parser.java:3035)
	at net.sourceforge.htmlunit.corejs.javascript.Parser.memberExpr(Parser.java:2665)
	at net.sourceforge.htmlunit.corejs.javascript.Parser.unaryExpr(Parser.java:2568)
	at net.sourceforge.htmlunit.corejs.javascript.Parser.expExpr(Parser.java:2488)
	at net.sourceforge.htmlunit.corejs.javascript.Parser.mulExpr(Parser.java:2471)
	at net.sourceforge.htmlunit.corejs.javascript.Parser.addExpr(Parser.java:2457)
	at net.sourceforge.htmlunit.corejs.javascript.Parser.shiftExpr(Parser.java:2440)
	at net.sourceforge.htmlunit.corejs.javascript.Parser.relExpr(Parser.java:2418)
	at net.sourceforge.htmlunit.corejs.javascript.Parser.eqExpr(Parser.java:2394)
	at net.sourceforge.htmlunit.corejs.javascript.Parser.bitAndExpr(Parser.java:2385)
	at net.sourceforge.htmlunit.corejs.javascript.Parser.bitXorExpr(Parser.java:2376)
	at net.sourceforge.htmlunit.corejs.javascript.Parser.bitOrExpr(Parser.java:2367)
	at net.sourceforge.htmlunit.corejs.javascript.Parser.andExpr(Parser.java:2358)
	at net.sourceforge.htmlunit.corejs.javascript.Parser.orExpr(Parser.java:2349)
	at net.sourceforge.htmlunit.corejs.javascript.Parser.condExpr(Parser.java:2316)
	at net.sourceforge.htmlunit.corejs.javascript.Parser.assignExpr(Parser.java:2274)
	at net.sourceforge.htmlunit.corejs.javascript.Parser.expr(Parser.java:2257)
	at net.sourceforge.htmlunit.corejs.javascript.Parser.parenExpr(Parser.java:3129)
	at net.sourceforge.htmlunit.corejs.javascript.Parser.primaryExpr(Parser.java:3051)
	at net.sourceforge.htmlunit.corejs.javascript.Parser.memberExpr(Parser.java:2665)
	at net.sourceforge.htmlunit.corejs.javascript.Parser.unaryExpr(Parser.java:2568)
	at net.sourceforge.htmlunit.corejs.javascript.Parser.expExpr(Parser.java:2488)
	at net.sourceforge.htmlunit.corejs.javascript.Parser.mulExpr(Parser.java:2471)
	at net.sourceforge.htmlunit.corejs.javascript.Parser.addExpr(Parser.java:2457)
	at net.sourceforge.htmlunit.corejs.javascript.Parser.shiftExpr(Parser.java:2440)
	at net.sourceforge.htmlunit.corejs.javascript.Parser.relExpr(Parser.java:2418)
	at net.sourceforge.htmlunit.corejs.javascript.Parser.eqExpr(Parser.java:2394)
	at net.sourceforge.htmlunit.corejs.javascript.Parser.bitAndExpr(Parser.java:2385)
	at net.sourceforge.htmlunit.corejs.javascript.Parser.bitXorExpr(Parser.java:2376)
	at net.sourceforge.htmlunit.corejs.javascript.Parser.bitOrExpr(Parser.java:2367)
	at net.sourceforge.htmlunit.corejs.javascript.Parser.andExpr(Parser.java:2358)
	at net.sourceforge.htmlunit.corejs.javascript.Parser.orExpr(Parser.java:2349)
	at net.sourceforge.htmlunit.corejs.javascript.Parser.condExpr(Parser.java:2316)
	at net.sourceforge.htmlunit.corejs.javascript.Parser.assignExpr(Parser.java:2274)
	at net.sourceforge.htmlunit.corejs.javascript.Parser.argumentList(Parser.java:2636)
	at net.sourceforge.htmlunit.corejs.javascript.Parser.memberExprTail(Parser.java:2780)
	at net.sourceforge.htmlunit.corejs.javascript.Parser.memberExpr(Parser.java:2700)
	at net.sourceforge.htmlunit.corejs.javascript.Parser.unaryExpr(Parser.java:2568)
	at net.sourceforge.htmlunit.corejs.javascript.Parser.unaryExpr(Parser.java:2523)
	at net.sourceforge.htmlunit.corejs.javascript.Parser.expExpr(Parser.java:2488)
	at net.sourceforge.htmlunit.corejs.javascript.Parser.mulExpr(Parser.java:2471)
	at net.sourceforge.htmlunit.corejs.javascript.Parser.addExpr(Parser.java:2457)
	at net.sourceforge.htmlunit.corejs.javascript.Parser.shiftExpr(Parser.java:2440)
	at net.sourceforge.htmlunit.corejs.javascript.Parser.relExpr(Parser.java:2418)
	at net.sourceforge.htmlunit.corejs.javascript.Parser.eqExpr(Parser.java:2394)
	at net.sourceforge.htmlunit.corejs.javascript.Parser.bitAndExpr(Parser.java:2385)
	at net.sourceforge.htmlunit.corejs.javascript.Parser.bitXorExpr(Parser.java:2376)
	at net.sourceforge.htmlunit.corejs.javascript.Parser.bitOrExpr(Parser.java:2367)
	at net.sourceforge.htmlunit.corejs.javascript.Parser.andExpr(Parser.java:2358)
	at net.sourceforge.htmlunit.corejs.javascript.Parser.orExpr(Parser.java:2349)
	at net.sourceforge.htmlunit.corejs.javascript.Parser.condExpr(Parser.java:2316)
	at net.sourceforge.htmlunit.corejs.javascript.Parser.assignExpr(Parser.java:2274)
	at net.sourceforge.htmlunit.corejs.javascript.Parser.expr(Parser.java:2257)
	at net.sourceforge.htmlunit.corejs.javascript.Parser.statementHelper(Parser.java:1243)
	at net.sourceforge.htmlunit.corejs.javascript.Parser.statement(Parser.java:1098)
	at net.sourceforge.htmlunit.corejs.javascript.Parser.parse(Parser.java:626)
	at net.sourceforge.htmlunit.corejs.javascript.Parser.parse(Parser.java:556)
	at net.sourceforge.htmlunit.corejs.javascript.Context.parse(Context.java:2496)
	at net.sourceforge.htmlunit.corejs.javascript.Context.compileImpl(Context.java:2427)
	at net.sourceforge.htmlunit.corejs.javascript.Context.compileString(Context.java:1415)
	at com.gargoylesoftware.htmlunit.javascript.HtmlUnitContextFactory$TimeoutContext.compileString(HtmlUnitContextFactory.java:222)
	at net.sourceforge.htmlunit.corejs.javascript.Context.compileString(Context.java:1403)
	at com.gargoylesoftware.htmlunit.javascript.JavaScriptEngine$1.doRun(JavaScriptEngine.java:779)
	at com.gargoylesoftware.htmlunit.javascript.JavaScriptEngine$HtmlUnitContextAction.run(JavaScriptEngine.java:942)
	... 127 common frames omitted
07:43:58.592 [Test worker] INFO  o.s.b.t.m.w.SpringBootMockServletContext - Initializing Spring TestDispatcherServlet ''
07:43:58.592 [Test worker] INFO  o.s.t.w.s.TestDispatcherServlet - Initializing Servlet ''
07:43:58.593 [Test worker] INFO  o.s.t.w.s.TestDispatcherServlet - Completed initialization in 1 ms
07:43:58.922 [Test worker] ERROR c.g.h.j.DefaultJavaScriptErrorListener - Error during JavaScript execution
com.gargoylesoftware.htmlunit.ScriptException: missing formal parameter (https://cdn.jsdelivr.net/npm/bootstrap@5.1.3/dist/js/bootstrap.bundle.min.js#6)
	at com.gargoylesoftware.htmlunit.javascript.JavaScriptEngine$HtmlUnitContextAction.run(JavaScriptEngine.java:960)
	at net.sourceforge.htmlunit.corejs.javascript.Context.call(Context.java:581)
	at net.sourceforge.htmlunit.corejs.javascript.ContextFactory.call(ContextFactory.java:481)
	at com.gargoylesoftware.htmlunit.javascript.HtmlUnitContextFactory.callSecured(HtmlUnitContextFactory.java:352)
	at com.gargoylesoftware.htmlunit.javascript.JavaScriptEngine.compile(JavaScriptEngine.java:788)
	at com.gargoylesoftware.htmlunit.javascript.JavaScriptEngine.compile(JavaScriptEngine.java:754)
	at com.gargoylesoftware.htmlunit.javascript.JavaScriptEngine.compile(JavaScriptEngine.java:112)
	at com.gargoylesoftware.htmlunit.html.HtmlPage.loadJavaScriptFromUrl(HtmlPage.java:1122)
	at com.gargoylesoftware.htmlunit.html.HtmlPage.loadExternalJavaScriptFile(HtmlPage.java:1002)
	at com.gargoylesoftware.htmlunit.html.ScriptElementSupport.executeScriptIfNeeded(ScriptElementSupport.java:196)
	at com.gargoylesoftware.htmlunit.html.ScriptElementSupport$1.execute(ScriptElementSupport.java:120)
	at com.gargoylesoftware.htmlunit.html.ScriptElementSupport.onAllChildrenAddedToPage(ScriptElementSupport.java:143)
	at com.gargoylesoftware.htmlunit.html.HtmlScript.onAllChildrenAddedToPage(HtmlScript.java:191)
	at com.gargoylesoftware.htmlunit.html.parser.neko.HtmlUnitNekoDOMBuilder.endElement(HtmlUnitNekoDOMBuilder.java:551)
	at org.apache.xerces.parsers.AbstractSAXParser.endElement(Unknown Source)
	at com.gargoylesoftware.htmlunit.html.parser.neko.HtmlUnitNekoDOMBuilder.endElement(HtmlUnitNekoDOMBuilder.java:503)
	at net.sourceforge.htmlunit.cyberneko.HTMLTagBalancer.callEndElement(HTMLTagBalancer.java:1216)
	at net.sourceforge.htmlunit.cyberneko.HTMLTagBalancer.endElement(HTMLTagBalancer.java:1156)
	at net.sourceforge.htmlunit.cyberneko.filters.DefaultFilter.endElement(DefaultFilter.java:219)
	at net.sourceforge.htmlunit.cyberneko.filters.NamespaceBinder.endElement(NamespaceBinder.java:312)
	at net.sourceforge.htmlunit.cyberneko.HTMLScanner$ContentScanner.scanEndElement(HTMLScanner.java:3189)
	at net.sourceforge.htmlunit.cyberneko.HTMLScanner$ContentScanner.scan(HTMLScanner.java:2114)
	at net.sourceforge.htmlunit.cyberneko.HTMLScanner.scanDocument(HTMLScanner.java:937)
	at net.sourceforge.htmlunit.cyberneko.HTMLConfiguration.parse(HTMLConfiguration.java:443)
	at net.sourceforge.htmlunit.cyberneko.HTMLConfiguration.parse(HTMLConfiguration.java:394)
	at org.apache.xerces.parsers.XMLParser.parse(Unknown Source)
	at com.gargoylesoftware.htmlunit.html.parser.neko.HtmlUnitNekoDOMBuilder.parse(HtmlUnitNekoDOMBuilder.java:751)
	at com.gargoylesoftware.htmlunit.html.parser.neko.HtmlUnitNekoHtmlParser.parse(HtmlUnitNekoHtmlParser.java:208)
	at com.gargoylesoftware.htmlunit.DefaultPageCreator.createHtmlPage(DefaultPageCreator.java:297)
	at com.gargoylesoftware.htmlunit.DefaultPageCreator.createPage(DefaultPageCreator.java:217)
	at com.gargoylesoftware.htmlunit.WebClient.loadWebResponseInto(WebClient.java:684)
	at com.gargoylesoftware.htmlunit.WebClient.loadWebResponseInto(WebClient.java:586)
	at com.gargoylesoftware.htmlunit.WebClient.getPage(WebClient.java:501)
	at com.gargoylesoftware.htmlunit.WebClient.getPage(WebClient.java:413)
	at com.gargoylesoftware.htmlunit.WebClient.getPage(WebClient.java:548)
	at com.gargoylesoftware.htmlunit.WebClient.getPage(WebClient.java:529)
	at at.fhv.se.banking.view.BankingViewTests.given_customernotfound_when_view_displaydetailsandaccounts_thenerrorpage(BankingViewTests.java:161)
	at java.base/jdk.internal.reflect.NativeMethodAccessorImpl.invoke0(Native Method)
	at java.base/jdk.internal.reflect.NativeMethodAccessorImpl.invoke(NativeMethodAccessorImpl.java:64)
	at java.base/jdk.internal.reflect.DelegatingMethodAccessorImpl.invoke(DelegatingMethodAccessorImpl.java:43)
	at java.base/java.lang.reflect.Method.invoke(Method.java:564)
	at org.junit.platform.commons.util.ReflectionUtils.invokeMethod(ReflectionUtils.java:688)
	at org.junit.jupiter.engine.execution.MethodInvocation.proceed(MethodInvocation.java:60)
	at org.junit.jupiter.engine.execution.InvocationInterceptorChain$ValidatingInvocation.proceed(InvocationInterceptorChain.java:131)
	at org.junit.jupiter.engine.extension.TimeoutExtension.intercept(TimeoutExtension.java:149)
	at org.junit.jupiter.engine.extension.TimeoutExtension.interceptTestableMethod(TimeoutExtension.java:140)
	at org.junit.jupiter.engine.extension.TimeoutExtension.interceptTestMethod(TimeoutExtension.java:84)
	at org.junit.jupiter.engine.execution.ExecutableInvoker$ReflectiveInterceptorCall.lambda$ofVoidMethod$0(ExecutableInvoker.java:115)
	at org.junit.jupiter.engine.execution.ExecutableInvoker.lambda$invoke$0(ExecutableInvoker.java:105)
	at org.junit.jupiter.engine.execution.InvocationInterceptorChain$InterceptedInvocation.proceed(InvocationInterceptorChain.java:106)
	at org.junit.jupiter.engine.execution.InvocationInterceptorChain.proceed(InvocationInterceptorChain.java:64)
	at org.junit.jupiter.engine.execution.InvocationInterceptorChain.chainAndInvoke(InvocationInterceptorChain.java:45)
	at org.junit.jupiter.engine.execution.InvocationInterceptorChain.invoke(InvocationInterceptorChain.java:37)
	at org.junit.jupiter.engine.execution.ExecutableInvoker.invoke(ExecutableInvoker.java:104)
	at org.junit.jupiter.engine.execution.ExecutableInvoker.invoke(ExecutableInvoker.java:98)
	at org.junit.jupiter.engine.descriptor.TestMethodTestDescriptor.lambda$invokeTestMethod$6(TestMethodTestDescriptor.java:210)
	at org.junit.platform.engine.support.hierarchical.ThrowableCollector.execute(ThrowableCollector.java:73)
	at org.junit.jupiter.engine.descriptor.TestMethodTestDescriptor.invokeTestMethod(TestMethodTestDescriptor.java:206)
	at org.junit.jupiter.engine.descriptor.TestMethodTestDescriptor.execute(TestMethodTestDescriptor.java:131)
	at org.junit.jupiter.engine.descriptor.TestMethodTestDescriptor.execute(TestMethodTestDescriptor.java:65)
	at org.junit.platform.engine.support.hierarchical.NodeTestTask.lambda$executeRecursively$5(NodeTestTask.java:139)
	at org.junit.platform.engine.support.hierarchical.ThrowableCollector.execute(ThrowableCollector.java:73)
	at org.junit.platform.engine.support.hierarchical.NodeTestTask.lambda$executeRecursively$7(NodeTestTask.java:129)
	at org.junit.platform.engine.support.hierarchical.Node.around(Node.java:137)
	at org.junit.platform.engine.support.hierarchical.NodeTestTask.lambda$executeRecursively$8(NodeTestTask.java:127)
	at org.junit.platform.engine.support.hierarchical.ThrowableCollector.execute(ThrowableCollector.java:73)
	at org.junit.platform.engine.support.hierarchical.NodeTestTask.executeRecursively(NodeTestTask.java:126)
	at org.junit.platform.engine.support.hierarchical.NodeTestTask.execute(NodeTestTask.java:84)
	at java.base/java.util.ArrayList.forEach(ArrayList.java:1511)
	at org.junit.platform.engine.support.hierarchical.SameThreadHierarchicalTestExecutorService.invokeAll(SameThreadHierarchicalTestExecutorService.java:38)
	at org.junit.platform.engine.support.hierarchical.NodeTestTask.lambda$executeRecursively$5(NodeTestTask.java:143)
	at org.junit.platform.engine.support.hierarchical.ThrowableCollector.execute(ThrowableCollector.java:73)
	at org.junit.platform.engine.support.hierarchical.NodeTestTask.lambda$executeRecursively$7(NodeTestTask.java:129)
	at org.junit.platform.engine.support.hierarchical.Node.around(Node.java:137)
	at org.junit.platform.engine.support.hierarchical.NodeTestTask.lambda$executeRecursively$8(NodeTestTask.java:127)
	at org.junit.platform.engine.support.hierarchical.ThrowableCollector.execute(ThrowableCollector.java:73)
	at org.junit.platform.engine.support.hierarchical.NodeTestTask.executeRecursively(NodeTestTask.java:126)
	at org.junit.platform.engine.support.hierarchical.NodeTestTask.execute(NodeTestTask.java:84)
	at java.base/java.util.ArrayList.forEach(ArrayList.java:1511)
	at org.junit.platform.engine.support.hierarchical.SameThreadHierarchicalTestExecutorService.invokeAll(SameThreadHierarchicalTestExecutorService.java:38)
	at org.junit.platform.engine.support.hierarchical.NodeTestTask.lambda$executeRecursively$5(NodeTestTask.java:143)
	at org.junit.platform.engine.support.hierarchical.ThrowableCollector.execute(ThrowableCollector.java:73)
	at org.junit.platform.engine.support.hierarchical.NodeTestTask.lambda$executeRecursively$7(NodeTestTask.java:129)
	at org.junit.platform.engine.support.hierarchical.Node.around(Node.java:137)
	at org.junit.platform.engine.support.hierarchical.NodeTestTask.lambda$executeRecursively$8(NodeTestTask.java:127)
	at org.junit.platform.engine.support.hierarchical.ThrowableCollector.execute(ThrowableCollector.java:73)
	at org.junit.platform.engine.support.hierarchical.NodeTestTask.executeRecursively(NodeTestTask.java:126)
	at org.junit.platform.engine.support.hierarchical.NodeTestTask.execute(NodeTestTask.java:84)
	at org.junit.platform.engine.support.hierarchical.SameThreadHierarchicalTestExecutorService.submit(SameThreadHierarchicalTestExecutorService.java:32)
	at org.junit.platform.engine.support.hierarchical.HierarchicalTestExecutor.execute(HierarchicalTestExecutor.java:57)
	at org.junit.platform.engine.support.hierarchical.HierarchicalTestEngine.execute(HierarchicalTestEngine.java:51)
	at org.junit.platform.launcher.core.EngineExecutionOrchestrator.execute(EngineExecutionOrchestrator.java:108)
	at org.junit.platform.launcher.core.EngineExecutionOrchestrator.execute(EngineExecutionOrchestrator.java:88)
	at org.junit.platform.launcher.core.EngineExecutionOrchestrator.lambda$execute$0(EngineExecutionOrchestrator.java:54)
	at org.junit.platform.launcher.core.EngineExecutionOrchestrator.withInterceptedStreams(EngineExecutionOrchestrator.java:67)
	at org.junit.platform.launcher.core.EngineExecutionOrchestrator.execute(EngineExecutionOrchestrator.java:52)
	at org.junit.platform.launcher.core.DefaultLauncher.execute(DefaultLauncher.java:96)
	at org.junit.platform.launcher.core.DefaultLauncher.execute(DefaultLauncher.java:75)
	at org.gradle.api.internal.tasks.testing.junitplatform.JUnitPlatformTestClassProcessor$CollectAllTestClassesExecutor.processAllTestClasses(JUnitPlatformTestClassProcessor.java:99)
	at org.gradle.api.internal.tasks.testing.junitplatform.JUnitPlatformTestClassProcessor$CollectAllTestClassesExecutor.access$000(JUnitPlatformTestClassProcessor.java:79)
	at org.gradle.api.internal.tasks.testing.junitplatform.JUnitPlatformTestClassProcessor.stop(JUnitPlatformTestClassProcessor.java:75)
	at org.gradle.api.internal.tasks.testing.SuiteTestClassProcessor.stop(SuiteTestClassProcessor.java:61)
	at java.base/jdk.internal.reflect.NativeMethodAccessorImpl.invoke0(Native Method)
	at java.base/jdk.internal.reflect.NativeMethodAccessorImpl.invoke(NativeMethodAccessorImpl.java:64)
	at java.base/jdk.internal.reflect.DelegatingMethodAccessorImpl.invoke(DelegatingMethodAccessorImpl.java:43)
	at java.base/java.lang.reflect.Method.invoke(Method.java:564)
	at org.gradle.internal.dispatch.ReflectionDispatch.dispatch(ReflectionDispatch.java:36)
	at org.gradle.internal.dispatch.ReflectionDispatch.dispatch(ReflectionDispatch.java:24)
	at org.gradle.internal.dispatch.ContextClassLoaderDispatch.dispatch(ContextClassLoaderDispatch.java:33)
	at org.gradle.internal.dispatch.ProxyDispatchAdapter$DispatchingInvocationHandler.invoke(ProxyDispatchAdapter.java:94)
	at com.sun.proxy.$Proxy5.stop(Unknown Source)
	at org.gradle.api.internal.tasks.testing.worker.TestWorker.stop(TestWorker.java:135)
	at java.base/jdk.internal.reflect.NativeMethodAccessorImpl.invoke0(Native Method)
	at java.base/jdk.internal.reflect.NativeMethodAccessorImpl.invoke(NativeMethodAccessorImpl.java:64)
	at java.base/jdk.internal.reflect.DelegatingMethodAccessorImpl.invoke(DelegatingMethodAccessorImpl.java:43)
	at java.base/java.lang.reflect.Method.invoke(Method.java:564)
	at org.gradle.internal.dispatch.ReflectionDispatch.dispatch(ReflectionDispatch.java:36)
	at org.gradle.internal.dispatch.ReflectionDispatch.dispatch(ReflectionDispatch.java:24)
	at org.gradle.internal.remote.internal.hub.MessageHubBackedObjectConnection$DispatchWrapper.dispatch(MessageHubBackedObjectConnection.java:182)
	at org.gradle.internal.remote.internal.hub.MessageHubBackedObjectConnection$DispatchWrapper.dispatch(MessageHubBackedObjectConnection.java:164)
	at org.gradle.internal.remote.internal.hub.MessageHub$Handler.run(MessageHub.java:414)
	at org.gradle.internal.concurrent.ExecutorPolicy$CatchAndRecordFailures.onExecute(ExecutorPolicy.java:64)
	at org.gradle.internal.concurrent.ManagedExecutorImpl$1.run(ManagedExecutorImpl.java:48)
	at java.base/java.util.concurrent.ThreadPoolExecutor.runWorker(ThreadPoolExecutor.java:1130)
	at java.base/java.util.concurrent.ThreadPoolExecutor$Worker.run(ThreadPoolExecutor.java:630)
	at org.gradle.internal.concurrent.ThreadFactoryImpl$ManagedThreadRunnable.run(ThreadFactoryImpl.java:56)
	at java.base/java.lang.Thread.run(Thread.java:832)
Caused by: net.sourceforge.htmlunit.corejs.javascript.EvaluatorException: missing formal parameter (https://cdn.jsdelivr.net/npm/bootstrap@5.1.3/dist/js/bootstrap.bundle.min.js#6)
	at com.gargoylesoftware.htmlunit.javascript.HtmlUnitContextFactory$HtmlUnitErrorReporter.error(HtmlUnitContextFactory.java:436)
	at net.sourceforge.htmlunit.corejs.javascript.Parser.addError(Parser.java:251)
	at net.sourceforge.htmlunit.corejs.javascript.Parser.reportError(Parser.java:330)
	at net.sourceforge.htmlunit.corejs.javascript.Parser.reportError(Parser.java:326)
	at net.sourceforge.htmlunit.corejs.javascript.Parser.arrowFunctionParams(Parser.java:1035)
	at net.sourceforge.htmlunit.corejs.javascript.Parser.arrowFunctionParams(Parser.java:1020)
	at net.sourceforge.htmlunit.corejs.javascript.Parser.arrowFunction(Parser.java:969)
	at net.sourceforge.htmlunit.corejs.javascript.Parser.assignExpr(Parser.java:2310)
	at net.sourceforge.htmlunit.corejs.javascript.Parser.variables(Parser.java:2122)
	at net.sourceforge.htmlunit.corejs.javascript.Parser.statementHelper(Parser.java:1191)
	at net.sourceforge.htmlunit.corejs.javascript.Parser.statement(Parser.java:1098)
	at net.sourceforge.htmlunit.corejs.javascript.Parser.parseFunctionBody(Parser.java:730)
	at net.sourceforge.htmlunit.corejs.javascript.Parser.function(Parser.java:905)
	at net.sourceforge.htmlunit.corejs.javascript.Parser.function(Parser.java:839)
	at net.sourceforge.htmlunit.corejs.javascript.Parser.primaryExpr(Parser.java:3035)
	at net.sourceforge.htmlunit.corejs.javascript.Parser.memberExpr(Parser.java:2665)
	at net.sourceforge.htmlunit.corejs.javascript.Parser.unaryExpr(Parser.java:2568)
	at net.sourceforge.htmlunit.corejs.javascript.Parser.expExpr(Parser.java:2488)
	at net.sourceforge.htmlunit.corejs.javascript.Parser.mulExpr(Parser.java:2471)
	at net.sourceforge.htmlunit.corejs.javascript.Parser.addExpr(Parser.java:2457)
	at net.sourceforge.htmlunit.corejs.javascript.Parser.shiftExpr(Parser.java:2440)
	at net.sourceforge.htmlunit.corejs.javascript.Parser.relExpr(Parser.java:2418)
	at net.sourceforge.htmlunit.corejs.javascript.Parser.eqExpr(Parser.java:2394)
	at net.sourceforge.htmlunit.corejs.javascript.Parser.bitAndExpr(Parser.java:2385)
	at net.sourceforge.htmlunit.corejs.javascript.Parser.bitXorExpr(Parser.java:2376)
	at net.sourceforge.htmlunit.corejs.javascript.Parser.bitOrExpr(Parser.java:2367)
	at net.sourceforge.htmlunit.corejs.javascript.Parser.andExpr(Parser.java:2358)
	at net.sourceforge.htmlunit.corejs.javascript.Parser.orExpr(Parser.java:2349)
	at net.sourceforge.htmlunit.corejs.javascript.Parser.condExpr(Parser.java:2316)
	at net.sourceforge.htmlunit.corejs.javascript.Parser.assignExpr(Parser.java:2274)
	at net.sourceforge.htmlunit.corejs.javascript.Parser.expr(Parser.java:2257)
	at net.sourceforge.htmlunit.corejs.javascript.Parser.parenExpr(Parser.java:3129)
	at net.sourceforge.htmlunit.corejs.javascript.Parser.primaryExpr(Parser.java:3051)
	at net.sourceforge.htmlunit.corejs.javascript.Parser.memberExpr(Parser.java:2665)
	at net.sourceforge.htmlunit.corejs.javascript.Parser.unaryExpr(Parser.java:2568)
	at net.sourceforge.htmlunit.corejs.javascript.Parser.expExpr(Parser.java:2488)
	at net.sourceforge.htmlunit.corejs.javascript.Parser.mulExpr(Parser.java:2471)
	at net.sourceforge.htmlunit.corejs.javascript.Parser.addExpr(Parser.java:2457)
	at net.sourceforge.htmlunit.corejs.javascript.Parser.shiftExpr(Parser.java:2440)
	at net.sourceforge.htmlunit.corejs.javascript.Parser.relExpr(Parser.java:2418)
	at net.sourceforge.htmlunit.corejs.javascript.Parser.eqExpr(Parser.java:2394)
	at net.sourceforge.htmlunit.corejs.javascript.Parser.bitAndExpr(Parser.java:2385)
	at net.sourceforge.htmlunit.corejs.javascript.Parser.bitXorExpr(Parser.java:2376)
	at net.sourceforge.htmlunit.corejs.javascript.Parser.bitOrExpr(Parser.java:2367)
	at net.sourceforge.htmlunit.corejs.javascript.Parser.andExpr(Parser.java:2358)
	at net.sourceforge.htmlunit.corejs.javascript.Parser.orExpr(Parser.java:2349)
	at net.sourceforge.htmlunit.corejs.javascript.Parser.condExpr(Parser.java:2316)
	at net.sourceforge.htmlunit.corejs.javascript.Parser.assignExpr(Parser.java:2274)
	at net.sourceforge.htmlunit.corejs.javascript.Parser.argumentList(Parser.java:2636)
	at net.sourceforge.htmlunit.corejs.javascript.Parser.memberExprTail(Parser.java:2780)
	at net.sourceforge.htmlunit.corejs.javascript.Parser.memberExpr(Parser.java:2700)
	at net.sourceforge.htmlunit.corejs.javascript.Parser.unaryExpr(Parser.java:2568)
	at net.sourceforge.htmlunit.corejs.javascript.Parser.unaryExpr(Parser.java:2523)
	at net.sourceforge.htmlunit.corejs.javascript.Parser.expExpr(Parser.java:2488)
	at net.sourceforge.htmlunit.corejs.javascript.Parser.mulExpr(Parser.java:2471)
	at net.sourceforge.htmlunit.corejs.javascript.Parser.addExpr(Parser.java:2457)
	at net.sourceforge.htmlunit.corejs.javascript.Parser.shiftExpr(Parser.java:2440)
	at net.sourceforge.htmlunit.corejs.javascript.Parser.relExpr(Parser.java:2418)
	at net.sourceforge.htmlunit.corejs.javascript.Parser.eqExpr(Parser.java:2394)
	at net.sourceforge.htmlunit.corejs.javascript.Parser.bitAndExpr(Parser.java:2385)
	at net.sourceforge.htmlunit.corejs.javascript.Parser.bitXorExpr(Parser.java:2376)
	at net.sourceforge.htmlunit.corejs.javascript.Parser.bitOrExpr(Parser.java:2367)
	at net.sourceforge.htmlunit.corejs.javascript.Parser.andExpr(Parser.java:2358)
	at net.sourceforge.htmlunit.corejs.javascript.Parser.orExpr(Parser.java:2349)
	at net.sourceforge.htmlunit.corejs.javascript.Parser.condExpr(Parser.java:2316)
	at net.sourceforge.htmlunit.corejs.javascript.Parser.assignExpr(Parser.java:2274)
	at net.sourceforge.htmlunit.corejs.javascript.Parser.expr(Parser.java:2257)
	at net.sourceforge.htmlunit.corejs.javascript.Parser.statementHelper(Parser.java:1243)
	at net.sourceforge.htmlunit.corejs.javascript.Parser.statement(Parser.java:1098)
	at net.sourceforge.htmlunit.corejs.javascript.Parser.parse(Parser.java:626)
	at net.sourceforge.htmlunit.corejs.javascript.Parser.parse(Parser.java:556)
	at net.sourceforge.htmlunit.corejs.javascript.Context.parse(Context.java:2496)
	at net.sourceforge.htmlunit.corejs.javascript.Context.compileImpl(Context.java:2427)
	at net.sourceforge.htmlunit.corejs.javascript.Context.compileString(Context.java:1415)
	at com.gargoylesoftware.htmlunit.javascript.HtmlUnitContextFactory$TimeoutContext.compileString(HtmlUnitContextFactory.java:222)
	at net.sourceforge.htmlunit.corejs.javascript.Context.compileString(Context.java:1403)
	at com.gargoylesoftware.htmlunit.javascript.JavaScriptEngine$1.doRun(JavaScriptEngine.java:779)
	at com.gargoylesoftware.htmlunit.javascript.JavaScriptEngine$HtmlUnitContextAction.run(JavaScriptEngine.java:942)
	... 126 common frames omitted
07:43:58.931 [Test worker] INFO  o.s.b.t.m.w.SpringBootMockServletContext - Initializing Spring TestDispatcherServlet ''
07:43:58.931 [Test worker] INFO  o.s.t.w.s.TestDispatcherServlet - Initializing Servlet ''
07:43:58.932 [Test worker] INFO  o.s.t.w.s.TestDispatcherServlet - Completed initialization in 1 ms
07:43:59.231 [Test worker] ERROR c.g.h.j.DefaultJavaScriptErrorListener - Error during JavaScript execution
com.gargoylesoftware.htmlunit.ScriptException: missing formal parameter (https://cdn.jsdelivr.net/npm/bootstrap@5.1.3/dist/js/bootstrap.bundle.min.js#6)
	at com.gargoylesoftware.htmlunit.javascript.JavaScriptEngine$HtmlUnitContextAction.run(JavaScriptEngine.java:960)
	at net.sourceforge.htmlunit.corejs.javascript.Context.call(Context.java:581)
	at net.sourceforge.htmlunit.corejs.javascript.ContextFactory.call(ContextFactory.java:481)
	at com.gargoylesoftware.htmlunit.javascript.HtmlUnitContextFactory.callSecured(HtmlUnitContextFactory.java:352)
	at com.gargoylesoftware.htmlunit.javascript.JavaScriptEngine.compile(JavaScriptEngine.java:788)
	at com.gargoylesoftware.htmlunit.javascript.JavaScriptEngine.compile(JavaScriptEngine.java:754)
	at com.gargoylesoftware.htmlunit.javascript.JavaScriptEngine.compile(JavaScriptEngine.java:112)
	at com.gargoylesoftware.htmlunit.html.HtmlPage.loadJavaScriptFromUrl(HtmlPage.java:1122)
	at com.gargoylesoftware.htmlunit.html.HtmlPage.loadExternalJavaScriptFile(HtmlPage.java:1002)
	at com.gargoylesoftware.htmlunit.html.ScriptElementSupport.executeScriptIfNeeded(ScriptElementSupport.java:196)
	at com.gargoylesoftware.htmlunit.html.ScriptElementSupport$1.execute(ScriptElementSupport.java:120)
	at com.gargoylesoftware.htmlunit.html.ScriptElementSupport.onAllChildrenAddedToPage(ScriptElementSupport.java:143)
	at com.gargoylesoftware.htmlunit.html.HtmlScript.onAllChildrenAddedToPage(HtmlScript.java:191)
	at com.gargoylesoftware.htmlunit.html.parser.neko.HtmlUnitNekoDOMBuilder.endElement(HtmlUnitNekoDOMBuilder.java:551)
	at org.apache.xerces.parsers.AbstractSAXParser.endElement(Unknown Source)
	at com.gargoylesoftware.htmlunit.html.parser.neko.HtmlUnitNekoDOMBuilder.endElement(HtmlUnitNekoDOMBuilder.java:503)
	at net.sourceforge.htmlunit.cyberneko.HTMLTagBalancer.callEndElement(HTMLTagBalancer.java:1216)
	at net.sourceforge.htmlunit.cyberneko.HTMLTagBalancer.endElement(HTMLTagBalancer.java:1156)
	at net.sourceforge.htmlunit.cyberneko.filters.DefaultFilter.endElement(DefaultFilter.java:219)
	at net.sourceforge.htmlunit.cyberneko.filters.NamespaceBinder.endElement(NamespaceBinder.java:312)
	at net.sourceforge.htmlunit.cyberneko.HTMLScanner$ContentScanner.scanEndElement(HTMLScanner.java:3189)
	at net.sourceforge.htmlunit.cyberneko.HTMLScanner$ContentScanner.scan(HTMLScanner.java:2114)
	at net.sourceforge.htmlunit.cyberneko.HTMLScanner.scanDocument(HTMLScanner.java:937)
	at net.sourceforge.htmlunit.cyberneko.HTMLConfiguration.parse(HTMLConfiguration.java:443)
	at net.sourceforge.htmlunit.cyberneko.HTMLConfiguration.parse(HTMLConfiguration.java:394)
	at org.apache.xerces.parsers.XMLParser.parse(Unknown Source)
	at com.gargoylesoftware.htmlunit.html.parser.neko.HtmlUnitNekoDOMBuilder.parse(HtmlUnitNekoDOMBuilder.java:751)
	at com.gargoylesoftware.htmlunit.html.parser.neko.HtmlUnitNekoHtmlParser.parse(HtmlUnitNekoHtmlParser.java:208)
	at com.gargoylesoftware.htmlunit.DefaultPageCreator.createHtmlPage(DefaultPageCreator.java:297)
	at com.gargoylesoftware.htmlunit.DefaultPageCreator.createPage(DefaultPageCreator.java:217)
	at com.gargoylesoftware.htmlunit.WebClient.loadWebResponseInto(WebClient.java:684)
	at com.gargoylesoftware.htmlunit.WebClient.loadWebResponseInto(WebClient.java:586)
	at com.gargoylesoftware.htmlunit.WebClient.getPage(WebClient.java:501)
	at com.gargoylesoftware.htmlunit.WebClient.getPage(WebClient.java:413)
	at com.gargoylesoftware.htmlunit.WebClient.getPage(WebClient.java:548)
	at com.gargoylesoftware.htmlunit.WebClient.getPage(WebClient.java:529)
	at at.fhv.se.banking.view.BankingViewTests.given_customer_when_view_displaydetailsandaccounts(BankingViewTests.java:128)
	at java.base/jdk.internal.reflect.NativeMethodAccessorImpl.invoke0(Native Method)
	at java.base/jdk.internal.reflect.NativeMethodAccessorImpl.invoke(NativeMethodAccessorImpl.java:64)
	at java.base/jdk.internal.reflect.DelegatingMethodAccessorImpl.invoke(DelegatingMethodAccessorImpl.java:43)
	at java.base/java.lang.reflect.Method.invoke(Method.java:564)
	at org.junit.platform.commons.util.ReflectionUtils.invokeMethod(ReflectionUtils.java:688)
	at org.junit.jupiter.engine.execution.MethodInvocation.proceed(MethodInvocation.java:60)
	at org.junit.jupiter.engine.execution.InvocationInterceptorChain$ValidatingInvocation.proceed(InvocationInterceptorChain.java:131)
	at org.junit.jupiter.engine.extension.TimeoutExtension.intercept(TimeoutExtension.java:149)
	at org.junit.jupiter.engine.extension.TimeoutExtension.interceptTestableMethod(TimeoutExtension.java:140)
	at org.junit.jupiter.engine.extension.TimeoutExtension.interceptTestMethod(TimeoutExtension.java:84)
	at org.junit.jupiter.engine.execution.ExecutableInvoker$ReflectiveInterceptorCall.lambda$ofVoidMethod$0(ExecutableInvoker.java:115)
	at org.junit.jupiter.engine.execution.ExecutableInvoker.lambda$invoke$0(ExecutableInvoker.java:105)
	at org.junit.jupiter.engine.execution.InvocationInterceptorChain$InterceptedInvocation.proceed(InvocationInterceptorChain.java:106)
	at org.junit.jupiter.engine.execution.InvocationInterceptorChain.proceed(InvocationInterceptorChain.java:64)
	at org.junit.jupiter.engine.execution.InvocationInterceptorChain.chainAndInvoke(InvocationInterceptorChain.java:45)
	at org.junit.jupiter.engine.execution.InvocationInterceptorChain.invoke(InvocationInterceptorChain.java:37)
	at org.junit.jupiter.engine.execution.ExecutableInvoker.invoke(ExecutableInvoker.java:104)
	at org.junit.jupiter.engine.execution.ExecutableInvoker.invoke(ExecutableInvoker.java:98)
	at org.junit.jupiter.engine.descriptor.TestMethodTestDescriptor.lambda$invokeTestMethod$6(TestMethodTestDescriptor.java:210)
	at org.junit.platform.engine.support.hierarchical.ThrowableCollector.execute(ThrowableCollector.java:73)
	at org.junit.jupiter.engine.descriptor.TestMethodTestDescriptor.invokeTestMethod(TestMethodTestDescriptor.java:206)
	at org.junit.jupiter.engine.descriptor.TestMethodTestDescriptor.execute(TestMethodTestDescriptor.java:131)
	at org.junit.jupiter.engine.descriptor.TestMethodTestDescriptor.execute(TestMethodTestDescriptor.java:65)
	at org.junit.platform.engine.support.hierarchical.NodeTestTask.lambda$executeRecursively$5(NodeTestTask.java:139)
	at org.junit.platform.engine.support.hierarchical.ThrowableCollector.execute(ThrowableCollector.java:73)
	at org.junit.platform.engine.support.hierarchical.NodeTestTask.lambda$executeRecursively$7(NodeTestTask.java:129)
	at org.junit.platform.engine.support.hierarchical.Node.around(Node.java:137)
	at org.junit.platform.engine.support.hierarchical.NodeTestTask.lambda$executeRecursively$8(NodeTestTask.java:127)
	at org.junit.platform.engine.support.hierarchical.ThrowableCollector.execute(ThrowableCollector.java:73)
	at org.junit.platform.engine.support.hierarchical.NodeTestTask.executeRecursively(NodeTestTask.java:126)
	at org.junit.platform.engine.support.hierarchical.NodeTestTask.execute(NodeTestTask.java:84)
	at java.base/java.util.ArrayList.forEach(ArrayList.java:1511)
	at org.junit.platform.engine.support.hierarchical.SameThreadHierarchicalTestExecutorService.invokeAll(SameThreadHierarchicalTestExecutorService.java:38)
	at org.junit.platform.engine.support.hierarchical.NodeTestTask.lambda$executeRecursively$5(NodeTestTask.java:143)
	at org.junit.platform.engine.support.hierarchical.ThrowableCollector.execute(ThrowableCollector.java:73)
	at org.junit.platform.engine.support.hierarchical.NodeTestTask.lambda$executeRecursively$7(NodeTestTask.java:129)
	at org.junit.platform.engine.support.hierarchical.Node.around(Node.java:137)
	at org.junit.platform.engine.support.hierarchical.NodeTestTask.lambda$executeRecursively$8(NodeTestTask.java:127)
	at org.junit.platform.engine.support.hierarchical.ThrowableCollector.execute(ThrowableCollector.java:73)
	at org.junit.platform.engine.support.hierarchical.NodeTestTask.executeRecursively(NodeTestTask.java:126)
	at org.junit.platform.engine.support.hierarchical.NodeTestTask.execute(NodeTestTask.java:84)
	at java.base/java.util.ArrayList.forEach(ArrayList.java:1511)
	at org.junit.platform.engine.support.hierarchical.SameThreadHierarchicalTestExecutorService.invokeAll(SameThreadHierarchicalTestExecutorService.java:38)
	at org.junit.platform.engine.support.hierarchical.NodeTestTask.lambda$executeRecursively$5(NodeTestTask.java:143)
	at org.junit.platform.engine.support.hierarchical.ThrowableCollector.execute(ThrowableCollector.java:73)
	at org.junit.platform.engine.support.hierarchical.NodeTestTask.lambda$executeRecursively$7(NodeTestTask.java:129)
	at org.junit.platform.engine.support.hierarchical.Node.around(Node.java:137)
	at org.junit.platform.engine.support.hierarchical.NodeTestTask.lambda$executeRecursively$8(NodeTestTask.java:127)
	at org.junit.platform.engine.support.hierarchical.ThrowableCollector.execute(ThrowableCollector.java:73)
	at org.junit.platform.engine.support.hierarchical.NodeTestTask.executeRecursively(NodeTestTask.java:126)
	at org.junit.platform.engine.support.hierarchical.NodeTestTask.execute(NodeTestTask.java:84)
	at org.junit.platform.engine.support.hierarchical.SameThreadHierarchicalTestExecutorService.submit(SameThreadHierarchicalTestExecutorService.java:32)
	at org.junit.platform.engine.support.hierarchical.HierarchicalTestExecutor.execute(HierarchicalTestExecutor.java:57)
	at org.junit.platform.engine.support.hierarchical.HierarchicalTestEngine.execute(HierarchicalTestEngine.java:51)
	at org.junit.platform.launcher.core.EngineExecutionOrchestrator.execute(EngineExecutionOrchestrator.java:108)
	at org.junit.platform.launcher.core.EngineExecutionOrchestrator.execute(EngineExecutionOrchestrator.java:88)
	at org.junit.platform.launcher.core.EngineExecutionOrchestrator.lambda$execute$0(EngineExecutionOrchestrator.java:54)
	at org.junit.platform.launcher.core.EngineExecutionOrchestrator.withInterceptedStreams(EngineExecutionOrchestrator.java:67)
	at org.junit.platform.launcher.core.EngineExecutionOrchestrator.execute(EngineExecutionOrchestrator.java:52)
	at org.junit.platform.launcher.core.DefaultLauncher.execute(DefaultLauncher.java:96)
	at org.junit.platform.launcher.core.DefaultLauncher.execute(DefaultLauncher.java:75)
	at org.gradle.api.internal.tasks.testing.junitplatform.JUnitPlatformTestClassProcessor$CollectAllTestClassesExecutor.processAllTestClasses(JUnitPlatformTestClassProcessor.java:99)
	at org.gradle.api.internal.tasks.testing.junitplatform.JUnitPlatformTestClassProcessor$CollectAllTestClassesExecutor.access$000(JUnitPlatformTestClassProcessor.java:79)
	at org.gradle.api.internal.tasks.testing.junitplatform.JUnitPlatformTestClassProcessor.stop(JUnitPlatformTestClassProcessor.java:75)
	at org.gradle.api.internal.tasks.testing.SuiteTestClassProcessor.stop(SuiteTestClassProcessor.java:61)
	at java.base/jdk.internal.reflect.NativeMethodAccessorImpl.invoke0(Native Method)
	at java.base/jdk.internal.reflect.NativeMethodAccessorImpl.invoke(NativeMethodAccessorImpl.java:64)
	at java.base/jdk.internal.reflect.DelegatingMethodAccessorImpl.invoke(DelegatingMethodAccessorImpl.java:43)
	at java.base/java.lang.reflect.Method.invoke(Method.java:564)
	at org.gradle.internal.dispatch.ReflectionDispatch.dispatch(ReflectionDispatch.java:36)
	at org.gradle.internal.dispatch.ReflectionDispatch.dispatch(ReflectionDispatch.java:24)
	at org.gradle.internal.dispatch.ContextClassLoaderDispatch.dispatch(ContextClassLoaderDispatch.java:33)
	at org.gradle.internal.dispatch.ProxyDispatchAdapter$DispatchingInvocationHandler.invoke(ProxyDispatchAdapter.java:94)
	at com.sun.proxy.$Proxy5.stop(Unknown Source)
	at org.gradle.api.internal.tasks.testing.worker.TestWorker.stop(TestWorker.java:135)
	at java.base/jdk.internal.reflect.NativeMethodAccessorImpl.invoke0(Native Method)
	at java.base/jdk.internal.reflect.NativeMethodAccessorImpl.invoke(NativeMethodAccessorImpl.java:64)
	at java.base/jdk.internal.reflect.DelegatingMethodAccessorImpl.invoke(DelegatingMethodAccessorImpl.java:43)
	at java.base/java.lang.reflect.Method.invoke(Method.java:564)
	at org.gradle.internal.dispatch.ReflectionDispatch.dispatch(ReflectionDispatch.java:36)
	at org.gradle.internal.dispatch.ReflectionDispatch.dispatch(ReflectionDispatch.java:24)
	at org.gradle.internal.remote.internal.hub.MessageHubBackedObjectConnection$DispatchWrapper.dispatch(MessageHubBackedObjectConnection.java:182)
	at org.gradle.internal.remote.internal.hub.MessageHubBackedObjectConnection$DispatchWrapper.dispatch(MessageHubBackedObjectConnection.java:164)
	at org.gradle.internal.remote.internal.hub.MessageHub$Handler.run(MessageHub.java:414)
	at org.gradle.internal.concurrent.ExecutorPolicy$CatchAndRecordFailures.onExecute(ExecutorPolicy.java:64)
	at org.gradle.internal.concurrent.ManagedExecutorImpl$1.run(ManagedExecutorImpl.java:48)
	at java.base/java.util.concurrent.ThreadPoolExecutor.runWorker(ThreadPoolExecutor.java:1130)
	at java.base/java.util.concurrent.ThreadPoolExecutor$Worker.run(ThreadPoolExecutor.java:630)
	at org.gradle.internal.concurrent.ThreadFactoryImpl$ManagedThreadRunnable.run(ThreadFactoryImpl.java:56)
	at java.base/java.lang.Thread.run(Thread.java:832)
Caused by: net.sourceforge.htmlunit.corejs.javascript.EvaluatorException: missing formal parameter (https://cdn.jsdelivr.net/npm/bootstrap@5.1.3/dist/js/bootstrap.bundle.min.js#6)
	at com.gargoylesoftware.htmlunit.javascript.HtmlUnitContextFactory$HtmlUnitErrorReporter.error(HtmlUnitContextFactory.java:436)
	at net.sourceforge.htmlunit.corejs.javascript.Parser.addError(Parser.java:251)
	at net.sourceforge.htmlunit.corejs.javascript.Parser.reportError(Parser.java:330)
	at net.sourceforge.htmlunit.corejs.javascript.Parser.reportError(Parser.java:326)
	at net.sourceforge.htmlunit.corejs.javascript.Parser.arrowFunctionParams(Parser.java:1035)
	at net.sourceforge.htmlunit.corejs.javascript.Parser.arrowFunctionParams(Parser.java:1020)
	at net.sourceforge.htmlunit.corejs.javascript.Parser.arrowFunction(Parser.java:969)
	at net.sourceforge.htmlunit.corejs.javascript.Parser.assignExpr(Parser.java:2310)
	at net.sourceforge.htmlunit.corejs.javascript.Parser.variables(Parser.java:2122)
	at net.sourceforge.htmlunit.corejs.javascript.Parser.statementHelper(Parser.java:1191)
	at net.sourceforge.htmlunit.corejs.javascript.Parser.statement(Parser.java:1098)
	at net.sourceforge.htmlunit.corejs.javascript.Parser.parseFunctionBody(Parser.java:730)
	at net.sourceforge.htmlunit.corejs.javascript.Parser.function(Parser.java:905)
	at net.sourceforge.htmlunit.corejs.javascript.Parser.function(Parser.java:839)
	at net.sourceforge.htmlunit.corejs.javascript.Parser.primaryExpr(Parser.java:3035)
	at net.sourceforge.htmlunit.corejs.javascript.Parser.memberExpr(Parser.java:2665)
	at net.sourceforge.htmlunit.corejs.javascript.Parser.unaryExpr(Parser.java:2568)
	at net.sourceforge.htmlunit.corejs.javascript.Parser.expExpr(Parser.java:2488)
	at net.sourceforge.htmlunit.corejs.javascript.Parser.mulExpr(Parser.java:2471)
	at net.sourceforge.htmlunit.corejs.javascript.Parser.addExpr(Parser.java:2457)
	at net.sourceforge.htmlunit.corejs.javascript.Parser.shiftExpr(Parser.java:2440)
	at net.sourceforge.htmlunit.corejs.javascript.Parser.relExpr(Parser.java:2418)
	at net.sourceforge.htmlunit.corejs.javascript.Parser.eqExpr(Parser.java:2394)
	at net.sourceforge.htmlunit.corejs.javascript.Parser.bitAndExpr(Parser.java:2385)
	at net.sourceforge.htmlunit.corejs.javascript.Parser.bitXorExpr(Parser.java:2376)
	at net.sourceforge.htmlunit.corejs.javascript.Parser.bitOrExpr(Parser.java:2367)
	at net.sourceforge.htmlunit.corejs.javascript.Parser.andExpr(Parser.java:2358)
	at net.sourceforge.htmlunit.corejs.javascript.Parser.orExpr(Parser.java:2349)
	at net.sourceforge.htmlunit.corejs.javascript.Parser.condExpr(Parser.java:2316)
	at net.sourceforge.htmlunit.corejs.javascript.Parser.assignExpr(Parser.java:2274)
	at net.sourceforge.htmlunit.corejs.javascript.Parser.expr(Parser.java:2257)
	at net.sourceforge.htmlunit.corejs.javascript.Parser.parenExpr(Parser.java:3129)
	at net.sourceforge.htmlunit.corejs.javascript.Parser.primaryExpr(Parser.java:3051)
	at net.sourceforge.htmlunit.corejs.javascript.Parser.memberExpr(Parser.java:2665)
	at net.sourceforge.htmlunit.corejs.javascript.Parser.unaryExpr(Parser.java:2568)
	at net.sourceforge.htmlunit.corejs.javascript.Parser.expExpr(Parser.java:2488)
	at net.sourceforge.htmlunit.corejs.javascript.Parser.mulExpr(Parser.java:2471)
	at net.sourceforge.htmlunit.corejs.javascript.Parser.addExpr(Parser.java:2457)
	at net.sourceforge.htmlunit.corejs.javascript.Parser.shiftExpr(Parser.java:2440)
	at net.sourceforge.htmlunit.corejs.javascript.Parser.relExpr(Parser.java:2418)
	at net.sourceforge.htmlunit.corejs.javascript.Parser.eqExpr(Parser.java:2394)
	at net.sourceforge.htmlunit.corejs.javascript.Parser.bitAndExpr(Parser.java:2385)
	at net.sourceforge.htmlunit.corejs.javascript.Parser.bitXorExpr(Parser.java:2376)
	at net.sourceforge.htmlunit.corejs.javascript.Parser.bitOrExpr(Parser.java:2367)
	at net.sourceforge.htmlunit.corejs.javascript.Parser.andExpr(Parser.java:2358)
	at net.sourceforge.htmlunit.corejs.javascript.Parser.orExpr(Parser.java:2349)
	at net.sourceforge.htmlunit.corejs.javascript.Parser.condExpr(Parser.java:2316)
	at net.sourceforge.htmlunit.corejs.javascript.Parser.assignExpr(Parser.java:2274)
	at net.sourceforge.htmlunit.corejs.javascript.Parser.argumentList(Parser.java:2636)
	at net.sourceforge.htmlunit.corejs.javascript.Parser.memberExprTail(Parser.java:2780)
	at net.sourceforge.htmlunit.corejs.javascript.Parser.memberExpr(Parser.java:2700)
	at net.sourceforge.htmlunit.corejs.javascript.Parser.unaryExpr(Parser.java:2568)
	at net.sourceforge.htmlunit.corejs.javascript.Parser.unaryExpr(Parser.java:2523)
	at net.sourceforge.htmlunit.corejs.javascript.Parser.expExpr(Parser.java:2488)
	at net.sourceforge.htmlunit.corejs.javascript.Parser.mulExpr(Parser.java:2471)
	at net.sourceforge.htmlunit.corejs.javascript.Parser.addExpr(Parser.java:2457)
	at net.sourceforge.htmlunit.corejs.javascript.Parser.shiftExpr(Parser.java:2440)
	at net.sourceforge.htmlunit.corejs.javascript.Parser.relExpr(Parser.java:2418)
	at net.sourceforge.htmlunit.corejs.javascript.Parser.eqExpr(Parser.java:2394)
	at net.sourceforge.htmlunit.corejs.javascript.Parser.bitAndExpr(Parser.java:2385)
	at net.sourceforge.htmlunit.corejs.javascript.Parser.bitXorExpr(Parser.java:2376)
	at net.sourceforge.htmlunit.corejs.javascript.Parser.bitOrExpr(Parser.java:2367)
	at net.sourceforge.htmlunit.corejs.javascript.Parser.andExpr(Parser.java:2358)
	at net.sourceforge.htmlunit.corejs.javascript.Parser.orExpr(Parser.java:2349)
	at net.sourceforge.htmlunit.corejs.javascript.Parser.condExpr(Parser.java:2316)
	at net.sourceforge.htmlunit.corejs.javascript.Parser.assignExpr(Parser.java:2274)
	at net.sourceforge.htmlunit.corejs.javascript.Parser.expr(Parser.java:2257)
	at net.sourceforge.htmlunit.corejs.javascript.Parser.statementHelper(Parser.java:1243)
	at net.sourceforge.htmlunit.corejs.javascript.Parser.statement(Parser.java:1098)
	at net.sourceforge.htmlunit.corejs.javascript.Parser.parse(Parser.java:626)
	at net.sourceforge.htmlunit.corejs.javascript.Parser.parse(Parser.java:556)
	at net.sourceforge.htmlunit.corejs.javascript.Context.parse(Context.java:2496)
	at net.sourceforge.htmlunit.corejs.javascript.Context.compileImpl(Context.java:2427)
	at net.sourceforge.htmlunit.corejs.javascript.Context.compileString(Context.java:1415)
	at com.gargoylesoftware.htmlunit.javascript.HtmlUnitContextFactory$TimeoutContext.compileString(HtmlUnitContextFactory.java:222)
	at net.sourceforge.htmlunit.corejs.javascript.Context.compileString(Context.java:1403)
	at com.gargoylesoftware.htmlunit.javascript.JavaScriptEngine$1.doRun(JavaScriptEngine.java:779)
	at com.gargoylesoftware.htmlunit.javascript.JavaScriptEngine$HtmlUnitContextAction.run(JavaScriptEngine.java:942)
	... 126 common frames omitted
07:43:59.522 [Test worker] INFO  o.s.b.t.m.w.SpringBootMockServletContext - Initializing Spring TestDispatcherServlet ''
07:43:59.522 [Test worker] INFO  o.s.t.w.s.TestDispatcherServlet - Initializing Servlet ''
07:43:59.522 [Test worker] INFO  o.s.t.w.s.TestDispatcherServlet - Completed initialization in 0 ms
07:43:59.825 [Test worker] ERROR c.g.h.j.DefaultJavaScriptErrorListener - Error during JavaScript execution
com.gargoylesoftware.htmlunit.ScriptException: missing formal parameter (https://cdn.jsdelivr.net/npm/bootstrap@5.1.3/dist/js/bootstrap.bundle.min.js#6)
	at com.gargoylesoftware.htmlunit.javascript.JavaScriptEngine$HtmlUnitContextAction.run(JavaScriptEngine.java:960)
	at net.sourceforge.htmlunit.corejs.javascript.Context.call(Context.java:581)
	at net.sourceforge.htmlunit.corejs.javascript.ContextFactory.call(ContextFactory.java:481)
	at com.gargoylesoftware.htmlunit.javascript.HtmlUnitContextFactory.callSecured(HtmlUnitContextFactory.java:352)
	at com.gargoylesoftware.htmlunit.javascript.JavaScriptEngine.compile(JavaScriptEngine.java:788)
	at com.gargoylesoftware.htmlunit.javascript.JavaScriptEngine.compile(JavaScriptEngine.java:754)
	at com.gargoylesoftware.htmlunit.javascript.JavaScriptEngine.compile(JavaScriptEngine.java:112)
	at com.gargoylesoftware.htmlunit.html.HtmlPage.loadJavaScriptFromUrl(HtmlPage.java:1122)
	at com.gargoylesoftware.htmlunit.html.HtmlPage.loadExternalJavaScriptFile(HtmlPage.java:1002)
	at com.gargoylesoftware.htmlunit.html.ScriptElementSupport.executeScriptIfNeeded(ScriptElementSupport.java:196)
	at com.gargoylesoftware.htmlunit.html.ScriptElementSupport$1.execute(ScriptElementSupport.java:120)
	at com.gargoylesoftware.htmlunit.html.ScriptElementSupport.onAllChildrenAddedToPage(ScriptElementSupport.java:143)
	at com.gargoylesoftware.htmlunit.html.HtmlScript.onAllChildrenAddedToPage(HtmlScript.java:191)
	at com.gargoylesoftware.htmlunit.html.parser.neko.HtmlUnitNekoDOMBuilder.endElement(HtmlUnitNekoDOMBuilder.java:551)
	at org.apache.xerces.parsers.AbstractSAXParser.endElement(Unknown Source)
	at com.gargoylesoftware.htmlunit.html.parser.neko.HtmlUnitNekoDOMBuilder.endElement(HtmlUnitNekoDOMBuilder.java:503)
	at net.sourceforge.htmlunit.cyberneko.HTMLTagBalancer.callEndElement(HTMLTagBalancer.java:1216)
	at net.sourceforge.htmlunit.cyberneko.HTMLTagBalancer.endElement(HTMLTagBalancer.java:1156)
	at net.sourceforge.htmlunit.cyberneko.filters.DefaultFilter.endElement(DefaultFilter.java:219)
	at net.sourceforge.htmlunit.cyberneko.filters.NamespaceBinder.endElement(NamespaceBinder.java:312)
	at net.sourceforge.htmlunit.cyberneko.HTMLScanner$ContentScanner.scanEndElement(HTMLScanner.java:3189)
	at net.sourceforge.htmlunit.cyberneko.HTMLScanner$ContentScanner.scan(HTMLScanner.java:2114)
	at net.sourceforge.htmlunit.cyberneko.HTMLScanner.scanDocument(HTMLScanner.java:937)
	at net.sourceforge.htmlunit.cyberneko.HTMLConfiguration.parse(HTMLConfiguration.java:443)
	at net.sourceforge.htmlunit.cyberneko.HTMLConfiguration.parse(HTMLConfiguration.java:394)
	at org.apache.xerces.parsers.XMLParser.parse(Unknown Source)
	at com.gargoylesoftware.htmlunit.html.parser.neko.HtmlUnitNekoDOMBuilder.parse(HtmlUnitNekoDOMBuilder.java:751)
	at com.gargoylesoftware.htmlunit.html.parser.neko.HtmlUnitNekoHtmlParser.parse(HtmlUnitNekoHtmlParser.java:208)
	at com.gargoylesoftware.htmlunit.DefaultPageCreator.createHtmlPage(DefaultPageCreator.java:297)
	at com.gargoylesoftware.htmlunit.DefaultPageCreator.createPage(DefaultPageCreator.java:217)
	at com.gargoylesoftware.htmlunit.WebClient.loadWebResponseInto(WebClient.java:684)
	at com.gargoylesoftware.htmlunit.WebClient.loadWebResponseInto(WebClient.java:586)
	at com.gargoylesoftware.htmlunit.WebClient.getPage(WebClient.java:501)
	at com.gargoylesoftware.htmlunit.WebClient.getPage(WebClient.java:413)
	at com.gargoylesoftware.htmlunit.WebClient.getPage(WebClient.java:548)
	at com.gargoylesoftware.htmlunit.WebClient.getPage(WebClient.java:529)
	at at.fhv.se.banking.view.BankingViewTests.fetchAccountPage(BankingViewTests.java:569)
	at at.fhv.se.banking.view.BankingViewTests.given_noaccount_when_viewdisplayinfoandalltransactions_then_showerrorpage(BankingViewTests.java:237)
	at java.base/jdk.internal.reflect.NativeMethodAccessorImpl.invoke0(Native Method)
	at java.base/jdk.internal.reflect.NativeMethodAccessorImpl.invoke(NativeMethodAccessorImpl.java:64)
	at java.base/jdk.internal.reflect.DelegatingMethodAccessorImpl.invoke(DelegatingMethodAccessorImpl.java:43)
	at java.base/java.lang.reflect.Method.invoke(Method.java:564)
	at org.junit.platform.commons.util.ReflectionUtils.invokeMethod(ReflectionUtils.java:688)
	at org.junit.jupiter.engine.execution.MethodInvocation.proceed(MethodInvocation.java:60)
	at org.junit.jupiter.engine.execution.InvocationInterceptorChain$ValidatingInvocation.proceed(InvocationInterceptorChain.java:131)
	at org.junit.jupiter.engine.extension.TimeoutExtension.intercept(TimeoutExtension.java:149)
	at org.junit.jupiter.engine.extension.TimeoutExtension.interceptTestableMethod(TimeoutExtension.java:140)
	at org.junit.jupiter.engine.extension.TimeoutExtension.interceptTestMethod(TimeoutExtension.java:84)
	at org.junit.jupiter.engine.execution.ExecutableInvoker$ReflectiveInterceptorCall.lambda$ofVoidMethod$0(ExecutableInvoker.java:115)
	at org.junit.jupiter.engine.execution.ExecutableInvoker.lambda$invoke$0(ExecutableInvoker.java:105)
	at org.junit.jupiter.engine.execution.InvocationInterceptorChain$InterceptedInvocation.proceed(InvocationInterceptorChain.java:106)
	at org.junit.jupiter.engine.execution.InvocationInterceptorChain.proceed(InvocationInterceptorChain.java:64)
	at org.junit.jupiter.engine.execution.InvocationInterceptorChain.chainAndInvoke(InvocationInterceptorChain.java:45)
	at org.junit.jupiter.engine.execution.InvocationInterceptorChain.invoke(InvocationInterceptorChain.java:37)
	at org.junit.jupiter.engine.execution.ExecutableInvoker.invoke(ExecutableInvoker.java:104)
	at org.junit.jupiter.engine.execution.ExecutableInvoker.invoke(ExecutableInvoker.java:98)
	at org.junit.jupiter.engine.descriptor.TestMethodTestDescriptor.lambda$invokeTestMethod$6(TestMethodTestDescriptor.java:210)
	at org.junit.platform.engine.support.hierarchical.ThrowableCollector.execute(ThrowableCollector.java:73)
	at org.junit.jupiter.engine.descriptor.TestMethodTestDescriptor.invokeTestMethod(TestMethodTestDescriptor.java:206)
	at org.junit.jupiter.engine.descriptor.TestMethodTestDescriptor.execute(TestMethodTestDescriptor.java:131)
	at org.junit.jupiter.engine.descriptor.TestMethodTestDescriptor.execute(TestMethodTestDescriptor.java:65)
	at org.junit.platform.engine.support.hierarchical.NodeTestTask.lambda$executeRecursively$5(NodeTestTask.java:139)
	at org.junit.platform.engine.support.hierarchical.ThrowableCollector.execute(ThrowableCollector.java:73)
	at org.junit.platform.engine.support.hierarchical.NodeTestTask.lambda$executeRecursively$7(NodeTestTask.java:129)
	at org.junit.platform.engine.support.hierarchical.Node.around(Node.java:137)
	at org.junit.platform.engine.support.hierarchical.NodeTestTask.lambda$executeRecursively$8(NodeTestTask.java:127)
	at org.junit.platform.engine.support.hierarchical.ThrowableCollector.execute(ThrowableCollector.java:73)
	at org.junit.platform.engine.support.hierarchical.NodeTestTask.executeRecursively(NodeTestTask.java:126)
	at org.junit.platform.engine.support.hierarchical.NodeTestTask.execute(NodeTestTask.java:84)
	at java.base/java.util.ArrayList.forEach(ArrayList.java:1511)
	at org.junit.platform.engine.support.hierarchical.SameThreadHierarchicalTestExecutorService.invokeAll(SameThreadHierarchicalTestExecutorService.java:38)
	at org.junit.platform.engine.support.hierarchical.NodeTestTask.lambda$executeRecursively$5(NodeTestTask.java:143)
	at org.junit.platform.engine.support.hierarchical.ThrowableCollector.execute(ThrowableCollector.java:73)
	at org.junit.platform.engine.support.hierarchical.NodeTestTask.lambda$executeRecursively$7(NodeTestTask.java:129)
	at org.junit.platform.engine.support.hierarchical.Node.around(Node.java:137)
	at org.junit.platform.engine.support.hierarchical.NodeTestTask.lambda$executeRecursively$8(NodeTestTask.java:127)
	at org.junit.platform.engine.support.hierarchical.ThrowableCollector.execute(ThrowableCollector.java:73)
	at org.junit.platform.engine.support.hierarchical.NodeTestTask.executeRecursively(NodeTestTask.java:126)
	at org.junit.platform.engine.support.hierarchical.NodeTestTask.execute(NodeTestTask.java:84)
	at java.base/java.util.ArrayList.forEach(ArrayList.java:1511)
	at org.junit.platform.engine.support.hierarchical.SameThreadHierarchicalTestExecutorService.invokeAll(SameThreadHierarchicalTestExecutorService.java:38)
	at org.junit.platform.engine.support.hierarchical.NodeTestTask.lambda$executeRecursively$5(NodeTestTask.java:143)
	at org.junit.platform.engine.support.hierarchical.ThrowableCollector.execute(ThrowableCollector.java:73)
	at org.junit.platform.engine.support.hierarchical.NodeTestTask.lambda$executeRecursively$7(NodeTestTask.java:129)
	at org.junit.platform.engine.support.hierarchical.Node.around(Node.java:137)
	at org.junit.platform.engine.support.hierarchical.NodeTestTask.lambda$executeRecursively$8(NodeTestTask.java:127)
	at org.junit.platform.engine.support.hierarchical.ThrowableCollector.execute(ThrowableCollector.java:73)
	at org.junit.platform.engine.support.hierarchical.NodeTestTask.executeRecursively(NodeTestTask.java:126)
	at org.junit.platform.engine.support.hierarchical.NodeTestTask.execute(NodeTestTask.java:84)
	at org.junit.platform.engine.support.hierarchical.SameThreadHierarchicalTestExecutorService.submit(SameThreadHierarchicalTestExecutorService.java:32)
	at org.junit.platform.engine.support.hierarchical.HierarchicalTestExecutor.execute(HierarchicalTestExecutor.java:57)
	at org.junit.platform.engine.support.hierarchical.HierarchicalTestEngine.execute(HierarchicalTestEngine.java:51)
	at org.junit.platform.launcher.core.EngineExecutionOrchestrator.execute(EngineExecutionOrchestrator.java:108)
	at org.junit.platform.launcher.core.EngineExecutionOrchestrator.execute(EngineExecutionOrchestrator.java:88)
	at org.junit.platform.launcher.core.EngineExecutionOrchestrator.lambda$execute$0(EngineExecutionOrchestrator.java:54)
	at org.junit.platform.launcher.core.EngineExecutionOrchestrator.withInterceptedStreams(EngineExecutionOrchestrator.java:67)
	at org.junit.platform.launcher.core.EngineExecutionOrchestrator.execute(EngineExecutionOrchestrator.java:52)
	at org.junit.platform.launcher.core.DefaultLauncher.execute(DefaultLauncher.java:96)
	at org.junit.platform.launcher.core.DefaultLauncher.execute(DefaultLauncher.java:75)
	at org.gradle.api.internal.tasks.testing.junitplatform.JUnitPlatformTestClassProcessor$CollectAllTestClassesExecutor.processAllTestClasses(JUnitPlatformTestClassProcessor.java:99)
	at org.gradle.api.internal.tasks.testing.junitplatform.JUnitPlatformTestClassProcessor$CollectAllTestClassesExecutor.access$000(JUnitPlatformTestClassProcessor.java:79)
	at org.gradle.api.internal.tasks.testing.junitplatform.JUnitPlatformTestClassProcessor.stop(JUnitPlatformTestClassProcessor.java:75)
	at org.gradle.api.internal.tasks.testing.SuiteTestClassProcessor.stop(SuiteTestClassProcessor.java:61)
	at java.base/jdk.internal.reflect.NativeMethodAccessorImpl.invoke0(Native Method)
	at java.base/jdk.internal.reflect.NativeMethodAccessorImpl.invoke(NativeMethodAccessorImpl.java:64)
	at java.base/jdk.internal.reflect.DelegatingMethodAccessorImpl.invoke(DelegatingMethodAccessorImpl.java:43)
	at java.base/java.lang.reflect.Method.invoke(Method.java:564)
	at org.gradle.internal.dispatch.ReflectionDispatch.dispatch(ReflectionDispatch.java:36)
	at org.gradle.internal.dispatch.ReflectionDispatch.dispatch(ReflectionDispatch.java:24)
	at org.gradle.internal.dispatch.ContextClassLoaderDispatch.dispatch(ContextClassLoaderDispatch.java:33)
	at org.gradle.internal.dispatch.ProxyDispatchAdapter$DispatchingInvocationHandler.invoke(ProxyDispatchAdapter.java:94)
	at com.sun.proxy.$Proxy5.stop(Unknown Source)
	at org.gradle.api.internal.tasks.testing.worker.TestWorker.stop(TestWorker.java:135)
	at java.base/jdk.internal.reflect.NativeMethodAccessorImpl.invoke0(Native Method)
	at java.base/jdk.internal.reflect.NativeMethodAccessorImpl.invoke(NativeMethodAccessorImpl.java:64)
	at java.base/jdk.internal.reflect.DelegatingMethodAccessorImpl.invoke(DelegatingMethodAccessorImpl.java:43)
	at java.base/java.lang.reflect.Method.invoke(Method.java:564)
	at org.gradle.internal.dispatch.ReflectionDispatch.dispatch(ReflectionDispatch.java:36)
	at org.gradle.internal.dispatch.ReflectionDispatch.dispatch(ReflectionDispatch.java:24)
	at org.gradle.internal.remote.internal.hub.MessageHubBackedObjectConnection$DispatchWrapper.dispatch(MessageHubBackedObjectConnection.java:182)
	at org.gradle.internal.remote.internal.hub.MessageHubBackedObjectConnection$DispatchWrapper.dispatch(MessageHubBackedObjectConnection.java:164)
	at org.gradle.internal.remote.internal.hub.MessageHub$Handler.run(MessageHub.java:414)
	at org.gradle.internal.concurrent.ExecutorPolicy$CatchAndRecordFailures.onExecute(ExecutorPolicy.java:64)
	at org.gradle.internal.concurrent.ManagedExecutorImpl$1.run(ManagedExecutorImpl.java:48)
	at java.base/java.util.concurrent.ThreadPoolExecutor.runWorker(ThreadPoolExecutor.java:1130)
	at java.base/java.util.concurrent.ThreadPoolExecutor$Worker.run(ThreadPoolExecutor.java:630)
	at org.gradle.internal.concurrent.ThreadFactoryImpl$ManagedThreadRunnable.run(ThreadFactoryImpl.java:56)
	at java.base/java.lang.Thread.run(Thread.java:832)
Caused by: net.sourceforge.htmlunit.corejs.javascript.EvaluatorException: missing formal parameter (https://cdn.jsdelivr.net/npm/bootstrap@5.1.3/dist/js/bootstrap.bundle.min.js#6)
	at com.gargoylesoftware.htmlunit.javascript.HtmlUnitContextFactory$HtmlUnitErrorReporter.error(HtmlUnitContextFactory.java:436)
	at net.sourceforge.htmlunit.corejs.javascript.Parser.addError(Parser.java:251)
	at net.sourceforge.htmlunit.corejs.javascript.Parser.reportError(Parser.java:330)
	at net.sourceforge.htmlunit.corejs.javascript.Parser.reportError(Parser.java:326)
	at net.sourceforge.htmlunit.corejs.javascript.Parser.arrowFunctionParams(Parser.java:1035)
	at net.sourceforge.htmlunit.corejs.javascript.Parser.arrowFunctionParams(Parser.java:1020)
	at net.sourceforge.htmlunit.corejs.javascript.Parser.arrowFunction(Parser.java:969)
	at net.sourceforge.htmlunit.corejs.javascript.Parser.assignExpr(Parser.java:2310)
	at net.sourceforge.htmlunit.corejs.javascript.Parser.variables(Parser.java:2122)
	at net.sourceforge.htmlunit.corejs.javascript.Parser.statementHelper(Parser.java:1191)
	at net.sourceforge.htmlunit.corejs.javascript.Parser.statement(Parser.java:1098)
	at net.sourceforge.htmlunit.corejs.javascript.Parser.parseFunctionBody(Parser.java:730)
	at net.sourceforge.htmlunit.corejs.javascript.Parser.function(Parser.java:905)
	at net.sourceforge.htmlunit.corejs.javascript.Parser.function(Parser.java:839)
	at net.sourceforge.htmlunit.corejs.javascript.Parser.primaryExpr(Parser.java:3035)
	at net.sourceforge.htmlunit.corejs.javascript.Parser.memberExpr(Parser.java:2665)
	at net.sourceforge.htmlunit.corejs.javascript.Parser.unaryExpr(Parser.java:2568)
	at net.sourceforge.htmlunit.corejs.javascript.Parser.expExpr(Parser.java:2488)
	at net.sourceforge.htmlunit.corejs.javascript.Parser.mulExpr(Parser.java:2471)
	at net.sourceforge.htmlunit.corejs.javascript.Parser.addExpr(Parser.java:2457)
	at net.sourceforge.htmlunit.corejs.javascript.Parser.shiftExpr(Parser.java:2440)
	at net.sourceforge.htmlunit.corejs.javascript.Parser.relExpr(Parser.java:2418)
	at net.sourceforge.htmlunit.corejs.javascript.Parser.eqExpr(Parser.java:2394)
	at net.sourceforge.htmlunit.corejs.javascript.Parser.bitAndExpr(Parser.java:2385)
	at net.sourceforge.htmlunit.corejs.javascript.Parser.bitXorExpr(Parser.java:2376)
	at net.sourceforge.htmlunit.corejs.javascript.Parser.bitOrExpr(Parser.java:2367)
	at net.sourceforge.htmlunit.corejs.javascript.Parser.andExpr(Parser.java:2358)
	at net.sourceforge.htmlunit.corejs.javascript.Parser.orExpr(Parser.java:2349)
	at net.sourceforge.htmlunit.corejs.javascript.Parser.condExpr(Parser.java:2316)
	at net.sourceforge.htmlunit.corejs.javascript.Parser.assignExpr(Parser.java:2274)
	at net.sourceforge.htmlunit.corejs.javascript.Parser.expr(Parser.java:2257)
	at net.sourceforge.htmlunit.corejs.javascript.Parser.parenExpr(Parser.java:3129)
	at net.sourceforge.htmlunit.corejs.javascript.Parser.primaryExpr(Parser.java:3051)
	at net.sourceforge.htmlunit.corejs.javascript.Parser.memberExpr(Parser.java:2665)
	at net.sourceforge.htmlunit.corejs.javascript.Parser.unaryExpr(Parser.java:2568)
	at net.sourceforge.htmlunit.corejs.javascript.Parser.expExpr(Parser.java:2488)
	at net.sourceforge.htmlunit.corejs.javascript.Parser.mulExpr(Parser.java:2471)
	at net.sourceforge.htmlunit.corejs.javascript.Parser.addExpr(Parser.java:2457)
	at net.sourceforge.htmlunit.corejs.javascript.Parser.shiftExpr(Parser.java:2440)
	at net.sourceforge.htmlunit.corejs.javascript.Parser.relExpr(Parser.java:2418)
	at net.sourceforge.htmlunit.corejs.javascript.Parser.eqExpr(Parser.java:2394)
	at net.sourceforge.htmlunit.corejs.javascript.Parser.bitAndExpr(Parser.java:2385)
	at net.sourceforge.htmlunit.corejs.javascript.Parser.bitXorExpr(Parser.java:2376)
	at net.sourceforge.htmlunit.corejs.javascript.Parser.bitOrExpr(Parser.java:2367)
	at net.sourceforge.htmlunit.corejs.javascript.Parser.andExpr(Parser.java:2358)
	at net.sourceforge.htmlunit.corejs.javascript.Parser.orExpr(Parser.java:2349)
	at net.sourceforge.htmlunit.corejs.javascript.Parser.condExpr(Parser.java:2316)
	at net.sourceforge.htmlunit.corejs.javascript.Parser.assignExpr(Parser.java:2274)
	at net.sourceforge.htmlunit.corejs.javascript.Parser.argumentList(Parser.java:2636)
	at net.sourceforge.htmlunit.corejs.javascript.Parser.memberExprTail(Parser.java:2780)
	at net.sourceforge.htmlunit.corejs.javascript.Parser.memberExpr(Parser.java:2700)
	at net.sourceforge.htmlunit.corejs.javascript.Parser.unaryExpr(Parser.java:2568)
	at net.sourceforge.htmlunit.corejs.javascript.Parser.unaryExpr(Parser.java:2523)
	at net.sourceforge.htmlunit.corejs.javascript.Parser.expExpr(Parser.java:2488)
	at net.sourceforge.htmlunit.corejs.javascript.Parser.mulExpr(Parser.java:2471)
	at net.sourceforge.htmlunit.corejs.javascript.Parser.addExpr(Parser.java:2457)
	at net.sourceforge.htmlunit.corejs.javascript.Parser.shiftExpr(Parser.java:2440)
	at net.sourceforge.htmlunit.corejs.javascript.Parser.relExpr(Parser.java:2418)
	at net.sourceforge.htmlunit.corejs.javascript.Parser.eqExpr(Parser.java:2394)
	at net.sourceforge.htmlunit.corejs.javascript.Parser.bitAndExpr(Parser.java:2385)
	at net.sourceforge.htmlunit.corejs.javascript.Parser.bitXorExpr(Parser.java:2376)
	at net.sourceforge.htmlunit.corejs.javascript.Parser.bitOrExpr(Parser.java:2367)
	at net.sourceforge.htmlunit.corejs.javascript.Parser.andExpr(Parser.java:2358)
	at net.sourceforge.htmlunit.corejs.javascript.Parser.orExpr(Parser.java:2349)
	at net.sourceforge.htmlunit.corejs.javascript.Parser.condExpr(Parser.java:2316)
	at net.sourceforge.htmlunit.corejs.javascript.Parser.assignExpr(Parser.java:2274)
	at net.sourceforge.htmlunit.corejs.javascript.Parser.expr(Parser.java:2257)
	at net.sourceforge.htmlunit.corejs.javascript.Parser.statementHelper(Parser.java:1243)
	at net.sourceforge.htmlunit.corejs.javascript.Parser.statement(Parser.java:1098)
	at net.sourceforge.htmlunit.corejs.javascript.Parser.parse(Parser.java:626)
	at net.sourceforge.htmlunit.corejs.javascript.Parser.parse(Parser.java:556)
	at net.sourceforge.htmlunit.corejs.javascript.Context.parse(Context.java:2496)
	at net.sourceforge.htmlunit.corejs.javascript.Context.compileImpl(Context.java:2427)
	at net.sourceforge.htmlunit.corejs.javascript.Context.compileString(Context.java:1415)
	at com.gargoylesoftware.htmlunit.javascript.HtmlUnitContextFactory$TimeoutContext.compileString(HtmlUnitContextFactory.java:222)
	at net.sourceforge.htmlunit.corejs.javascript.Context.compileString(Context.java:1403)
	at com.gargoylesoftware.htmlunit.javascript.JavaScriptEngine$1.doRun(JavaScriptEngine.java:779)
	at com.gargoylesoftware.htmlunit.javascript.JavaScriptEngine$HtmlUnitContextAction.run(JavaScriptEngine.java:942)
	... 127 common frames omitted
07:43:59.833 [Test worker] INFO  o.s.b.t.m.w.SpringBootMockServletContext - Initializing Spring TestDispatcherServlet ''
07:43:59.833 [Test worker] INFO  o.s.t.w.s.TestDispatcherServlet - Initializing Servlet ''
07:43:59.834 [Test worker] INFO  o.s.t.w.s.TestDispatcherServlet - Completed initialization in 1 ms
07:44:00.082 [Test worker] ERROR c.g.h.j.DefaultJavaScriptErrorListener - Error during JavaScript execution
com.gargoylesoftware.htmlunit.ScriptException: missing formal parameter (https://cdn.jsdelivr.net/npm/bootstrap@5.1.3/dist/js/bootstrap.bundle.min.js#6)
	at com.gargoylesoftware.htmlunit.javascript.JavaScriptEngine$HtmlUnitContextAction.run(JavaScriptEngine.java:960)
	at net.sourceforge.htmlunit.corejs.javascript.Context.call(Context.java:581)
	at net.sourceforge.htmlunit.corejs.javascript.ContextFactory.call(ContextFactory.java:481)
	at com.gargoylesoftware.htmlunit.javascript.HtmlUnitContextFactory.callSecured(HtmlUnitContextFactory.java:352)
	at com.gargoylesoftware.htmlunit.javascript.JavaScriptEngine.compile(JavaScriptEngine.java:788)
	at com.gargoylesoftware.htmlunit.javascript.JavaScriptEngine.compile(JavaScriptEngine.java:754)
	at com.gargoylesoftware.htmlunit.javascript.JavaScriptEngine.compile(JavaScriptEngine.java:112)
	at com.gargoylesoftware.htmlunit.html.HtmlPage.loadJavaScriptFromUrl(HtmlPage.java:1122)
	at com.gargoylesoftware.htmlunit.html.HtmlPage.loadExternalJavaScriptFile(HtmlPage.java:1002)
	at com.gargoylesoftware.htmlunit.html.ScriptElementSupport.executeScriptIfNeeded(ScriptElementSupport.java:196)
	at com.gargoylesoftware.htmlunit.html.ScriptElementSupport$1.execute(ScriptElementSupport.java:120)
	at com.gargoylesoftware.htmlunit.html.ScriptElementSupport.onAllChildrenAddedToPage(ScriptElementSupport.java:143)
	at com.gargoylesoftware.htmlunit.html.HtmlScript.onAllChildrenAddedToPage(HtmlScript.java:191)
	at com.gargoylesoftware.htmlunit.html.parser.neko.HtmlUnitNekoDOMBuilder.endElement(HtmlUnitNekoDOMBuilder.java:551)
	at org.apache.xerces.parsers.AbstractSAXParser.endElement(Unknown Source)
	at com.gargoylesoftware.htmlunit.html.parser.neko.HtmlUnitNekoDOMBuilder.endElement(HtmlUnitNekoDOMBuilder.java:503)
	at net.sourceforge.htmlunit.cyberneko.HTMLTagBalancer.callEndElement(HTMLTagBalancer.java:1216)
	at net.sourceforge.htmlunit.cyberneko.HTMLTagBalancer.endElement(HTMLTagBalancer.java:1156)
	at net.sourceforge.htmlunit.cyberneko.filters.DefaultFilter.endElement(DefaultFilter.java:219)
	at net.sourceforge.htmlunit.cyberneko.filters.NamespaceBinder.endElement(NamespaceBinder.java:312)
	at net.sourceforge.htmlunit.cyberneko.HTMLScanner$ContentScanner.scanEndElement(HTMLScanner.java:3189)
	at net.sourceforge.htmlunit.cyberneko.HTMLScanner$ContentScanner.scan(HTMLScanner.java:2114)
	at net.sourceforge.htmlunit.cyberneko.HTMLScanner.scanDocument(HTMLScanner.java:937)
	at net.sourceforge.htmlunit.cyberneko.HTMLConfiguration.parse(HTMLConfiguration.java:443)
	at net.sourceforge.htmlunit.cyberneko.HTMLConfiguration.parse(HTMLConfiguration.java:394)
	at org.apache.xerces.parsers.XMLParser.parse(Unknown Source)
	at com.gargoylesoftware.htmlunit.html.parser.neko.HtmlUnitNekoDOMBuilder.parse(HtmlUnitNekoDOMBuilder.java:751)
	at com.gargoylesoftware.htmlunit.html.parser.neko.HtmlUnitNekoHtmlParser.parse(HtmlUnitNekoHtmlParser.java:208)
	at com.gargoylesoftware.htmlunit.DefaultPageCreator.createHtmlPage(DefaultPageCreator.java:297)
	at com.gargoylesoftware.htmlunit.DefaultPageCreator.createPage(DefaultPageCreator.java:217)
	at com.gargoylesoftware.htmlunit.WebClient.loadWebResponseInto(WebClient.java:684)
	at com.gargoylesoftware.htmlunit.WebClient.loadWebResponseInto(WebClient.java:586)
	at com.gargoylesoftware.htmlunit.WebClient.getPage(WebClient.java:501)
	at com.gargoylesoftware.htmlunit.WebClient.getPage(WebClient.java:413)
	at com.gargoylesoftware.htmlunit.WebClient.getPage(WebClient.java:548)
	at com.gargoylesoftware.htmlunit.WebClient.getPage(WebClient.java:529)
	at at.fhv.se.banking.view.BankingViewTests.fetchAccountPage(BankingViewTests.java:569)
	at at.fhv.se.banking.view.BankingViewTests.given_account_when_withdraw_thendisplaynewbalance(BankingViewTests.java:403)
	at java.base/jdk.internal.reflect.NativeMethodAccessorImpl.invoke0(Native Method)
	at java.base/jdk.internal.reflect.NativeMethodAccessorImpl.invoke(NativeMethodAccessorImpl.java:64)
	at java.base/jdk.internal.reflect.DelegatingMethodAccessorImpl.invoke(DelegatingMethodAccessorImpl.java:43)
	at java.base/java.lang.reflect.Method.invoke(Method.java:564)
	at org.junit.platform.commons.util.ReflectionUtils.invokeMethod(ReflectionUtils.java:688)
	at org.junit.jupiter.engine.execution.MethodInvocation.proceed(MethodInvocation.java:60)
	at org.junit.jupiter.engine.execution.InvocationInterceptorChain$ValidatingInvocation.proceed(InvocationInterceptorChain.java:131)
	at org.junit.jupiter.engine.extension.TimeoutExtension.intercept(TimeoutExtension.java:149)
	at org.junit.jupiter.engine.extension.TimeoutExtension.interceptTestableMethod(TimeoutExtension.java:140)
	at org.junit.jupiter.engine.extension.TimeoutExtension.interceptTestMethod(TimeoutExtension.java:84)
	at org.junit.jupiter.engine.execution.ExecutableInvoker$ReflectiveInterceptorCall.lambda$ofVoidMethod$0(ExecutableInvoker.java:115)
	at org.junit.jupiter.engine.execution.ExecutableInvoker.lambda$invoke$0(ExecutableInvoker.java:105)
	at org.junit.jupiter.engine.execution.InvocationInterceptorChain$InterceptedInvocation.proceed(InvocationInterceptorChain.java:106)
	at org.junit.jupiter.engine.execution.InvocationInterceptorChain.proceed(InvocationInterceptorChain.java:64)
	at org.junit.jupiter.engine.execution.InvocationInterceptorChain.chainAndInvoke(InvocationInterceptorChain.java:45)
	at org.junit.jupiter.engine.execution.InvocationInterceptorChain.invoke(InvocationInterceptorChain.java:37)
	at org.junit.jupiter.engine.execution.ExecutableInvoker.invoke(ExecutableInvoker.java:104)
	at org.junit.jupiter.engine.execution.ExecutableInvoker.invoke(ExecutableInvoker.java:98)
	at org.junit.jupiter.engine.descriptor.TestMethodTestDescriptor.lambda$invokeTestMethod$6(TestMethodTestDescriptor.java:210)
	at org.junit.platform.engine.support.hierarchical.ThrowableCollector.execute(ThrowableCollector.java:73)
	at org.junit.jupiter.engine.descriptor.TestMethodTestDescriptor.invokeTestMethod(TestMethodTestDescriptor.java:206)
	at org.junit.jupiter.engine.descriptor.TestMethodTestDescriptor.execute(TestMethodTestDescriptor.java:131)
	at org.junit.jupiter.engine.descriptor.TestMethodTestDescriptor.execute(TestMethodTestDescriptor.java:65)
	at org.junit.platform.engine.support.hierarchical.NodeTestTask.lambda$executeRecursively$5(NodeTestTask.java:139)
	at org.junit.platform.engine.support.hierarchical.ThrowableCollector.execute(ThrowableCollector.java:73)
	at org.junit.platform.engine.support.hierarchical.NodeTestTask.lambda$executeRecursively$7(NodeTestTask.java:129)
	at org.junit.platform.engine.support.hierarchical.Node.around(Node.java:137)
	at org.junit.platform.engine.support.hierarchical.NodeTestTask.lambda$executeRecursively$8(NodeTestTask.java:127)
	at org.junit.platform.engine.support.hierarchical.ThrowableCollector.execute(ThrowableCollector.java:73)
	at org.junit.platform.engine.support.hierarchical.NodeTestTask.executeRecursively(NodeTestTask.java:126)
	at org.junit.platform.engine.support.hierarchical.NodeTestTask.execute(NodeTestTask.java:84)
	at java.base/java.util.ArrayList.forEach(ArrayList.java:1511)
	at org.junit.platform.engine.support.hierarchical.SameThreadHierarchicalTestExecutorService.invokeAll(SameThreadHierarchicalTestExecutorService.java:38)
	at org.junit.platform.engine.support.hierarchical.NodeTestTask.lambda$executeRecursively$5(NodeTestTask.java:143)
	at org.junit.platform.engine.support.hierarchical.ThrowableCollector.execute(ThrowableCollector.java:73)
	at org.junit.platform.engine.support.hierarchical.NodeTestTask.lambda$executeRecursively$7(NodeTestTask.java:129)
	at org.junit.platform.engine.support.hierarchical.Node.around(Node.java:137)
	at org.junit.platform.engine.support.hierarchical.NodeTestTask.lambda$executeRecursively$8(NodeTestTask.java:127)
	at org.junit.platform.engine.support.hierarchical.ThrowableCollector.execute(ThrowableCollector.java:73)
	at org.junit.platform.engine.support.hierarchical.NodeTestTask.executeRecursively(NodeTestTask.java:126)
	at org.junit.platform.engine.support.hierarchical.NodeTestTask.execute(NodeTestTask.java:84)
	at java.base/java.util.ArrayList.forEach(ArrayList.java:1511)
	at org.junit.platform.engine.support.hierarchical.SameThreadHierarchicalTestExecutorService.invokeAll(SameThreadHierarchicalTestExecutorService.java:38)
	at org.junit.platform.engine.support.hierarchical.NodeTestTask.lambda$executeRecursively$5(NodeTestTask.java:143)
	at org.junit.platform.engine.support.hierarchical.ThrowableCollector.execute(ThrowableCollector.java:73)
	at org.junit.platform.engine.support.hierarchical.NodeTestTask.lambda$executeRecursively$7(NodeTestTask.java:129)
	at org.junit.platform.engine.support.hierarchical.Node.around(Node.java:137)
	at org.junit.platform.engine.support.hierarchical.NodeTestTask.lambda$executeRecursively$8(NodeTestTask.java:127)
	at org.junit.platform.engine.support.hierarchical.ThrowableCollector.execute(ThrowableCollector.java:73)
	at org.junit.platform.engine.support.hierarchical.NodeTestTask.executeRecursively(NodeTestTask.java:126)
	at org.junit.platform.engine.support.hierarchical.NodeTestTask.execute(NodeTestTask.java:84)
	at org.junit.platform.engine.support.hierarchical.SameThreadHierarchicalTestExecutorService.submit(SameThreadHierarchicalTestExecutorService.java:32)
	at org.junit.platform.engine.support.hierarchical.HierarchicalTestExecutor.execute(HierarchicalTestExecutor.java:57)
	at org.junit.platform.engine.support.hierarchical.HierarchicalTestEngine.execute(HierarchicalTestEngine.java:51)
	at org.junit.platform.launcher.core.EngineExecutionOrchestrator.execute(EngineExecutionOrchestrator.java:108)
	at org.junit.platform.launcher.core.EngineExecutionOrchestrator.execute(EngineExecutionOrchestrator.java:88)
	at org.junit.platform.launcher.core.EngineExecutionOrchestrator.lambda$execute$0(EngineExecutionOrchestrator.java:54)
	at org.junit.platform.launcher.core.EngineExecutionOrchestrator.withInterceptedStreams(EngineExecutionOrchestrator.java:67)
	at org.junit.platform.launcher.core.EngineExecutionOrchestrator.execute(EngineExecutionOrchestrator.java:52)
	at org.junit.platform.launcher.core.DefaultLauncher.execute(DefaultLauncher.java:96)
	at org.junit.platform.launcher.core.DefaultLauncher.execute(DefaultLauncher.java:75)
	at org.gradle.api.internal.tasks.testing.junitplatform.JUnitPlatformTestClassProcessor$CollectAllTestClassesExecutor.processAllTestClasses(JUnitPlatformTestClassProcessor.java:99)
	at org.gradle.api.internal.tasks.testing.junitplatform.JUnitPlatformTestClassProcessor$CollectAllTestClassesExecutor.access$000(JUnitPlatformTestClassProcessor.java:79)
	at org.gradle.api.internal.tasks.testing.junitplatform.JUnitPlatformTestClassProcessor.stop(JUnitPlatformTestClassProcessor.java:75)
	at org.gradle.api.internal.tasks.testing.SuiteTestClassProcessor.stop(SuiteTestClassProcessor.java:61)
	at java.base/jdk.internal.reflect.NativeMethodAccessorImpl.invoke0(Native Method)
	at java.base/jdk.internal.reflect.NativeMethodAccessorImpl.invoke(NativeMethodAccessorImpl.java:64)
	at java.base/jdk.internal.reflect.DelegatingMethodAccessorImpl.invoke(DelegatingMethodAccessorImpl.java:43)
	at java.base/java.lang.reflect.Method.invoke(Method.java:564)
	at org.gradle.internal.dispatch.ReflectionDispatch.dispatch(ReflectionDispatch.java:36)
	at org.gradle.internal.dispatch.ReflectionDispatch.dispatch(ReflectionDispatch.java:24)
	at org.gradle.internal.dispatch.ContextClassLoaderDispatch.dispatch(ContextClassLoaderDispatch.java:33)
	at org.gradle.internal.dispatch.ProxyDispatchAdapter$DispatchingInvocationHandler.invoke(ProxyDispatchAdapter.java:94)
	at com.sun.proxy.$Proxy5.stop(Unknown Source)
	at org.gradle.api.internal.tasks.testing.worker.TestWorker.stop(TestWorker.java:135)
	at java.base/jdk.internal.reflect.NativeMethodAccessorImpl.invoke0(Native Method)
	at java.base/jdk.internal.reflect.NativeMethodAccessorImpl.invoke(NativeMethodAccessorImpl.java:64)
	at java.base/jdk.internal.reflect.DelegatingMethodAccessorImpl.invoke(DelegatingMethodAccessorImpl.java:43)
	at java.base/java.lang.reflect.Method.invoke(Method.java:564)
	at org.gradle.internal.dispatch.ReflectionDispatch.dispatch(ReflectionDispatch.java:36)
	at org.gradle.internal.dispatch.ReflectionDispatch.dispatch(ReflectionDispatch.java:24)
	at org.gradle.internal.remote.internal.hub.MessageHubBackedObjectConnection$DispatchWrapper.dispatch(MessageHubBackedObjectConnection.java:182)
	at org.gradle.internal.remote.internal.hub.MessageHubBackedObjectConnection$DispatchWrapper.dispatch(MessageHubBackedObjectConnection.java:164)
	at org.gradle.internal.remote.internal.hub.MessageHub$Handler.run(MessageHub.java:414)
	at org.gradle.internal.concurrent.ExecutorPolicy$CatchAndRecordFailures.onExecute(ExecutorPolicy.java:64)
	at org.gradle.internal.concurrent.ManagedExecutorImpl$1.run(ManagedExecutorImpl.java:48)
	at java.base/java.util.concurrent.ThreadPoolExecutor.runWorker(ThreadPoolExecutor.java:1130)
	at java.base/java.util.concurrent.ThreadPoolExecutor$Worker.run(ThreadPoolExecutor.java:630)
	at org.gradle.internal.concurrent.ThreadFactoryImpl$ManagedThreadRunnable.run(ThreadFactoryImpl.java:56)
	at java.base/java.lang.Thread.run(Thread.java:832)
Caused by: net.sourceforge.htmlunit.corejs.javascript.EvaluatorException: missing formal parameter (https://cdn.jsdelivr.net/npm/bootstrap@5.1.3/dist/js/bootstrap.bundle.min.js#6)
	at com.gargoylesoftware.htmlunit.javascript.HtmlUnitContextFactory$HtmlUnitErrorReporter.error(HtmlUnitContextFactory.java:436)
	at net.sourceforge.htmlunit.corejs.javascript.Parser.addError(Parser.java:251)
	at net.sourceforge.htmlunit.corejs.javascript.Parser.reportError(Parser.java:330)
	at net.sourceforge.htmlunit.corejs.javascript.Parser.reportError(Parser.java:326)
	at net.sourceforge.htmlunit.corejs.javascript.Parser.arrowFunctionParams(Parser.java:1035)
	at net.sourceforge.htmlunit.corejs.javascript.Parser.arrowFunctionParams(Parser.java:1020)
	at net.sourceforge.htmlunit.corejs.javascript.Parser.arrowFunction(Parser.java:969)
	at net.sourceforge.htmlunit.corejs.javascript.Parser.assignExpr(Parser.java:2310)
	at net.sourceforge.htmlunit.corejs.javascript.Parser.variables(Parser.java:2122)
	at net.sourceforge.htmlunit.corejs.javascript.Parser.statementHelper(Parser.java:1191)
	at net.sourceforge.htmlunit.corejs.javascript.Parser.statement(Parser.java:1098)
	at net.sourceforge.htmlunit.corejs.javascript.Parser.parseFunctionBody(Parser.java:730)
	at net.sourceforge.htmlunit.corejs.javascript.Parser.function(Parser.java:905)
	at net.sourceforge.htmlunit.corejs.javascript.Parser.function(Parser.java:839)
	at net.sourceforge.htmlunit.corejs.javascript.Parser.primaryExpr(Parser.java:3035)
	at net.sourceforge.htmlunit.corejs.javascript.Parser.memberExpr(Parser.java:2665)
	at net.sourceforge.htmlunit.corejs.javascript.Parser.unaryExpr(Parser.java:2568)
	at net.sourceforge.htmlunit.corejs.javascript.Parser.expExpr(Parser.java:2488)
	at net.sourceforge.htmlunit.corejs.javascript.Parser.mulExpr(Parser.java:2471)
	at net.sourceforge.htmlunit.corejs.javascript.Parser.addExpr(Parser.java:2457)
	at net.sourceforge.htmlunit.corejs.javascript.Parser.shiftExpr(Parser.java:2440)
	at net.sourceforge.htmlunit.corejs.javascript.Parser.relExpr(Parser.java:2418)
	at net.sourceforge.htmlunit.corejs.javascript.Parser.eqExpr(Parser.java:2394)
	at net.sourceforge.htmlunit.corejs.javascript.Parser.bitAndExpr(Parser.java:2385)
	at net.sourceforge.htmlunit.corejs.javascript.Parser.bitXorExpr(Parser.java:2376)
	at net.sourceforge.htmlunit.corejs.javascript.Parser.bitOrExpr(Parser.java:2367)
	at net.sourceforge.htmlunit.corejs.javascript.Parser.andExpr(Parser.java:2358)
	at net.sourceforge.htmlunit.corejs.javascript.Parser.orExpr(Parser.java:2349)
	at net.sourceforge.htmlunit.corejs.javascript.Parser.condExpr(Parser.java:2316)
	at net.sourceforge.htmlunit.corejs.javascript.Parser.assignExpr(Parser.java:2274)
	at net.sourceforge.htmlunit.corejs.javascript.Parser.expr(Parser.java:2257)
	at net.sourceforge.htmlunit.corejs.javascript.Parser.parenExpr(Parser.java:3129)
	at net.sourceforge.htmlunit.corejs.javascript.Parser.primaryExpr(Parser.java:3051)
	at net.sourceforge.htmlunit.corejs.javascript.Parser.memberExpr(Parser.java:2665)
	at net.sourceforge.htmlunit.corejs.javascript.Parser.unaryExpr(Parser.java:2568)
	at net.sourceforge.htmlunit.corejs.javascript.Parser.expExpr(Parser.java:2488)
	at net.sourceforge.htmlunit.corejs.javascript.Parser.mulExpr(Parser.java:2471)
	at net.sourceforge.htmlunit.corejs.javascript.Parser.addExpr(Parser.java:2457)
	at net.sourceforge.htmlunit.corejs.javascript.Parser.shiftExpr(Parser.java:2440)
	at net.sourceforge.htmlunit.corejs.javascript.Parser.relExpr(Parser.java:2418)
	at net.sourceforge.htmlunit.corejs.javascript.Parser.eqExpr(Parser.java:2394)
	at net.sourceforge.htmlunit.corejs.javascript.Parser.bitAndExpr(Parser.java:2385)
	at net.sourceforge.htmlunit.corejs.javascript.Parser.bitXorExpr(Parser.java:2376)
	at net.sourceforge.htmlunit.corejs.javascript.Parser.bitOrExpr(Parser.java:2367)
	at net.sourceforge.htmlunit.corejs.javascript.Parser.andExpr(Parser.java:2358)
	at net.sourceforge.htmlunit.corejs.javascript.Parser.orExpr(Parser.java:2349)
	at net.sourceforge.htmlunit.corejs.javascript.Parser.condExpr(Parser.java:2316)
	at net.sourceforge.htmlunit.corejs.javascript.Parser.assignExpr(Parser.java:2274)
	at net.sourceforge.htmlunit.corejs.javascript.Parser.argumentList(Parser.java:2636)
	at net.sourceforge.htmlunit.corejs.javascript.Parser.memberExprTail(Parser.java:2780)
	at net.sourceforge.htmlunit.corejs.javascript.Parser.memberExpr(Parser.java:2700)
	at net.sourceforge.htmlunit.corejs.javascript.Parser.unaryExpr(Parser.java:2568)
	at net.sourceforge.htmlunit.corejs.javascript.Parser.unaryExpr(Parser.java:2523)
	at net.sourceforge.htmlunit.corejs.javascript.Parser.expExpr(Parser.java:2488)
	at net.sourceforge.htmlunit.corejs.javascript.Parser.mulExpr(Parser.java:2471)
	at net.sourceforge.htmlunit.corejs.javascript.Parser.addExpr(Parser.java:2457)
	at net.sourceforge.htmlunit.corejs.javascript.Parser.shiftExpr(Parser.java:2440)
	at net.sourceforge.htmlunit.corejs.javascript.Parser.relExpr(Parser.java:2418)
	at net.sourceforge.htmlunit.corejs.javascript.Parser.eqExpr(Parser.java:2394)
	at net.sourceforge.htmlunit.corejs.javascript.Parser.bitAndExpr(Parser.java:2385)
	at net.sourceforge.htmlunit.corejs.javascript.Parser.bitXorExpr(Parser.java:2376)
	at net.sourceforge.htmlunit.corejs.javascript.Parser.bitOrExpr(Parser.java:2367)
	at net.sourceforge.htmlunit.corejs.javascript.Parser.andExpr(Parser.java:2358)
	at net.sourceforge.htmlunit.corejs.javascript.Parser.orExpr(Parser.java:2349)
	at net.sourceforge.htmlunit.corejs.javascript.Parser.condExpr(Parser.java:2316)
	at net.sourceforge.htmlunit.corejs.javascript.Parser.assignExpr(Parser.java:2274)
	at net.sourceforge.htmlunit.corejs.javascript.Parser.expr(Parser.java:2257)
	at net.sourceforge.htmlunit.corejs.javascript.Parser.statementHelper(Parser.java:1243)
	at net.sourceforge.htmlunit.corejs.javascript.Parser.statement(Parser.java:1098)
	at net.sourceforge.htmlunit.corejs.javascript.Parser.parse(Parser.java:626)
	at net.sourceforge.htmlunit.corejs.javascript.Parser.parse(Parser.java:556)
	at net.sourceforge.htmlunit.corejs.javascript.Context.parse(Context.java:2496)
	at net.sourceforge.htmlunit.corejs.javascript.Context.compileImpl(Context.java:2427)
	at net.sourceforge.htmlunit.corejs.javascript.Context.compileString(Context.java:1415)
	at com.gargoylesoftware.htmlunit.javascript.HtmlUnitContextFactory$TimeoutContext.compileString(HtmlUnitContextFactory.java:222)
	at net.sourceforge.htmlunit.corejs.javascript.Context.compileString(Context.java:1403)
	at com.gargoylesoftware.htmlunit.javascript.JavaScriptEngine$1.doRun(JavaScriptEngine.java:779)
	at com.gargoylesoftware.htmlunit.javascript.JavaScriptEngine$HtmlUnitContextAction.run(JavaScriptEngine.java:942)
	... 127 common frames omitted
07:44:00.291 [Test worker] ERROR c.g.h.j.DefaultJavaScriptErrorListener - Error during JavaScript execution
com.gargoylesoftware.htmlunit.ScriptException: missing formal parameter (https://cdn.jsdelivr.net/npm/bootstrap@5.1.3/dist/js/bootstrap.bundle.min.js#6)
	at com.gargoylesoftware.htmlunit.javascript.JavaScriptEngine$HtmlUnitContextAction.run(JavaScriptEngine.java:960)
	at net.sourceforge.htmlunit.corejs.javascript.Context.call(Context.java:581)
	at net.sourceforge.htmlunit.corejs.javascript.ContextFactory.call(ContextFactory.java:481)
	at com.gargoylesoftware.htmlunit.javascript.HtmlUnitContextFactory.callSecured(HtmlUnitContextFactory.java:352)
	at com.gargoylesoftware.htmlunit.javascript.JavaScriptEngine.compile(JavaScriptEngine.java:788)
	at com.gargoylesoftware.htmlunit.javascript.JavaScriptEngine.compile(JavaScriptEngine.java:754)
	at com.gargoylesoftware.htmlunit.javascript.JavaScriptEngine.compile(JavaScriptEngine.java:112)
	at com.gargoylesoftware.htmlunit.html.HtmlPage.loadJavaScriptFromUrl(HtmlPage.java:1122)
	at com.gargoylesoftware.htmlunit.html.HtmlPage.loadExternalJavaScriptFile(HtmlPage.java:1002)
	at com.gargoylesoftware.htmlunit.html.ScriptElementSupport.executeScriptIfNeeded(ScriptElementSupport.java:196)
	at com.gargoylesoftware.htmlunit.html.ScriptElementSupport$1.execute(ScriptElementSupport.java:120)
	at com.gargoylesoftware.htmlunit.html.ScriptElementSupport.onAllChildrenAddedToPage(ScriptElementSupport.java:143)
	at com.gargoylesoftware.htmlunit.html.HtmlScript.onAllChildrenAddedToPage(HtmlScript.java:191)
	at com.gargoylesoftware.htmlunit.html.parser.neko.HtmlUnitNekoDOMBuilder.endElement(HtmlUnitNekoDOMBuilder.java:551)
	at org.apache.xerces.parsers.AbstractSAXParser.endElement(Unknown Source)
	at com.gargoylesoftware.htmlunit.html.parser.neko.HtmlUnitNekoDOMBuilder.endElement(HtmlUnitNekoDOMBuilder.java:503)
	at net.sourceforge.htmlunit.cyberneko.HTMLTagBalancer.callEndElement(HTMLTagBalancer.java:1216)
	at net.sourceforge.htmlunit.cyberneko.HTMLTagBalancer.endElement(HTMLTagBalancer.java:1156)
	at net.sourceforge.htmlunit.cyberneko.filters.DefaultFilter.endElement(DefaultFilter.java:219)
	at net.sourceforge.htmlunit.cyberneko.filters.NamespaceBinder.endElement(NamespaceBinder.java:312)
	at net.sourceforge.htmlunit.cyberneko.HTMLScanner$ContentScanner.scanEndElement(HTMLScanner.java:3189)
	at net.sourceforge.htmlunit.cyberneko.HTMLScanner$ContentScanner.scan(HTMLScanner.java:2114)
	at net.sourceforge.htmlunit.cyberneko.HTMLScanner.scanDocument(HTMLScanner.java:937)
	at net.sourceforge.htmlunit.cyberneko.HTMLConfiguration.parse(HTMLConfiguration.java:443)
	at net.sourceforge.htmlunit.cyberneko.HTMLConfiguration.parse(HTMLConfiguration.java:394)
	at org.apache.xerces.parsers.XMLParser.parse(Unknown Source)
	at com.gargoylesoftware.htmlunit.html.parser.neko.HtmlUnitNekoDOMBuilder.parse(HtmlUnitNekoDOMBuilder.java:751)
	at com.gargoylesoftware.htmlunit.html.parser.neko.HtmlUnitNekoHtmlParser.parse(HtmlUnitNekoHtmlParser.java:208)
	at com.gargoylesoftware.htmlunit.DefaultPageCreator.createHtmlPage(DefaultPageCreator.java:297)
	at com.gargoylesoftware.htmlunit.DefaultPageCreator.createPage(DefaultPageCreator.java:217)
	at com.gargoylesoftware.htmlunit.WebClient.loadWebResponseInto(WebClient.java:684)
	at com.gargoylesoftware.htmlunit.WebClient.loadDownloadedResponses(WebClient.java:2517)
	at com.gargoylesoftware.htmlunit.javascript.JavaScriptEngine.doProcessPostponedActions(JavaScriptEngine.java:988)
	at com.gargoylesoftware.htmlunit.javascript.JavaScriptEngine.processPostponedActions(JavaScriptEngine.java:1110)
	at com.gargoylesoftware.htmlunit.html.DomElement.click(DomElement.java:1101)
	at com.gargoylesoftware.htmlunit.html.DomElement.click(DomElement.java:1032)
	at com.gargoylesoftware.htmlunit.html.DomElement.click(DomElement.java:918)
	at com.gargoylesoftware.htmlunit.html.DomElement.click(DomElement.java:895)
	at com.gargoylesoftware.htmlunit.html.DomElement.click(DomElement.java:872)
	at at.fhv.se.banking.view.BankingViewTests.given_account_when_withdraw_thendisplaynewbalance(BankingViewTests.java:413)
	at java.base/jdk.internal.reflect.NativeMethodAccessorImpl.invoke0(Native Method)
	at java.base/jdk.internal.reflect.NativeMethodAccessorImpl.invoke(NativeMethodAccessorImpl.java:64)
	at java.base/jdk.internal.reflect.DelegatingMethodAccessorImpl.invoke(DelegatingMethodAccessorImpl.java:43)
	at java.base/java.lang.reflect.Method.invoke(Method.java:564)
	at org.junit.platform.commons.util.ReflectionUtils.invokeMethod(ReflectionUtils.java:688)
	at org.junit.jupiter.engine.execution.MethodInvocation.proceed(MethodInvocation.java:60)
	at org.junit.jupiter.engine.execution.InvocationInterceptorChain$ValidatingInvocation.proceed(InvocationInterceptorChain.java:131)
	at org.junit.jupiter.engine.extension.TimeoutExtension.intercept(TimeoutExtension.java:149)
	at org.junit.jupiter.engine.extension.TimeoutExtension.interceptTestableMethod(TimeoutExtension.java:140)
	at org.junit.jupiter.engine.extension.TimeoutExtension.interceptTestMethod(TimeoutExtension.java:84)
	at org.junit.jupiter.engine.execution.ExecutableInvoker$ReflectiveInterceptorCall.lambda$ofVoidMethod$0(ExecutableInvoker.java:115)
	at org.junit.jupiter.engine.execution.ExecutableInvoker.lambda$invoke$0(ExecutableInvoker.java:105)
	at org.junit.jupiter.engine.execution.InvocationInterceptorChain$InterceptedInvocation.proceed(InvocationInterceptorChain.java:106)
	at org.junit.jupiter.engine.execution.InvocationInterceptorChain.proceed(InvocationInterceptorChain.java:64)
	at org.junit.jupiter.engine.execution.InvocationInterceptorChain.chainAndInvoke(InvocationInterceptorChain.java:45)
	at org.junit.jupiter.engine.execution.InvocationInterceptorChain.invoke(InvocationInterceptorChain.java:37)
	at org.junit.jupiter.engine.execution.ExecutableInvoker.invoke(ExecutableInvoker.java:104)
	at org.junit.jupiter.engine.execution.ExecutableInvoker.invoke(ExecutableInvoker.java:98)
	at org.junit.jupiter.engine.descriptor.TestMethodTestDescriptor.lambda$invokeTestMethod$6(TestMethodTestDescriptor.java:210)
	at org.junit.platform.engine.support.hierarchical.ThrowableCollector.execute(ThrowableCollector.java:73)
	at org.junit.jupiter.engine.descriptor.TestMethodTestDescriptor.invokeTestMethod(TestMethodTestDescriptor.java:206)
	at org.junit.jupiter.engine.descriptor.TestMethodTestDescriptor.execute(TestMethodTestDescriptor.java:131)
	at org.junit.jupiter.engine.descriptor.TestMethodTestDescriptor.execute(TestMethodTestDescriptor.java:65)
	at org.junit.platform.engine.support.hierarchical.NodeTestTask.lambda$executeRecursively$5(NodeTestTask.java:139)
	at org.junit.platform.engine.support.hierarchical.ThrowableCollector.execute(ThrowableCollector.java:73)
	at org.junit.platform.engine.support.hierarchical.NodeTestTask.lambda$executeRecursively$7(NodeTestTask.java:129)
	at org.junit.platform.engine.support.hierarchical.Node.around(Node.java:137)
	at org.junit.platform.engine.support.hierarchical.NodeTestTask.lambda$executeRecursively$8(NodeTestTask.java:127)
	at org.junit.platform.engine.support.hierarchical.ThrowableCollector.execute(ThrowableCollector.java:73)
	at org.junit.platform.engine.support.hierarchical.NodeTestTask.executeRecursively(NodeTestTask.java:126)
	at org.junit.platform.engine.support.hierarchical.NodeTestTask.execute(NodeTestTask.java:84)
	at java.base/java.util.ArrayList.forEach(ArrayList.java:1511)
	at org.junit.platform.engine.support.hierarchical.SameThreadHierarchicalTestExecutorService.invokeAll(SameThreadHierarchicalTestExecutorService.java:38)
	at org.junit.platform.engine.support.hierarchical.NodeTestTask.lambda$executeRecursively$5(NodeTestTask.java:143)
	at org.junit.platform.engine.support.hierarchical.ThrowableCollector.execute(ThrowableCollector.java:73)
	at org.junit.platform.engine.support.hierarchical.NodeTestTask.lambda$executeRecursively$7(NodeTestTask.java:129)
	at org.junit.platform.engine.support.hierarchical.Node.around(Node.java:137)
	at org.junit.platform.engine.support.hierarchical.NodeTestTask.lambda$executeRecursively$8(NodeTestTask.java:127)
	at org.junit.platform.engine.support.hierarchical.ThrowableCollector.execute(ThrowableCollector.java:73)
	at org.junit.platform.engine.support.hierarchical.NodeTestTask.executeRecursively(NodeTestTask.java:126)
	at org.junit.platform.engine.support.hierarchical.NodeTestTask.execute(NodeTestTask.java:84)
	at java.base/java.util.ArrayList.forEach(ArrayList.java:1511)
	at org.junit.platform.engine.support.hierarchical.SameThreadHierarchicalTestExecutorService.invokeAll(SameThreadHierarchicalTestExecutorService.java:38)
	at org.junit.platform.engine.support.hierarchical.NodeTestTask.lambda$executeRecursively$5(NodeTestTask.java:143)
	at org.junit.platform.engine.support.hierarchical.ThrowableCollector.execute(ThrowableCollector.java:73)
	at org.junit.platform.engine.support.hierarchical.NodeTestTask.lambda$executeRecursively$7(NodeTestTask.java:129)
	at org.junit.platform.engine.support.hierarchical.Node.around(Node.java:137)
	at org.junit.platform.engine.support.hierarchical.NodeTestTask.lambda$executeRecursively$8(NodeTestTask.java:127)
	at org.junit.platform.engine.support.hierarchical.ThrowableCollector.execute(ThrowableCollector.java:73)
	at org.junit.platform.engine.support.hierarchical.NodeTestTask.executeRecursively(NodeTestTask.java:126)
	at org.junit.platform.engine.support.hierarchical.NodeTestTask.execute(NodeTestTask.java:84)
	at org.junit.platform.engine.support.hierarchical.SameThreadHierarchicalTestExecutorService.submit(SameThreadHierarchicalTestExecutorService.java:32)
	at org.junit.platform.engine.support.hierarchical.HierarchicalTestExecutor.execute(HierarchicalTestExecutor.java:57)
	at org.junit.platform.engine.support.hierarchical.HierarchicalTestEngine.execute(HierarchicalTestEngine.java:51)
	at org.junit.platform.launcher.core.EngineExecutionOrchestrator.execute(EngineExecutionOrchestrator.java:108)
	at org.junit.platform.launcher.core.EngineExecutionOrchestrator.execute(EngineExecutionOrchestrator.java:88)
	at org.junit.platform.launcher.core.EngineExecutionOrchestrator.lambda$execute$0(EngineExecutionOrchestrator.java:54)
	at org.junit.platform.launcher.core.EngineExecutionOrchestrator.withInterceptedStreams(EngineExecutionOrchestrator.java:67)
	at org.junit.platform.launcher.core.EngineExecutionOrchestrator.execute(EngineExecutionOrchestrator.java:52)
	at org.junit.platform.launcher.core.DefaultLauncher.execute(DefaultLauncher.java:96)
	at org.junit.platform.launcher.core.DefaultLauncher.execute(DefaultLauncher.java:75)
	at org.gradle.api.internal.tasks.testing.junitplatform.JUnitPlatformTestClassProcessor$CollectAllTestClassesExecutor.processAllTestClasses(JUnitPlatformTestClassProcessor.java:99)
	at org.gradle.api.internal.tasks.testing.junitplatform.JUnitPlatformTestClassProcessor$CollectAllTestClassesExecutor.access$000(JUnitPlatformTestClassProcessor.java:79)
	at org.gradle.api.internal.tasks.testing.junitplatform.JUnitPlatformTestClassProcessor.stop(JUnitPlatformTestClassProcessor.java:75)
	at org.gradle.api.internal.tasks.testing.SuiteTestClassProcessor.stop(SuiteTestClassProcessor.java:61)
	at java.base/jdk.internal.reflect.NativeMethodAccessorImpl.invoke0(Native Method)
	at java.base/jdk.internal.reflect.NativeMethodAccessorImpl.invoke(NativeMethodAccessorImpl.java:64)
	at java.base/jdk.internal.reflect.DelegatingMethodAccessorImpl.invoke(DelegatingMethodAccessorImpl.java:43)
	at java.base/java.lang.reflect.Method.invoke(Method.java:564)
	at org.gradle.internal.dispatch.ReflectionDispatch.dispatch(ReflectionDispatch.java:36)
	at org.gradle.internal.dispatch.ReflectionDispatch.dispatch(ReflectionDispatch.java:24)
	at org.gradle.internal.dispatch.ContextClassLoaderDispatch.dispatch(ContextClassLoaderDispatch.java:33)
	at org.gradle.internal.dispatch.ProxyDispatchAdapter$DispatchingInvocationHandler.invoke(ProxyDispatchAdapter.java:94)
	at com.sun.proxy.$Proxy5.stop(Unknown Source)
	at org.gradle.api.internal.tasks.testing.worker.TestWorker.stop(TestWorker.java:135)
	at java.base/jdk.internal.reflect.NativeMethodAccessorImpl.invoke0(Native Method)
	at java.base/jdk.internal.reflect.NativeMethodAccessorImpl.invoke(NativeMethodAccessorImpl.java:64)
	at java.base/jdk.internal.reflect.DelegatingMethodAccessorImpl.invoke(DelegatingMethodAccessorImpl.java:43)
	at java.base/java.lang.reflect.Method.invoke(Method.java:564)
	at org.gradle.internal.dispatch.ReflectionDispatch.dispatch(ReflectionDispatch.java:36)
	at org.gradle.internal.dispatch.ReflectionDispatch.dispatch(ReflectionDispatch.java:24)
	at org.gradle.internal.remote.internal.hub.MessageHubBackedObjectConnection$DispatchWrapper.dispatch(MessageHubBackedObjectConnection.java:182)
	at org.gradle.internal.remote.internal.hub.MessageHubBackedObjectConnection$DispatchWrapper.dispatch(MessageHubBackedObjectConnection.java:164)
	at org.gradle.internal.remote.internal.hub.MessageHub$Handler.run(MessageHub.java:414)
	at org.gradle.internal.concurrent.ExecutorPolicy$CatchAndRecordFailures.onExecute(ExecutorPolicy.java:64)
	at org.gradle.internal.concurrent.ManagedExecutorImpl$1.run(ManagedExecutorImpl.java:48)
	at java.base/java.util.concurrent.ThreadPoolExecutor.runWorker(ThreadPoolExecutor.java:1130)
	at java.base/java.util.concurrent.ThreadPoolExecutor$Worker.run(ThreadPoolExecutor.java:630)
	at org.gradle.internal.concurrent.ThreadFactoryImpl$ManagedThreadRunnable.run(ThreadFactoryImpl.java:56)
	at java.base/java.lang.Thread.run(Thread.java:832)
Caused by: net.sourceforge.htmlunit.corejs.javascript.EvaluatorException: missing formal parameter (https://cdn.jsdelivr.net/npm/bootstrap@5.1.3/dist/js/bootstrap.bundle.min.js#6)
	at com.gargoylesoftware.htmlunit.javascript.HtmlUnitContextFactory$HtmlUnitErrorReporter.error(HtmlUnitContextFactory.java:436)
	at net.sourceforge.htmlunit.corejs.javascript.Parser.addError(Parser.java:251)
	at net.sourceforge.htmlunit.corejs.javascript.Parser.reportError(Parser.java:330)
	at net.sourceforge.htmlunit.corejs.javascript.Parser.reportError(Parser.java:326)
	at net.sourceforge.htmlunit.corejs.javascript.Parser.arrowFunctionParams(Parser.java:1035)
	at net.sourceforge.htmlunit.corejs.javascript.Parser.arrowFunctionParams(Parser.java:1020)
	at net.sourceforge.htmlunit.corejs.javascript.Parser.arrowFunction(Parser.java:969)
	at net.sourceforge.htmlunit.corejs.javascript.Parser.assignExpr(Parser.java:2310)
	at net.sourceforge.htmlunit.corejs.javascript.Parser.variables(Parser.java:2122)
	at net.sourceforge.htmlunit.corejs.javascript.Parser.statementHelper(Parser.java:1191)
	at net.sourceforge.htmlunit.corejs.javascript.Parser.statement(Parser.java:1098)
	at net.sourceforge.htmlunit.corejs.javascript.Parser.parseFunctionBody(Parser.java:730)
	at net.sourceforge.htmlunit.corejs.javascript.Parser.function(Parser.java:905)
	at net.sourceforge.htmlunit.corejs.javascript.Parser.function(Parser.java:839)
	at net.sourceforge.htmlunit.corejs.javascript.Parser.primaryExpr(Parser.java:3035)
	at net.sourceforge.htmlunit.corejs.javascript.Parser.memberExpr(Parser.java:2665)
	at net.sourceforge.htmlunit.corejs.javascript.Parser.unaryExpr(Parser.java:2568)
	at net.sourceforge.htmlunit.corejs.javascript.Parser.expExpr(Parser.java:2488)
	at net.sourceforge.htmlunit.corejs.javascript.Parser.mulExpr(Parser.java:2471)
	at net.sourceforge.htmlunit.corejs.javascript.Parser.addExpr(Parser.java:2457)
	at net.sourceforge.htmlunit.corejs.javascript.Parser.shiftExpr(Parser.java:2440)
	at net.sourceforge.htmlunit.corejs.javascript.Parser.relExpr(Parser.java:2418)
	at net.sourceforge.htmlunit.corejs.javascript.Parser.eqExpr(Parser.java:2394)
	at net.sourceforge.htmlunit.corejs.javascript.Parser.bitAndExpr(Parser.java:2385)
	at net.sourceforge.htmlunit.corejs.javascript.Parser.bitXorExpr(Parser.java:2376)
	at net.sourceforge.htmlunit.corejs.javascript.Parser.bitOrExpr(Parser.java:2367)
	at net.sourceforge.htmlunit.corejs.javascript.Parser.andExpr(Parser.java:2358)
	at net.sourceforge.htmlunit.corejs.javascript.Parser.orExpr(Parser.java:2349)
	at net.sourceforge.htmlunit.corejs.javascript.Parser.condExpr(Parser.java:2316)
	at net.sourceforge.htmlunit.corejs.javascript.Parser.assignExpr(Parser.java:2274)
	at net.sourceforge.htmlunit.corejs.javascript.Parser.expr(Parser.java:2257)
	at net.sourceforge.htmlunit.corejs.javascript.Parser.parenExpr(Parser.java:3129)
	at net.sourceforge.htmlunit.corejs.javascript.Parser.primaryExpr(Parser.java:3051)
	at net.sourceforge.htmlunit.corejs.javascript.Parser.memberExpr(Parser.java:2665)
	at net.sourceforge.htmlunit.corejs.javascript.Parser.unaryExpr(Parser.java:2568)
	at net.sourceforge.htmlunit.corejs.javascript.Parser.expExpr(Parser.java:2488)
	at net.sourceforge.htmlunit.corejs.javascript.Parser.mulExpr(Parser.java:2471)
	at net.sourceforge.htmlunit.corejs.javascript.Parser.addExpr(Parser.java:2457)
	at net.sourceforge.htmlunit.corejs.javascript.Parser.shiftExpr(Parser.java:2440)
	at net.sourceforge.htmlunit.corejs.javascript.Parser.relExpr(Parser.java:2418)
	at net.sourceforge.htmlunit.corejs.javascript.Parser.eqExpr(Parser.java:2394)
	at net.sourceforge.htmlunit.corejs.javascript.Parser.bitAndExpr(Parser.java:2385)
	at net.sourceforge.htmlunit.corejs.javascript.Parser.bitXorExpr(Parser.java:2376)
	at net.sourceforge.htmlunit.corejs.javascript.Parser.bitOrExpr(Parser.java:2367)
	at net.sourceforge.htmlunit.corejs.javascript.Parser.andExpr(Parser.java:2358)
	at net.sourceforge.htmlunit.corejs.javascript.Parser.orExpr(Parser.java:2349)
	at net.sourceforge.htmlunit.corejs.javascript.Parser.condExpr(Parser.java:2316)
	at net.sourceforge.htmlunit.corejs.javascript.Parser.assignExpr(Parser.java:2274)
	at net.sourceforge.htmlunit.corejs.javascript.Parser.argumentList(Parser.java:2636)
	at net.sourceforge.htmlunit.corejs.javascript.Parser.memberExprTail(Parser.java:2780)
	at net.sourceforge.htmlunit.corejs.javascript.Parser.memberExpr(Parser.java:2700)
	at net.sourceforge.htmlunit.corejs.javascript.Parser.unaryExpr(Parser.java:2568)
	at net.sourceforge.htmlunit.corejs.javascript.Parser.unaryExpr(Parser.java:2523)
	at net.sourceforge.htmlunit.corejs.javascript.Parser.expExpr(Parser.java:2488)
	at net.sourceforge.htmlunit.corejs.javascript.Parser.mulExpr(Parser.java:2471)
	at net.sourceforge.htmlunit.corejs.javascript.Parser.addExpr(Parser.java:2457)
	at net.sourceforge.htmlunit.corejs.javascript.Parser.shiftExpr(Parser.java:2440)
	at net.sourceforge.htmlunit.corejs.javascript.Parser.relExpr(Parser.java:2418)
	at net.sourceforge.htmlunit.corejs.javascript.Parser.eqExpr(Parser.java:2394)
	at net.sourceforge.htmlunit.corejs.javascript.Parser.bitAndExpr(Parser.java:2385)
	at net.sourceforge.htmlunit.corejs.javascript.Parser.bitXorExpr(Parser.java:2376)
	at net.sourceforge.htmlunit.corejs.javascript.Parser.bitOrExpr(Parser.java:2367)
	at net.sourceforge.htmlunit.corejs.javascript.Parser.andExpr(Parser.java:2358)
	at net.sourceforge.htmlunit.corejs.javascript.Parser.orExpr(Parser.java:2349)
	at net.sourceforge.htmlunit.corejs.javascript.Parser.condExpr(Parser.java:2316)
	at net.sourceforge.htmlunit.corejs.javascript.Parser.assignExpr(Parser.java:2274)
	at net.sourceforge.htmlunit.corejs.javascript.Parser.expr(Parser.java:2257)
	at net.sourceforge.htmlunit.corejs.javascript.Parser.statementHelper(Parser.java:1243)
	at net.sourceforge.htmlunit.corejs.javascript.Parser.statement(Parser.java:1098)
	at net.sourceforge.htmlunit.corejs.javascript.Parser.parse(Parser.java:626)
	at net.sourceforge.htmlunit.corejs.javascript.Parser.parse(Parser.java:556)
	at net.sourceforge.htmlunit.corejs.javascript.Context.parse(Context.java:2496)
	at net.sourceforge.htmlunit.corejs.javascript.Context.compileImpl(Context.java:2427)
	at net.sourceforge.htmlunit.corejs.javascript.Context.compileString(Context.java:1415)
	at com.gargoylesoftware.htmlunit.javascript.HtmlUnitContextFactory$TimeoutContext.compileString(HtmlUnitContextFactory.java:222)
	at net.sourceforge.htmlunit.corejs.javascript.Context.compileString(Context.java:1403)
	at com.gargoylesoftware.htmlunit.javascript.JavaScriptEngine$1.doRun(JavaScriptEngine.java:779)
	at com.gargoylesoftware.htmlunit.javascript.JavaScriptEngine$HtmlUnitContextAction.run(JavaScriptEngine.java:942)
	... 129 common frames omitted
07:44:00.305 [Test worker] INFO  o.s.b.t.m.w.SpringBootMockServletContext - Initializing Spring TestDispatcherServlet ''
07:44:00.305 [Test worker] INFO  o.s.t.w.s.TestDispatcherServlet - Initializing Servlet ''
07:44:00.306 [Test worker] INFO  o.s.t.w.s.TestDispatcherServlet - Completed initialization in 1 ms
07:44:00.599 [Test worker] ERROR c.g.h.j.DefaultJavaScriptErrorListener - Error during JavaScript execution
com.gargoylesoftware.htmlunit.ScriptException: missing formal parameter (https://cdn.jsdelivr.net/npm/bootstrap@5.1.3/dist/js/bootstrap.bundle.min.js#6)
	at com.gargoylesoftware.htmlunit.javascript.JavaScriptEngine$HtmlUnitContextAction.run(JavaScriptEngine.java:960)
	at net.sourceforge.htmlunit.corejs.javascript.Context.call(Context.java:581)
	at net.sourceforge.htmlunit.corejs.javascript.ContextFactory.call(ContextFactory.java:481)
	at com.gargoylesoftware.htmlunit.javascript.HtmlUnitContextFactory.callSecured(HtmlUnitContextFactory.java:352)
	at com.gargoylesoftware.htmlunit.javascript.JavaScriptEngine.compile(JavaScriptEngine.java:788)
	at com.gargoylesoftware.htmlunit.javascript.JavaScriptEngine.compile(JavaScriptEngine.java:754)
	at com.gargoylesoftware.htmlunit.javascript.JavaScriptEngine.compile(JavaScriptEngine.java:112)
	at com.gargoylesoftware.htmlunit.html.HtmlPage.loadJavaScriptFromUrl(HtmlPage.java:1122)
	at com.gargoylesoftware.htmlunit.html.HtmlPage.loadExternalJavaScriptFile(HtmlPage.java:1002)
	at com.gargoylesoftware.htmlunit.html.ScriptElementSupport.executeScriptIfNeeded(ScriptElementSupport.java:196)
	at com.gargoylesoftware.htmlunit.html.ScriptElementSupport$1.execute(ScriptElementSupport.java:120)
	at com.gargoylesoftware.htmlunit.html.ScriptElementSupport.onAllChildrenAddedToPage(ScriptElementSupport.java:143)
	at com.gargoylesoftware.htmlunit.html.HtmlScript.onAllChildrenAddedToPage(HtmlScript.java:191)
	at com.gargoylesoftware.htmlunit.html.parser.neko.HtmlUnitNekoDOMBuilder.endElement(HtmlUnitNekoDOMBuilder.java:551)
	at org.apache.xerces.parsers.AbstractSAXParser.endElement(Unknown Source)
	at com.gargoylesoftware.htmlunit.html.parser.neko.HtmlUnitNekoDOMBuilder.endElement(HtmlUnitNekoDOMBuilder.java:503)
	at net.sourceforge.htmlunit.cyberneko.HTMLTagBalancer.callEndElement(HTMLTagBalancer.java:1216)
	at net.sourceforge.htmlunit.cyberneko.HTMLTagBalancer.endElement(HTMLTagBalancer.java:1156)
	at net.sourceforge.htmlunit.cyberneko.filters.DefaultFilter.endElement(DefaultFilter.java:219)
	at net.sourceforge.htmlunit.cyberneko.filters.NamespaceBinder.endElement(NamespaceBinder.java:312)
	at net.sourceforge.htmlunit.cyberneko.HTMLScanner$ContentScanner.scanEndElement(HTMLScanner.java:3189)
	at net.sourceforge.htmlunit.cyberneko.HTMLScanner$ContentScanner.scan(HTMLScanner.java:2114)
	at net.sourceforge.htmlunit.cyberneko.HTMLScanner.scanDocument(HTMLScanner.java:937)
	at net.sourceforge.htmlunit.cyberneko.HTMLConfiguration.parse(HTMLConfiguration.java:443)
	at net.sourceforge.htmlunit.cyberneko.HTMLConfiguration.parse(HTMLConfiguration.java:394)
	at org.apache.xerces.parsers.XMLParser.parse(Unknown Source)
	at com.gargoylesoftware.htmlunit.html.parser.neko.HtmlUnitNekoDOMBuilder.parse(HtmlUnitNekoDOMBuilder.java:751)
	at com.gargoylesoftware.htmlunit.html.parser.neko.HtmlUnitNekoHtmlParser.parse(HtmlUnitNekoHtmlParser.java:208)
	at com.gargoylesoftware.htmlunit.DefaultPageCreator.createHtmlPage(DefaultPageCreator.java:297)
	at com.gargoylesoftware.htmlunit.DefaultPageCreator.createPage(DefaultPageCreator.java:217)
	at com.gargoylesoftware.htmlunit.WebClient.loadWebResponseInto(WebClient.java:684)
	at com.gargoylesoftware.htmlunit.WebClient.loadWebResponseInto(WebClient.java:586)
	at com.gargoylesoftware.htmlunit.WebClient.getPage(WebClient.java:501)
	at com.gargoylesoftware.htmlunit.WebClient.getPage(WebClient.java:413)
	at com.gargoylesoftware.htmlunit.WebClient.getPage(WebClient.java:548)
	at com.gargoylesoftware.htmlunit.WebClient.getPage(WebClient.java:529)
	at at.fhv.se.banking.view.BankingViewTests.given_customers_when_welcomepage_displaycustomers(BankingViewTests.java:91)
	at java.base/jdk.internal.reflect.NativeMethodAccessorImpl.invoke0(Native Method)
	at java.base/jdk.internal.reflect.NativeMethodAccessorImpl.invoke(NativeMethodAccessorImpl.java:64)
	at java.base/jdk.internal.reflect.DelegatingMethodAccessorImpl.invoke(DelegatingMethodAccessorImpl.java:43)
	at java.base/java.lang.reflect.Method.invoke(Method.java:564)
	at org.junit.platform.commons.util.ReflectionUtils.invokeMethod(ReflectionUtils.java:688)
	at org.junit.jupiter.engine.execution.MethodInvocation.proceed(MethodInvocation.java:60)
	at org.junit.jupiter.engine.execution.InvocationInterceptorChain$ValidatingInvocation.proceed(InvocationInterceptorChain.java:131)
	at org.junit.jupiter.engine.extension.TimeoutExtension.intercept(TimeoutExtension.java:149)
	at org.junit.jupiter.engine.extension.TimeoutExtension.interceptTestableMethod(TimeoutExtension.java:140)
	at org.junit.jupiter.engine.extension.TimeoutExtension.interceptTestMethod(TimeoutExtension.java:84)
	at org.junit.jupiter.engine.execution.ExecutableInvoker$ReflectiveInterceptorCall.lambda$ofVoidMethod$0(ExecutableInvoker.java:115)
	at org.junit.jupiter.engine.execution.ExecutableInvoker.lambda$invoke$0(ExecutableInvoker.java:105)
	at org.junit.jupiter.engine.execution.InvocationInterceptorChain$InterceptedInvocation.proceed(InvocationInterceptorChain.java:106)
	at org.junit.jupiter.engine.execution.InvocationInterceptorChain.proceed(InvocationInterceptorChain.java:64)
	at org.junit.jupiter.engine.execution.InvocationInterceptorChain.chainAndInvoke(InvocationInterceptorChain.java:45)
	at org.junit.jupiter.engine.execution.InvocationInterceptorChain.invoke(InvocationInterceptorChain.java:37)
	at org.junit.jupiter.engine.execution.ExecutableInvoker.invoke(ExecutableInvoker.java:104)
	at org.junit.jupiter.engine.execution.ExecutableInvoker.invoke(ExecutableInvoker.java:98)
	at org.junit.jupiter.engine.descriptor.TestMethodTestDescriptor.lambda$invokeTestMethod$6(TestMethodTestDescriptor.java:210)
	at org.junit.platform.engine.support.hierarchical.ThrowableCollector.execute(ThrowableCollector.java:73)
	at org.junit.jupiter.engine.descriptor.TestMethodTestDescriptor.invokeTestMethod(TestMethodTestDescriptor.java:206)
	at org.junit.jupiter.engine.descriptor.TestMethodTestDescriptor.execute(TestMethodTestDescriptor.java:131)
	at org.junit.jupiter.engine.descriptor.TestMethodTestDescriptor.execute(TestMethodTestDescriptor.java:65)
	at org.junit.platform.engine.support.hierarchical.NodeTestTask.lambda$executeRecursively$5(NodeTestTask.java:139)
	at org.junit.platform.engine.support.hierarchical.ThrowableCollector.execute(ThrowableCollector.java:73)
	at org.junit.platform.engine.support.hierarchical.NodeTestTask.lambda$executeRecursively$7(NodeTestTask.java:129)
	at org.junit.platform.engine.support.hierarchical.Node.around(Node.java:137)
	at org.junit.platform.engine.support.hierarchical.NodeTestTask.lambda$executeRecursively$8(NodeTestTask.java:127)
	at org.junit.platform.engine.support.hierarchical.ThrowableCollector.execute(ThrowableCollector.java:73)
	at org.junit.platform.engine.support.hierarchical.NodeTestTask.executeRecursively(NodeTestTask.java:126)
	at org.junit.platform.engine.support.hierarchical.NodeTestTask.execute(NodeTestTask.java:84)
	at java.base/java.util.ArrayList.forEach(ArrayList.java:1511)
	at org.junit.platform.engine.support.hierarchical.SameThreadHierarchicalTestExecutorService.invokeAll(SameThreadHierarchicalTestExecutorService.java:38)
	at org.junit.platform.engine.support.hierarchical.NodeTestTask.lambda$executeRecursively$5(NodeTestTask.java:143)
	at org.junit.platform.engine.support.hierarchical.ThrowableCollector.execute(ThrowableCollector.java:73)
	at org.junit.platform.engine.support.hierarchical.NodeTestTask.lambda$executeRecursively$7(NodeTestTask.java:129)
	at org.junit.platform.engine.support.hierarchical.Node.around(Node.java:137)
	at org.junit.platform.engine.support.hierarchical.NodeTestTask.lambda$executeRecursively$8(NodeTestTask.java:127)
	at org.junit.platform.engine.support.hierarchical.ThrowableCollector.execute(ThrowableCollector.java:73)
	at org.junit.platform.engine.support.hierarchical.NodeTestTask.executeRecursively(NodeTestTask.java:126)
	at org.junit.platform.engine.support.hierarchical.NodeTestTask.execute(NodeTestTask.java:84)
	at java.base/java.util.ArrayList.forEach(ArrayList.java:1511)
	at org.junit.platform.engine.support.hierarchical.SameThreadHierarchicalTestExecutorService.invokeAll(SameThreadHierarchicalTestExecutorService.java:38)
	at org.junit.platform.engine.support.hierarchical.NodeTestTask.lambda$executeRecursively$5(NodeTestTask.java:143)
	at org.junit.platform.engine.support.hierarchical.ThrowableCollector.execute(ThrowableCollector.java:73)
	at org.junit.platform.engine.support.hierarchical.NodeTestTask.lambda$executeRecursively$7(NodeTestTask.java:129)
	at org.junit.platform.engine.support.hierarchical.Node.around(Node.java:137)
	at org.junit.platform.engine.support.hierarchical.NodeTestTask.lambda$executeRecursively$8(NodeTestTask.java:127)
	at org.junit.platform.engine.support.hierarchical.ThrowableCollector.execute(ThrowableCollector.java:73)
	at org.junit.platform.engine.support.hierarchical.NodeTestTask.executeRecursively(NodeTestTask.java:126)
	at org.junit.platform.engine.support.hierarchical.NodeTestTask.execute(NodeTestTask.java:84)
	at org.junit.platform.engine.support.hierarchical.SameThreadHierarchicalTestExecutorService.submit(SameThreadHierarchicalTestExecutorService.java:32)
	at org.junit.platform.engine.support.hierarchical.HierarchicalTestExecutor.execute(HierarchicalTestExecutor.java:57)
	at org.junit.platform.engine.support.hierarchical.HierarchicalTestEngine.execute(HierarchicalTestEngine.java:51)
	at org.junit.platform.launcher.core.EngineExecutionOrchestrator.execute(EngineExecutionOrchestrator.java:108)
	at org.junit.platform.launcher.core.EngineExecutionOrchestrator.execute(EngineExecutionOrchestrator.java:88)
	at org.junit.platform.launcher.core.EngineExecutionOrchestrator.lambda$execute$0(EngineExecutionOrchestrator.java:54)
	at org.junit.platform.launcher.core.EngineExecutionOrchestrator.withInterceptedStreams(EngineExecutionOrchestrator.java:67)
	at org.junit.platform.launcher.core.EngineExecutionOrchestrator.execute(EngineExecutionOrchestrator.java:52)
	at org.junit.platform.launcher.core.DefaultLauncher.execute(DefaultLauncher.java:96)
	at org.junit.platform.launcher.core.DefaultLauncher.execute(DefaultLauncher.java:75)
	at org.gradle.api.internal.tasks.testing.junitplatform.JUnitPlatformTestClassProcessor$CollectAllTestClassesExecutor.processAllTestClasses(JUnitPlatformTestClassProcessor.java:99)
	at org.gradle.api.internal.tasks.testing.junitplatform.JUnitPlatformTestClassProcessor$CollectAllTestClassesExecutor.access$000(JUnitPlatformTestClassProcessor.java:79)
	at org.gradle.api.internal.tasks.testing.junitplatform.JUnitPlatformTestClassProcessor.stop(JUnitPlatformTestClassProcessor.java:75)
	at org.gradle.api.internal.tasks.testing.SuiteTestClassProcessor.stop(SuiteTestClassProcessor.java:61)
	at java.base/jdk.internal.reflect.NativeMethodAccessorImpl.invoke0(Native Method)
	at java.base/jdk.internal.reflect.NativeMethodAccessorImpl.invoke(NativeMethodAccessorImpl.java:64)
	at java.base/jdk.internal.reflect.DelegatingMethodAccessorImpl.invoke(DelegatingMethodAccessorImpl.java:43)
	at java.base/java.lang.reflect.Method.invoke(Method.java:564)
	at org.gradle.internal.dispatch.ReflectionDispatch.dispatch(ReflectionDispatch.java:36)
	at org.gradle.internal.dispatch.ReflectionDispatch.dispatch(ReflectionDispatch.java:24)
	at org.gradle.internal.dispatch.ContextClassLoaderDispatch.dispatch(ContextClassLoaderDispatch.java:33)
	at org.gradle.internal.dispatch.ProxyDispatchAdapter$DispatchingInvocationHandler.invoke(ProxyDispatchAdapter.java:94)
	at com.sun.proxy.$Proxy5.stop(Unknown Source)
	at org.gradle.api.internal.tasks.testing.worker.TestWorker.stop(TestWorker.java:135)
	at java.base/jdk.internal.reflect.NativeMethodAccessorImpl.invoke0(Native Method)
	at java.base/jdk.internal.reflect.NativeMethodAccessorImpl.invoke(NativeMethodAccessorImpl.java:64)
	at java.base/jdk.internal.reflect.DelegatingMethodAccessorImpl.invoke(DelegatingMethodAccessorImpl.java:43)
	at java.base/java.lang.reflect.Method.invoke(Method.java:564)
	at org.gradle.internal.dispatch.ReflectionDispatch.dispatch(ReflectionDispatch.java:36)
	at org.gradle.internal.dispatch.ReflectionDispatch.dispatch(ReflectionDispatch.java:24)
	at org.gradle.internal.remote.internal.hub.MessageHubBackedObjectConnection$DispatchWrapper.dispatch(MessageHubBackedObjectConnection.java:182)
	at org.gradle.internal.remote.internal.hub.MessageHubBackedObjectConnection$DispatchWrapper.dispatch(MessageHubBackedObjectConnection.java:164)
	at org.gradle.internal.remote.internal.hub.MessageHub$Handler.run(MessageHub.java:414)
	at org.gradle.internal.concurrent.ExecutorPolicy$CatchAndRecordFailures.onExecute(ExecutorPolicy.java:64)
	at org.gradle.internal.concurrent.ManagedExecutorImpl$1.run(ManagedExecutorImpl.java:48)
	at java.base/java.util.concurrent.ThreadPoolExecutor.runWorker(ThreadPoolExecutor.java:1130)
	at java.base/java.util.concurrent.ThreadPoolExecutor$Worker.run(ThreadPoolExecutor.java:630)
	at org.gradle.internal.concurrent.ThreadFactoryImpl$ManagedThreadRunnable.run(ThreadFactoryImpl.java:56)
	at java.base/java.lang.Thread.run(Thread.java:832)
Caused by: net.sourceforge.htmlunit.corejs.javascript.EvaluatorException: missing formal parameter (https://cdn.jsdelivr.net/npm/bootstrap@5.1.3/dist/js/bootstrap.bundle.min.js#6)
	at com.gargoylesoftware.htmlunit.javascript.HtmlUnitContextFactory$HtmlUnitErrorReporter.error(HtmlUnitContextFactory.java:436)
	at net.sourceforge.htmlunit.corejs.javascript.Parser.addError(Parser.java:251)
	at net.sourceforge.htmlunit.corejs.javascript.Parser.reportError(Parser.java:330)
	at net.sourceforge.htmlunit.corejs.javascript.Parser.reportError(Parser.java:326)
	at net.sourceforge.htmlunit.corejs.javascript.Parser.arrowFunctionParams(Parser.java:1035)
	at net.sourceforge.htmlunit.corejs.javascript.Parser.arrowFunctionParams(Parser.java:1020)
	at net.sourceforge.htmlunit.corejs.javascript.Parser.arrowFunction(Parser.java:969)
	at net.sourceforge.htmlunit.corejs.javascript.Parser.assignExpr(Parser.java:2310)
	at net.sourceforge.htmlunit.corejs.javascript.Parser.variables(Parser.java:2122)
	at net.sourceforge.htmlunit.corejs.javascript.Parser.statementHelper(Parser.java:1191)
	at net.sourceforge.htmlunit.corejs.javascript.Parser.statement(Parser.java:1098)
	at net.sourceforge.htmlunit.corejs.javascript.Parser.parseFunctionBody(Parser.java:730)
	at net.sourceforge.htmlunit.corejs.javascript.Parser.function(Parser.java:905)
	at net.sourceforge.htmlunit.corejs.javascript.Parser.function(Parser.java:839)
	at net.sourceforge.htmlunit.corejs.javascript.Parser.primaryExpr(Parser.java:3035)
	at net.sourceforge.htmlunit.corejs.javascript.Parser.memberExpr(Parser.java:2665)
	at net.sourceforge.htmlunit.corejs.javascript.Parser.unaryExpr(Parser.java:2568)
	at net.sourceforge.htmlunit.corejs.javascript.Parser.expExpr(Parser.java:2488)
	at net.sourceforge.htmlunit.corejs.javascript.Parser.mulExpr(Parser.java:2471)
	at net.sourceforge.htmlunit.corejs.javascript.Parser.addExpr(Parser.java:2457)
	at net.sourceforge.htmlunit.corejs.javascript.Parser.shiftExpr(Parser.java:2440)
	at net.sourceforge.htmlunit.corejs.javascript.Parser.relExpr(Parser.java:2418)
	at net.sourceforge.htmlunit.corejs.javascript.Parser.eqExpr(Parser.java:2394)
	at net.sourceforge.htmlunit.corejs.javascript.Parser.bitAndExpr(Parser.java:2385)
	at net.sourceforge.htmlunit.corejs.javascript.Parser.bitXorExpr(Parser.java:2376)
	at net.sourceforge.htmlunit.corejs.javascript.Parser.bitOrExpr(Parser.java:2367)
	at net.sourceforge.htmlunit.corejs.javascript.Parser.andExpr(Parser.java:2358)
	at net.sourceforge.htmlunit.corejs.javascript.Parser.orExpr(Parser.java:2349)
	at net.sourceforge.htmlunit.corejs.javascript.Parser.condExpr(Parser.java:2316)
	at net.sourceforge.htmlunit.corejs.javascript.Parser.assignExpr(Parser.java:2274)
	at net.sourceforge.htmlunit.corejs.javascript.Parser.expr(Parser.java:2257)
	at net.sourceforge.htmlunit.corejs.javascript.Parser.parenExpr(Parser.java:3129)
	at net.sourceforge.htmlunit.corejs.javascript.Parser.primaryExpr(Parser.java:3051)
	at net.sourceforge.htmlunit.corejs.javascript.Parser.memberExpr(Parser.java:2665)
	at net.sourceforge.htmlunit.corejs.javascript.Parser.unaryExpr(Parser.java:2568)
	at net.sourceforge.htmlunit.corejs.javascript.Parser.expExpr(Parser.java:2488)
	at net.sourceforge.htmlunit.corejs.javascript.Parser.mulExpr(Parser.java:2471)
	at net.sourceforge.htmlunit.corejs.javascript.Parser.addExpr(Parser.java:2457)
	at net.sourceforge.htmlunit.corejs.javascript.Parser.shiftExpr(Parser.java:2440)
	at net.sourceforge.htmlunit.corejs.javascript.Parser.relExpr(Parser.java:2418)
	at net.sourceforge.htmlunit.corejs.javascript.Parser.eqExpr(Parser.java:2394)
	at net.sourceforge.htmlunit.corejs.javascript.Parser.bitAndExpr(Parser.java:2385)
	at net.sourceforge.htmlunit.corejs.javascript.Parser.bitXorExpr(Parser.java:2376)
	at net.sourceforge.htmlunit.corejs.javascript.Parser.bitOrExpr(Parser.java:2367)
	at net.sourceforge.htmlunit.corejs.javascript.Parser.andExpr(Parser.java:2358)
	at net.sourceforge.htmlunit.corejs.javascript.Parser.orExpr(Parser.java:2349)
	at net.sourceforge.htmlunit.corejs.javascript.Parser.condExpr(Parser.java:2316)
	at net.sourceforge.htmlunit.corejs.javascript.Parser.assignExpr(Parser.java:2274)
	at net.sourceforge.htmlunit.corejs.javascript.Parser.argumentList(Parser.java:2636)
	at net.sourceforge.htmlunit.corejs.javascript.Parser.memberExprTail(Parser.java:2780)
	at net.sourceforge.htmlunit.corejs.javascript.Parser.memberExpr(Parser.java:2700)
	at net.sourceforge.htmlunit.corejs.javascript.Parser.unaryExpr(Parser.java:2568)
	at net.sourceforge.htmlunit.corejs.javascript.Parser.unaryExpr(Parser.java:2523)
	at net.sourceforge.htmlunit.corejs.javascript.Parser.expExpr(Parser.java:2488)
	at net.sourceforge.htmlunit.corejs.javascript.Parser.mulExpr(Parser.java:2471)
	at net.sourceforge.htmlunit.corejs.javascript.Parser.addExpr(Parser.java:2457)
	at net.sourceforge.htmlunit.corejs.javascript.Parser.shiftExpr(Parser.java:2440)
	at net.sourceforge.htmlunit.corejs.javascript.Parser.relExpr(Parser.java:2418)
	at net.sourceforge.htmlunit.corejs.javascript.Parser.eqExpr(Parser.java:2394)
	at net.sourceforge.htmlunit.corejs.javascript.Parser.bitAndExpr(Parser.java:2385)
	at net.sourceforge.htmlunit.corejs.javascript.Parser.bitXorExpr(Parser.java:2376)
	at net.sourceforge.htmlunit.corejs.javascript.Parser.bitOrExpr(Parser.java:2367)
	at net.sourceforge.htmlunit.corejs.javascript.Parser.andExpr(Parser.java:2358)
	at net.sourceforge.htmlunit.corejs.javascript.Parser.orExpr(Parser.java:2349)
	at net.sourceforge.htmlunit.corejs.javascript.Parser.condExpr(Parser.java:2316)
	at net.sourceforge.htmlunit.corejs.javascript.Parser.assignExpr(Parser.java:2274)
	at net.sourceforge.htmlunit.corejs.javascript.Parser.expr(Parser.java:2257)
	at net.sourceforge.htmlunit.corejs.javascript.Parser.statementHelper(Parser.java:1243)
	at net.sourceforge.htmlunit.corejs.javascript.Parser.statement(Parser.java:1098)
	at net.sourceforge.htmlunit.corejs.javascript.Parser.parse(Parser.java:626)
	at net.sourceforge.htmlunit.corejs.javascript.Parser.parse(Parser.java:556)
	at net.sourceforge.htmlunit.corejs.javascript.Context.parse(Context.java:2496)
	at net.sourceforge.htmlunit.corejs.javascript.Context.compileImpl(Context.java:2427)
	at net.sourceforge.htmlunit.corejs.javascript.Context.compileString(Context.java:1415)
	at com.gargoylesoftware.htmlunit.javascript.HtmlUnitContextFactory$TimeoutContext.compileString(HtmlUnitContextFactory.java:222)
	at net.sourceforge.htmlunit.corejs.javascript.Context.compileString(Context.java:1403)
	at com.gargoylesoftware.htmlunit.javascript.JavaScriptEngine$1.doRun(JavaScriptEngine.java:779)
	at com.gargoylesoftware.htmlunit.javascript.JavaScriptEngine$HtmlUnitContextAction.run(JavaScriptEngine.java:942)
	... 126 common frames omitted
07:44:00.619 [Test worker] INFO  o.s.b.t.m.w.SpringBootMockServletContext - Initializing Spring TestDispatcherServlet ''
07:44:00.619 [Test worker] INFO  o.s.t.w.s.TestDispatcherServlet - Initializing Servlet ''
07:44:00.620 [Test worker] INFO  o.s.t.w.s.TestDispatcherServlet - Completed initialization in 1 ms
07:44:00.884 [Test worker] ERROR c.g.h.j.DefaultJavaScriptErrorListener - Error during JavaScript execution
com.gargoylesoftware.htmlunit.ScriptException: missing formal parameter (https://cdn.jsdelivr.net/npm/bootstrap@5.1.3/dist/js/bootstrap.bundle.min.js#6)
	at com.gargoylesoftware.htmlunit.javascript.JavaScriptEngine$HtmlUnitContextAction.run(JavaScriptEngine.java:960)
	at net.sourceforge.htmlunit.corejs.javascript.Context.call(Context.java:581)
	at net.sourceforge.htmlunit.corejs.javascript.ContextFactory.call(ContextFactory.java:481)
	at com.gargoylesoftware.htmlunit.javascript.HtmlUnitContextFactory.callSecured(HtmlUnitContextFactory.java:352)
	at com.gargoylesoftware.htmlunit.javascript.JavaScriptEngine.compile(JavaScriptEngine.java:788)
	at com.gargoylesoftware.htmlunit.javascript.JavaScriptEngine.compile(JavaScriptEngine.java:754)
	at com.gargoylesoftware.htmlunit.javascript.JavaScriptEngine.compile(JavaScriptEngine.java:112)
	at com.gargoylesoftware.htmlunit.html.HtmlPage.loadJavaScriptFromUrl(HtmlPage.java:1122)
	at com.gargoylesoftware.htmlunit.html.HtmlPage.loadExternalJavaScriptFile(HtmlPage.java:1002)
	at com.gargoylesoftware.htmlunit.html.ScriptElementSupport.executeScriptIfNeeded(ScriptElementSupport.java:196)
	at com.gargoylesoftware.htmlunit.html.ScriptElementSupport$1.execute(ScriptElementSupport.java:120)
	at com.gargoylesoftware.htmlunit.html.ScriptElementSupport.onAllChildrenAddedToPage(ScriptElementSupport.java:143)
	at com.gargoylesoftware.htmlunit.html.HtmlScript.onAllChildrenAddedToPage(HtmlScript.java:191)
	at com.gargoylesoftware.htmlunit.html.parser.neko.HtmlUnitNekoDOMBuilder.endElement(HtmlUnitNekoDOMBuilder.java:551)
	at org.apache.xerces.parsers.AbstractSAXParser.endElement(Unknown Source)
	at com.gargoylesoftware.htmlunit.html.parser.neko.HtmlUnitNekoDOMBuilder.endElement(HtmlUnitNekoDOMBuilder.java:503)
	at net.sourceforge.htmlunit.cyberneko.HTMLTagBalancer.callEndElement(HTMLTagBalancer.java:1216)
	at net.sourceforge.htmlunit.cyberneko.HTMLTagBalancer.endElement(HTMLTagBalancer.java:1156)
	at net.sourceforge.htmlunit.cyberneko.filters.DefaultFilter.endElement(DefaultFilter.java:219)
	at net.sourceforge.htmlunit.cyberneko.filters.NamespaceBinder.endElement(NamespaceBinder.java:312)
	at net.sourceforge.htmlunit.cyberneko.HTMLScanner$ContentScanner.scanEndElement(HTMLScanner.java:3189)
	at net.sourceforge.htmlunit.cyberneko.HTMLScanner$ContentScanner.scan(HTMLScanner.java:2114)
	at net.sourceforge.htmlunit.cyberneko.HTMLScanner.scanDocument(HTMLScanner.java:937)
	at net.sourceforge.htmlunit.cyberneko.HTMLConfiguration.parse(HTMLConfiguration.java:443)
	at net.sourceforge.htmlunit.cyberneko.HTMLConfiguration.parse(HTMLConfiguration.java:394)
	at org.apache.xerces.parsers.XMLParser.parse(Unknown Source)
	at com.gargoylesoftware.htmlunit.html.parser.neko.HtmlUnitNekoDOMBuilder.parse(HtmlUnitNekoDOMBuilder.java:751)
	at com.gargoylesoftware.htmlunit.html.parser.neko.HtmlUnitNekoHtmlParser.parse(HtmlUnitNekoHtmlParser.java:208)
	at com.gargoylesoftware.htmlunit.DefaultPageCreator.createHtmlPage(DefaultPageCreator.java:297)
	at com.gargoylesoftware.htmlunit.DefaultPageCreator.createPage(DefaultPageCreator.java:217)
	at com.gargoylesoftware.htmlunit.WebClient.loadWebResponseInto(WebClient.java:684)
	at com.gargoylesoftware.htmlunit.WebClient.loadWebResponseInto(WebClient.java:586)
	at com.gargoylesoftware.htmlunit.WebClient.getPage(WebClient.java:501)
	at com.gargoylesoftware.htmlunit.WebClient.getPage(WebClient.java:413)
	at com.gargoylesoftware.htmlunit.WebClient.getPage(WebClient.java:548)
	at com.gargoylesoftware.htmlunit.WebClient.getPage(WebClient.java:529)
	at at.fhv.se.banking.view.BankingViewTests.fetchAccountPage(BankingViewTests.java:569)
	at at.fhv.se.banking.view.BankingViewTests.given_account_when_deposit_and_noaccount_thenshowerror(BankingViewTests.java:315)
	at java.base/jdk.internal.reflect.NativeMethodAccessorImpl.invoke0(Native Method)
	at java.base/jdk.internal.reflect.NativeMethodAccessorImpl.invoke(NativeMethodAccessorImpl.java:64)
	at java.base/jdk.internal.reflect.DelegatingMethodAccessorImpl.invoke(DelegatingMethodAccessorImpl.java:43)
	at java.base/java.lang.reflect.Method.invoke(Method.java:564)
	at org.junit.platform.commons.util.ReflectionUtils.invokeMethod(ReflectionUtils.java:688)
	at org.junit.jupiter.engine.execution.MethodInvocation.proceed(MethodInvocation.java:60)
	at org.junit.jupiter.engine.execution.InvocationInterceptorChain$ValidatingInvocation.proceed(InvocationInterceptorChain.java:131)
	at org.junit.jupiter.engine.extension.TimeoutExtension.intercept(TimeoutExtension.java:149)
	at org.junit.jupiter.engine.extension.TimeoutExtension.interceptTestableMethod(TimeoutExtension.java:140)
	at org.junit.jupiter.engine.extension.TimeoutExtension.interceptTestMethod(TimeoutExtension.java:84)
	at org.junit.jupiter.engine.execution.ExecutableInvoker$ReflectiveInterceptorCall.lambda$ofVoidMethod$0(ExecutableInvoker.java:115)
	at org.junit.jupiter.engine.execution.ExecutableInvoker.lambda$invoke$0(ExecutableInvoker.java:105)
	at org.junit.jupiter.engine.execution.InvocationInterceptorChain$InterceptedInvocation.proceed(InvocationInterceptorChain.java:106)
	at org.junit.jupiter.engine.execution.InvocationInterceptorChain.proceed(InvocationInterceptorChain.java:64)
	at org.junit.jupiter.engine.execution.InvocationInterceptorChain.chainAndInvoke(InvocationInterceptorChain.java:45)
	at org.junit.jupiter.engine.execution.InvocationInterceptorChain.invoke(InvocationInterceptorChain.java:37)
	at org.junit.jupiter.engine.execution.ExecutableInvoker.invoke(ExecutableInvoker.java:104)
	at org.junit.jupiter.engine.execution.ExecutableInvoker.invoke(ExecutableInvoker.java:98)
	at org.junit.jupiter.engine.descriptor.TestMethodTestDescriptor.lambda$invokeTestMethod$6(TestMethodTestDescriptor.java:210)
	at org.junit.platform.engine.support.hierarchical.ThrowableCollector.execute(ThrowableCollector.java:73)
	at org.junit.jupiter.engine.descriptor.TestMethodTestDescriptor.invokeTestMethod(TestMethodTestDescriptor.java:206)
	at org.junit.jupiter.engine.descriptor.TestMethodTestDescriptor.execute(TestMethodTestDescriptor.java:131)
	at org.junit.jupiter.engine.descriptor.TestMethodTestDescriptor.execute(TestMethodTestDescriptor.java:65)
	at org.junit.platform.engine.support.hierarchical.NodeTestTask.lambda$executeRecursively$5(NodeTestTask.java:139)
	at org.junit.platform.engine.support.hierarchical.ThrowableCollector.execute(ThrowableCollector.java:73)
	at org.junit.platform.engine.support.hierarchical.NodeTestTask.lambda$executeRecursively$7(NodeTestTask.java:129)
	at org.junit.platform.engine.support.hierarchical.Node.around(Node.java:137)
	at org.junit.platform.engine.support.hierarchical.NodeTestTask.lambda$executeRecursively$8(NodeTestTask.java:127)
	at org.junit.platform.engine.support.hierarchical.ThrowableCollector.execute(ThrowableCollector.java:73)
	at org.junit.platform.engine.support.hierarchical.NodeTestTask.executeRecursively(NodeTestTask.java:126)
	at org.junit.platform.engine.support.hierarchical.NodeTestTask.execute(NodeTestTask.java:84)
	at java.base/java.util.ArrayList.forEach(ArrayList.java:1511)
	at org.junit.platform.engine.support.hierarchical.SameThreadHierarchicalTestExecutorService.invokeAll(SameThreadHierarchicalTestExecutorService.java:38)
	at org.junit.platform.engine.support.hierarchical.NodeTestTask.lambda$executeRecursively$5(NodeTestTask.java:143)
	at org.junit.platform.engine.support.hierarchical.ThrowableCollector.execute(ThrowableCollector.java:73)
	at org.junit.platform.engine.support.hierarchical.NodeTestTask.lambda$executeRecursively$7(NodeTestTask.java:129)
	at org.junit.platform.engine.support.hierarchical.Node.around(Node.java:137)
	at org.junit.platform.engine.support.hierarchical.NodeTestTask.lambda$executeRecursively$8(NodeTestTask.java:127)
	at org.junit.platform.engine.support.hierarchical.ThrowableCollector.execute(ThrowableCollector.java:73)
	at org.junit.platform.engine.support.hierarchical.NodeTestTask.executeRecursively(NodeTestTask.java:126)
	at org.junit.platform.engine.support.hierarchical.NodeTestTask.execute(NodeTestTask.java:84)
	at java.base/java.util.ArrayList.forEach(ArrayList.java:1511)
	at org.junit.platform.engine.support.hierarchical.SameThreadHierarchicalTestExecutorService.invokeAll(SameThreadHierarchicalTestExecutorService.java:38)
	at org.junit.platform.engine.support.hierarchical.NodeTestTask.lambda$executeRecursively$5(NodeTestTask.java:143)
	at org.junit.platform.engine.support.hierarchical.ThrowableCollector.execute(ThrowableCollector.java:73)
	at org.junit.platform.engine.support.hierarchical.NodeTestTask.lambda$executeRecursively$7(NodeTestTask.java:129)
	at org.junit.platform.engine.support.hierarchical.Node.around(Node.java:137)
	at org.junit.platform.engine.support.hierarchical.NodeTestTask.lambda$executeRecursively$8(NodeTestTask.java:127)
	at org.junit.platform.engine.support.hierarchical.ThrowableCollector.execute(ThrowableCollector.java:73)
	at org.junit.platform.engine.support.hierarchical.NodeTestTask.executeRecursively(NodeTestTask.java:126)
	at org.junit.platform.engine.support.hierarchical.NodeTestTask.execute(NodeTestTask.java:84)
	at org.junit.platform.engine.support.hierarchical.SameThreadHierarchicalTestExecutorService.submit(SameThreadHierarchicalTestExecutorService.java:32)
	at org.junit.platform.engine.support.hierarchical.HierarchicalTestExecutor.execute(HierarchicalTestExecutor.java:57)
	at org.junit.platform.engine.support.hierarchical.HierarchicalTestEngine.execute(HierarchicalTestEngine.java:51)
	at org.junit.platform.launcher.core.EngineExecutionOrchestrator.execute(EngineExecutionOrchestrator.java:108)
	at org.junit.platform.launcher.core.EngineExecutionOrchestrator.execute(EngineExecutionOrchestrator.java:88)
	at org.junit.platform.launcher.core.EngineExecutionOrchestrator.lambda$execute$0(EngineExecutionOrchestrator.java:54)
	at org.junit.platform.launcher.core.EngineExecutionOrchestrator.withInterceptedStreams(EngineExecutionOrchestrator.java:67)
	at org.junit.platform.launcher.core.EngineExecutionOrchestrator.execute(EngineExecutionOrchestrator.java:52)
	at org.junit.platform.launcher.core.DefaultLauncher.execute(DefaultLauncher.java:96)
	at org.junit.platform.launcher.core.DefaultLauncher.execute(DefaultLauncher.java:75)
	at org.gradle.api.internal.tasks.testing.junitplatform.JUnitPlatformTestClassProcessor$CollectAllTestClassesExecutor.processAllTestClasses(JUnitPlatformTestClassProcessor.java:99)
	at org.gradle.api.internal.tasks.testing.junitplatform.JUnitPlatformTestClassProcessor$CollectAllTestClassesExecutor.access$000(JUnitPlatformTestClassProcessor.java:79)
	at org.gradle.api.internal.tasks.testing.junitplatform.JUnitPlatformTestClassProcessor.stop(JUnitPlatformTestClassProcessor.java:75)
	at org.gradle.api.internal.tasks.testing.SuiteTestClassProcessor.stop(SuiteTestClassProcessor.java:61)
	at java.base/jdk.internal.reflect.NativeMethodAccessorImpl.invoke0(Native Method)
	at java.base/jdk.internal.reflect.NativeMethodAccessorImpl.invoke(NativeMethodAccessorImpl.java:64)
	at java.base/jdk.internal.reflect.DelegatingMethodAccessorImpl.invoke(DelegatingMethodAccessorImpl.java:43)
	at java.base/java.lang.reflect.Method.invoke(Method.java:564)
	at org.gradle.internal.dispatch.ReflectionDispatch.dispatch(ReflectionDispatch.java:36)
	at org.gradle.internal.dispatch.ReflectionDispatch.dispatch(ReflectionDispatch.java:24)
	at org.gradle.internal.dispatch.ContextClassLoaderDispatch.dispatch(ContextClassLoaderDispatch.java:33)
	at org.gradle.internal.dispatch.ProxyDispatchAdapter$DispatchingInvocationHandler.invoke(ProxyDispatchAdapter.java:94)
	at com.sun.proxy.$Proxy5.stop(Unknown Source)
	at org.gradle.api.internal.tasks.testing.worker.TestWorker.stop(TestWorker.java:135)
	at java.base/jdk.internal.reflect.NativeMethodAccessorImpl.invoke0(Native Method)
	at java.base/jdk.internal.reflect.NativeMethodAccessorImpl.invoke(NativeMethodAccessorImpl.java:64)
	at java.base/jdk.internal.reflect.DelegatingMethodAccessorImpl.invoke(DelegatingMethodAccessorImpl.java:43)
	at java.base/java.lang.reflect.Method.invoke(Method.java:564)
	at org.gradle.internal.dispatch.ReflectionDispatch.dispatch(ReflectionDispatch.java:36)
	at org.gradle.internal.dispatch.ReflectionDispatch.dispatch(ReflectionDispatch.java:24)
	at org.gradle.internal.remote.internal.hub.MessageHubBackedObjectConnection$DispatchWrapper.dispatch(MessageHubBackedObjectConnection.java:182)
	at org.gradle.internal.remote.internal.hub.MessageHubBackedObjectConnection$DispatchWrapper.dispatch(MessageHubBackedObjectConnection.java:164)
	at org.gradle.internal.remote.internal.hub.MessageHub$Handler.run(MessageHub.java:414)
	at org.gradle.internal.concurrent.ExecutorPolicy$CatchAndRecordFailures.onExecute(ExecutorPolicy.java:64)
	at org.gradle.internal.concurrent.ManagedExecutorImpl$1.run(ManagedExecutorImpl.java:48)
	at java.base/java.util.concurrent.ThreadPoolExecutor.runWorker(ThreadPoolExecutor.java:1130)
	at java.base/java.util.concurrent.ThreadPoolExecutor$Worker.run(ThreadPoolExecutor.java:630)
	at org.gradle.internal.concurrent.ThreadFactoryImpl$ManagedThreadRunnable.run(ThreadFactoryImpl.java:56)
	at java.base/java.lang.Thread.run(Thread.java:832)
Caused by: net.sourceforge.htmlunit.corejs.javascript.EvaluatorException: missing formal parameter (https://cdn.jsdelivr.net/npm/bootstrap@5.1.3/dist/js/bootstrap.bundle.min.js#6)
	at com.gargoylesoftware.htmlunit.javascript.HtmlUnitContextFactory$HtmlUnitErrorReporter.error(HtmlUnitContextFactory.java:436)
	at net.sourceforge.htmlunit.corejs.javascript.Parser.addError(Parser.java:251)
	at net.sourceforge.htmlunit.corejs.javascript.Parser.reportError(Parser.java:330)
	at net.sourceforge.htmlunit.corejs.javascript.Parser.reportError(Parser.java:326)
	at net.sourceforge.htmlunit.corejs.javascript.Parser.arrowFunctionParams(Parser.java:1035)
	at net.sourceforge.htmlunit.corejs.javascript.Parser.arrowFunctionParams(Parser.java:1020)
	at net.sourceforge.htmlunit.corejs.javascript.Parser.arrowFunction(Parser.java:969)
	at net.sourceforge.htmlunit.corejs.javascript.Parser.assignExpr(Parser.java:2310)
	at net.sourceforge.htmlunit.corejs.javascript.Parser.variables(Parser.java:2122)
	at net.sourceforge.htmlunit.corejs.javascript.Parser.statementHelper(Parser.java:1191)
	at net.sourceforge.htmlunit.corejs.javascript.Parser.statement(Parser.java:1098)
	at net.sourceforge.htmlunit.corejs.javascript.Parser.parseFunctionBody(Parser.java:730)
	at net.sourceforge.htmlunit.corejs.javascript.Parser.function(Parser.java:905)
	at net.sourceforge.htmlunit.corejs.javascript.Parser.function(Parser.java:839)
	at net.sourceforge.htmlunit.corejs.javascript.Parser.primaryExpr(Parser.java:3035)
	at net.sourceforge.htmlunit.corejs.javascript.Parser.memberExpr(Parser.java:2665)
	at net.sourceforge.htmlunit.corejs.javascript.Parser.unaryExpr(Parser.java:2568)
	at net.sourceforge.htmlunit.corejs.javascript.Parser.expExpr(Parser.java:2488)
	at net.sourceforge.htmlunit.corejs.javascript.Parser.mulExpr(Parser.java:2471)
	at net.sourceforge.htmlunit.corejs.javascript.Parser.addExpr(Parser.java:2457)
	at net.sourceforge.htmlunit.corejs.javascript.Parser.shiftExpr(Parser.java:2440)
	at net.sourceforge.htmlunit.corejs.javascript.Parser.relExpr(Parser.java:2418)
	at net.sourceforge.htmlunit.corejs.javascript.Parser.eqExpr(Parser.java:2394)
	at net.sourceforge.htmlunit.corejs.javascript.Parser.bitAndExpr(Parser.java:2385)
	at net.sourceforge.htmlunit.corejs.javascript.Parser.bitXorExpr(Parser.java:2376)
	at net.sourceforge.htmlunit.corejs.javascript.Parser.bitOrExpr(Parser.java:2367)
	at net.sourceforge.htmlunit.corejs.javascript.Parser.andExpr(Parser.java:2358)
	at net.sourceforge.htmlunit.corejs.javascript.Parser.orExpr(Parser.java:2349)
	at net.sourceforge.htmlunit.corejs.javascript.Parser.condExpr(Parser.java:2316)
	at net.sourceforge.htmlunit.corejs.javascript.Parser.assignExpr(Parser.java:2274)
	at net.sourceforge.htmlunit.corejs.javascript.Parser.expr(Parser.java:2257)
	at net.sourceforge.htmlunit.corejs.javascript.Parser.parenExpr(Parser.java:3129)
	at net.sourceforge.htmlunit.corejs.javascript.Parser.primaryExpr(Parser.java:3051)
	at net.sourceforge.htmlunit.corejs.javascript.Parser.memberExpr(Parser.java:2665)
	at net.sourceforge.htmlunit.corejs.javascript.Parser.unaryExpr(Parser.java:2568)
	at net.sourceforge.htmlunit.corejs.javascript.Parser.expExpr(Parser.java:2488)
	at net.sourceforge.htmlunit.corejs.javascript.Parser.mulExpr(Parser.java:2471)
	at net.sourceforge.htmlunit.corejs.javascript.Parser.addExpr(Parser.java:2457)
	at net.sourceforge.htmlunit.corejs.javascript.Parser.shiftExpr(Parser.java:2440)
	at net.sourceforge.htmlunit.corejs.javascript.Parser.relExpr(Parser.java:2418)
	at net.sourceforge.htmlunit.corejs.javascript.Parser.eqExpr(Parser.java:2394)
	at net.sourceforge.htmlunit.corejs.javascript.Parser.bitAndExpr(Parser.java:2385)
	at net.sourceforge.htmlunit.corejs.javascript.Parser.bitXorExpr(Parser.java:2376)
	at net.sourceforge.htmlunit.corejs.javascript.Parser.bitOrExpr(Parser.java:2367)
	at net.sourceforge.htmlunit.corejs.javascript.Parser.andExpr(Parser.java:2358)
	at net.sourceforge.htmlunit.corejs.javascript.Parser.orExpr(Parser.java:2349)
	at net.sourceforge.htmlunit.corejs.javascript.Parser.condExpr(Parser.java:2316)
	at net.sourceforge.htmlunit.corejs.javascript.Parser.assignExpr(Parser.java:2274)
	at net.sourceforge.htmlunit.corejs.javascript.Parser.argumentList(Parser.java:2636)
	at net.sourceforge.htmlunit.corejs.javascript.Parser.memberExprTail(Parser.java:2780)
	at net.sourceforge.htmlunit.corejs.javascript.Parser.memberExpr(Parser.java:2700)
	at net.sourceforge.htmlunit.corejs.javascript.Parser.unaryExpr(Parser.java:2568)
	at net.sourceforge.htmlunit.corejs.javascript.Parser.unaryExpr(Parser.java:2523)
	at net.sourceforge.htmlunit.corejs.javascript.Parser.expExpr(Parser.java:2488)
	at net.sourceforge.htmlunit.corejs.javascript.Parser.mulExpr(Parser.java:2471)
	at net.sourceforge.htmlunit.corejs.javascript.Parser.addExpr(Parser.java:2457)
	at net.sourceforge.htmlunit.corejs.javascript.Parser.shiftExpr(Parser.java:2440)
	at net.sourceforge.htmlunit.corejs.javascript.Parser.relExpr(Parser.java:2418)
	at net.sourceforge.htmlunit.corejs.javascript.Parser.eqExpr(Parser.java:2394)
	at net.sourceforge.htmlunit.corejs.javascript.Parser.bitAndExpr(Parser.java:2385)
	at net.sourceforge.htmlunit.corejs.javascript.Parser.bitXorExpr(Parser.java:2376)
	at net.sourceforge.htmlunit.corejs.javascript.Parser.bitOrExpr(Parser.java:2367)
	at net.sourceforge.htmlunit.corejs.javascript.Parser.andExpr(Parser.java:2358)
	at net.sourceforge.htmlunit.corejs.javascript.Parser.orExpr(Parser.java:2349)
	at net.sourceforge.htmlunit.corejs.javascript.Parser.condExpr(Parser.java:2316)
	at net.sourceforge.htmlunit.corejs.javascript.Parser.assignExpr(Parser.java:2274)
	at net.sourceforge.htmlunit.corejs.javascript.Parser.expr(Parser.java:2257)
	at net.sourceforge.htmlunit.corejs.javascript.Parser.statementHelper(Parser.java:1243)
	at net.sourceforge.htmlunit.corejs.javascript.Parser.statement(Parser.java:1098)
	at net.sourceforge.htmlunit.corejs.javascript.Parser.parse(Parser.java:626)
	at net.sourceforge.htmlunit.corejs.javascript.Parser.parse(Parser.java:556)
	at net.sourceforge.htmlunit.corejs.javascript.Context.parse(Context.java:2496)
	at net.sourceforge.htmlunit.corejs.javascript.Context.compileImpl(Context.java:2427)
	at net.sourceforge.htmlunit.corejs.javascript.Context.compileString(Context.java:1415)
	at com.gargoylesoftware.htmlunit.javascript.HtmlUnitContextFactory$TimeoutContext.compileString(HtmlUnitContextFactory.java:222)
	at net.sourceforge.htmlunit.corejs.javascript.Context.compileString(Context.java:1403)
	at com.gargoylesoftware.htmlunit.javascript.JavaScriptEngine$1.doRun(JavaScriptEngine.java:779)
	at com.gargoylesoftware.htmlunit.javascript.JavaScriptEngine$HtmlUnitContextAction.run(JavaScriptEngine.java:942)
	... 127 common frames omitted
07:44:01.070 [Test worker] ERROR c.g.h.j.DefaultJavaScriptErrorListener - Error during JavaScript execution
com.gargoylesoftware.htmlunit.ScriptException: missing formal parameter (https://cdn.jsdelivr.net/npm/bootstrap@5.1.3/dist/js/bootstrap.bundle.min.js#6)
	at com.gargoylesoftware.htmlunit.javascript.JavaScriptEngine$HtmlUnitContextAction.run(JavaScriptEngine.java:960)
	at net.sourceforge.htmlunit.corejs.javascript.Context.call(Context.java:581)
	at net.sourceforge.htmlunit.corejs.javascript.ContextFactory.call(ContextFactory.java:481)
	at com.gargoylesoftware.htmlunit.javascript.HtmlUnitContextFactory.callSecured(HtmlUnitContextFactory.java:352)
	at com.gargoylesoftware.htmlunit.javascript.JavaScriptEngine.compile(JavaScriptEngine.java:788)
	at com.gargoylesoftware.htmlunit.javascript.JavaScriptEngine.compile(JavaScriptEngine.java:754)
	at com.gargoylesoftware.htmlunit.javascript.JavaScriptEngine.compile(JavaScriptEngine.java:112)
	at com.gargoylesoftware.htmlunit.html.HtmlPage.loadJavaScriptFromUrl(HtmlPage.java:1122)
	at com.gargoylesoftware.htmlunit.html.HtmlPage.loadExternalJavaScriptFile(HtmlPage.java:1002)
	at com.gargoylesoftware.htmlunit.html.ScriptElementSupport.executeScriptIfNeeded(ScriptElementSupport.java:196)
	at com.gargoylesoftware.htmlunit.html.ScriptElementSupport$1.execute(ScriptElementSupport.java:120)
	at com.gargoylesoftware.htmlunit.html.ScriptElementSupport.onAllChildrenAddedToPage(ScriptElementSupport.java:143)
	at com.gargoylesoftware.htmlunit.html.HtmlScript.onAllChildrenAddedToPage(HtmlScript.java:191)
	at com.gargoylesoftware.htmlunit.html.parser.neko.HtmlUnitNekoDOMBuilder.endElement(HtmlUnitNekoDOMBuilder.java:551)
	at org.apache.xerces.parsers.AbstractSAXParser.endElement(Unknown Source)
	at com.gargoylesoftware.htmlunit.html.parser.neko.HtmlUnitNekoDOMBuilder.endElement(HtmlUnitNekoDOMBuilder.java:503)
	at net.sourceforge.htmlunit.cyberneko.HTMLTagBalancer.callEndElement(HTMLTagBalancer.java:1216)
	at net.sourceforge.htmlunit.cyberneko.HTMLTagBalancer.endElement(HTMLTagBalancer.java:1156)
	at net.sourceforge.htmlunit.cyberneko.filters.DefaultFilter.endElement(DefaultFilter.java:219)
	at net.sourceforge.htmlunit.cyberneko.filters.NamespaceBinder.endElement(NamespaceBinder.java:312)
	at net.sourceforge.htmlunit.cyberneko.HTMLScanner$ContentScanner.scanEndElement(HTMLScanner.java:3189)
	at net.sourceforge.htmlunit.cyberneko.HTMLScanner$ContentScanner.scan(HTMLScanner.java:2114)
	at net.sourceforge.htmlunit.cyberneko.HTMLScanner.scanDocument(HTMLScanner.java:937)
	at net.sourceforge.htmlunit.cyberneko.HTMLConfiguration.parse(HTMLConfiguration.java:443)
	at net.sourceforge.htmlunit.cyberneko.HTMLConfiguration.parse(HTMLConfiguration.java:394)
	at org.apache.xerces.parsers.XMLParser.parse(Unknown Source)
	at com.gargoylesoftware.htmlunit.html.parser.neko.HtmlUnitNekoDOMBuilder.parse(HtmlUnitNekoDOMBuilder.java:751)
	at com.gargoylesoftware.htmlunit.html.parser.neko.HtmlUnitNekoHtmlParser.parse(HtmlUnitNekoHtmlParser.java:208)
	at com.gargoylesoftware.htmlunit.DefaultPageCreator.createHtmlPage(DefaultPageCreator.java:297)
	at com.gargoylesoftware.htmlunit.DefaultPageCreator.createPage(DefaultPageCreator.java:217)
	at com.gargoylesoftware.htmlunit.WebClient.loadWebResponseInto(WebClient.java:684)
	at com.gargoylesoftware.htmlunit.WebClient.loadDownloadedResponses(WebClient.java:2517)
	at com.gargoylesoftware.htmlunit.javascript.JavaScriptEngine.doProcessPostponedActions(JavaScriptEngine.java:988)
	at com.gargoylesoftware.htmlunit.javascript.JavaScriptEngine.processPostponedActions(JavaScriptEngine.java:1110)
	at com.gargoylesoftware.htmlunit.html.DomElement.click(DomElement.java:1101)
	at com.gargoylesoftware.htmlunit.html.DomElement.click(DomElement.java:1032)
	at com.gargoylesoftware.htmlunit.html.DomElement.click(DomElement.java:918)
	at com.gargoylesoftware.htmlunit.html.DomElement.click(DomElement.java:895)
	at com.gargoylesoftware.htmlunit.html.DomElement.click(DomElement.java:872)
	at at.fhv.se.banking.view.BankingViewTests.given_account_when_deposit_and_noaccount_thenshowerror(BankingViewTests.java:325)
	at java.base/jdk.internal.reflect.NativeMethodAccessorImpl.invoke0(Native Method)
	at java.base/jdk.internal.reflect.NativeMethodAccessorImpl.invoke(NativeMethodAccessorImpl.java:64)
	at java.base/jdk.internal.reflect.DelegatingMethodAccessorImpl.invoke(DelegatingMethodAccessorImpl.java:43)
	at java.base/java.lang.reflect.Method.invoke(Method.java:564)
	at org.junit.platform.commons.util.ReflectionUtils.invokeMethod(ReflectionUtils.java:688)
	at org.junit.jupiter.engine.execution.MethodInvocation.proceed(MethodInvocation.java:60)
	at org.junit.jupiter.engine.execution.InvocationInterceptorChain$ValidatingInvocation.proceed(InvocationInterceptorChain.java:131)
	at org.junit.jupiter.engine.extension.TimeoutExtension.intercept(TimeoutExtension.java:149)
	at org.junit.jupiter.engine.extension.TimeoutExtension.interceptTestableMethod(TimeoutExtension.java:140)
	at org.junit.jupiter.engine.extension.TimeoutExtension.interceptTestMethod(TimeoutExtension.java:84)
	at org.junit.jupiter.engine.execution.ExecutableInvoker$ReflectiveInterceptorCall.lambda$ofVoidMethod$0(ExecutableInvoker.java:115)
	at org.junit.jupiter.engine.execution.ExecutableInvoker.lambda$invoke$0(ExecutableInvoker.java:105)
	at org.junit.jupiter.engine.execution.InvocationInterceptorChain$InterceptedInvocation.proceed(InvocationInterceptorChain.java:106)
	at org.junit.jupiter.engine.execution.InvocationInterceptorChain.proceed(InvocationInterceptorChain.java:64)
	at org.junit.jupiter.engine.execution.InvocationInterceptorChain.chainAndInvoke(InvocationInterceptorChain.java:45)
	at org.junit.jupiter.engine.execution.InvocationInterceptorChain.invoke(InvocationInterceptorChain.java:37)
	at org.junit.jupiter.engine.execution.ExecutableInvoker.invoke(ExecutableInvoker.java:104)
	at org.junit.jupiter.engine.execution.ExecutableInvoker.invoke(ExecutableInvoker.java:98)
	at org.junit.jupiter.engine.descriptor.TestMethodTestDescriptor.lambda$invokeTestMethod$6(TestMethodTestDescriptor.java:210)
	at org.junit.platform.engine.support.hierarchical.ThrowableCollector.execute(ThrowableCollector.java:73)
	at org.junit.jupiter.engine.descriptor.TestMethodTestDescriptor.invokeTestMethod(TestMethodTestDescriptor.java:206)
	at org.junit.jupiter.engine.descriptor.TestMethodTestDescriptor.execute(TestMethodTestDescriptor.java:131)
	at org.junit.jupiter.engine.descriptor.TestMethodTestDescriptor.execute(TestMethodTestDescriptor.java:65)
	at org.junit.platform.engine.support.hierarchical.NodeTestTask.lambda$executeRecursively$5(NodeTestTask.java:139)
	at org.junit.platform.engine.support.hierarchical.ThrowableCollector.execute(ThrowableCollector.java:73)
	at org.junit.platform.engine.support.hierarchical.NodeTestTask.lambda$executeRecursively$7(NodeTestTask.java:129)
	at org.junit.platform.engine.support.hierarchical.Node.around(Node.java:137)
	at org.junit.platform.engine.support.hierarchical.NodeTestTask.lambda$executeRecursively$8(NodeTestTask.java:127)
	at org.junit.platform.engine.support.hierarchical.ThrowableCollector.execute(ThrowableCollector.java:73)
	at org.junit.platform.engine.support.hierarchical.NodeTestTask.executeRecursively(NodeTestTask.java:126)
	at org.junit.platform.engine.support.hierarchical.NodeTestTask.execute(NodeTestTask.java:84)
	at java.base/java.util.ArrayList.forEach(ArrayList.java:1511)
	at org.junit.platform.engine.support.hierarchical.SameThreadHierarchicalTestExecutorService.invokeAll(SameThreadHierarchicalTestExecutorService.java:38)
	at org.junit.platform.engine.support.hierarchical.NodeTestTask.lambda$executeRecursively$5(NodeTestTask.java:143)
	at org.junit.platform.engine.support.hierarchical.ThrowableCollector.execute(ThrowableCollector.java:73)
	at org.junit.platform.engine.support.hierarchical.NodeTestTask.lambda$executeRecursively$7(NodeTestTask.java:129)
	at org.junit.platform.engine.support.hierarchical.Node.around(Node.java:137)
	at org.junit.platform.engine.support.hierarchical.NodeTestTask.lambda$executeRecursively$8(NodeTestTask.java:127)
	at org.junit.platform.engine.support.hierarchical.ThrowableCollector.execute(ThrowableCollector.java:73)
	at org.junit.platform.engine.support.hierarchical.NodeTestTask.executeRecursively(NodeTestTask.java:126)
	at org.junit.platform.engine.support.hierarchical.NodeTestTask.execute(NodeTestTask.java:84)
	at java.base/java.util.ArrayList.forEach(ArrayList.java:1511)
	at org.junit.platform.engine.support.hierarchical.SameThreadHierarchicalTestExecutorService.invokeAll(SameThreadHierarchicalTestExecutorService.java:38)
	at org.junit.platform.engine.support.hierarchical.NodeTestTask.lambda$executeRecursively$5(NodeTestTask.java:143)
	at org.junit.platform.engine.support.hierarchical.ThrowableCollector.execute(ThrowableCollector.java:73)
	at org.junit.platform.engine.support.hierarchical.NodeTestTask.lambda$executeRecursively$7(NodeTestTask.java:129)
	at org.junit.platform.engine.support.hierarchical.Node.around(Node.java:137)
	at org.junit.platform.engine.support.hierarchical.NodeTestTask.lambda$executeRecursively$8(NodeTestTask.java:127)
	at org.junit.platform.engine.support.hierarchical.ThrowableCollector.execute(ThrowableCollector.java:73)
	at org.junit.platform.engine.support.hierarchical.NodeTestTask.executeRecursively(NodeTestTask.java:126)
	at org.junit.platform.engine.support.hierarchical.NodeTestTask.execute(NodeTestTask.java:84)
	at org.junit.platform.engine.support.hierarchical.SameThreadHierarchicalTestExecutorService.submit(SameThreadHierarchicalTestExecutorService.java:32)
	at org.junit.platform.engine.support.hierarchical.HierarchicalTestExecutor.execute(HierarchicalTestExecutor.java:57)
	at org.junit.platform.engine.support.hierarchical.HierarchicalTestEngine.execute(HierarchicalTestEngine.java:51)
	at org.junit.platform.launcher.core.EngineExecutionOrchestrator.execute(EngineExecutionOrchestrator.java:108)
	at org.junit.platform.launcher.core.EngineExecutionOrchestrator.execute(EngineExecutionOrchestrator.java:88)
	at org.junit.platform.launcher.core.EngineExecutionOrchestrator.lambda$execute$0(EngineExecutionOrchestrator.java:54)
	at org.junit.platform.launcher.core.EngineExecutionOrchestrator.withInterceptedStreams(EngineExecutionOrchestrator.java:67)
	at org.junit.platform.launcher.core.EngineExecutionOrchestrator.execute(EngineExecutionOrchestrator.java:52)
	at org.junit.platform.launcher.core.DefaultLauncher.execute(DefaultLauncher.java:96)
	at org.junit.platform.launcher.core.DefaultLauncher.execute(DefaultLauncher.java:75)
	at org.gradle.api.internal.tasks.testing.junitplatform.JUnitPlatformTestClassProcessor$CollectAllTestClassesExecutor.processAllTestClasses(JUnitPlatformTestClassProcessor.java:99)
	at org.gradle.api.internal.tasks.testing.junitplatform.JUnitPlatformTestClassProcessor$CollectAllTestClassesExecutor.access$000(JUnitPlatformTestClassProcessor.java:79)
	at org.gradle.api.internal.tasks.testing.junitplatform.JUnitPlatformTestClassProcessor.stop(JUnitPlatformTestClassProcessor.java:75)
	at org.gradle.api.internal.tasks.testing.SuiteTestClassProcessor.stop(SuiteTestClassProcessor.java:61)
	at java.base/jdk.internal.reflect.NativeMethodAccessorImpl.invoke0(Native Method)
	at java.base/jdk.internal.reflect.NativeMethodAccessorImpl.invoke(NativeMethodAccessorImpl.java:64)
	at java.base/jdk.internal.reflect.DelegatingMethodAccessorImpl.invoke(DelegatingMethodAccessorImpl.java:43)
	at java.base/java.lang.reflect.Method.invoke(Method.java:564)
	at org.gradle.internal.dispatch.ReflectionDispatch.dispatch(ReflectionDispatch.java:36)
	at org.gradle.internal.dispatch.ReflectionDispatch.dispatch(ReflectionDispatch.java:24)
	at org.gradle.internal.dispatch.ContextClassLoaderDispatch.dispatch(ContextClassLoaderDispatch.java:33)
	at org.gradle.internal.dispatch.ProxyDispatchAdapter$DispatchingInvocationHandler.invoke(ProxyDispatchAdapter.java:94)
	at com.sun.proxy.$Proxy5.stop(Unknown Source)
	at org.gradle.api.internal.tasks.testing.worker.TestWorker.stop(TestWorker.java:135)
	at java.base/jdk.internal.reflect.NativeMethodAccessorImpl.invoke0(Native Method)
	at java.base/jdk.internal.reflect.NativeMethodAccessorImpl.invoke(NativeMethodAccessorImpl.java:64)
	at java.base/jdk.internal.reflect.DelegatingMethodAccessorImpl.invoke(DelegatingMethodAccessorImpl.java:43)
	at java.base/java.lang.reflect.Method.invoke(Method.java:564)
	at org.gradle.internal.dispatch.ReflectionDispatch.dispatch(ReflectionDispatch.java:36)
	at org.gradle.internal.dispatch.ReflectionDispatch.dispatch(ReflectionDispatch.java:24)
	at org.gradle.internal.remote.internal.hub.MessageHubBackedObjectConnection$DispatchWrapper.dispatch(MessageHubBackedObjectConnection.java:182)
	at org.gradle.internal.remote.internal.hub.MessageHubBackedObjectConnection$DispatchWrapper.dispatch(MessageHubBackedObjectConnection.java:164)
	at org.gradle.internal.remote.internal.hub.MessageHub$Handler.run(MessageHub.java:414)
	at org.gradle.internal.concurrent.ExecutorPolicy$CatchAndRecordFailures.onExecute(ExecutorPolicy.java:64)
	at org.gradle.internal.concurrent.ManagedExecutorImpl$1.run(ManagedExecutorImpl.java:48)
	at java.base/java.util.concurrent.ThreadPoolExecutor.runWorker(ThreadPoolExecutor.java:1130)
	at java.base/java.util.concurrent.ThreadPoolExecutor$Worker.run(ThreadPoolExecutor.java:630)
	at org.gradle.internal.concurrent.ThreadFactoryImpl$ManagedThreadRunnable.run(ThreadFactoryImpl.java:56)
	at java.base/java.lang.Thread.run(Thread.java:832)
Caused by: net.sourceforge.htmlunit.corejs.javascript.EvaluatorException: missing formal parameter (https://cdn.jsdelivr.net/npm/bootstrap@5.1.3/dist/js/bootstrap.bundle.min.js#6)
	at com.gargoylesoftware.htmlunit.javascript.HtmlUnitContextFactory$HtmlUnitErrorReporter.error(HtmlUnitContextFactory.java:436)
	at net.sourceforge.htmlunit.corejs.javascript.Parser.addError(Parser.java:251)
	at net.sourceforge.htmlunit.corejs.javascript.Parser.reportError(Parser.java:330)
	at net.sourceforge.htmlunit.corejs.javascript.Parser.reportError(Parser.java:326)
	at net.sourceforge.htmlunit.corejs.javascript.Parser.arrowFunctionParams(Parser.java:1035)
	at net.sourceforge.htmlunit.corejs.javascript.Parser.arrowFunctionParams(Parser.java:1020)
	at net.sourceforge.htmlunit.corejs.javascript.Parser.arrowFunction(Parser.java:969)
	at net.sourceforge.htmlunit.corejs.javascript.Parser.assignExpr(Parser.java:2310)
	at net.sourceforge.htmlunit.corejs.javascript.Parser.variables(Parser.java:2122)
	at net.sourceforge.htmlunit.corejs.javascript.Parser.statementHelper(Parser.java:1191)
	at net.sourceforge.htmlunit.corejs.javascript.Parser.statement(Parser.java:1098)
	at net.sourceforge.htmlunit.corejs.javascript.Parser.parseFunctionBody(Parser.java:730)
	at net.sourceforge.htmlunit.corejs.javascript.Parser.function(Parser.java:905)
	at net.sourceforge.htmlunit.corejs.javascript.Parser.function(Parser.java:839)
	at net.sourceforge.htmlunit.corejs.javascript.Parser.primaryExpr(Parser.java:3035)
	at net.sourceforge.htmlunit.corejs.javascript.Parser.memberExpr(Parser.java:2665)
	at net.sourceforge.htmlunit.corejs.javascript.Parser.unaryExpr(Parser.java:2568)
	at net.sourceforge.htmlunit.corejs.javascript.Parser.expExpr(Parser.java:2488)
	at net.sourceforge.htmlunit.corejs.javascript.Parser.mulExpr(Parser.java:2471)
	at net.sourceforge.htmlunit.corejs.javascript.Parser.addExpr(Parser.java:2457)
	at net.sourceforge.htmlunit.corejs.javascript.Parser.shiftExpr(Parser.java:2440)
	at net.sourceforge.htmlunit.corejs.javascript.Parser.relExpr(Parser.java:2418)
	at net.sourceforge.htmlunit.corejs.javascript.Parser.eqExpr(Parser.java:2394)
	at net.sourceforge.htmlunit.corejs.javascript.Parser.bitAndExpr(Parser.java:2385)
	at net.sourceforge.htmlunit.corejs.javascript.Parser.bitXorExpr(Parser.java:2376)
	at net.sourceforge.htmlunit.corejs.javascript.Parser.bitOrExpr(Parser.java:2367)
	at net.sourceforge.htmlunit.corejs.javascript.Parser.andExpr(Parser.java:2358)
	at net.sourceforge.htmlunit.corejs.javascript.Parser.orExpr(Parser.java:2349)
	at net.sourceforge.htmlunit.corejs.javascript.Parser.condExpr(Parser.java:2316)
	at net.sourceforge.htmlunit.corejs.javascript.Parser.assignExpr(Parser.java:2274)
	at net.sourceforge.htmlunit.corejs.javascript.Parser.expr(Parser.java:2257)
	at net.sourceforge.htmlunit.corejs.javascript.Parser.parenExpr(Parser.java:3129)
	at net.sourceforge.htmlunit.corejs.javascript.Parser.primaryExpr(Parser.java:3051)
	at net.sourceforge.htmlunit.corejs.javascript.Parser.memberExpr(Parser.java:2665)
	at net.sourceforge.htmlunit.corejs.javascript.Parser.unaryExpr(Parser.java:2568)
	at net.sourceforge.htmlunit.corejs.javascript.Parser.expExpr(Parser.java:2488)
	at net.sourceforge.htmlunit.corejs.javascript.Parser.mulExpr(Parser.java:2471)
	at net.sourceforge.htmlunit.corejs.javascript.Parser.addExpr(Parser.java:2457)
	at net.sourceforge.htmlunit.corejs.javascript.Parser.shiftExpr(Parser.java:2440)
	at net.sourceforge.htmlunit.corejs.javascript.Parser.relExpr(Parser.java:2418)
	at net.sourceforge.htmlunit.corejs.javascript.Parser.eqExpr(Parser.java:2394)
	at net.sourceforge.htmlunit.corejs.javascript.Parser.bitAndExpr(Parser.java:2385)
	at net.sourceforge.htmlunit.corejs.javascript.Parser.bitXorExpr(Parser.java:2376)
	at net.sourceforge.htmlunit.corejs.javascript.Parser.bitOrExpr(Parser.java:2367)
	at net.sourceforge.htmlunit.corejs.javascript.Parser.andExpr(Parser.java:2358)
	at net.sourceforge.htmlunit.corejs.javascript.Parser.orExpr(Parser.java:2349)
	at net.sourceforge.htmlunit.corejs.javascript.Parser.condExpr(Parser.java:2316)
	at net.sourceforge.htmlunit.corejs.javascript.Parser.assignExpr(Parser.java:2274)
	at net.sourceforge.htmlunit.corejs.javascript.Parser.argumentList(Parser.java:2636)
	at net.sourceforge.htmlunit.corejs.javascript.Parser.memberExprTail(Parser.java:2780)
	at net.sourceforge.htmlunit.corejs.javascript.Parser.memberExpr(Parser.java:2700)
	at net.sourceforge.htmlunit.corejs.javascript.Parser.unaryExpr(Parser.java:2568)
	at net.sourceforge.htmlunit.corejs.javascript.Parser.unaryExpr(Parser.java:2523)
	at net.sourceforge.htmlunit.corejs.javascript.Parser.expExpr(Parser.java:2488)
	at net.sourceforge.htmlunit.corejs.javascript.Parser.mulExpr(Parser.java:2471)
	at net.sourceforge.htmlunit.corejs.javascript.Parser.addExpr(Parser.java:2457)
	at net.sourceforge.htmlunit.corejs.javascript.Parser.shiftExpr(Parser.java:2440)
	at net.sourceforge.htmlunit.corejs.javascript.Parser.relExpr(Parser.java:2418)
	at net.sourceforge.htmlunit.corejs.javascript.Parser.eqExpr(Parser.java:2394)
	at net.sourceforge.htmlunit.corejs.javascript.Parser.bitAndExpr(Parser.java:2385)
	at net.sourceforge.htmlunit.corejs.javascript.Parser.bitXorExpr(Parser.java:2376)
	at net.sourceforge.htmlunit.corejs.javascript.Parser.bitOrExpr(Parser.java:2367)
	at net.sourceforge.htmlunit.corejs.javascript.Parser.andExpr(Parser.java:2358)
	at net.sourceforge.htmlunit.corejs.javascript.Parser.orExpr(Parser.java:2349)
	at net.sourceforge.htmlunit.corejs.javascript.Parser.condExpr(Parser.java:2316)
	at net.sourceforge.htmlunit.corejs.javascript.Parser.assignExpr(Parser.java:2274)
	at net.sourceforge.htmlunit.corejs.javascript.Parser.expr(Parser.java:2257)
	at net.sourceforge.htmlunit.corejs.javascript.Parser.statementHelper(Parser.java:1243)
	at net.sourceforge.htmlunit.corejs.javascript.Parser.statement(Parser.java:1098)
	at net.sourceforge.htmlunit.corejs.javascript.Parser.parse(Parser.java:626)
	at net.sourceforge.htmlunit.corejs.javascript.Parser.parse(Parser.java:556)
	at net.sourceforge.htmlunit.corejs.javascript.Context.parse(Context.java:2496)
	at net.sourceforge.htmlunit.corejs.javascript.Context.compileImpl(Context.java:2427)
	at net.sourceforge.htmlunit.corejs.javascript.Context.compileString(Context.java:1415)
	at com.gargoylesoftware.htmlunit.javascript.HtmlUnitContextFactory$TimeoutContext.compileString(HtmlUnitContextFactory.java:222)
	at net.sourceforge.htmlunit.corejs.javascript.Context.compileString(Context.java:1403)
	at com.gargoylesoftware.htmlunit.javascript.JavaScriptEngine$1.doRun(JavaScriptEngine.java:779)
	at com.gargoylesoftware.htmlunit.javascript.JavaScriptEngine$HtmlUnitContextAction.run(JavaScriptEngine.java:942)
	... 129 common frames omitted
07:44:01.077 [Test worker] INFO  o.s.b.t.m.w.SpringBootMockServletContext - Initializing Spring TestDispatcherServlet ''
07:44:01.077 [Test worker] INFO  o.s.t.w.s.TestDispatcherServlet - Initializing Servlet ''
07:44:01.078 [Test worker] INFO  o.s.t.w.s.TestDispatcherServlet - Completed initialization in 1 ms
07:44:01.359 [Test worker] ERROR c.g.h.j.DefaultJavaScriptErrorListener - Error during JavaScript execution
com.gargoylesoftware.htmlunit.ScriptException: missing formal parameter (https://cdn.jsdelivr.net/npm/bootstrap@5.1.3/dist/js/bootstrap.bundle.min.js#6)
	at com.gargoylesoftware.htmlunit.javascript.JavaScriptEngine$HtmlUnitContextAction.run(JavaScriptEngine.java:960)
	at net.sourceforge.htmlunit.corejs.javascript.Context.call(Context.java:581)
	at net.sourceforge.htmlunit.corejs.javascript.ContextFactory.call(ContextFactory.java:481)
	at com.gargoylesoftware.htmlunit.javascript.HtmlUnitContextFactory.callSecured(HtmlUnitContextFactory.java:352)
	at com.gargoylesoftware.htmlunit.javascript.JavaScriptEngine.compile(JavaScriptEngine.java:788)
	at com.gargoylesoftware.htmlunit.javascript.JavaScriptEngine.compile(JavaScriptEngine.java:754)
	at com.gargoylesoftware.htmlunit.javascript.JavaScriptEngine.compile(JavaScriptEngine.java:112)
	at com.gargoylesoftware.htmlunit.html.HtmlPage.loadJavaScriptFromUrl(HtmlPage.java:1122)
	at com.gargoylesoftware.htmlunit.html.HtmlPage.loadExternalJavaScriptFile(HtmlPage.java:1002)
	at com.gargoylesoftware.htmlunit.html.ScriptElementSupport.executeScriptIfNeeded(ScriptElementSupport.java:196)
	at com.gargoylesoftware.htmlunit.html.ScriptElementSupport$1.execute(ScriptElementSupport.java:120)
	at com.gargoylesoftware.htmlunit.html.ScriptElementSupport.onAllChildrenAddedToPage(ScriptElementSupport.java:143)
	at com.gargoylesoftware.htmlunit.html.HtmlScript.onAllChildrenAddedToPage(HtmlScript.java:191)
	at com.gargoylesoftware.htmlunit.html.parser.neko.HtmlUnitNekoDOMBuilder.endElement(HtmlUnitNekoDOMBuilder.java:551)
	at org.apache.xerces.parsers.AbstractSAXParser.endElement(Unknown Source)
	at com.gargoylesoftware.htmlunit.html.parser.neko.HtmlUnitNekoDOMBuilder.endElement(HtmlUnitNekoDOMBuilder.java:503)
	at net.sourceforge.htmlunit.cyberneko.HTMLTagBalancer.callEndElement(HTMLTagBalancer.java:1216)
	at net.sourceforge.htmlunit.cyberneko.HTMLTagBalancer.endElement(HTMLTagBalancer.java:1156)
	at net.sourceforge.htmlunit.cyberneko.filters.DefaultFilter.endElement(DefaultFilter.java:219)
	at net.sourceforge.htmlunit.cyberneko.filters.NamespaceBinder.endElement(NamespaceBinder.java:312)
	at net.sourceforge.htmlunit.cyberneko.HTMLScanner$ContentScanner.scanEndElement(HTMLScanner.java:3189)
	at net.sourceforge.htmlunit.cyberneko.HTMLScanner$ContentScanner.scan(HTMLScanner.java:2114)
	at net.sourceforge.htmlunit.cyberneko.HTMLScanner.scanDocument(HTMLScanner.java:937)
	at net.sourceforge.htmlunit.cyberneko.HTMLConfiguration.parse(HTMLConfiguration.java:443)
	at net.sourceforge.htmlunit.cyberneko.HTMLConfiguration.parse(HTMLConfiguration.java:394)
	at org.apache.xerces.parsers.XMLParser.parse(Unknown Source)
	at com.gargoylesoftware.htmlunit.html.parser.neko.HtmlUnitNekoDOMBuilder.parse(HtmlUnitNekoDOMBuilder.java:751)
	at com.gargoylesoftware.htmlunit.html.parser.neko.HtmlUnitNekoHtmlParser.parse(HtmlUnitNekoHtmlParser.java:208)
	at com.gargoylesoftware.htmlunit.DefaultPageCreator.createHtmlPage(DefaultPageCreator.java:297)
	at com.gargoylesoftware.htmlunit.DefaultPageCreator.createPage(DefaultPageCreator.java:217)
	at com.gargoylesoftware.htmlunit.WebClient.loadWebResponseInto(WebClient.java:684)
	at com.gargoylesoftware.htmlunit.WebClient.loadWebResponseInto(WebClient.java:586)
	at com.gargoylesoftware.htmlunit.WebClient.getPage(WebClient.java:501)
	at com.gargoylesoftware.htmlunit.WebClient.getPage(WebClient.java:413)
	at com.gargoylesoftware.htmlunit.WebClient.getPage(WebClient.java:548)
	at com.gargoylesoftware.htmlunit.WebClient.getPage(WebClient.java:529)
	at at.fhv.se.banking.view.BankingViewTests.fetchAccountPage(BankingViewTests.java:569)
	at at.fhv.se.banking.view.BankingViewTests.given_account_when_transfer_and_nocustomer_thenshowerror(BankingViewTests.java:546)
	at java.base/jdk.internal.reflect.NativeMethodAccessorImpl.invoke0(Native Method)
	at java.base/jdk.internal.reflect.NativeMethodAccessorImpl.invoke(NativeMethodAccessorImpl.java:64)
	at java.base/jdk.internal.reflect.DelegatingMethodAccessorImpl.invoke(DelegatingMethodAccessorImpl.java:43)
	at java.base/java.lang.reflect.Method.invoke(Method.java:564)
	at org.junit.platform.commons.util.ReflectionUtils.invokeMethod(ReflectionUtils.java:688)
	at org.junit.jupiter.engine.execution.MethodInvocation.proceed(MethodInvocation.java:60)
	at org.junit.jupiter.engine.execution.InvocationInterceptorChain$ValidatingInvocation.proceed(InvocationInterceptorChain.java:131)
	at org.junit.jupiter.engine.extension.TimeoutExtension.intercept(TimeoutExtension.java:149)
	at org.junit.jupiter.engine.extension.TimeoutExtension.interceptTestableMethod(TimeoutExtension.java:140)
	at org.junit.jupiter.engine.extension.TimeoutExtension.interceptTestMethod(TimeoutExtension.java:84)
	at org.junit.jupiter.engine.execution.ExecutableInvoker$ReflectiveInterceptorCall.lambda$ofVoidMethod$0(ExecutableInvoker.java:115)
	at org.junit.jupiter.engine.execution.ExecutableInvoker.lambda$invoke$0(ExecutableInvoker.java:105)
	at org.junit.jupiter.engine.execution.InvocationInterceptorChain$InterceptedInvocation.proceed(InvocationInterceptorChain.java:106)
	at org.junit.jupiter.engine.execution.InvocationInterceptorChain.proceed(InvocationInterceptorChain.java:64)
	at org.junit.jupiter.engine.execution.InvocationInterceptorChain.chainAndInvoke(InvocationInterceptorChain.java:45)
	at org.junit.jupiter.engine.execution.InvocationInterceptorChain.invoke(InvocationInterceptorChain.java:37)
	at org.junit.jupiter.engine.execution.ExecutableInvoker.invoke(ExecutableInvoker.java:104)
	at org.junit.jupiter.engine.execution.ExecutableInvoker.invoke(ExecutableInvoker.java:98)
	at org.junit.jupiter.engine.descriptor.TestMethodTestDescriptor.lambda$invokeTestMethod$6(TestMethodTestDescriptor.java:210)
	at org.junit.platform.engine.support.hierarchical.ThrowableCollector.execute(ThrowableCollector.java:73)
	at org.junit.jupiter.engine.descriptor.TestMethodTestDescriptor.invokeTestMethod(TestMethodTestDescriptor.java:206)
	at org.junit.jupiter.engine.descriptor.TestMethodTestDescriptor.execute(TestMethodTestDescriptor.java:131)
	at org.junit.jupiter.engine.descriptor.TestMethodTestDescriptor.execute(TestMethodTestDescriptor.java:65)
	at org.junit.platform.engine.support.hierarchical.NodeTestTask.lambda$executeRecursively$5(NodeTestTask.java:139)
	at org.junit.platform.engine.support.hierarchical.ThrowableCollector.execute(ThrowableCollector.java:73)
	at org.junit.platform.engine.support.hierarchical.NodeTestTask.lambda$executeRecursively$7(NodeTestTask.java:129)
	at org.junit.platform.engine.support.hierarchical.Node.around(Node.java:137)
	at org.junit.platform.engine.support.hierarchical.NodeTestTask.lambda$executeRecursively$8(NodeTestTask.java:127)
	at org.junit.platform.engine.support.hierarchical.ThrowableCollector.execute(ThrowableCollector.java:73)
	at org.junit.platform.engine.support.hierarchical.NodeTestTask.executeRecursively(NodeTestTask.java:126)
	at org.junit.platform.engine.support.hierarchical.NodeTestTask.execute(NodeTestTask.java:84)
	at java.base/java.util.ArrayList.forEach(ArrayList.java:1511)
	at org.junit.platform.engine.support.hierarchical.SameThreadHierarchicalTestExecutorService.invokeAll(SameThreadHierarchicalTestExecutorService.java:38)
	at org.junit.platform.engine.support.hierarchical.NodeTestTask.lambda$executeRecursively$5(NodeTestTask.java:143)
	at org.junit.platform.engine.support.hierarchical.ThrowableCollector.execute(ThrowableCollector.java:73)
	at org.junit.platform.engine.support.hierarchical.NodeTestTask.lambda$executeRecursively$7(NodeTestTask.java:129)
	at org.junit.platform.engine.support.hierarchical.Node.around(Node.java:137)
	at org.junit.platform.engine.support.hierarchical.NodeTestTask.lambda$executeRecursively$8(NodeTestTask.java:127)
	at org.junit.platform.engine.support.hierarchical.ThrowableCollector.execute(ThrowableCollector.java:73)
	at org.junit.platform.engine.support.hierarchical.NodeTestTask.executeRecursively(NodeTestTask.java:126)
	at org.junit.platform.engine.support.hierarchical.NodeTestTask.execute(NodeTestTask.java:84)
	at java.base/java.util.ArrayList.forEach(ArrayList.java:1511)
	at org.junit.platform.engine.support.hierarchical.SameThreadHierarchicalTestExecutorService.invokeAll(SameThreadHierarchicalTestExecutorService.java:38)
	at org.junit.platform.engine.support.hierarchical.NodeTestTask.lambda$executeRecursively$5(NodeTestTask.java:143)
	at org.junit.platform.engine.support.hierarchical.ThrowableCollector.execute(ThrowableCollector.java:73)
	at org.junit.platform.engine.support.hierarchical.NodeTestTask.lambda$executeRecursively$7(NodeTestTask.java:129)
	at org.junit.platform.engine.support.hierarchical.Node.around(Node.java:137)
	at org.junit.platform.engine.support.hierarchical.NodeTestTask.lambda$executeRecursively$8(NodeTestTask.java:127)
	at org.junit.platform.engine.support.hierarchical.ThrowableCollector.execute(ThrowableCollector.java:73)
	at org.junit.platform.engine.support.hierarchical.NodeTestTask.executeRecursively(NodeTestTask.java:126)
	at org.junit.platform.engine.support.hierarchical.NodeTestTask.execute(NodeTestTask.java:84)
	at org.junit.platform.engine.support.hierarchical.SameThreadHierarchicalTestExecutorService.submit(SameThreadHierarchicalTestExecutorService.java:32)
	at org.junit.platform.engine.support.hierarchical.HierarchicalTestExecutor.execute(HierarchicalTestExecutor.java:57)
	at org.junit.platform.engine.support.hierarchical.HierarchicalTestEngine.execute(HierarchicalTestEngine.java:51)
	at org.junit.platform.launcher.core.EngineExecutionOrchestrator.execute(EngineExecutionOrchestrator.java:108)
	at org.junit.platform.launcher.core.EngineExecutionOrchestrator.execute(EngineExecutionOrchestrator.java:88)
	at org.junit.platform.launcher.core.EngineExecutionOrchestrator.lambda$execute$0(EngineExecutionOrchestrator.java:54)
	at org.junit.platform.launcher.core.EngineExecutionOrchestrator.withInterceptedStreams(EngineExecutionOrchestrator.java:67)
	at org.junit.platform.launcher.core.EngineExecutionOrchestrator.execute(EngineExecutionOrchestrator.java:52)
	at org.junit.platform.launcher.core.DefaultLauncher.execute(DefaultLauncher.java:96)
	at org.junit.platform.launcher.core.DefaultLauncher.execute(DefaultLauncher.java:75)
	at org.gradle.api.internal.tasks.testing.junitplatform.JUnitPlatformTestClassProcessor$CollectAllTestClassesExecutor.processAllTestClasses(JUnitPlatformTestClassProcessor.java:99)
	at org.gradle.api.internal.tasks.testing.junitplatform.JUnitPlatformTestClassProcessor$CollectAllTestClassesExecutor.access$000(JUnitPlatformTestClassProcessor.java:79)
	at org.gradle.api.internal.tasks.testing.junitplatform.JUnitPlatformTestClassProcessor.stop(JUnitPlatformTestClassProcessor.java:75)
	at org.gradle.api.internal.tasks.testing.SuiteTestClassProcessor.stop(SuiteTestClassProcessor.java:61)
	at java.base/jdk.internal.reflect.NativeMethodAccessorImpl.invoke0(Native Method)
	at java.base/jdk.internal.reflect.NativeMethodAccessorImpl.invoke(NativeMethodAccessorImpl.java:64)
	at java.base/jdk.internal.reflect.DelegatingMethodAccessorImpl.invoke(DelegatingMethodAccessorImpl.java:43)
	at java.base/java.lang.reflect.Method.invoke(Method.java:564)
	at org.gradle.internal.dispatch.ReflectionDispatch.dispatch(ReflectionDispatch.java:36)
	at org.gradle.internal.dispatch.ReflectionDispatch.dispatch(ReflectionDispatch.java:24)
	at org.gradle.internal.dispatch.ContextClassLoaderDispatch.dispatch(ContextClassLoaderDispatch.java:33)
	at org.gradle.internal.dispatch.ProxyDispatchAdapter$DispatchingInvocationHandler.invoke(ProxyDispatchAdapter.java:94)
	at com.sun.proxy.$Proxy5.stop(Unknown Source)
	at org.gradle.api.internal.tasks.testing.worker.TestWorker.stop(TestWorker.java:135)
	at java.base/jdk.internal.reflect.NativeMethodAccessorImpl.invoke0(Native Method)
	at java.base/jdk.internal.reflect.NativeMethodAccessorImpl.invoke(NativeMethodAccessorImpl.java:64)
	at java.base/jdk.internal.reflect.DelegatingMethodAccessorImpl.invoke(DelegatingMethodAccessorImpl.java:43)
	at java.base/java.lang.reflect.Method.invoke(Method.java:564)
	at org.gradle.internal.dispatch.ReflectionDispatch.dispatch(ReflectionDispatch.java:36)
	at org.gradle.internal.dispatch.ReflectionDispatch.dispatch(ReflectionDispatch.java:24)
	at org.gradle.internal.remote.internal.hub.MessageHubBackedObjectConnection$DispatchWrapper.dispatch(MessageHubBackedObjectConnection.java:182)
	at org.gradle.internal.remote.internal.hub.MessageHubBackedObjectConnection$DispatchWrapper.dispatch(MessageHubBackedObjectConnection.java:164)
	at org.gradle.internal.remote.internal.hub.MessageHub$Handler.run(MessageHub.java:414)
	at org.gradle.internal.concurrent.ExecutorPolicy$CatchAndRecordFailures.onExecute(ExecutorPolicy.java:64)
	at org.gradle.internal.concurrent.ManagedExecutorImpl$1.run(ManagedExecutorImpl.java:48)
	at java.base/java.util.concurrent.ThreadPoolExecutor.runWorker(ThreadPoolExecutor.java:1130)
	at java.base/java.util.concurrent.ThreadPoolExecutor$Worker.run(ThreadPoolExecutor.java:630)
	at org.gradle.internal.concurrent.ThreadFactoryImpl$ManagedThreadRunnable.run(ThreadFactoryImpl.java:56)
	at java.base/java.lang.Thread.run(Thread.java:832)
Caused by: net.sourceforge.htmlunit.corejs.javascript.EvaluatorException: missing formal parameter (https://cdn.jsdelivr.net/npm/bootstrap@5.1.3/dist/js/bootstrap.bundle.min.js#6)
	at com.gargoylesoftware.htmlunit.javascript.HtmlUnitContextFactory$HtmlUnitErrorReporter.error(HtmlUnitContextFactory.java:436)
	at net.sourceforge.htmlunit.corejs.javascript.Parser.addError(Parser.java:251)
	at net.sourceforge.htmlunit.corejs.javascript.Parser.reportError(Parser.java:330)
	at net.sourceforge.htmlunit.corejs.javascript.Parser.reportError(Parser.java:326)
	at net.sourceforge.htmlunit.corejs.javascript.Parser.arrowFunctionParams(Parser.java:1035)
	at net.sourceforge.htmlunit.corejs.javascript.Parser.arrowFunctionParams(Parser.java:1020)
	at net.sourceforge.htmlunit.corejs.javascript.Parser.arrowFunction(Parser.java:969)
	at net.sourceforge.htmlunit.corejs.javascript.Parser.assignExpr(Parser.java:2310)
	at net.sourceforge.htmlunit.corejs.javascript.Parser.variables(Parser.java:2122)
	at net.sourceforge.htmlunit.corejs.javascript.Parser.statementHelper(Parser.java:1191)
	at net.sourceforge.htmlunit.corejs.javascript.Parser.statement(Parser.java:1098)
	at net.sourceforge.htmlunit.corejs.javascript.Parser.parseFunctionBody(Parser.java:730)
	at net.sourceforge.htmlunit.corejs.javascript.Parser.function(Parser.java:905)
	at net.sourceforge.htmlunit.corejs.javascript.Parser.function(Parser.java:839)
	at net.sourceforge.htmlunit.corejs.javascript.Parser.primaryExpr(Parser.java:3035)
	at net.sourceforge.htmlunit.corejs.javascript.Parser.memberExpr(Parser.java:2665)
	at net.sourceforge.htmlunit.corejs.javascript.Parser.unaryExpr(Parser.java:2568)
	at net.sourceforge.htmlunit.corejs.javascript.Parser.expExpr(Parser.java:2488)
	at net.sourceforge.htmlunit.corejs.javascript.Parser.mulExpr(Parser.java:2471)
	at net.sourceforge.htmlunit.corejs.javascript.Parser.addExpr(Parser.java:2457)
	at net.sourceforge.htmlunit.corejs.javascript.Parser.shiftExpr(Parser.java:2440)
	at net.sourceforge.htmlunit.corejs.javascript.Parser.relExpr(Parser.java:2418)
	at net.sourceforge.htmlunit.corejs.javascript.Parser.eqExpr(Parser.java:2394)
	at net.sourceforge.htmlunit.corejs.javascript.Parser.bitAndExpr(Parser.java:2385)
	at net.sourceforge.htmlunit.corejs.javascript.Parser.bitXorExpr(Parser.java:2376)
	at net.sourceforge.htmlunit.corejs.javascript.Parser.bitOrExpr(Parser.java:2367)
	at net.sourceforge.htmlunit.corejs.javascript.Parser.andExpr(Parser.java:2358)
	at net.sourceforge.htmlunit.corejs.javascript.Parser.orExpr(Parser.java:2349)
	at net.sourceforge.htmlunit.corejs.javascript.Parser.condExpr(Parser.java:2316)
	at net.sourceforge.htmlunit.corejs.javascript.Parser.assignExpr(Parser.java:2274)
	at net.sourceforge.htmlunit.corejs.javascript.Parser.expr(Parser.java:2257)
	at net.sourceforge.htmlunit.corejs.javascript.Parser.parenExpr(Parser.java:3129)
	at net.sourceforge.htmlunit.corejs.javascript.Parser.primaryExpr(Parser.java:3051)
	at net.sourceforge.htmlunit.corejs.javascript.Parser.memberExpr(Parser.java:2665)
	at net.sourceforge.htmlunit.corejs.javascript.Parser.unaryExpr(Parser.java:2568)
	at net.sourceforge.htmlunit.corejs.javascript.Parser.expExpr(Parser.java:2488)
	at net.sourceforge.htmlunit.corejs.javascript.Parser.mulExpr(Parser.java:2471)
	at net.sourceforge.htmlunit.corejs.javascript.Parser.addExpr(Parser.java:2457)
	at net.sourceforge.htmlunit.corejs.javascript.Parser.shiftExpr(Parser.java:2440)
	at net.sourceforge.htmlunit.corejs.javascript.Parser.relExpr(Parser.java:2418)
	at net.sourceforge.htmlunit.corejs.javascript.Parser.eqExpr(Parser.java:2394)
	at net.sourceforge.htmlunit.corejs.javascript.Parser.bitAndExpr(Parser.java:2385)
	at net.sourceforge.htmlunit.corejs.javascript.Parser.bitXorExpr(Parser.java:2376)
	at net.sourceforge.htmlunit.corejs.javascript.Parser.bitOrExpr(Parser.java:2367)
	at net.sourceforge.htmlunit.corejs.javascript.Parser.andExpr(Parser.java:2358)
	at net.sourceforge.htmlunit.corejs.javascript.Parser.orExpr(Parser.java:2349)
	at net.sourceforge.htmlunit.corejs.javascript.Parser.condExpr(Parser.java:2316)
	at net.sourceforge.htmlunit.corejs.javascript.Parser.assignExpr(Parser.java:2274)
	at net.sourceforge.htmlunit.corejs.javascript.Parser.argumentList(Parser.java:2636)
	at net.sourceforge.htmlunit.corejs.javascript.Parser.memberExprTail(Parser.java:2780)
	at net.sourceforge.htmlunit.corejs.javascript.Parser.memberExpr(Parser.java:2700)
	at net.sourceforge.htmlunit.corejs.javascript.Parser.unaryExpr(Parser.java:2568)
	at net.sourceforge.htmlunit.corejs.javascript.Parser.unaryExpr(Parser.java:2523)
	at net.sourceforge.htmlunit.corejs.javascript.Parser.expExpr(Parser.java:2488)
	at net.sourceforge.htmlunit.corejs.javascript.Parser.mulExpr(Parser.java:2471)
	at net.sourceforge.htmlunit.corejs.javascript.Parser.addExpr(Parser.java:2457)
	at net.sourceforge.htmlunit.corejs.javascript.Parser.shiftExpr(Parser.java:2440)
	at net.sourceforge.htmlunit.corejs.javascript.Parser.relExpr(Parser.java:2418)
	at net.sourceforge.htmlunit.corejs.javascript.Parser.eqExpr(Parser.java:2394)
	at net.sourceforge.htmlunit.corejs.javascript.Parser.bitAndExpr(Parser.java:2385)
	at net.sourceforge.htmlunit.corejs.javascript.Parser.bitXorExpr(Parser.java:2376)
	at net.sourceforge.htmlunit.corejs.javascript.Parser.bitOrExpr(Parser.java:2367)
	at net.sourceforge.htmlunit.corejs.javascript.Parser.andExpr(Parser.java:2358)
	at net.sourceforge.htmlunit.corejs.javascript.Parser.orExpr(Parser.java:2349)
	at net.sourceforge.htmlunit.corejs.javascript.Parser.condExpr(Parser.java:2316)
	at net.sourceforge.htmlunit.corejs.javascript.Parser.assignExpr(Parser.java:2274)
	at net.sourceforge.htmlunit.corejs.javascript.Parser.expr(Parser.java:2257)
	at net.sourceforge.htmlunit.corejs.javascript.Parser.statementHelper(Parser.java:1243)
	at net.sourceforge.htmlunit.corejs.javascript.Parser.statement(Parser.java:1098)
	at net.sourceforge.htmlunit.corejs.javascript.Parser.parse(Parser.java:626)
	at net.sourceforge.htmlunit.corejs.javascript.Parser.parse(Parser.java:556)
	at net.sourceforge.htmlunit.corejs.javascript.Context.parse(Context.java:2496)
	at net.sourceforge.htmlunit.corejs.javascript.Context.compileImpl(Context.java:2427)
	at net.sourceforge.htmlunit.corejs.javascript.Context.compileString(Context.java:1415)
	at com.gargoylesoftware.htmlunit.javascript.HtmlUnitContextFactory$TimeoutContext.compileString(HtmlUnitContextFactory.java:222)
	at net.sourceforge.htmlunit.corejs.javascript.Context.compileString(Context.java:1403)
	at com.gargoylesoftware.htmlunit.javascript.JavaScriptEngine$1.doRun(JavaScriptEngine.java:779)
	at com.gargoylesoftware.htmlunit.javascript.JavaScriptEngine$HtmlUnitContextAction.run(JavaScriptEngine.java:942)
	... 127 common frames omitted
07:44:01.550 [Test worker] ERROR c.g.h.j.DefaultJavaScriptErrorListener - Error during JavaScript execution
com.gargoylesoftware.htmlunit.ScriptException: missing formal parameter (https://cdn.jsdelivr.net/npm/bootstrap@5.1.3/dist/js/bootstrap.bundle.min.js#6)
	at com.gargoylesoftware.htmlunit.javascript.JavaScriptEngine$HtmlUnitContextAction.run(JavaScriptEngine.java:960)
	at net.sourceforge.htmlunit.corejs.javascript.Context.call(Context.java:581)
	at net.sourceforge.htmlunit.corejs.javascript.ContextFactory.call(ContextFactory.java:481)
	at com.gargoylesoftware.htmlunit.javascript.HtmlUnitContextFactory.callSecured(HtmlUnitContextFactory.java:352)
	at com.gargoylesoftware.htmlunit.javascript.JavaScriptEngine.compile(JavaScriptEngine.java:788)
	at com.gargoylesoftware.htmlunit.javascript.JavaScriptEngine.compile(JavaScriptEngine.java:754)
	at com.gargoylesoftware.htmlunit.javascript.JavaScriptEngine.compile(JavaScriptEngine.java:112)
	at com.gargoylesoftware.htmlunit.html.HtmlPage.loadJavaScriptFromUrl(HtmlPage.java:1122)
	at com.gargoylesoftware.htmlunit.html.HtmlPage.loadExternalJavaScriptFile(HtmlPage.java:1002)
	at com.gargoylesoftware.htmlunit.html.ScriptElementSupport.executeScriptIfNeeded(ScriptElementSupport.java:196)
	at com.gargoylesoftware.htmlunit.html.ScriptElementSupport$1.execute(ScriptElementSupport.java:120)
	at com.gargoylesoftware.htmlunit.html.ScriptElementSupport.onAllChildrenAddedToPage(ScriptElementSupport.java:143)
	at com.gargoylesoftware.htmlunit.html.HtmlScript.onAllChildrenAddedToPage(HtmlScript.java:191)
	at com.gargoylesoftware.htmlunit.html.parser.neko.HtmlUnitNekoDOMBuilder.endElement(HtmlUnitNekoDOMBuilder.java:551)
	at org.apache.xerces.parsers.AbstractSAXParser.endElement(Unknown Source)
	at com.gargoylesoftware.htmlunit.html.parser.neko.HtmlUnitNekoDOMBuilder.endElement(HtmlUnitNekoDOMBuilder.java:503)
	at net.sourceforge.htmlunit.cyberneko.HTMLTagBalancer.callEndElement(HTMLTagBalancer.java:1216)
	at net.sourceforge.htmlunit.cyberneko.HTMLTagBalancer.endElement(HTMLTagBalancer.java:1156)
	at net.sourceforge.htmlunit.cyberneko.filters.DefaultFilter.endElement(DefaultFilter.java:219)
	at net.sourceforge.htmlunit.cyberneko.filters.NamespaceBinder.endElement(NamespaceBinder.java:312)
	at net.sourceforge.htmlunit.cyberneko.HTMLScanner$ContentScanner.scanEndElement(HTMLScanner.java:3189)
	at net.sourceforge.htmlunit.cyberneko.HTMLScanner$ContentScanner.scan(HTMLScanner.java:2114)
	at net.sourceforge.htmlunit.cyberneko.HTMLScanner.scanDocument(HTMLScanner.java:937)
	at net.sourceforge.htmlunit.cyberneko.HTMLConfiguration.parse(HTMLConfiguration.java:443)
	at net.sourceforge.htmlunit.cyberneko.HTMLConfiguration.parse(HTMLConfiguration.java:394)
	at org.apache.xerces.parsers.XMLParser.parse(Unknown Source)
	at com.gargoylesoftware.htmlunit.html.parser.neko.HtmlUnitNekoDOMBuilder.parse(HtmlUnitNekoDOMBuilder.java:751)
	at com.gargoylesoftware.htmlunit.html.parser.neko.HtmlUnitNekoHtmlParser.parse(HtmlUnitNekoHtmlParser.java:208)
	at com.gargoylesoftware.htmlunit.DefaultPageCreator.createHtmlPage(DefaultPageCreator.java:297)
	at com.gargoylesoftware.htmlunit.DefaultPageCreator.createPage(DefaultPageCreator.java:217)
	at com.gargoylesoftware.htmlunit.WebClient.loadWebResponseInto(WebClient.java:684)
	at com.gargoylesoftware.htmlunit.WebClient.loadDownloadedResponses(WebClient.java:2517)
	at com.gargoylesoftware.htmlunit.javascript.JavaScriptEngine.doProcessPostponedActions(JavaScriptEngine.java:988)
	at com.gargoylesoftware.htmlunit.javascript.JavaScriptEngine.processPostponedActions(JavaScriptEngine.java:1110)
	at com.gargoylesoftware.htmlunit.html.DomElement.click(DomElement.java:1101)
	at com.gargoylesoftware.htmlunit.html.DomElement.click(DomElement.java:1032)
	at com.gargoylesoftware.htmlunit.html.DomElement.click(DomElement.java:918)
	at com.gargoylesoftware.htmlunit.html.DomElement.click(DomElement.java:895)
	at com.gargoylesoftware.htmlunit.html.DomElement.click(DomElement.java:872)
	at at.fhv.se.banking.view.BankingViewTests.given_account_when_transfer_and_nocustomer_thenshowerror(BankingViewTests.java:560)
	at java.base/jdk.internal.reflect.NativeMethodAccessorImpl.invoke0(Native Method)
	at java.base/jdk.internal.reflect.NativeMethodAccessorImpl.invoke(NativeMethodAccessorImpl.java:64)
	at java.base/jdk.internal.reflect.DelegatingMethodAccessorImpl.invoke(DelegatingMethodAccessorImpl.java:43)
	at java.base/java.lang.reflect.Method.invoke(Method.java:564)
	at org.junit.platform.commons.util.ReflectionUtils.invokeMethod(ReflectionUtils.java:688)
	at org.junit.jupiter.engine.execution.MethodInvocation.proceed(MethodInvocation.java:60)
	at org.junit.jupiter.engine.execution.InvocationInterceptorChain$ValidatingInvocation.proceed(InvocationInterceptorChain.java:131)
	at org.junit.jupiter.engine.extension.TimeoutExtension.intercept(TimeoutExtension.java:149)
	at org.junit.jupiter.engine.extension.TimeoutExtension.interceptTestableMethod(TimeoutExtension.java:140)
	at org.junit.jupiter.engine.extension.TimeoutExtension.interceptTestMethod(TimeoutExtension.java:84)
	at org.junit.jupiter.engine.execution.ExecutableInvoker$ReflectiveInterceptorCall.lambda$ofVoidMethod$0(ExecutableInvoker.java:115)
	at org.junit.jupiter.engine.execution.ExecutableInvoker.lambda$invoke$0(ExecutableInvoker.java:105)
	at org.junit.jupiter.engine.execution.InvocationInterceptorChain$InterceptedInvocation.proceed(InvocationInterceptorChain.java:106)
	at org.junit.jupiter.engine.execution.InvocationInterceptorChain.proceed(InvocationInterceptorChain.java:64)
	at org.junit.jupiter.engine.execution.InvocationInterceptorChain.chainAndInvoke(InvocationInterceptorChain.java:45)
	at org.junit.jupiter.engine.execution.InvocationInterceptorChain.invoke(InvocationInterceptorChain.java:37)
	at org.junit.jupiter.engine.execution.ExecutableInvoker.invoke(ExecutableInvoker.java:104)
	at org.junit.jupiter.engine.execution.ExecutableInvoker.invoke(ExecutableInvoker.java:98)
	at org.junit.jupiter.engine.descriptor.TestMethodTestDescriptor.lambda$invokeTestMethod$6(TestMethodTestDescriptor.java:210)
	at org.junit.platform.engine.support.hierarchical.ThrowableCollector.execute(ThrowableCollector.java:73)
	at org.junit.jupiter.engine.descriptor.TestMethodTestDescriptor.invokeTestMethod(TestMethodTestDescriptor.java:206)
	at org.junit.jupiter.engine.descriptor.TestMethodTestDescriptor.execute(TestMethodTestDescriptor.java:131)
	at org.junit.jupiter.engine.descriptor.TestMethodTestDescriptor.execute(TestMethodTestDescriptor.java:65)
	at org.junit.platform.engine.support.hierarchical.NodeTestTask.lambda$executeRecursively$5(NodeTestTask.java:139)
	at org.junit.platform.engine.support.hierarchical.ThrowableCollector.execute(ThrowableCollector.java:73)
	at org.junit.platform.engine.support.hierarchical.NodeTestTask.lambda$executeRecursively$7(NodeTestTask.java:129)
	at org.junit.platform.engine.support.hierarchical.Node.around(Node.java:137)
	at org.junit.platform.engine.support.hierarchical.NodeTestTask.lambda$executeRecursively$8(NodeTestTask.java:127)
	at org.junit.platform.engine.support.hierarchical.ThrowableCollector.execute(ThrowableCollector.java:73)
	at org.junit.platform.engine.support.hierarchical.NodeTestTask.executeRecursively(NodeTestTask.java:126)
	at org.junit.platform.engine.support.hierarchical.NodeTestTask.execute(NodeTestTask.java:84)
	at java.base/java.util.ArrayList.forEach(ArrayList.java:1511)
	at org.junit.platform.engine.support.hierarchical.SameThreadHierarchicalTestExecutorService.invokeAll(SameThreadHierarchicalTestExecutorService.java:38)
	at org.junit.platform.engine.support.hierarchical.NodeTestTask.lambda$executeRecursively$5(NodeTestTask.java:143)
	at org.junit.platform.engine.support.hierarchical.ThrowableCollector.execute(ThrowableCollector.java:73)
	at org.junit.platform.engine.support.hierarchical.NodeTestTask.lambda$executeRecursively$7(NodeTestTask.java:129)
	at org.junit.platform.engine.support.hierarchical.Node.around(Node.java:137)
	at org.junit.platform.engine.support.hierarchical.NodeTestTask.lambda$executeRecursively$8(NodeTestTask.java:127)
	at org.junit.platform.engine.support.hierarchical.ThrowableCollector.execute(ThrowableCollector.java:73)
	at org.junit.platform.engine.support.hierarchical.NodeTestTask.executeRecursively(NodeTestTask.java:126)
	at org.junit.platform.engine.support.hierarchical.NodeTestTask.execute(NodeTestTask.java:84)
	at java.base/java.util.ArrayList.forEach(ArrayList.java:1511)
	at org.junit.platform.engine.support.hierarchical.SameThreadHierarchicalTestExecutorService.invokeAll(SameThreadHierarchicalTestExecutorService.java:38)
	at org.junit.platform.engine.support.hierarchical.NodeTestTask.lambda$executeRecursively$5(NodeTestTask.java:143)
	at org.junit.platform.engine.support.hierarchical.ThrowableCollector.execute(ThrowableCollector.java:73)
	at org.junit.platform.engine.support.hierarchical.NodeTestTask.lambda$executeRecursively$7(NodeTestTask.java:129)
	at org.junit.platform.engine.support.hierarchical.Node.around(Node.java:137)
	at org.junit.platform.engine.support.hierarchical.NodeTestTask.lambda$executeRecursively$8(NodeTestTask.java:127)
	at org.junit.platform.engine.support.hierarchical.ThrowableCollector.execute(ThrowableCollector.java:73)
	at org.junit.platform.engine.support.hierarchical.NodeTestTask.executeRecursively(NodeTestTask.java:126)
	at org.junit.platform.engine.support.hierarchical.NodeTestTask.execute(NodeTestTask.java:84)
	at org.junit.platform.engine.support.hierarchical.SameThreadHierarchicalTestExecutorService.submit(SameThreadHierarchicalTestExecutorService.java:32)
	at org.junit.platform.engine.support.hierarchical.HierarchicalTestExecutor.execute(HierarchicalTestExecutor.java:57)
	at org.junit.platform.engine.support.hierarchical.HierarchicalTestEngine.execute(HierarchicalTestEngine.java:51)
	at org.junit.platform.launcher.core.EngineExecutionOrchestrator.execute(EngineExecutionOrchestrator.java:108)
	at org.junit.platform.launcher.core.EngineExecutionOrchestrator.execute(EngineExecutionOrchestrator.java:88)
	at org.junit.platform.launcher.core.EngineExecutionOrchestrator.lambda$execute$0(EngineExecutionOrchestrator.java:54)
	at org.junit.platform.launcher.core.EngineExecutionOrchestrator.withInterceptedStreams(EngineExecutionOrchestrator.java:67)
	at org.junit.platform.launcher.core.EngineExecutionOrchestrator.execute(EngineExecutionOrchestrator.java:52)
	at org.junit.platform.launcher.core.DefaultLauncher.execute(DefaultLauncher.java:96)
	at org.junit.platform.launcher.core.DefaultLauncher.execute(DefaultLauncher.java:75)
	at org.gradle.api.internal.tasks.testing.junitplatform.JUnitPlatformTestClassProcessor$CollectAllTestClassesExecutor.processAllTestClasses(JUnitPlatformTestClassProcessor.java:99)
	at org.gradle.api.internal.tasks.testing.junitplatform.JUnitPlatformTestClassProcessor$CollectAllTestClassesExecutor.access$000(JUnitPlatformTestClassProcessor.java:79)
	at org.gradle.api.internal.tasks.testing.junitplatform.JUnitPlatformTestClassProcessor.stop(JUnitPlatformTestClassProcessor.java:75)
	at org.gradle.api.internal.tasks.testing.SuiteTestClassProcessor.stop(SuiteTestClassProcessor.java:61)
	at java.base/jdk.internal.reflect.NativeMethodAccessorImpl.invoke0(Native Method)
	at java.base/jdk.internal.reflect.NativeMethodAccessorImpl.invoke(NativeMethodAccessorImpl.java:64)
	at java.base/jdk.internal.reflect.DelegatingMethodAccessorImpl.invoke(DelegatingMethodAccessorImpl.java:43)
	at java.base/java.lang.reflect.Method.invoke(Method.java:564)
	at org.gradle.internal.dispatch.ReflectionDispatch.dispatch(ReflectionDispatch.java:36)
	at org.gradle.internal.dispatch.ReflectionDispatch.dispatch(ReflectionDispatch.java:24)
	at org.gradle.internal.dispatch.ContextClassLoaderDispatch.dispatch(ContextClassLoaderDispatch.java:33)
	at org.gradle.internal.dispatch.ProxyDispatchAdapter$DispatchingInvocationHandler.invoke(ProxyDispatchAdapter.java:94)
	at com.sun.proxy.$Proxy5.stop(Unknown Source)
	at org.gradle.api.internal.tasks.testing.worker.TestWorker.stop(TestWorker.java:135)
	at java.base/jdk.internal.reflect.NativeMethodAccessorImpl.invoke0(Native Method)
	at java.base/jdk.internal.reflect.NativeMethodAccessorImpl.invoke(NativeMethodAccessorImpl.java:64)
	at java.base/jdk.internal.reflect.DelegatingMethodAccessorImpl.invoke(DelegatingMethodAccessorImpl.java:43)
	at java.base/java.lang.reflect.Method.invoke(Method.java:564)
	at org.gradle.internal.dispatch.ReflectionDispatch.dispatch(ReflectionDispatch.java:36)
	at org.gradle.internal.dispatch.ReflectionDispatch.dispatch(ReflectionDispatch.java:24)
	at org.gradle.internal.remote.internal.hub.MessageHubBackedObjectConnection$DispatchWrapper.dispatch(MessageHubBackedObjectConnection.java:182)
	at org.gradle.internal.remote.internal.hub.MessageHubBackedObjectConnection$DispatchWrapper.dispatch(MessageHubBackedObjectConnection.java:164)
	at org.gradle.internal.remote.internal.hub.MessageHub$Handler.run(MessageHub.java:414)
	at org.gradle.internal.concurrent.ExecutorPolicy$CatchAndRecordFailures.onExecute(ExecutorPolicy.java:64)
	at org.gradle.internal.concurrent.ManagedExecutorImpl$1.run(ManagedExecutorImpl.java:48)
	at java.base/java.util.concurrent.ThreadPoolExecutor.runWorker(ThreadPoolExecutor.java:1130)
	at java.base/java.util.concurrent.ThreadPoolExecutor$Worker.run(ThreadPoolExecutor.java:630)
	at org.gradle.internal.concurrent.ThreadFactoryImpl$ManagedThreadRunnable.run(ThreadFactoryImpl.java:56)
	at java.base/java.lang.Thread.run(Thread.java:832)
Caused by: net.sourceforge.htmlunit.corejs.javascript.EvaluatorException: missing formal parameter (https://cdn.jsdelivr.net/npm/bootstrap@5.1.3/dist/js/bootstrap.bundle.min.js#6)
	at com.gargoylesoftware.htmlunit.javascript.HtmlUnitContextFactory$HtmlUnitErrorReporter.error(HtmlUnitContextFactory.java:436)
	at net.sourceforge.htmlunit.corejs.javascript.Parser.addError(Parser.java:251)
	at net.sourceforge.htmlunit.corejs.javascript.Parser.reportError(Parser.java:330)
	at net.sourceforge.htmlunit.corejs.javascript.Parser.reportError(Parser.java:326)
	at net.sourceforge.htmlunit.corejs.javascript.Parser.arrowFunctionParams(Parser.java:1035)
	at net.sourceforge.htmlunit.corejs.javascript.Parser.arrowFunctionParams(Parser.java:1020)
	at net.sourceforge.htmlunit.corejs.javascript.Parser.arrowFunction(Parser.java:969)
	at net.sourceforge.htmlunit.corejs.javascript.Parser.assignExpr(Parser.java:2310)
	at net.sourceforge.htmlunit.corejs.javascript.Parser.variables(Parser.java:2122)
	at net.sourceforge.htmlunit.corejs.javascript.Parser.statementHelper(Parser.java:1191)
	at net.sourceforge.htmlunit.corejs.javascript.Parser.statement(Parser.java:1098)
	at net.sourceforge.htmlunit.corejs.javascript.Parser.parseFunctionBody(Parser.java:730)
	at net.sourceforge.htmlunit.corejs.javascript.Parser.function(Parser.java:905)
	at net.sourceforge.htmlunit.corejs.javascript.Parser.function(Parser.java:839)
	at net.sourceforge.htmlunit.corejs.javascript.Parser.primaryExpr(Parser.java:3035)
	at net.sourceforge.htmlunit.corejs.javascript.Parser.memberExpr(Parser.java:2665)
	at net.sourceforge.htmlunit.corejs.javascript.Parser.unaryExpr(Parser.java:2568)
	at net.sourceforge.htmlunit.corejs.javascript.Parser.expExpr(Parser.java:2488)
	at net.sourceforge.htmlunit.corejs.javascript.Parser.mulExpr(Parser.java:2471)
	at net.sourceforge.htmlunit.corejs.javascript.Parser.addExpr(Parser.java:2457)
	at net.sourceforge.htmlunit.corejs.javascript.Parser.shiftExpr(Parser.java:2440)
	at net.sourceforge.htmlunit.corejs.javascript.Parser.relExpr(Parser.java:2418)
	at net.sourceforge.htmlunit.corejs.javascript.Parser.eqExpr(Parser.java:2394)
	at net.sourceforge.htmlunit.corejs.javascript.Parser.bitAndExpr(Parser.java:2385)
	at net.sourceforge.htmlunit.corejs.javascript.Parser.bitXorExpr(Parser.java:2376)
	at net.sourceforge.htmlunit.corejs.javascript.Parser.bitOrExpr(Parser.java:2367)
	at net.sourceforge.htmlunit.corejs.javascript.Parser.andExpr(Parser.java:2358)
	at net.sourceforge.htmlunit.corejs.javascript.Parser.orExpr(Parser.java:2349)
	at net.sourceforge.htmlunit.corejs.javascript.Parser.condExpr(Parser.java:2316)
	at net.sourceforge.htmlunit.corejs.javascript.Parser.assignExpr(Parser.java:2274)
	at net.sourceforge.htmlunit.corejs.javascript.Parser.expr(Parser.java:2257)
	at net.sourceforge.htmlunit.corejs.javascript.Parser.parenExpr(Parser.java:3129)
	at net.sourceforge.htmlunit.corejs.javascript.Parser.primaryExpr(Parser.java:3051)
	at net.sourceforge.htmlunit.corejs.javascript.Parser.memberExpr(Parser.java:2665)
	at net.sourceforge.htmlunit.corejs.javascript.Parser.unaryExpr(Parser.java:2568)
	at net.sourceforge.htmlunit.corejs.javascript.Parser.expExpr(Parser.java:2488)
	at net.sourceforge.htmlunit.corejs.javascript.Parser.mulExpr(Parser.java:2471)
	at net.sourceforge.htmlunit.corejs.javascript.Parser.addExpr(Parser.java:2457)
	at net.sourceforge.htmlunit.corejs.javascript.Parser.shiftExpr(Parser.java:2440)
	at net.sourceforge.htmlunit.corejs.javascript.Parser.relExpr(Parser.java:2418)
	at net.sourceforge.htmlunit.corejs.javascript.Parser.eqExpr(Parser.java:2394)
	at net.sourceforge.htmlunit.corejs.javascript.Parser.bitAndExpr(Parser.java:2385)
	at net.sourceforge.htmlunit.corejs.javascript.Parser.bitXorExpr(Parser.java:2376)
	at net.sourceforge.htmlunit.corejs.javascript.Parser.bitOrExpr(Parser.java:2367)
	at net.sourceforge.htmlunit.corejs.javascript.Parser.andExpr(Parser.java:2358)
	at net.sourceforge.htmlunit.corejs.javascript.Parser.orExpr(Parser.java:2349)
	at net.sourceforge.htmlunit.corejs.javascript.Parser.condExpr(Parser.java:2316)
	at net.sourceforge.htmlunit.corejs.javascript.Parser.assignExpr(Parser.java:2274)
	at net.sourceforge.htmlunit.corejs.javascript.Parser.argumentList(Parser.java:2636)
	at net.sourceforge.htmlunit.corejs.javascript.Parser.memberExprTail(Parser.java:2780)
	at net.sourceforge.htmlunit.corejs.javascript.Parser.memberExpr(Parser.java:2700)
	at net.sourceforge.htmlunit.corejs.javascript.Parser.unaryExpr(Parser.java:2568)
	at net.sourceforge.htmlunit.corejs.javascript.Parser.unaryExpr(Parser.java:2523)
	at net.sourceforge.htmlunit.corejs.javascript.Parser.expExpr(Parser.java:2488)
	at net.sourceforge.htmlunit.corejs.javascript.Parser.mulExpr(Parser.java:2471)
	at net.sourceforge.htmlunit.corejs.javascript.Parser.addExpr(Parser.java:2457)
	at net.sourceforge.htmlunit.corejs.javascript.Parser.shiftExpr(Parser.java:2440)
	at net.sourceforge.htmlunit.corejs.javascript.Parser.relExpr(Parser.java:2418)
	at net.sourceforge.htmlunit.corejs.javascript.Parser.eqExpr(Parser.java:2394)
	at net.sourceforge.htmlunit.corejs.javascript.Parser.bitAndExpr(Parser.java:2385)
	at net.sourceforge.htmlunit.corejs.javascript.Parser.bitXorExpr(Parser.java:2376)
	at net.sourceforge.htmlunit.corejs.javascript.Parser.bitOrExpr(Parser.java:2367)
	at net.sourceforge.htmlunit.corejs.javascript.Parser.andExpr(Parser.java:2358)
	at net.sourceforge.htmlunit.corejs.javascript.Parser.orExpr(Parser.java:2349)
	at net.sourceforge.htmlunit.corejs.javascript.Parser.condExpr(Parser.java:2316)
	at net.sourceforge.htmlunit.corejs.javascript.Parser.assignExpr(Parser.java:2274)
	at net.sourceforge.htmlunit.corejs.javascript.Parser.expr(Parser.java:2257)
	at net.sourceforge.htmlunit.corejs.javascript.Parser.statementHelper(Parser.java:1243)
	at net.sourceforge.htmlunit.corejs.javascript.Parser.statement(Parser.java:1098)
	at net.sourceforge.htmlunit.corejs.javascript.Parser.parse(Parser.java:626)
	at net.sourceforge.htmlunit.corejs.javascript.Parser.parse(Parser.java:556)
	at net.sourceforge.htmlunit.corejs.javascript.Context.parse(Context.java:2496)
	at net.sourceforge.htmlunit.corejs.javascript.Context.compileImpl(Context.java:2427)
	at net.sourceforge.htmlunit.corejs.javascript.Context.compileString(Context.java:1415)
	at com.gargoylesoftware.htmlunit.javascript.HtmlUnitContextFactory$TimeoutContext.compileString(HtmlUnitContextFactory.java:222)
	at net.sourceforge.htmlunit.corejs.javascript.Context.compileString(Context.java:1403)
	at com.gargoylesoftware.htmlunit.javascript.JavaScriptEngine$1.doRun(JavaScriptEngine.java:779)
	at com.gargoylesoftware.htmlunit.javascript.JavaScriptEngine$HtmlUnitContextAction.run(JavaScriptEngine.java:942)
	... 129 common frames omitted
07:44:01.556 [Test worker] INFO  o.s.b.t.m.w.SpringBootMockServletContext - Initializing Spring TestDispatcherServlet ''
07:44:01.556 [Test worker] INFO  o.s.t.w.s.TestDispatcherServlet - Initializing Servlet ''
07:44:01.556 [Test worker] INFO  o.s.t.w.s.TestDispatcherServlet - Completed initialization in 0 ms
07:44:01.869 [Test worker] ERROR c.g.h.j.DefaultJavaScriptErrorListener - Error during JavaScript execution
com.gargoylesoftware.htmlunit.ScriptException: missing formal parameter (https://cdn.jsdelivr.net/npm/bootstrap@5.1.3/dist/js/bootstrap.bundle.min.js#6)
	at com.gargoylesoftware.htmlunit.javascript.JavaScriptEngine$HtmlUnitContextAction.run(JavaScriptEngine.java:960)
	at net.sourceforge.htmlunit.corejs.javascript.Context.call(Context.java:581)
	at net.sourceforge.htmlunit.corejs.javascript.ContextFactory.call(ContextFactory.java:481)
	at com.gargoylesoftware.htmlunit.javascript.HtmlUnitContextFactory.callSecured(HtmlUnitContextFactory.java:352)
	at com.gargoylesoftware.htmlunit.javascript.JavaScriptEngine.compile(JavaScriptEngine.java:788)
	at com.gargoylesoftware.htmlunit.javascript.JavaScriptEngine.compile(JavaScriptEngine.java:754)
	at com.gargoylesoftware.htmlunit.javascript.JavaScriptEngine.compile(JavaScriptEngine.java:112)
	at com.gargoylesoftware.htmlunit.html.HtmlPage.loadJavaScriptFromUrl(HtmlPage.java:1122)
	at com.gargoylesoftware.htmlunit.html.HtmlPage.loadExternalJavaScriptFile(HtmlPage.java:1002)
	at com.gargoylesoftware.htmlunit.html.ScriptElementSupport.executeScriptIfNeeded(ScriptElementSupport.java:196)
	at com.gargoylesoftware.htmlunit.html.ScriptElementSupport$1.execute(ScriptElementSupport.java:120)
	at com.gargoylesoftware.htmlunit.html.ScriptElementSupport.onAllChildrenAddedToPage(ScriptElementSupport.java:143)
	at com.gargoylesoftware.htmlunit.html.HtmlScript.onAllChildrenAddedToPage(HtmlScript.java:191)
	at com.gargoylesoftware.htmlunit.html.parser.neko.HtmlUnitNekoDOMBuilder.endElement(HtmlUnitNekoDOMBuilder.java:551)
	at org.apache.xerces.parsers.AbstractSAXParser.endElement(Unknown Source)
	at com.gargoylesoftware.htmlunit.html.parser.neko.HtmlUnitNekoDOMBuilder.endElement(HtmlUnitNekoDOMBuilder.java:503)
	at net.sourceforge.htmlunit.cyberneko.HTMLTagBalancer.callEndElement(HTMLTagBalancer.java:1216)
	at net.sourceforge.htmlunit.cyberneko.HTMLTagBalancer.endElement(HTMLTagBalancer.java:1156)
	at net.sourceforge.htmlunit.cyberneko.filters.DefaultFilter.endElement(DefaultFilter.java:219)
	at net.sourceforge.htmlunit.cyberneko.filters.NamespaceBinder.endElement(NamespaceBinder.java:312)
	at net.sourceforge.htmlunit.cyberneko.HTMLScanner$ContentScanner.scanEndElement(HTMLScanner.java:3189)
	at net.sourceforge.htmlunit.cyberneko.HTMLScanner$ContentScanner.scan(HTMLScanner.java:2114)
	at net.sourceforge.htmlunit.cyberneko.HTMLScanner.scanDocument(HTMLScanner.java:937)
	at net.sourceforge.htmlunit.cyberneko.HTMLConfiguration.parse(HTMLConfiguration.java:443)
	at net.sourceforge.htmlunit.cyberneko.HTMLConfiguration.parse(HTMLConfiguration.java:394)
	at org.apache.xerces.parsers.XMLParser.parse(Unknown Source)
	at com.gargoylesoftware.htmlunit.html.parser.neko.HtmlUnitNekoDOMBuilder.parse(HtmlUnitNekoDOMBuilder.java:751)
	at com.gargoylesoftware.htmlunit.html.parser.neko.HtmlUnitNekoHtmlParser.parse(HtmlUnitNekoHtmlParser.java:208)
	at com.gargoylesoftware.htmlunit.DefaultPageCreator.createHtmlPage(DefaultPageCreator.java:297)
	at com.gargoylesoftware.htmlunit.DefaultPageCreator.createPage(DefaultPageCreator.java:217)
	at com.gargoylesoftware.htmlunit.WebClient.loadWebResponseInto(WebClient.java:684)
	at com.gargoylesoftware.htmlunit.WebClient.loadWebResponseInto(WebClient.java:586)
	at com.gargoylesoftware.htmlunit.WebClient.getPage(WebClient.java:501)
	at com.gargoylesoftware.htmlunit.WebClient.getPage(WebClient.java:413)
	at com.gargoylesoftware.htmlunit.WebClient.getPage(WebClient.java:548)
	at com.gargoylesoftware.htmlunit.WebClient.getPage(WebClient.java:529)
	at at.fhv.se.banking.view.BankingViewTests.fetchAccountPage(BankingViewTests.java:569)
	at at.fhv.se.banking.view.BankingViewTests.given_account_when_transfer_thendisplaynewbalance(BankingViewTests.java:452)
	at java.base/jdk.internal.reflect.NativeMethodAccessorImpl.invoke0(Native Method)
	at java.base/jdk.internal.reflect.NativeMethodAccessorImpl.invoke(NativeMethodAccessorImpl.java:64)
	at java.base/jdk.internal.reflect.DelegatingMethodAccessorImpl.invoke(DelegatingMethodAccessorImpl.java:43)
	at java.base/java.lang.reflect.Method.invoke(Method.java:564)
	at org.junit.platform.commons.util.ReflectionUtils.invokeMethod(ReflectionUtils.java:688)
	at org.junit.jupiter.engine.execution.MethodInvocation.proceed(MethodInvocation.java:60)
	at org.junit.jupiter.engine.execution.InvocationInterceptorChain$ValidatingInvocation.proceed(InvocationInterceptorChain.java:131)
	at org.junit.jupiter.engine.extension.TimeoutExtension.intercept(TimeoutExtension.java:149)
	at org.junit.jupiter.engine.extension.TimeoutExtension.interceptTestableMethod(TimeoutExtension.java:140)
	at org.junit.jupiter.engine.extension.TimeoutExtension.interceptTestMethod(TimeoutExtension.java:84)
	at org.junit.jupiter.engine.execution.ExecutableInvoker$ReflectiveInterceptorCall.lambda$ofVoidMethod$0(ExecutableInvoker.java:115)
	at org.junit.jupiter.engine.execution.ExecutableInvoker.lambda$invoke$0(ExecutableInvoker.java:105)
	at org.junit.jupiter.engine.execution.InvocationInterceptorChain$InterceptedInvocation.proceed(InvocationInterceptorChain.java:106)
	at org.junit.jupiter.engine.execution.InvocationInterceptorChain.proceed(InvocationInterceptorChain.java:64)
	at org.junit.jupiter.engine.execution.InvocationInterceptorChain.chainAndInvoke(InvocationInterceptorChain.java:45)
	at org.junit.jupiter.engine.execution.InvocationInterceptorChain.invoke(InvocationInterceptorChain.java:37)
	at org.junit.jupiter.engine.execution.ExecutableInvoker.invoke(ExecutableInvoker.java:104)
	at org.junit.jupiter.engine.execution.ExecutableInvoker.invoke(ExecutableInvoker.java:98)
	at org.junit.jupiter.engine.descriptor.TestMethodTestDescriptor.lambda$invokeTestMethod$6(TestMethodTestDescriptor.java:210)
	at org.junit.platform.engine.support.hierarchical.ThrowableCollector.execute(ThrowableCollector.java:73)
	at org.junit.jupiter.engine.descriptor.TestMethodTestDescriptor.invokeTestMethod(TestMethodTestDescriptor.java:206)
	at org.junit.jupiter.engine.descriptor.TestMethodTestDescriptor.execute(TestMethodTestDescriptor.java:131)
	at org.junit.jupiter.engine.descriptor.TestMethodTestDescriptor.execute(TestMethodTestDescriptor.java:65)
	at org.junit.platform.engine.support.hierarchical.NodeTestTask.lambda$executeRecursively$5(NodeTestTask.java:139)
	at org.junit.platform.engine.support.hierarchical.ThrowableCollector.execute(ThrowableCollector.java:73)
	at org.junit.platform.engine.support.hierarchical.NodeTestTask.lambda$executeRecursively$7(NodeTestTask.java:129)
	at org.junit.platform.engine.support.hierarchical.Node.around(Node.java:137)
	at org.junit.platform.engine.support.hierarchical.NodeTestTask.lambda$executeRecursively$8(NodeTestTask.java:127)
	at org.junit.platform.engine.support.hierarchical.ThrowableCollector.execute(ThrowableCollector.java:73)
	at org.junit.platform.engine.support.hierarchical.NodeTestTask.executeRecursively(NodeTestTask.java:126)
	at org.junit.platform.engine.support.hierarchical.NodeTestTask.execute(NodeTestTask.java:84)
	at java.base/java.util.ArrayList.forEach(ArrayList.java:1511)
	at org.junit.platform.engine.support.hierarchical.SameThreadHierarchicalTestExecutorService.invokeAll(SameThreadHierarchicalTestExecutorService.java:38)
	at org.junit.platform.engine.support.hierarchical.NodeTestTask.lambda$executeRecursively$5(NodeTestTask.java:143)
	at org.junit.platform.engine.support.hierarchical.ThrowableCollector.execute(ThrowableCollector.java:73)
	at org.junit.platform.engine.support.hierarchical.NodeTestTask.lambda$executeRecursively$7(NodeTestTask.java:129)
	at org.junit.platform.engine.support.hierarchical.Node.around(Node.java:137)
	at org.junit.platform.engine.support.hierarchical.NodeTestTask.lambda$executeRecursively$8(NodeTestTask.java:127)
	at org.junit.platform.engine.support.hierarchical.ThrowableCollector.execute(ThrowableCollector.java:73)
	at org.junit.platform.engine.support.hierarchical.NodeTestTask.executeRecursively(NodeTestTask.java:126)
	at org.junit.platform.engine.support.hierarchical.NodeTestTask.execute(NodeTestTask.java:84)
	at java.base/java.util.ArrayList.forEach(ArrayList.java:1511)
	at org.junit.platform.engine.support.hierarchical.SameThreadHierarchicalTestExecutorService.invokeAll(SameThreadHierarchicalTestExecutorService.java:38)
	at org.junit.platform.engine.support.hierarchical.NodeTestTask.lambda$executeRecursively$5(NodeTestTask.java:143)
	at org.junit.platform.engine.support.hierarchical.ThrowableCollector.execute(ThrowableCollector.java:73)
	at org.junit.platform.engine.support.hierarchical.NodeTestTask.lambda$executeRecursively$7(NodeTestTask.java:129)
	at org.junit.platform.engine.support.hierarchical.Node.around(Node.java:137)
	at org.junit.platform.engine.support.hierarchical.NodeTestTask.lambda$executeRecursively$8(NodeTestTask.java:127)
	at org.junit.platform.engine.support.hierarchical.ThrowableCollector.execute(ThrowableCollector.java:73)
	at org.junit.platform.engine.support.hierarchical.NodeTestTask.executeRecursively(NodeTestTask.java:126)
	at org.junit.platform.engine.support.hierarchical.NodeTestTask.execute(NodeTestTask.java:84)
	at org.junit.platform.engine.support.hierarchical.SameThreadHierarchicalTestExecutorService.submit(SameThreadHierarchicalTestExecutorService.java:32)
	at org.junit.platform.engine.support.hierarchical.HierarchicalTestExecutor.execute(HierarchicalTestExecutor.java:57)
	at org.junit.platform.engine.support.hierarchical.HierarchicalTestEngine.execute(HierarchicalTestEngine.java:51)
	at org.junit.platform.launcher.core.EngineExecutionOrchestrator.execute(EngineExecutionOrchestrator.java:108)
	at org.junit.platform.launcher.core.EngineExecutionOrchestrator.execute(EngineExecutionOrchestrator.java:88)
	at org.junit.platform.launcher.core.EngineExecutionOrchestrator.lambda$execute$0(EngineExecutionOrchestrator.java:54)
	at org.junit.platform.launcher.core.EngineExecutionOrchestrator.withInterceptedStreams(EngineExecutionOrchestrator.java:67)
	at org.junit.platform.launcher.core.EngineExecutionOrchestrator.execute(EngineExecutionOrchestrator.java:52)
	at org.junit.platform.launcher.core.DefaultLauncher.execute(DefaultLauncher.java:96)
	at org.junit.platform.launcher.core.DefaultLauncher.execute(DefaultLauncher.java:75)
	at org.gradle.api.internal.tasks.testing.junitplatform.JUnitPlatformTestClassProcessor$CollectAllTestClassesExecutor.processAllTestClasses(JUnitPlatformTestClassProcessor.java:99)
	at org.gradle.api.internal.tasks.testing.junitplatform.JUnitPlatformTestClassProcessor$CollectAllTestClassesExecutor.access$000(JUnitPlatformTestClassProcessor.java:79)
	at org.gradle.api.internal.tasks.testing.junitplatform.JUnitPlatformTestClassProcessor.stop(JUnitPlatformTestClassProcessor.java:75)
	at org.gradle.api.internal.tasks.testing.SuiteTestClassProcessor.stop(SuiteTestClassProcessor.java:61)
	at java.base/jdk.internal.reflect.NativeMethodAccessorImpl.invoke0(Native Method)
	at java.base/jdk.internal.reflect.NativeMethodAccessorImpl.invoke(NativeMethodAccessorImpl.java:64)
	at java.base/jdk.internal.reflect.DelegatingMethodAccessorImpl.invoke(DelegatingMethodAccessorImpl.java:43)
	at java.base/java.lang.reflect.Method.invoke(Method.java:564)
	at org.gradle.internal.dispatch.ReflectionDispatch.dispatch(ReflectionDispatch.java:36)
	at org.gradle.internal.dispatch.ReflectionDispatch.dispatch(ReflectionDispatch.java:24)
	at org.gradle.internal.dispatch.ContextClassLoaderDispatch.dispatch(ContextClassLoaderDispatch.java:33)
	at org.gradle.internal.dispatch.ProxyDispatchAdapter$DispatchingInvocationHandler.invoke(ProxyDispatchAdapter.java:94)
	at com.sun.proxy.$Proxy5.stop(Unknown Source)
	at org.gradle.api.internal.tasks.testing.worker.TestWorker.stop(TestWorker.java:135)
	at java.base/jdk.internal.reflect.NativeMethodAccessorImpl.invoke0(Native Method)
	at java.base/jdk.internal.reflect.NativeMethodAccessorImpl.invoke(NativeMethodAccessorImpl.java:64)
	at java.base/jdk.internal.reflect.DelegatingMethodAccessorImpl.invoke(DelegatingMethodAccessorImpl.java:43)
	at java.base/java.lang.reflect.Method.invoke(Method.java:564)
	at org.gradle.internal.dispatch.ReflectionDispatch.dispatch(ReflectionDispatch.java:36)
	at org.gradle.internal.dispatch.ReflectionDispatch.dispatch(ReflectionDispatch.java:24)
	at org.gradle.internal.remote.internal.hub.MessageHubBackedObjectConnection$DispatchWrapper.dispatch(MessageHubBackedObjectConnection.java:182)
	at org.gradle.internal.remote.internal.hub.MessageHubBackedObjectConnection$DispatchWrapper.dispatch(MessageHubBackedObjectConnection.java:164)
	at org.gradle.internal.remote.internal.hub.MessageHub$Handler.run(MessageHub.java:414)
	at org.gradle.internal.concurrent.ExecutorPolicy$CatchAndRecordFailures.onExecute(ExecutorPolicy.java:64)
	at org.gradle.internal.concurrent.ManagedExecutorImpl$1.run(ManagedExecutorImpl.java:48)
	at java.base/java.util.concurrent.ThreadPoolExecutor.runWorker(ThreadPoolExecutor.java:1130)
	at java.base/java.util.concurrent.ThreadPoolExecutor$Worker.run(ThreadPoolExecutor.java:630)
	at org.gradle.internal.concurrent.ThreadFactoryImpl$ManagedThreadRunnable.run(ThreadFactoryImpl.java:56)
	at java.base/java.lang.Thread.run(Thread.java:832)
Caused by: net.sourceforge.htmlunit.corejs.javascript.EvaluatorException: missing formal parameter (https://cdn.jsdelivr.net/npm/bootstrap@5.1.3/dist/js/bootstrap.bundle.min.js#6)
	at com.gargoylesoftware.htmlunit.javascript.HtmlUnitContextFactory$HtmlUnitErrorReporter.error(HtmlUnitContextFactory.java:436)
	at net.sourceforge.htmlunit.corejs.javascript.Parser.addError(Parser.java:251)
	at net.sourceforge.htmlunit.corejs.javascript.Parser.reportError(Parser.java:330)
	at net.sourceforge.htmlunit.corejs.javascript.Parser.reportError(Parser.java:326)
	at net.sourceforge.htmlunit.corejs.javascript.Parser.arrowFunctionParams(Parser.java:1035)
	at net.sourceforge.htmlunit.corejs.javascript.Parser.arrowFunctionParams(Parser.java:1020)
	at net.sourceforge.htmlunit.corejs.javascript.Parser.arrowFunction(Parser.java:969)
	at net.sourceforge.htmlunit.corejs.javascript.Parser.assignExpr(Parser.java:2310)
	at net.sourceforge.htmlunit.corejs.javascript.Parser.variables(Parser.java:2122)
	at net.sourceforge.htmlunit.corejs.javascript.Parser.statementHelper(Parser.java:1191)
	at net.sourceforge.htmlunit.corejs.javascript.Parser.statement(Parser.java:1098)
	at net.sourceforge.htmlunit.corejs.javascript.Parser.parseFunctionBody(Parser.java:730)
	at net.sourceforge.htmlunit.corejs.javascript.Parser.function(Parser.java:905)
	at net.sourceforge.htmlunit.corejs.javascript.Parser.function(Parser.java:839)
	at net.sourceforge.htmlunit.corejs.javascript.Parser.primaryExpr(Parser.java:3035)
	at net.sourceforge.htmlunit.corejs.javascript.Parser.memberExpr(Parser.java:2665)
	at net.sourceforge.htmlunit.corejs.javascript.Parser.unaryExpr(Parser.java:2568)
	at net.sourceforge.htmlunit.corejs.javascript.Parser.expExpr(Parser.java:2488)
	at net.sourceforge.htmlunit.corejs.javascript.Parser.mulExpr(Parser.java:2471)
	at net.sourceforge.htmlunit.corejs.javascript.Parser.addExpr(Parser.java:2457)
	at net.sourceforge.htmlunit.corejs.javascript.Parser.shiftExpr(Parser.java:2440)
	at net.sourceforge.htmlunit.corejs.javascript.Parser.relExpr(Parser.java:2418)
	at net.sourceforge.htmlunit.corejs.javascript.Parser.eqExpr(Parser.java:2394)
	at net.sourceforge.htmlunit.corejs.javascript.Parser.bitAndExpr(Parser.java:2385)
	at net.sourceforge.htmlunit.corejs.javascript.Parser.bitXorExpr(Parser.java:2376)
	at net.sourceforge.htmlunit.corejs.javascript.Parser.bitOrExpr(Parser.java:2367)
	at net.sourceforge.htmlunit.corejs.javascript.Parser.andExpr(Parser.java:2358)
	at net.sourceforge.htmlunit.corejs.javascript.Parser.orExpr(Parser.java:2349)
	at net.sourceforge.htmlunit.corejs.javascript.Parser.condExpr(Parser.java:2316)
	at net.sourceforge.htmlunit.corejs.javascript.Parser.assignExpr(Parser.java:2274)
	at net.sourceforge.htmlunit.corejs.javascript.Parser.expr(Parser.java:2257)
	at net.sourceforge.htmlunit.corejs.javascript.Parser.parenExpr(Parser.java:3129)
	at net.sourceforge.htmlunit.corejs.javascript.Parser.primaryExpr(Parser.java:3051)
	at net.sourceforge.htmlunit.corejs.javascript.Parser.memberExpr(Parser.java:2665)
	at net.sourceforge.htmlunit.corejs.javascript.Parser.unaryExpr(Parser.java:2568)
	at net.sourceforge.htmlunit.corejs.javascript.Parser.expExpr(Parser.java:2488)
	at net.sourceforge.htmlunit.corejs.javascript.Parser.mulExpr(Parser.java:2471)
	at net.sourceforge.htmlunit.corejs.javascript.Parser.addExpr(Parser.java:2457)
	at net.sourceforge.htmlunit.corejs.javascript.Parser.shiftExpr(Parser.java:2440)
	at net.sourceforge.htmlunit.corejs.javascript.Parser.relExpr(Parser.java:2418)
	at net.sourceforge.htmlunit.corejs.javascript.Parser.eqExpr(Parser.java:2394)
	at net.sourceforge.htmlunit.corejs.javascript.Parser.bitAndExpr(Parser.java:2385)
	at net.sourceforge.htmlunit.corejs.javascript.Parser.bitXorExpr(Parser.java:2376)
	at net.sourceforge.htmlunit.corejs.javascript.Parser.bitOrExpr(Parser.java:2367)
	at net.sourceforge.htmlunit.corejs.javascript.Parser.andExpr(Parser.java:2358)
	at net.sourceforge.htmlunit.corejs.javascript.Parser.orExpr(Parser.java:2349)
	at net.sourceforge.htmlunit.corejs.javascript.Parser.condExpr(Parser.java:2316)
	at net.sourceforge.htmlunit.corejs.javascript.Parser.assignExpr(Parser.java:2274)
	at net.sourceforge.htmlunit.corejs.javascript.Parser.argumentList(Parser.java:2636)
	at net.sourceforge.htmlunit.corejs.javascript.Parser.memberExprTail(Parser.java:2780)
	at net.sourceforge.htmlunit.corejs.javascript.Parser.memberExpr(Parser.java:2700)
	at net.sourceforge.htmlunit.corejs.javascript.Parser.unaryExpr(Parser.java:2568)
	at net.sourceforge.htmlunit.corejs.javascript.Parser.unaryExpr(Parser.java:2523)
	at net.sourceforge.htmlunit.corejs.javascript.Parser.expExpr(Parser.java:2488)
	at net.sourceforge.htmlunit.corejs.javascript.Parser.mulExpr(Parser.java:2471)
	at net.sourceforge.htmlunit.corejs.javascript.Parser.addExpr(Parser.java:2457)
	at net.sourceforge.htmlunit.corejs.javascript.Parser.shiftExpr(Parser.java:2440)
	at net.sourceforge.htmlunit.corejs.javascript.Parser.relExpr(Parser.java:2418)
	at net.sourceforge.htmlunit.corejs.javascript.Parser.eqExpr(Parser.java:2394)
	at net.sourceforge.htmlunit.corejs.javascript.Parser.bitAndExpr(Parser.java:2385)
	at net.sourceforge.htmlunit.corejs.javascript.Parser.bitXorExpr(Parser.java:2376)
	at net.sourceforge.htmlunit.corejs.javascript.Parser.bitOrExpr(Parser.java:2367)
	at net.sourceforge.htmlunit.corejs.javascript.Parser.andExpr(Parser.java:2358)
	at net.sourceforge.htmlunit.corejs.javascript.Parser.orExpr(Parser.java:2349)
	at net.sourceforge.htmlunit.corejs.javascript.Parser.condExpr(Parser.java:2316)
	at net.sourceforge.htmlunit.corejs.javascript.Parser.assignExpr(Parser.java:2274)
	at net.sourceforge.htmlunit.corejs.javascript.Parser.expr(Parser.java:2257)
	at net.sourceforge.htmlunit.corejs.javascript.Parser.statementHelper(Parser.java:1243)
	at net.sourceforge.htmlunit.corejs.javascript.Parser.statement(Parser.java:1098)
	at net.sourceforge.htmlunit.corejs.javascript.Parser.parse(Parser.java:626)
	at net.sourceforge.htmlunit.corejs.javascript.Parser.parse(Parser.java:556)
	at net.sourceforge.htmlunit.corejs.javascript.Context.parse(Context.java:2496)
	at net.sourceforge.htmlunit.corejs.javascript.Context.compileImpl(Context.java:2427)
	at net.sourceforge.htmlunit.corejs.javascript.Context.compileString(Context.java:1415)
	at com.gargoylesoftware.htmlunit.javascript.HtmlUnitContextFactory$TimeoutContext.compileString(HtmlUnitContextFactory.java:222)
	at net.sourceforge.htmlunit.corejs.javascript.Context.compileString(Context.java:1403)
	at com.gargoylesoftware.htmlunit.javascript.JavaScriptEngine$1.doRun(JavaScriptEngine.java:779)
	at com.gargoylesoftware.htmlunit.javascript.JavaScriptEngine$HtmlUnitContextAction.run(JavaScriptEngine.java:942)
	... 127 common frames omitted
07:44:02.080 [Test worker] ERROR c.g.h.j.DefaultJavaScriptErrorListener - Error during JavaScript execution
com.gargoylesoftware.htmlunit.ScriptException: missing formal parameter (https://cdn.jsdelivr.net/npm/bootstrap@5.1.3/dist/js/bootstrap.bundle.min.js#6)
	at com.gargoylesoftware.htmlunit.javascript.JavaScriptEngine$HtmlUnitContextAction.run(JavaScriptEngine.java:960)
	at net.sourceforge.htmlunit.corejs.javascript.Context.call(Context.java:581)
	at net.sourceforge.htmlunit.corejs.javascript.ContextFactory.call(ContextFactory.java:481)
	at com.gargoylesoftware.htmlunit.javascript.HtmlUnitContextFactory.callSecured(HtmlUnitContextFactory.java:352)
	at com.gargoylesoftware.htmlunit.javascript.JavaScriptEngine.compile(JavaScriptEngine.java:788)
	at com.gargoylesoftware.htmlunit.javascript.JavaScriptEngine.compile(JavaScriptEngine.java:754)
	at com.gargoylesoftware.htmlunit.javascript.JavaScriptEngine.compile(JavaScriptEngine.java:112)
	at com.gargoylesoftware.htmlunit.html.HtmlPage.loadJavaScriptFromUrl(HtmlPage.java:1122)
	at com.gargoylesoftware.htmlunit.html.HtmlPage.loadExternalJavaScriptFile(HtmlPage.java:1002)
	at com.gargoylesoftware.htmlunit.html.ScriptElementSupport.executeScriptIfNeeded(ScriptElementSupport.java:196)
	at com.gargoylesoftware.htmlunit.html.ScriptElementSupport$1.execute(ScriptElementSupport.java:120)
	at com.gargoylesoftware.htmlunit.html.ScriptElementSupport.onAllChildrenAddedToPage(ScriptElementSupport.java:143)
	at com.gargoylesoftware.htmlunit.html.HtmlScript.onAllChildrenAddedToPage(HtmlScript.java:191)
	at com.gargoylesoftware.htmlunit.html.parser.neko.HtmlUnitNekoDOMBuilder.endElement(HtmlUnitNekoDOMBuilder.java:551)
	at org.apache.xerces.parsers.AbstractSAXParser.endElement(Unknown Source)
	at com.gargoylesoftware.htmlunit.html.parser.neko.HtmlUnitNekoDOMBuilder.endElement(HtmlUnitNekoDOMBuilder.java:503)
	at net.sourceforge.htmlunit.cyberneko.HTMLTagBalancer.callEndElement(HTMLTagBalancer.java:1216)
	at net.sourceforge.htmlunit.cyberneko.HTMLTagBalancer.endElement(HTMLTagBalancer.java:1156)
	at net.sourceforge.htmlunit.cyberneko.filters.DefaultFilter.endElement(DefaultFilter.java:219)
	at net.sourceforge.htmlunit.cyberneko.filters.NamespaceBinder.endElement(NamespaceBinder.java:312)
	at net.sourceforge.htmlunit.cyberneko.HTMLScanner$ContentScanner.scanEndElement(HTMLScanner.java:3189)
	at net.sourceforge.htmlunit.cyberneko.HTMLScanner$ContentScanner.scan(HTMLScanner.java:2114)
	at net.sourceforge.htmlunit.cyberneko.HTMLScanner.scanDocument(HTMLScanner.java:937)
	at net.sourceforge.htmlunit.cyberneko.HTMLConfiguration.parse(HTMLConfiguration.java:443)
	at net.sourceforge.htmlunit.cyberneko.HTMLConfiguration.parse(HTMLConfiguration.java:394)
	at org.apache.xerces.parsers.XMLParser.parse(Unknown Source)
	at com.gargoylesoftware.htmlunit.html.parser.neko.HtmlUnitNekoDOMBuilder.parse(HtmlUnitNekoDOMBuilder.java:751)
	at com.gargoylesoftware.htmlunit.html.parser.neko.HtmlUnitNekoHtmlParser.parse(HtmlUnitNekoHtmlParser.java:208)
	at com.gargoylesoftware.htmlunit.DefaultPageCreator.createHtmlPage(DefaultPageCreator.java:297)
	at com.gargoylesoftware.htmlunit.DefaultPageCreator.createPage(DefaultPageCreator.java:217)
	at com.gargoylesoftware.htmlunit.WebClient.loadWebResponseInto(WebClient.java:684)
	at com.gargoylesoftware.htmlunit.WebClient.loadDownloadedResponses(WebClient.java:2517)
	at com.gargoylesoftware.htmlunit.javascript.JavaScriptEngine.doProcessPostponedActions(JavaScriptEngine.java:988)
	at com.gargoylesoftware.htmlunit.javascript.JavaScriptEngine.processPostponedActions(JavaScriptEngine.java:1110)
	at com.gargoylesoftware.htmlunit.html.DomElement.click(DomElement.java:1101)
	at com.gargoylesoftware.htmlunit.html.DomElement.click(DomElement.java:1032)
	at com.gargoylesoftware.htmlunit.html.DomElement.click(DomElement.java:918)
	at com.gargoylesoftware.htmlunit.html.DomElement.click(DomElement.java:895)
	at com.gargoylesoftware.htmlunit.html.DomElement.click(DomElement.java:872)
	at at.fhv.se.banking.view.BankingViewTests.given_account_when_transfer_thendisplaynewbalance(BankingViewTests.java:466)
	at java.base/jdk.internal.reflect.NativeMethodAccessorImpl.invoke0(Native Method)
	at java.base/jdk.internal.reflect.NativeMethodAccessorImpl.invoke(NativeMethodAccessorImpl.java:64)
	at java.base/jdk.internal.reflect.DelegatingMethodAccessorImpl.invoke(DelegatingMethodAccessorImpl.java:43)
	at java.base/java.lang.reflect.Method.invoke(Method.java:564)
	at org.junit.platform.commons.util.ReflectionUtils.invokeMethod(ReflectionUtils.java:688)
	at org.junit.jupiter.engine.execution.MethodInvocation.proceed(MethodInvocation.java:60)
	at org.junit.jupiter.engine.execution.InvocationInterceptorChain$ValidatingInvocation.proceed(InvocationInterceptorChain.java:131)
	at org.junit.jupiter.engine.extension.TimeoutExtension.intercept(TimeoutExtension.java:149)
	at org.junit.jupiter.engine.extension.TimeoutExtension.interceptTestableMethod(TimeoutExtension.java:140)
	at org.junit.jupiter.engine.extension.TimeoutExtension.interceptTestMethod(TimeoutExtension.java:84)
	at org.junit.jupiter.engine.execution.ExecutableInvoker$ReflectiveInterceptorCall.lambda$ofVoidMethod$0(ExecutableInvoker.java:115)
	at org.junit.jupiter.engine.execution.ExecutableInvoker.lambda$invoke$0(ExecutableInvoker.java:105)
	at org.junit.jupiter.engine.execution.InvocationInterceptorChain$InterceptedInvocation.proceed(InvocationInterceptorChain.java:106)
	at org.junit.jupiter.engine.execution.InvocationInterceptorChain.proceed(InvocationInterceptorChain.java:64)
	at org.junit.jupiter.engine.execution.InvocationInterceptorChain.chainAndInvoke(InvocationInterceptorChain.java:45)
	at org.junit.jupiter.engine.execution.InvocationInterceptorChain.invoke(InvocationInterceptorChain.java:37)
	at org.junit.jupiter.engine.execution.ExecutableInvoker.invoke(ExecutableInvoker.java:104)
	at org.junit.jupiter.engine.execution.ExecutableInvoker.invoke(ExecutableInvoker.java:98)
	at org.junit.jupiter.engine.descriptor.TestMethodTestDescriptor.lambda$invokeTestMethod$6(TestMethodTestDescriptor.java:210)
	at org.junit.platform.engine.support.hierarchical.ThrowableCollector.execute(ThrowableCollector.java:73)
	at org.junit.jupiter.engine.descriptor.TestMethodTestDescriptor.invokeTestMethod(TestMethodTestDescriptor.java:206)
	at org.junit.jupiter.engine.descriptor.TestMethodTestDescriptor.execute(TestMethodTestDescriptor.java:131)
	at org.junit.jupiter.engine.descriptor.TestMethodTestDescriptor.execute(TestMethodTestDescriptor.java:65)
	at org.junit.platform.engine.support.hierarchical.NodeTestTask.lambda$executeRecursively$5(NodeTestTask.java:139)
	at org.junit.platform.engine.support.hierarchical.ThrowableCollector.execute(ThrowableCollector.java:73)
	at org.junit.platform.engine.support.hierarchical.NodeTestTask.lambda$executeRecursively$7(NodeTestTask.java:129)
	at org.junit.platform.engine.support.hierarchical.Node.around(Node.java:137)
	at org.junit.platform.engine.support.hierarchical.NodeTestTask.lambda$executeRecursively$8(NodeTestTask.java:127)
	at org.junit.platform.engine.support.hierarchical.ThrowableCollector.execute(ThrowableCollector.java:73)
	at org.junit.platform.engine.support.hierarchical.NodeTestTask.executeRecursively(NodeTestTask.java:126)
	at org.junit.platform.engine.support.hierarchical.NodeTestTask.execute(NodeTestTask.java:84)
	at java.base/java.util.ArrayList.forEach(ArrayList.java:1511)
	at org.junit.platform.engine.support.hierarchical.SameThreadHierarchicalTestExecutorService.invokeAll(SameThreadHierarchicalTestExecutorService.java:38)
	at org.junit.platform.engine.support.hierarchical.NodeTestTask.lambda$executeRecursively$5(NodeTestTask.java:143)
	at org.junit.platform.engine.support.hierarchical.ThrowableCollector.execute(ThrowableCollector.java:73)
	at org.junit.platform.engine.support.hierarchical.NodeTestTask.lambda$executeRecursively$7(NodeTestTask.java:129)
	at org.junit.platform.engine.support.hierarchical.Node.around(Node.java:137)
	at org.junit.platform.engine.support.hierarchical.NodeTestTask.lambda$executeRecursively$8(NodeTestTask.java:127)
	at org.junit.platform.engine.support.hierarchical.ThrowableCollector.execute(ThrowableCollector.java:73)
	at org.junit.platform.engine.support.hierarchical.NodeTestTask.executeRecursively(NodeTestTask.java:126)
	at org.junit.platform.engine.support.hierarchical.NodeTestTask.execute(NodeTestTask.java:84)
	at java.base/java.util.ArrayList.forEach(ArrayList.java:1511)
	at org.junit.platform.engine.support.hierarchical.SameThreadHierarchicalTestExecutorService.invokeAll(SameThreadHierarchicalTestExecutorService.java:38)
	at org.junit.platform.engine.support.hierarchical.NodeTestTask.lambda$executeRecursively$5(NodeTestTask.java:143)
	at org.junit.platform.engine.support.hierarchical.ThrowableCollector.execute(ThrowableCollector.java:73)
	at org.junit.platform.engine.support.hierarchical.NodeTestTask.lambda$executeRecursively$7(NodeTestTask.java:129)
	at org.junit.platform.engine.support.hierarchical.Node.around(Node.java:137)
	at org.junit.platform.engine.support.hierarchical.NodeTestTask.lambda$executeRecursively$8(NodeTestTask.java:127)
	at org.junit.platform.engine.support.hierarchical.ThrowableCollector.execute(ThrowableCollector.java:73)
	at org.junit.platform.engine.support.hierarchical.NodeTestTask.executeRecursively(NodeTestTask.java:126)
	at org.junit.platform.engine.support.hierarchical.NodeTestTask.execute(NodeTestTask.java:84)
	at org.junit.platform.engine.support.hierarchical.SameThreadHierarchicalTestExecutorService.submit(SameThreadHierarchicalTestExecutorService.java:32)
	at org.junit.platform.engine.support.hierarchical.HierarchicalTestExecutor.execute(HierarchicalTestExecutor.java:57)
	at org.junit.platform.engine.support.hierarchical.HierarchicalTestEngine.execute(HierarchicalTestEngine.java:51)
	at org.junit.platform.launcher.core.EngineExecutionOrchestrator.execute(EngineExecutionOrchestrator.java:108)
	at org.junit.platform.launcher.core.EngineExecutionOrchestrator.execute(EngineExecutionOrchestrator.java:88)
	at org.junit.platform.launcher.core.EngineExecutionOrchestrator.lambda$execute$0(EngineExecutionOrchestrator.java:54)
	at org.junit.platform.launcher.core.EngineExecutionOrchestrator.withInterceptedStreams(EngineExecutionOrchestrator.java:67)
	at org.junit.platform.launcher.core.EngineExecutionOrchestrator.execute(EngineExecutionOrchestrator.java:52)
	at org.junit.platform.launcher.core.DefaultLauncher.execute(DefaultLauncher.java:96)
	at org.junit.platform.launcher.core.DefaultLauncher.execute(DefaultLauncher.java:75)
	at org.gradle.api.internal.tasks.testing.junitplatform.JUnitPlatformTestClassProcessor$CollectAllTestClassesExecutor.processAllTestClasses(JUnitPlatformTestClassProcessor.java:99)
	at org.gradle.api.internal.tasks.testing.junitplatform.JUnitPlatformTestClassProcessor$CollectAllTestClassesExecutor.access$000(JUnitPlatformTestClassProcessor.java:79)
	at org.gradle.api.internal.tasks.testing.junitplatform.JUnitPlatformTestClassProcessor.stop(JUnitPlatformTestClassProcessor.java:75)
	at org.gradle.api.internal.tasks.testing.SuiteTestClassProcessor.stop(SuiteTestClassProcessor.java:61)
	at java.base/jdk.internal.reflect.NativeMethodAccessorImpl.invoke0(Native Method)
	at java.base/jdk.internal.reflect.NativeMethodAccessorImpl.invoke(NativeMethodAccessorImpl.java:64)
	at java.base/jdk.internal.reflect.DelegatingMethodAccessorImpl.invoke(DelegatingMethodAccessorImpl.java:43)
	at java.base/java.lang.reflect.Method.invoke(Method.java:564)
	at org.gradle.internal.dispatch.ReflectionDispatch.dispatch(ReflectionDispatch.java:36)
	at org.gradle.internal.dispatch.ReflectionDispatch.dispatch(ReflectionDispatch.java:24)
	at org.gradle.internal.dispatch.ContextClassLoaderDispatch.dispatch(ContextClassLoaderDispatch.java:33)
	at org.gradle.internal.dispatch.ProxyDispatchAdapter$DispatchingInvocationHandler.invoke(ProxyDispatchAdapter.java:94)
	at com.sun.proxy.$Proxy5.stop(Unknown Source)
	at org.gradle.api.internal.tasks.testing.worker.TestWorker.stop(TestWorker.java:135)
	at java.base/jdk.internal.reflect.NativeMethodAccessorImpl.invoke0(Native Method)
	at java.base/jdk.internal.reflect.NativeMethodAccessorImpl.invoke(NativeMethodAccessorImpl.java:64)
	at java.base/jdk.internal.reflect.DelegatingMethodAccessorImpl.invoke(DelegatingMethodAccessorImpl.java:43)
	at java.base/java.lang.reflect.Method.invoke(Method.java:564)
	at org.gradle.internal.dispatch.ReflectionDispatch.dispatch(ReflectionDispatch.java:36)
	at org.gradle.internal.dispatch.ReflectionDispatch.dispatch(ReflectionDispatch.java:24)
	at org.gradle.internal.remote.internal.hub.MessageHubBackedObjectConnection$DispatchWrapper.dispatch(MessageHubBackedObjectConnection.java:182)
	at org.gradle.internal.remote.internal.hub.MessageHubBackedObjectConnection$DispatchWrapper.dispatch(MessageHubBackedObjectConnection.java:164)
	at org.gradle.internal.remote.internal.hub.MessageHub$Handler.run(MessageHub.java:414)
	at org.gradle.internal.concurrent.ExecutorPolicy$CatchAndRecordFailures.onExecute(ExecutorPolicy.java:64)
	at org.gradle.internal.concurrent.ManagedExecutorImpl$1.run(ManagedExecutorImpl.java:48)
	at java.base/java.util.concurrent.ThreadPoolExecutor.runWorker(ThreadPoolExecutor.java:1130)
	at java.base/java.util.concurrent.ThreadPoolExecutor$Worker.run(ThreadPoolExecutor.java:630)
	at org.gradle.internal.concurrent.ThreadFactoryImpl$ManagedThreadRunnable.run(ThreadFactoryImpl.java:56)
	at java.base/java.lang.Thread.run(Thread.java:832)
Caused by: net.sourceforge.htmlunit.corejs.javascript.EvaluatorException: missing formal parameter (https://cdn.jsdelivr.net/npm/bootstrap@5.1.3/dist/js/bootstrap.bundle.min.js#6)
	at com.gargoylesoftware.htmlunit.javascript.HtmlUnitContextFactory$HtmlUnitErrorReporter.error(HtmlUnitContextFactory.java:436)
	at net.sourceforge.htmlunit.corejs.javascript.Parser.addError(Parser.java:251)
	at net.sourceforge.htmlunit.corejs.javascript.Parser.reportError(Parser.java:330)
	at net.sourceforge.htmlunit.corejs.javascript.Parser.reportError(Parser.java:326)
	at net.sourceforge.htmlunit.corejs.javascript.Parser.arrowFunctionParams(Parser.java:1035)
	at net.sourceforge.htmlunit.corejs.javascript.Parser.arrowFunctionParams(Parser.java:1020)
	at net.sourceforge.htmlunit.corejs.javascript.Parser.arrowFunction(Parser.java:969)
	at net.sourceforge.htmlunit.corejs.javascript.Parser.assignExpr(Parser.java:2310)
	at net.sourceforge.htmlunit.corejs.javascript.Parser.variables(Parser.java:2122)
	at net.sourceforge.htmlunit.corejs.javascript.Parser.statementHelper(Parser.java:1191)
	at net.sourceforge.htmlunit.corejs.javascript.Parser.statement(Parser.java:1098)
	at net.sourceforge.htmlunit.corejs.javascript.Parser.parseFunctionBody(Parser.java:730)
	at net.sourceforge.htmlunit.corejs.javascript.Parser.function(Parser.java:905)
	at net.sourceforge.htmlunit.corejs.javascript.Parser.function(Parser.java:839)
	at net.sourceforge.htmlunit.corejs.javascript.Parser.primaryExpr(Parser.java:3035)
	at net.sourceforge.htmlunit.corejs.javascript.Parser.memberExpr(Parser.java:2665)
	at net.sourceforge.htmlunit.corejs.javascript.Parser.unaryExpr(Parser.java:2568)
	at net.sourceforge.htmlunit.corejs.javascript.Parser.expExpr(Parser.java:2488)
	at net.sourceforge.htmlunit.corejs.javascript.Parser.mulExpr(Parser.java:2471)
	at net.sourceforge.htmlunit.corejs.javascript.Parser.addExpr(Parser.java:2457)
	at net.sourceforge.htmlunit.corejs.javascript.Parser.shiftExpr(Parser.java:2440)
	at net.sourceforge.htmlunit.corejs.javascript.Parser.relExpr(Parser.java:2418)
	at net.sourceforge.htmlunit.corejs.javascript.Parser.eqExpr(Parser.java:2394)
	at net.sourceforge.htmlunit.corejs.javascript.Parser.bitAndExpr(Parser.java:2385)
	at net.sourceforge.htmlunit.corejs.javascript.Parser.bitXorExpr(Parser.java:2376)
	at net.sourceforge.htmlunit.corejs.javascript.Parser.bitOrExpr(Parser.java:2367)
	at net.sourceforge.htmlunit.corejs.javascript.Parser.andExpr(Parser.java:2358)
	at net.sourceforge.htmlunit.corejs.javascript.Parser.orExpr(Parser.java:2349)
	at net.sourceforge.htmlunit.corejs.javascript.Parser.condExpr(Parser.java:2316)
	at net.sourceforge.htmlunit.corejs.javascript.Parser.assignExpr(Parser.java:2274)
	at net.sourceforge.htmlunit.corejs.javascript.Parser.expr(Parser.java:2257)
	at net.sourceforge.htmlunit.corejs.javascript.Parser.parenExpr(Parser.java:3129)
	at net.sourceforge.htmlunit.corejs.javascript.Parser.primaryExpr(Parser.java:3051)
	at net.sourceforge.htmlunit.corejs.javascript.Parser.memberExpr(Parser.java:2665)
	at net.sourceforge.htmlunit.corejs.javascript.Parser.unaryExpr(Parser.java:2568)
	at net.sourceforge.htmlunit.corejs.javascript.Parser.expExpr(Parser.java:2488)
	at net.sourceforge.htmlunit.corejs.javascript.Parser.mulExpr(Parser.java:2471)
	at net.sourceforge.htmlunit.corejs.javascript.Parser.addExpr(Parser.java:2457)
	at net.sourceforge.htmlunit.corejs.javascript.Parser.shiftExpr(Parser.java:2440)
	at net.sourceforge.htmlunit.corejs.javascript.Parser.relExpr(Parser.java:2418)
	at net.sourceforge.htmlunit.corejs.javascript.Parser.eqExpr(Parser.java:2394)
	at net.sourceforge.htmlunit.corejs.javascript.Parser.bitAndExpr(Parser.java:2385)
	at net.sourceforge.htmlunit.corejs.javascript.Parser.bitXorExpr(Parser.java:2376)
	at net.sourceforge.htmlunit.corejs.javascript.Parser.bitOrExpr(Parser.java:2367)
	at net.sourceforge.htmlunit.corejs.javascript.Parser.andExpr(Parser.java:2358)
	at net.sourceforge.htmlunit.corejs.javascript.Parser.orExpr(Parser.java:2349)
	at net.sourceforge.htmlunit.corejs.javascript.Parser.condExpr(Parser.java:2316)
	at net.sourceforge.htmlunit.corejs.javascript.Parser.assignExpr(Parser.java:2274)
	at net.sourceforge.htmlunit.corejs.javascript.Parser.argumentList(Parser.java:2636)
	at net.sourceforge.htmlunit.corejs.javascript.Parser.memberExprTail(Parser.java:2780)
	at net.sourceforge.htmlunit.corejs.javascript.Parser.memberExpr(Parser.java:2700)
	at net.sourceforge.htmlunit.corejs.javascript.Parser.unaryExpr(Parser.java:2568)
	at net.sourceforge.htmlunit.corejs.javascript.Parser.unaryExpr(Parser.java:2523)
	at net.sourceforge.htmlunit.corejs.javascript.Parser.expExpr(Parser.java:2488)
	at net.sourceforge.htmlunit.corejs.javascript.Parser.mulExpr(Parser.java:2471)
	at net.sourceforge.htmlunit.corejs.javascript.Parser.addExpr(Parser.java:2457)
	at net.sourceforge.htmlunit.corejs.javascript.Parser.shiftExpr(Parser.java:2440)
	at net.sourceforge.htmlunit.corejs.javascript.Parser.relExpr(Parser.java:2418)
	at net.sourceforge.htmlunit.corejs.javascript.Parser.eqExpr(Parser.java:2394)
	at net.sourceforge.htmlunit.corejs.javascript.Parser.bitAndExpr(Parser.java:2385)
	at net.sourceforge.htmlunit.corejs.javascript.Parser.bitXorExpr(Parser.java:2376)
	at net.sourceforge.htmlunit.corejs.javascript.Parser.bitOrExpr(Parser.java:2367)
	at net.sourceforge.htmlunit.corejs.javascript.Parser.andExpr(Parser.java:2358)
	at net.sourceforge.htmlunit.corejs.javascript.Parser.orExpr(Parser.java:2349)
	at net.sourceforge.htmlunit.corejs.javascript.Parser.condExpr(Parser.java:2316)
	at net.sourceforge.htmlunit.corejs.javascript.Parser.assignExpr(Parser.java:2274)
	at net.sourceforge.htmlunit.corejs.javascript.Parser.expr(Parser.java:2257)
	at net.sourceforge.htmlunit.corejs.javascript.Parser.statementHelper(Parser.java:1243)
	at net.sourceforge.htmlunit.corejs.javascript.Parser.statement(Parser.java:1098)
	at net.sourceforge.htmlunit.corejs.javascript.Parser.parse(Parser.java:626)
	at net.sourceforge.htmlunit.corejs.javascript.Parser.parse(Parser.java:556)
	at net.sourceforge.htmlunit.corejs.javascript.Context.parse(Context.java:2496)
	at net.sourceforge.htmlunit.corejs.javascript.Context.compileImpl(Context.java:2427)
	at net.sourceforge.htmlunit.corejs.javascript.Context.compileString(Context.java:1415)
	at com.gargoylesoftware.htmlunit.javascript.HtmlUnitContextFactory$TimeoutContext.compileString(HtmlUnitContextFactory.java:222)
	at net.sourceforge.htmlunit.corejs.javascript.Context.compileString(Context.java:1403)
	at com.gargoylesoftware.htmlunit.javascript.JavaScriptEngine$1.doRun(JavaScriptEngine.java:779)
	at com.gargoylesoftware.htmlunit.javascript.JavaScriptEngine$HtmlUnitContextAction.run(JavaScriptEngine.java:942)
	... 129 common frames omitted
]]></system-out>
  <system-err><![CDATA[java.lang.instrument.IllegalClassFormatException: Error while instrumenting com/gargoylesoftware/htmlunit/javascript/host/css/StyleAttributes$Definition.
	at org.jacoco.agent.rt.internal_3570298.CoverageTransformer.transform(CoverageTransformer.java:94)
	at java.instrument/java.lang.instrument.ClassFileTransformer.transform(ClassFileTransformer.java:246)
	at java.instrument/sun.instrument.TransformerManager.transform(TransformerManager.java:188)
	at java.instrument/sun.instrument.InstrumentationImpl.transform(InstrumentationImpl.java:563)
	at java.base/java.lang.ClassLoader.defineClass1(Native Method)
	at java.base/java.lang.ClassLoader.defineClass(ClassLoader.java:1016)
	at java.base/java.security.SecureClassLoader.defineClass(SecureClassLoader.java:151)
	at java.base/jdk.internal.loader.BuiltinClassLoader.defineClass(BuiltinClassLoader.java:825)
	at java.base/jdk.internal.loader.BuiltinClassLoader.findClassOnClassPathOrNull(BuiltinClassLoader.java:723)
	at java.base/jdk.internal.loader.BuiltinClassLoader.loadClassOrNull(BuiltinClassLoader.java:646)
	at java.base/jdk.internal.loader.BuiltinClassLoader.loadClass(BuiltinClassLoader.java:604)
	at java.base/jdk.internal.loader.ClassLoaders$AppClassLoader.loadClass(ClassLoaders.java:168)
	at java.base/java.lang.ClassLoader.loadClass(ClassLoader.java:522)
	at java.base/java.lang.Class.getDeclaredMethods0(Native Method)
	at java.base/java.lang.Class.privateGetDeclaredMethods(Class.java:3325)
	at java.base/java.lang.Class.getDeclaredMethods(Class.java:2466)
	at com.gargoylesoftware.htmlunit.javascript.configuration.AbstractJavaScriptConfiguration.process(AbstractJavaScriptConfiguration.java:233)
	at com.gargoylesoftware.htmlunit.javascript.configuration.AbstractJavaScriptConfiguration.getClassConfiguration(AbstractJavaScriptConfiguration.java:211)
	at com.gargoylesoftware.htmlunit.javascript.configuration.AbstractJavaScriptConfiguration.buildUsageMap(AbstractJavaScriptConfiguration.java:86)
	at com.gargoylesoftware.htmlunit.javascript.configuration.AbstractJavaScriptConfiguration.<init>(AbstractJavaScriptConfiguration.java:66)
	at com.gargoylesoftware.htmlunit.javascript.configuration.JavaScriptConfiguration.<init>(JavaScriptConfiguration.java:689)
	at com.gargoylesoftware.htmlunit.javascript.configuration.JavaScriptConfiguration.getInstance(JavaScriptConfiguration.java:705)
	at com.gargoylesoftware.htmlunit.javascript.JavaScriptEngine.<init>(JavaScriptEngine.java:155)
	at com.gargoylesoftware.htmlunit.WebClient.<init>(WebClient.java:322)
	at com.gargoylesoftware.htmlunit.WebClient.<init>(WebClient.java:271)
	at com.gargoylesoftware.htmlunit.WebClient.<init>(WebClient.java:261)
	at com.gargoylesoftware.htmlunit.WebClient.<init>(WebClient.java:253)
	at org.springframework.test.web.servlet.htmlunit.MockMvcWebClientBuilder.build(MockMvcWebClientBuilder.java:128)
	at at.fhv.se.banking.view.BankingViewTests.setup(BankingViewTests.java:66)
	at java.base/jdk.internal.reflect.NativeMethodAccessorImpl.invoke0(Native Method)
	at java.base/jdk.internal.reflect.NativeMethodAccessorImpl.invoke(NativeMethodAccessorImpl.java:64)
	at java.base/jdk.internal.reflect.DelegatingMethodAccessorImpl.invoke(DelegatingMethodAccessorImpl.java:43)
	at java.base/java.lang.reflect.Method.invoke(Method.java:564)
	at org.junit.platform.commons.util.ReflectionUtils.invokeMethod(ReflectionUtils.java:688)
	at org.junit.jupiter.engine.execution.MethodInvocation.proceed(MethodInvocation.java:60)
	at org.junit.jupiter.engine.execution.InvocationInterceptorChain$ValidatingInvocation.proceed(InvocationInterceptorChain.java:131)
	at org.junit.jupiter.engine.extension.TimeoutExtension.intercept(TimeoutExtension.java:149)
	at org.junit.jupiter.engine.extension.TimeoutExtension.interceptLifecycleMethod(TimeoutExtension.java:126)
	at org.junit.jupiter.engine.extension.TimeoutExtension.interceptBeforeEachMethod(TimeoutExtension.java:76)
	at org.junit.jupiter.engine.execution.ExecutableInvoker$ReflectiveInterceptorCall.lambda$ofVoidMethod$0(ExecutableInvoker.java:115)
	at org.junit.jupiter.engine.execution.ExecutableInvoker.lambda$invoke$0(ExecutableInvoker.java:105)
	at org.junit.jupiter.engine.execution.InvocationInterceptorChain$InterceptedInvocation.proceed(InvocationInterceptorChain.java:106)
	at org.junit.jupiter.engine.execution.InvocationInterceptorChain.proceed(InvocationInterceptorChain.java:64)
	at org.junit.jupiter.engine.execution.InvocationInterceptorChain.chainAndInvoke(InvocationInterceptorChain.java:45)
	at org.junit.jupiter.engine.execution.InvocationInterceptorChain.invoke(InvocationInterceptorChain.java:37)
	at org.junit.jupiter.engine.execution.ExecutableInvoker.invoke(ExecutableInvoker.java:104)
	at org.junit.jupiter.engine.execution.ExecutableInvoker.invoke(ExecutableInvoker.java:98)
	at org.junit.jupiter.engine.descriptor.ClassBasedTestDescriptor.invokeMethodInExtensionContext(ClassBasedTestDescriptor.java:490)
	at org.junit.jupiter.engine.descriptor.ClassBasedTestDescriptor.lambda$synthesizeBeforeEachMethodAdapter$19(ClassBasedTestDescriptor.java:475)
	at org.junit.jupiter.engine.descriptor.TestMethodTestDescriptor.lambda$invokeBeforeEachMethods$2(TestMethodTestDescriptor.java:167)
	at org.junit.jupiter.engine.descriptor.TestMethodTestDescriptor.lambda$invokeBeforeMethodsOrCallbacksUntilExceptionOccurs$5(TestMethodTestDescriptor.java:195)
	at org.junit.platform.engine.support.hierarchical.ThrowableCollector.execute(ThrowableCollector.java:73)
	at org.junit.jupiter.engine.descriptor.TestMethodTestDescriptor.invokeBeforeMethodsOrCallbacksUntilExceptionOccurs(TestMethodTestDescriptor.java:195)
	at org.junit.jupiter.engine.descriptor.TestMethodTestDescriptor.invokeBeforeEachMethods(TestMethodTestDescriptor.java:164)
	at org.junit.jupiter.engine.descriptor.TestMethodTestDescriptor.execute(TestMethodTestDescriptor.java:127)
	at org.junit.jupiter.engine.descriptor.TestMethodTestDescriptor.execute(TestMethodTestDescriptor.java:65)
	at org.junit.platform.engine.support.hierarchical.NodeTestTask.lambda$executeRecursively$5(NodeTestTask.java:139)
	at org.junit.platform.engine.support.hierarchical.ThrowableCollector.execute(ThrowableCollector.java:73)
	at org.junit.platform.engine.support.hierarchical.NodeTestTask.lambda$executeRecursively$7(NodeTestTask.java:129)
	at org.junit.platform.engine.support.hierarchical.Node.around(Node.java:137)
	at org.junit.platform.engine.support.hierarchical.NodeTestTask.lambda$executeRecursively$8(NodeTestTask.java:127)
	at org.junit.platform.engine.support.hierarchical.ThrowableCollector.execute(ThrowableCollector.java:73)
	at org.junit.platform.engine.support.hierarchical.NodeTestTask.executeRecursively(NodeTestTask.java:126)
	at org.junit.platform.engine.support.hierarchical.NodeTestTask.execute(NodeTestTask.java:84)
	at java.base/java.util.ArrayList.forEach(ArrayList.java:1511)
	at org.junit.platform.engine.support.hierarchical.SameThreadHierarchicalTestExecutorService.invokeAll(SameThreadHierarchicalTestExecutorService.java:38)
	at org.junit.platform.engine.support.hierarchical.NodeTestTask.lambda$executeRecursively$5(NodeTestTask.java:143)
	at org.junit.platform.engine.support.hierarchical.ThrowableCollector.execute(ThrowableCollector.java:73)
	at org.junit.platform.engine.support.hierarchical.NodeTestTask.lambda$executeRecursively$7(NodeTestTask.java:129)
	at org.junit.platform.engine.support.hierarchical.Node.around(Node.java:137)
	at org.junit.platform.engine.support.hierarchical.NodeTestTask.lambda$executeRecursively$8(NodeTestTask.java:127)
	at org.junit.platform.engine.support.hierarchical.ThrowableCollector.execute(ThrowableCollector.java:73)
	at org.junit.platform.engine.support.hierarchical.NodeTestTask.executeRecursively(NodeTestTask.java:126)
	at org.junit.platform.engine.support.hierarchical.NodeTestTask.execute(NodeTestTask.java:84)
	at java.base/java.util.ArrayList.forEach(ArrayList.java:1511)
	at org.junit.platform.engine.support.hierarchical.SameThreadHierarchicalTestExecutorService.invokeAll(SameThreadHierarchicalTestExecutorService.java:38)
	at org.junit.platform.engine.support.hierarchical.NodeTestTask.lambda$executeRecursively$5(NodeTestTask.java:143)
	at org.junit.platform.engine.support.hierarchical.ThrowableCollector.execute(ThrowableCollector.java:73)
	at org.junit.platform.engine.support.hierarchical.NodeTestTask.lambda$executeRecursively$7(NodeTestTask.java:129)
	at org.junit.platform.engine.support.hierarchical.Node.around(Node.java:137)
	at org.junit.platform.engine.support.hierarchical.NodeTestTask.lambda$executeRecursively$8(NodeTestTask.java:127)
	at org.junit.platform.engine.support.hierarchical.ThrowableCollector.execute(ThrowableCollector.java:73)
	at org.junit.platform.engine.support.hierarchical.NodeTestTask.executeRecursively(NodeTestTask.java:126)
	at org.junit.platform.engine.support.hierarchical.NodeTestTask.execute(NodeTestTask.java:84)
	at org.junit.platform.engine.support.hierarchical.SameThreadHierarchicalTestExecutorService.submit(SameThreadHierarchicalTestExecutorService.java:32)
	at org.junit.platform.engine.support.hierarchical.HierarchicalTestExecutor.execute(HierarchicalTestExecutor.java:57)
	at org.junit.platform.engine.support.hierarchical.HierarchicalTestEngine.execute(HierarchicalTestEngine.java:51)
	at org.junit.platform.launcher.core.EngineExecutionOrchestrator.execute(EngineExecutionOrchestrator.java:108)
	at org.junit.platform.launcher.core.EngineExecutionOrchestrator.execute(EngineExecutionOrchestrator.java:88)
	at org.junit.platform.launcher.core.EngineExecutionOrchestrator.lambda$execute$0(EngineExecutionOrchestrator.java:54)
	at org.junit.platform.launcher.core.EngineExecutionOrchestrator.withInterceptedStreams(EngineExecutionOrchestrator.java:67)
	at org.junit.platform.launcher.core.EngineExecutionOrchestrator.execute(EngineExecutionOrchestrator.java:52)
	at org.junit.platform.launcher.core.DefaultLauncher.execute(DefaultLauncher.java:96)
	at org.junit.platform.launcher.core.DefaultLauncher.execute(DefaultLauncher.java:75)
	at org.gradle.api.internal.tasks.testing.junitplatform.JUnitPlatformTestClassProcessor$CollectAllTestClassesExecutor.processAllTestClasses(JUnitPlatformTestClassProcessor.java:99)
	at org.gradle.api.internal.tasks.testing.junitplatform.JUnitPlatformTestClassProcessor$CollectAllTestClassesExecutor.access$000(JUnitPlatformTestClassProcessor.java:79)
	at org.gradle.api.internal.tasks.testing.junitplatform.JUnitPlatformTestClassProcessor.stop(JUnitPlatformTestClassProcessor.java:75)
	at org.gradle.api.internal.tasks.testing.SuiteTestClassProcessor.stop(SuiteTestClassProcessor.java:61)
	at java.base/jdk.internal.reflect.NativeMethodAccessorImpl.invoke0(Native Method)
	at java.base/jdk.internal.reflect.NativeMethodAccessorImpl.invoke(NativeMethodAccessorImpl.java:64)
	at java.base/jdk.internal.reflect.DelegatingMethodAccessorImpl.invoke(DelegatingMethodAccessorImpl.java:43)
	at java.base/java.lang.reflect.Method.invoke(Method.java:564)
	at org.gradle.internal.dispatch.ReflectionDispatch.dispatch(ReflectionDispatch.java:36)
	at org.gradle.internal.dispatch.ReflectionDispatch.dispatch(ReflectionDispatch.java:24)
	at org.gradle.internal.dispatch.ContextClassLoaderDispatch.dispatch(ContextClassLoaderDispatch.java:33)
	at org.gradle.internal.dispatch.ProxyDispatchAdapter$DispatchingInvocationHandler.invoke(ProxyDispatchAdapter.java:94)
	at com.sun.proxy.$Proxy5.stop(Unknown Source)
	at org.gradle.api.internal.tasks.testing.worker.TestWorker.stop(TestWorker.java:135)
	at java.base/jdk.internal.reflect.NativeMethodAccessorImpl.invoke0(Native Method)
	at java.base/jdk.internal.reflect.NativeMethodAccessorImpl.invoke(NativeMethodAccessorImpl.java:64)
	at java.base/jdk.internal.reflect.DelegatingMethodAccessorImpl.invoke(DelegatingMethodAccessorImpl.java:43)
	at java.base/java.lang.reflect.Method.invoke(Method.java:564)
	at org.gradle.internal.dispatch.ReflectionDispatch.dispatch(ReflectionDispatch.java:36)
	at org.gradle.internal.dispatch.ReflectionDispatch.dispatch(ReflectionDispatch.java:24)
	at org.gradle.internal.remote.internal.hub.MessageHubBackedObjectConnection$DispatchWrapper.dispatch(MessageHubBackedObjectConnection.java:182)
	at org.gradle.internal.remote.internal.hub.MessageHubBackedObjectConnection$DispatchWrapper.dispatch(MessageHubBackedObjectConnection.java:164)
	at org.gradle.internal.remote.internal.hub.MessageHub$Handler.run(MessageHub.java:414)
	at org.gradle.internal.concurrent.ExecutorPolicy$CatchAndRecordFailures.onExecute(ExecutorPolicy.java:64)
	at org.gradle.internal.concurrent.ManagedExecutorImpl$1.run(ManagedExecutorImpl.java:48)
	at java.base/java.util.concurrent.ThreadPoolExecutor.runWorker(ThreadPoolExecutor.java:1130)
	at java.base/java.util.concurrent.ThreadPoolExecutor$Worker.run(ThreadPoolExecutor.java:630)
	at org.gradle.internal.concurrent.ThreadFactoryImpl$ManagedThreadRunnable.run(ThreadFactoryImpl.java:56)
	at java.base/java.lang.Thread.run(Thread.java:832)
Caused by: java.io.IOException: Error while instrumenting com/gargoylesoftware/htmlunit/javascript/host/css/StyleAttributes$Definition.
	at org.jacoco.agent.rt.internal_3570298.core.instr.Instrumenter.instrumentError(Instrumenter.java:160)
	at org.jacoco.agent.rt.internal_3570298.core.instr.Instrumenter.instrument(Instrumenter.java:110)
	at org.jacoco.agent.rt.internal_3570298.CoverageTransformer.transform(CoverageTransformer.java:92)
	... 122 more
Caused by: org.jacoco.agent.rt.internal_3570298.asm.MethodTooLargeException: Method too large: com/gargoylesoftware/htmlunit/javascript/host/css/StyleAttributes$Definition.<clinit> ()V
	at org.jacoco.agent.rt.internal_3570298.asm.MethodWriter.computeMethodInfoSize(MethodWriter.java:2087)
	at org.jacoco.agent.rt.internal_3570298.asm.ClassWriter.toByteArray(ClassWriter.java:489)
	at org.jacoco.agent.rt.internal_3570298.core.instr.Instrumenter.instrument(Instrumenter.java:91)
	at org.jacoco.agent.rt.internal_3570298.core.instr.Instrumenter.instrument(Instrumenter.java:108)
	... 123 more
java.lang.instrument.IllegalClassFormatException: Error while instrumenting com/gargoylesoftware/css/parser/javacc/CSS3ParserTokenManager.
	at org.jacoco.agent.rt.internal_3570298.CoverageTransformer.transform(CoverageTransformer.java:94)
	at java.instrument/java.lang.instrument.ClassFileTransformer.transform(ClassFileTransformer.java:246)
	at java.instrument/sun.instrument.TransformerManager.transform(TransformerManager.java:188)
	at java.instrument/sun.instrument.InstrumentationImpl.transform(InstrumentationImpl.java:563)
	at java.base/java.lang.ClassLoader.defineClass1(Native Method)
	at java.base/java.lang.ClassLoader.defineClass(ClassLoader.java:1016)
	at java.base/java.security.SecureClassLoader.defineClass(SecureClassLoader.java:151)
	at java.base/jdk.internal.loader.BuiltinClassLoader.defineClass(BuiltinClassLoader.java:825)
	at java.base/jdk.internal.loader.BuiltinClassLoader.findClassOnClassPathOrNull(BuiltinClassLoader.java:723)
	at java.base/jdk.internal.loader.BuiltinClassLoader.loadClassOrNull(BuiltinClassLoader.java:646)
	at java.base/jdk.internal.loader.BuiltinClassLoader.loadClass(BuiltinClassLoader.java:604)
	at java.base/jdk.internal.loader.ClassLoaders$AppClassLoader.loadClass(ClassLoaders.java:168)
	at java.base/java.lang.ClassLoader.loadClass(ClassLoader.java:522)
	at com.gargoylesoftware.css.parser.javacc.CSS3Parser.<init>(CSS3Parser.java:3934)
	at com.gargoylesoftware.css.parser.javacc.CSS3Parser.<init>(CSS3Parser.java:52)
	at com.gargoylesoftware.htmlunit.javascript.host.css.CSSStyleSheet.parseCSS(CSSStyleSheet.java:986)
	at com.gargoylesoftware.htmlunit.javascript.host.css.CSSStyleSheet.<init>(CSSStyleSheet.java:209)
	at com.gargoylesoftware.htmlunit.javascript.host.css.CSSStyleSheet.loadStylesheet(CSSStyleSheet.java:382)
	at com.gargoylesoftware.htmlunit.javascript.host.html.HTMLLinkElement.getSheet(HTMLLinkElement.java:144)
	at com.gargoylesoftware.htmlunit.html.HtmlLink$1.execute(HtmlLink.java:309)
	at com.gargoylesoftware.htmlunit.html.HtmlLink.onAllChildrenAddedToPage(HtmlLink.java:319)
	at com.gargoylesoftware.htmlunit.html.parser.neko.HtmlUnitNekoDOMBuilder.endElement(HtmlUnitNekoDOMBuilder.java:551)
	at org.apache.xerces.parsers.AbstractSAXParser.endElement(Unknown Source)
	at com.gargoylesoftware.htmlunit.html.parser.neko.HtmlUnitNekoDOMBuilder.endElement(HtmlUnitNekoDOMBuilder.java:503)
	at org.apache.xerces.parsers.AbstractXMLDocumentParser.emptyElement(Unknown Source)
	at net.sourceforge.htmlunit.cyberneko.HTMLTagBalancer.startElement(HTMLTagBalancer.java:803)
	at net.sourceforge.htmlunit.cyberneko.filters.DefaultFilter.startElement(DefaultFilter.java:140)
	at net.sourceforge.htmlunit.cyberneko.filters.NamespaceBinder.startElement(NamespaceBinder.java:278)
	at net.sourceforge.htmlunit.cyberneko.HTMLScanner$ContentScanner.scanStartElement(HTMLScanner.java:2811)
	at net.sourceforge.htmlunit.cyberneko.HTMLScanner$ContentScanner.scan(HTMLScanner.java:2131)
	at net.sourceforge.htmlunit.cyberneko.HTMLScanner.scanDocument(HTMLScanner.java:937)
	at net.sourceforge.htmlunit.cyberneko.HTMLConfiguration.parse(HTMLConfiguration.java:443)
	at net.sourceforge.htmlunit.cyberneko.HTMLConfiguration.parse(HTMLConfiguration.java:394)
	at org.apache.xerces.parsers.XMLParser.parse(Unknown Source)
	at com.gargoylesoftware.htmlunit.html.parser.neko.HtmlUnitNekoDOMBuilder.parse(HtmlUnitNekoDOMBuilder.java:751)
	at com.gargoylesoftware.htmlunit.html.parser.neko.HtmlUnitNekoHtmlParser.parse(HtmlUnitNekoHtmlParser.java:208)
	at com.gargoylesoftware.htmlunit.DefaultPageCreator.createHtmlPage(DefaultPageCreator.java:297)
	at com.gargoylesoftware.htmlunit.DefaultPageCreator.createPage(DefaultPageCreator.java:217)
	at com.gargoylesoftware.htmlunit.WebClient.loadWebResponseInto(WebClient.java:684)
	at com.gargoylesoftware.htmlunit.WebClient.loadWebResponseInto(WebClient.java:586)
	at com.gargoylesoftware.htmlunit.WebClient.getPage(WebClient.java:501)
	at com.gargoylesoftware.htmlunit.WebClient.getPage(WebClient.java:413)
	at com.gargoylesoftware.htmlunit.WebClient.getPage(WebClient.java:548)
	at com.gargoylesoftware.htmlunit.WebClient.getPage(WebClient.java:529)
	at at.fhv.se.banking.view.BankingViewTests.fetchAccountPage(BankingViewTests.java:569)
	at at.fhv.se.banking.view.BankingViewTests.given_account_when_transfer_and_noaccount_thenshowerror(BankingViewTests.java:499)
	at java.base/jdk.internal.reflect.NativeMethodAccessorImpl.invoke0(Native Method)
	at java.base/jdk.internal.reflect.NativeMethodAccessorImpl.invoke(NativeMethodAccessorImpl.java:64)
	at java.base/jdk.internal.reflect.DelegatingMethodAccessorImpl.invoke(DelegatingMethodAccessorImpl.java:43)
	at java.base/java.lang.reflect.Method.invoke(Method.java:564)
	at org.junit.platform.commons.util.ReflectionUtils.invokeMethod(ReflectionUtils.java:688)
	at org.junit.jupiter.engine.execution.MethodInvocation.proceed(MethodInvocation.java:60)
	at org.junit.jupiter.engine.execution.InvocationInterceptorChain$ValidatingInvocation.proceed(InvocationInterceptorChain.java:131)
	at org.junit.jupiter.engine.extension.TimeoutExtension.intercept(TimeoutExtension.java:149)
	at org.junit.jupiter.engine.extension.TimeoutExtension.interceptTestableMethod(TimeoutExtension.java:140)
	at org.junit.jupiter.engine.extension.TimeoutExtension.interceptTestMethod(TimeoutExtension.java:84)
	at org.junit.jupiter.engine.execution.ExecutableInvoker$ReflectiveInterceptorCall.lambda$ofVoidMethod$0(ExecutableInvoker.java:115)
	at org.junit.jupiter.engine.execution.ExecutableInvoker.lambda$invoke$0(ExecutableInvoker.java:105)
	at org.junit.jupiter.engine.execution.InvocationInterceptorChain$InterceptedInvocation.proceed(InvocationInterceptorChain.java:106)
	at org.junit.jupiter.engine.execution.InvocationInterceptorChain.proceed(InvocationInterceptorChain.java:64)
	at org.junit.jupiter.engine.execution.InvocationInterceptorChain.chainAndInvoke(InvocationInterceptorChain.java:45)
	at org.junit.jupiter.engine.execution.InvocationInterceptorChain.invoke(InvocationInterceptorChain.java:37)
	at org.junit.jupiter.engine.execution.ExecutableInvoker.invoke(ExecutableInvoker.java:104)
	at org.junit.jupiter.engine.execution.ExecutableInvoker.invoke(ExecutableInvoker.java:98)
	at org.junit.jupiter.engine.descriptor.TestMethodTestDescriptor.lambda$invokeTestMethod$6(TestMethodTestDescriptor.java:210)
	at org.junit.platform.engine.support.hierarchical.ThrowableCollector.execute(ThrowableCollector.java:73)
	at org.junit.jupiter.engine.descriptor.TestMethodTestDescriptor.invokeTestMethod(TestMethodTestDescriptor.java:206)
	at org.junit.jupiter.engine.descriptor.TestMethodTestDescriptor.execute(TestMethodTestDescriptor.java:131)
	at org.junit.jupiter.engine.descriptor.TestMethodTestDescriptor.execute(TestMethodTestDescriptor.java:65)
	at org.junit.platform.engine.support.hierarchical.NodeTestTask.lambda$executeRecursively$5(NodeTestTask.java:139)
	at org.junit.platform.engine.support.hierarchical.ThrowableCollector.execute(ThrowableCollector.java:73)
	at org.junit.platform.engine.support.hierarchical.NodeTestTask.lambda$executeRecursively$7(NodeTestTask.java:129)
	at org.junit.platform.engine.support.hierarchical.Node.around(Node.java:137)
	at org.junit.platform.engine.support.hierarchical.NodeTestTask.lambda$executeRecursively$8(NodeTestTask.java:127)
	at org.junit.platform.engine.support.hierarchical.ThrowableCollector.execute(ThrowableCollector.java:73)
	at org.junit.platform.engine.support.hierarchical.NodeTestTask.executeRecursively(NodeTestTask.java:126)
	at org.junit.platform.engine.support.hierarchical.NodeTestTask.execute(NodeTestTask.java:84)
	at java.base/java.util.ArrayList.forEach(ArrayList.java:1511)
	at org.junit.platform.engine.support.hierarchical.SameThreadHierarchicalTestExecutorService.invokeAll(SameThreadHierarchicalTestExecutorService.java:38)
	at org.junit.platform.engine.support.hierarchical.NodeTestTask.lambda$executeRecursively$5(NodeTestTask.java:143)
	at org.junit.platform.engine.support.hierarchical.ThrowableCollector.execute(ThrowableCollector.java:73)
	at org.junit.platform.engine.support.hierarchical.NodeTestTask.lambda$executeRecursively$7(NodeTestTask.java:129)
	at org.junit.platform.engine.support.hierarchical.Node.around(Node.java:137)
	at org.junit.platform.engine.support.hierarchical.NodeTestTask.lambda$executeRecursively$8(NodeTestTask.java:127)
	at org.junit.platform.engine.support.hierarchical.ThrowableCollector.execute(ThrowableCollector.java:73)
	at org.junit.platform.engine.support.hierarchical.NodeTestTask.executeRecursively(NodeTestTask.java:126)
	at org.junit.platform.engine.support.hierarchical.NodeTestTask.execute(NodeTestTask.java:84)
	at java.base/java.util.ArrayList.forEach(ArrayList.java:1511)
	at org.junit.platform.engine.support.hierarchical.SameThreadHierarchicalTestExecutorService.invokeAll(SameThreadHierarchicalTestExecutorService.java:38)
	at org.junit.platform.engine.support.hierarchical.NodeTestTask.lambda$executeRecursively$5(NodeTestTask.java:143)
	at org.junit.platform.engine.support.hierarchical.ThrowableCollector.execute(ThrowableCollector.java:73)
	at org.junit.platform.engine.support.hierarchical.NodeTestTask.lambda$executeRecursively$7(NodeTestTask.java:129)
	at org.junit.platform.engine.support.hierarchical.Node.around(Node.java:137)
	at org.junit.platform.engine.support.hierarchical.NodeTestTask.lambda$executeRecursively$8(NodeTestTask.java:127)
	at org.junit.platform.engine.support.hierarchical.ThrowableCollector.execute(ThrowableCollector.java:73)
	at org.junit.platform.engine.support.hierarchical.NodeTestTask.executeRecursively(NodeTestTask.java:126)
	at org.junit.platform.engine.support.hierarchical.NodeTestTask.execute(NodeTestTask.java:84)
	at org.junit.platform.engine.support.hierarchical.SameThreadHierarchicalTestExecutorService.submit(SameThreadHierarchicalTestExecutorService.java:32)
	at org.junit.platform.engine.support.hierarchical.HierarchicalTestExecutor.execute(HierarchicalTestExecutor.java:57)
	at org.junit.platform.engine.support.hierarchical.HierarchicalTestEngine.execute(HierarchicalTestEngine.java:51)
	at org.junit.platform.launcher.core.EngineExecutionOrchestrator.execute(EngineExecutionOrchestrator.java:108)
	at org.junit.platform.launcher.core.EngineExecutionOrchestrator.execute(EngineExecutionOrchestrator.java:88)
	at org.junit.platform.launcher.core.EngineExecutionOrchestrator.lambda$execute$0(EngineExecutionOrchestrator.java:54)
	at org.junit.platform.launcher.core.EngineExecutionOrchestrator.withInterceptedStreams(EngineExecutionOrchestrator.java:67)
	at org.junit.platform.launcher.core.EngineExecutionOrchestrator.execute(EngineExecutionOrchestrator.java:52)
	at org.junit.platform.launcher.core.DefaultLauncher.execute(DefaultLauncher.java:96)
	at org.junit.platform.launcher.core.DefaultLauncher.execute(DefaultLauncher.java:75)
	at org.gradle.api.internal.tasks.testing.junitplatform.JUnitPlatformTestClassProcessor$CollectAllTestClassesExecutor.processAllTestClasses(JUnitPlatformTestClassProcessor.java:99)
	at org.gradle.api.internal.tasks.testing.junitplatform.JUnitPlatformTestClassProcessor$CollectAllTestClassesExecutor.access$000(JUnitPlatformTestClassProcessor.java:79)
	at org.gradle.api.internal.tasks.testing.junitplatform.JUnitPlatformTestClassProcessor.stop(JUnitPlatformTestClassProcessor.java:75)
	at org.gradle.api.internal.tasks.testing.SuiteTestClassProcessor.stop(SuiteTestClassProcessor.java:61)
	at java.base/jdk.internal.reflect.NativeMethodAccessorImpl.invoke0(Native Method)
	at java.base/jdk.internal.reflect.NativeMethodAccessorImpl.invoke(NativeMethodAccessorImpl.java:64)
	at java.base/jdk.internal.reflect.DelegatingMethodAccessorImpl.invoke(DelegatingMethodAccessorImpl.java:43)
	at java.base/java.lang.reflect.Method.invoke(Method.java:564)
	at org.gradle.internal.dispatch.ReflectionDispatch.dispatch(ReflectionDispatch.java:36)
	at org.gradle.internal.dispatch.ReflectionDispatch.dispatch(ReflectionDispatch.java:24)
	at org.gradle.internal.dispatch.ContextClassLoaderDispatch.dispatch(ContextClassLoaderDispatch.java:33)
	at org.gradle.internal.dispatch.ProxyDispatchAdapter$DispatchingInvocationHandler.invoke(ProxyDispatchAdapter.java:94)
	at com.sun.proxy.$Proxy5.stop(Unknown Source)
	at org.gradle.api.internal.tasks.testing.worker.TestWorker.stop(TestWorker.java:135)
	at java.base/jdk.internal.reflect.NativeMethodAccessorImpl.invoke0(Native Method)
	at java.base/jdk.internal.reflect.NativeMethodAccessorImpl.invoke(NativeMethodAccessorImpl.java:64)
	at java.base/jdk.internal.reflect.DelegatingMethodAccessorImpl.invoke(DelegatingMethodAccessorImpl.java:43)
	at java.base/java.lang.reflect.Method.invoke(Method.java:564)
	at org.gradle.internal.dispatch.ReflectionDispatch.dispatch(ReflectionDispatch.java:36)
	at org.gradle.internal.dispatch.ReflectionDispatch.dispatch(ReflectionDispatch.java:24)
	at org.gradle.internal.remote.internal.hub.MessageHubBackedObjectConnection$DispatchWrapper.dispatch(MessageHubBackedObjectConnection.java:182)
	at org.gradle.internal.remote.internal.hub.MessageHubBackedObjectConnection$DispatchWrapper.dispatch(MessageHubBackedObjectConnection.java:164)
	at org.gradle.internal.remote.internal.hub.MessageHub$Handler.run(MessageHub.java:414)
	at org.gradle.internal.concurrent.ExecutorPolicy$CatchAndRecordFailures.onExecute(ExecutorPolicy.java:64)
	at org.gradle.internal.concurrent.ManagedExecutorImpl$1.run(ManagedExecutorImpl.java:48)
	at java.base/java.util.concurrent.ThreadPoolExecutor.runWorker(ThreadPoolExecutor.java:1130)
	at java.base/java.util.concurrent.ThreadPoolExecutor$Worker.run(ThreadPoolExecutor.java:630)
	at org.gradle.internal.concurrent.ThreadFactoryImpl$ManagedThreadRunnable.run(ThreadFactoryImpl.java:56)
	at java.base/java.lang.Thread.run(Thread.java:832)
Caused by: java.io.IOException: Error while instrumenting com/gargoylesoftware/css/parser/javacc/CSS3ParserTokenManager.
	at org.jacoco.agent.rt.internal_3570298.core.instr.Instrumenter.instrumentError(Instrumenter.java:160)
	at org.jacoco.agent.rt.internal_3570298.core.instr.Instrumenter.instrument(Instrumenter.java:110)
	at org.jacoco.agent.rt.internal_3570298.CoverageTransformer.transform(CoverageTransformer.java:92)
	... 135 more
Caused by: org.jacoco.agent.rt.internal_3570298.asm.MethodTooLargeException: Method too large: com/gargoylesoftware/css/parser/javacc/CSS3ParserTokenManager.jjMoveNfa_0 (II)I
	at org.jacoco.agent.rt.internal_3570298.asm.MethodWriter.computeMethodInfoSize(MethodWriter.java:2087)
	at org.jacoco.agent.rt.internal_3570298.asm.ClassWriter.toByteArray(ClassWriter.java:489)
	at org.jacoco.agent.rt.internal_3570298.core.instr.Instrumenter.instrument(Instrumenter.java:91)
	at org.jacoco.agent.rt.internal_3570298.core.instr.Instrumenter.instrument(Instrumenter.java:108)
	... 136 more
]]></system-err>
</testsuite>
