<?xml version="1.0" encoding="UTF-8"?>
<testsuite name="at.fhv.se.banking.infrastructure.db.HibernateCustomerRepositoryTests" tests="2" skipped="0" failures="0" errors="0" timestamp="2021-11-11T09:56:26" hostname="DESKTOP-PSP3COV" time="0.038">
  <properties/>
  <testcase name="given_customer_when_added_then_fetched()" classname="at.fhv.se.banking.infrastructure.db.HibernateCustomerRepositoryTests" time="0.02"/>
  <testcase name="given_customers_when_addedandall_then_fetched()" classname="at.fhv.se.banking.infrastructure.db.HibernateCustomerRepositoryTests" time="0.016"/>
  <system-out><![CDATA[10:56:26.105 [Test worker] INFO  o.s.b.t.c.SpringBootTestContextBootstrapper - Neither @ContextConfiguration nor @ContextHierarchy found for test class [at.fhv.se.banking.infrastructure.db.HibernateCustomerRepositoryTests], using SpringBootContextLoader
10:56:26.107 [Test worker] INFO  o.s.t.c.s.AbstractContextLoader - Could not detect default resource locations for test class [at.fhv.se.banking.infrastructure.db.HibernateCustomerRepositoryTests]: no resource found for suffixes {-context.xml, Context.groovy}.
10:56:26.107 [Test worker] INFO  o.s.t.c.s.AnnotationConfigContextLoaderUtils - Could not detect default configuration classes for test class [at.fhv.se.banking.infrastructure.db.HibernateCustomerRepositoryTests]: HibernateCustomerRepositoryTests does not declare any static, non-private, non-final, nested classes annotated with @Configuration.
10:56:26.108 [Test worker] INFO  o.s.b.t.c.SpringBootTestContextBootstrapper - Found @SpringBootConfiguration at.fhv.se.banking.BankingApplication for test class at.fhv.se.banking.infrastructure.db.HibernateCustomerRepositoryTests
10:56:26.113 [Test worker] INFO  o.s.b.t.c.SpringBootTestContextBootstrapper - Loaded default TestExecutionListener class names from location [META-INF/spring.factories]: [org.springframework.boot.test.autoconfigure.restdocs.RestDocsTestExecutionListener, org.springframework.boot.test.autoconfigure.web.client.MockRestServiceServerResetTestExecutionListener, org.springframework.boot.test.autoconfigure.web.servlet.MockMvcPrintOnlyOnFailureTestExecutionListener, org.springframework.boot.test.autoconfigure.web.servlet.WebDriverTestExecutionListener, org.springframework.boot.test.autoconfigure.webservices.client.MockWebServiceServerTestExecutionListener, org.springframework.boot.test.mock.mockito.MockitoTestExecutionListener, org.springframework.boot.test.mock.mockito.ResetMocksTestExecutionListener, org.springframework.test.context.web.ServletTestExecutionListener, org.springframework.test.context.support.DirtiesContextBeforeModesTestExecutionListener, org.springframework.test.context.event.ApplicationEventsTestExecutionListener, org.springframework.test.context.support.DependencyInjectionTestExecutionListener, org.springframework.test.context.support.DirtiesContextTestExecutionListener, org.springframework.test.context.transaction.TransactionalTestExecutionListener, org.springframework.test.context.jdbc.SqlScriptsTestExecutionListener, org.springframework.test.context.event.EventPublishingTestExecutionListener]
10:56:26.114 [Test worker] INFO  o.s.b.t.c.SpringBootTestContextBootstrapper - Using TestExecutionListeners: [org.springframework.test.context.web.ServletTestExecutionListener@6bb2c499, org.springframework.test.context.support.DirtiesContextBeforeModesTestExecutionListener@15bb1d8e, org.springframework.test.context.event.ApplicationEventsTestExecutionListener@1b376dd3, org.springframework.boot.test.mock.mockito.MockitoTestExecutionListener@3a5daaea, org.springframework.boot.test.autoconfigure.SpringBootDependencyInjectionTestExecutionListener@47362734, org.springframework.test.context.support.DirtiesContextTestExecutionListener@aac1531, org.springframework.test.context.transaction.TransactionalTestExecutionListener@2a55a842, org.springframework.test.context.jdbc.SqlScriptsTestExecutionListener@7d085d18, org.springframework.test.context.event.EventPublishingTestExecutionListener@bf1da0a, org.springframework.boot.test.autoconfigure.restdocs.RestDocsTestExecutionListener@611e53d8, org.springframework.boot.test.autoconfigure.web.client.MockRestServiceServerResetTestExecutionListener@668ef001, org.springframework.boot.test.autoconfigure.web.servlet.MockMvcPrintOnlyOnFailureTestExecutionListener@59519155, org.springframework.boot.test.autoconfigure.web.servlet.WebDriverTestExecutionListener@5c7521ff, org.springframework.boot.test.autoconfigure.webservices.client.MockWebServiceServerTestExecutionListener@4f66293a, org.springframework.boot.test.mock.mockito.ResetMocksTestExecutionListener@5ef9d62f]
10:56:26.122 [Test worker] INFO  o.s.t.c.t.TransactionContext - Began transaction (1) for test context [DefaultTestContext@7e789dd4 testClass = HibernateCustomerRepositoryTests, testInstance = at.fhv.se.banking.infrastructure.db.HibernateCustomerRepositoryTests@2954d8, testMethod = given_customer_when_added_then_fetched@HibernateCustomerRepositoryTests, testException = [null], mergedContextConfiguration = [WebMergedContextConfiguration@1071a25c testClass = HibernateCustomerRepositoryTests, locations = '{}', classes = '{class at.fhv.se.banking.BankingApplication}', contextInitializerClasses = '[]', activeProfiles = '{test}', propertySourceLocations = '{}', propertySourceProperties = '{org.springframework.boot.test.context.SpringBootTestContextBootstrapper=true}', contextCustomizers = set[org.springframework.boot.test.autoconfigure.actuate.metrics.MetricsExportContextCustomizerFactory$DisableMetricExportContextCustomizer@45535f4e, org.springframework.boot.test.autoconfigure.properties.PropertyMappingContextCustomizer@0, org.springframework.boot.test.autoconfigure.web.servlet.WebDriverContextCustomizerFactory$Customizer@595a4ad2, org.springframework.boot.test.context.filter.ExcludeFilterContextCustomizer@6a3f3619, org.springframework.boot.test.json.DuplicateJsonObjectContextCustomizerFactory$DuplicateJsonObjectContextCustomizer@5f8136e3, org.springframework.boot.test.mock.mockito.MockitoContextCustomizer@0, org.springframework.boot.test.web.client.TestRestTemplateContextCustomizer@2fd2a23b, org.springframework.boot.test.context.SpringBootTestArgs@1, org.springframework.boot.test.context.SpringBootTestWebEnvironment@54ccae9], resourceBasePath = 'src/main/webapp', contextLoader = 'org.springframework.boot.test.context.SpringBootContextLoader', parent = [null]], attributes = map['org.springframework.test.context.web.ServletTestExecutionListener.activateListener' -> true, 'org.springframework.test.context.web.ServletTestExecutionListener.populatedRequestContextHolder' -> true, 'org.springframework.test.context.web.ServletTestExecutionListener.resetRequestContextHolder' -> true, 'org.springframework.test.context.event.ApplicationEventsTestExecutionListener.recordApplicationEvents' -> false]]; transaction manager [org.springframework.orm.jpa.JpaTransactionManager@22304d14]; rollback [true]
Hibernate: 
    insert 
    into
        customers
        (customer_id, customer_name, customer_domain_id) 
    values
        (null, ?, ?)
Hibernate: 
    select
        customer0_.customer_id as customer1_1_,
        customer0_.customer_name as customer2_1_,
        customer0_.customer_domain_id as customer3_1_ 
    from
        customers customer0_ 
    where
        customer0_.customer_domain_id=?
10:56:26.138 [Test worker] INFO  o.s.t.c.t.TransactionContext - Rolled back transaction for test: [DefaultTestContext@7e789dd4 testClass = HibernateCustomerRepositoryTests, testInstance = at.fhv.se.banking.infrastructure.db.HibernateCustomerRepositoryTests@2954d8, testMethod = given_customer_when_added_then_fetched@HibernateCustomerRepositoryTests, testException = [null], mergedContextConfiguration = [WebMergedContextConfiguration@1071a25c testClass = HibernateCustomerRepositoryTests, locations = '{}', classes = '{class at.fhv.se.banking.BankingApplication}', contextInitializerClasses = '[]', activeProfiles = '{test}', propertySourceLocations = '{}', propertySourceProperties = '{org.springframework.boot.test.context.SpringBootTestContextBootstrapper=true}', contextCustomizers = set[org.springframework.boot.test.autoconfigure.actuate.metrics.MetricsExportContextCustomizerFactory$DisableMetricExportContextCustomizer@45535f4e, org.springframework.boot.test.autoconfigure.properties.PropertyMappingContextCustomizer@0, org.springframework.boot.test.autoconfigure.web.servlet.WebDriverContextCustomizerFactory$Customizer@595a4ad2, org.springframework.boot.test.context.filter.ExcludeFilterContextCustomizer@6a3f3619, org.springframework.boot.test.json.DuplicateJsonObjectContextCustomizerFactory$DuplicateJsonObjectContextCustomizer@5f8136e3, org.springframework.boot.test.mock.mockito.MockitoContextCustomizer@0, org.springframework.boot.test.web.client.TestRestTemplateContextCustomizer@2fd2a23b, org.springframework.boot.test.context.SpringBootTestArgs@1, org.springframework.boot.test.context.SpringBootTestWebEnvironment@54ccae9], resourceBasePath = 'src/main/webapp', contextLoader = 'org.springframework.boot.test.context.SpringBootContextLoader', parent = [null]], attributes = map['org.springframework.test.context.web.ServletTestExecutionListener.activateListener' -> true, 'org.springframework.test.context.web.ServletTestExecutionListener.populatedRequestContextHolder' -> true, 'org.springframework.test.context.web.ServletTestExecutionListener.resetRequestContextHolder' -> true, 'org.springframework.test.context.event.ApplicationEventsTestExecutionListener.recordApplicationEvents' -> false]]
10:56:26.141 [Test worker] INFO  o.s.t.c.t.TransactionContext - Began transaction (1) for test context [DefaultTestContext@7e789dd4 testClass = HibernateCustomerRepositoryTests, testInstance = at.fhv.se.banking.infrastructure.db.HibernateCustomerRepositoryTests@617bb30b, testMethod = given_customers_when_addedandall_then_fetched@HibernateCustomerRepositoryTests, testException = [null], mergedContextConfiguration = [WebMergedContextConfiguration@1071a25c testClass = HibernateCustomerRepositoryTests, locations = '{}', classes = '{class at.fhv.se.banking.BankingApplication}', contextInitializerClasses = '[]', activeProfiles = '{test}', propertySourceLocations = '{}', propertySourceProperties = '{org.springframework.boot.test.context.SpringBootTestContextBootstrapper=true}', contextCustomizers = set[org.springframework.boot.test.autoconfigure.actuate.metrics.MetricsExportContextCustomizerFactory$DisableMetricExportContextCustomizer@45535f4e, org.springframework.boot.test.autoconfigure.properties.PropertyMappingContextCustomizer@0, org.springframework.boot.test.autoconfigure.web.servlet.WebDriverContextCustomizerFactory$Customizer@595a4ad2, org.springframework.boot.test.context.filter.ExcludeFilterContextCustomizer@6a3f3619, org.springframework.boot.test.json.DuplicateJsonObjectContextCustomizerFactory$DuplicateJsonObjectContextCustomizer@5f8136e3, org.springframework.boot.test.mock.mockito.MockitoContextCustomizer@0, org.springframework.boot.test.web.client.TestRestTemplateContextCustomizer@2fd2a23b, org.springframework.boot.test.context.SpringBootTestArgs@1, org.springframework.boot.test.context.SpringBootTestWebEnvironment@54ccae9], resourceBasePath = 'src/main/webapp', contextLoader = 'org.springframework.boot.test.context.SpringBootContextLoader', parent = [null]], attributes = map['org.springframework.test.context.web.ServletTestExecutionListener.activateListener' -> true, 'org.springframework.test.context.web.ServletTestExecutionListener.populatedRequestContextHolder' -> true, 'org.springframework.test.context.web.ServletTestExecutionListener.resetRequestContextHolder' -> true, 'org.springframework.test.context.event.ApplicationEventsTestExecutionListener.recordApplicationEvents' -> false]]; transaction manager [org.springframework.orm.jpa.JpaTransactionManager@22304d14]; rollback [true]
Hibernate: 
    insert 
    into
        customers
        (customer_id, customer_name, customer_domain_id) 
    values
        (null, ?, ?)
Hibernate: 
    insert 
    into
        customers
        (customer_id, customer_name, customer_domain_id) 
    values
        (null, ?, ?)
Hibernate: 
    select
        customer0_.customer_id as customer1_1_,
        customer0_.customer_name as customer2_1_,
        customer0_.customer_domain_id as customer3_1_ 
    from
        customers customer0_
10:56:26.157 [Test worker] INFO  o.s.t.c.t.TransactionContext - Rolled back transaction for test: [DefaultTestContext@7e789dd4 testClass = HibernateCustomerRepositoryTests, testInstance = at.fhv.se.banking.infrastructure.db.HibernateCustomerRepositoryTests@617bb30b, testMethod = given_customers_when_addedandall_then_fetched@HibernateCustomerRepositoryTests, testException = [null], mergedContextConfiguration = [WebMergedContextConfiguration@1071a25c testClass = HibernateCustomerRepositoryTests, locations = '{}', classes = '{class at.fhv.se.banking.BankingApplication}', contextInitializerClasses = '[]', activeProfiles = '{test}', propertySourceLocations = '{}', propertySourceProperties = '{org.springframework.boot.test.context.SpringBootTestContextBootstrapper=true}', contextCustomizers = set[org.springframework.boot.test.autoconfigure.actuate.metrics.MetricsExportContextCustomizerFactory$DisableMetricExportContextCustomizer@45535f4e, org.springframework.boot.test.autoconfigure.properties.PropertyMappingContextCustomizer@0, org.springframework.boot.test.autoconfigure.web.servlet.WebDriverContextCustomizerFactory$Customizer@595a4ad2, org.springframework.boot.test.context.filter.ExcludeFilterContextCustomizer@6a3f3619, org.springframework.boot.test.json.DuplicateJsonObjectContextCustomizerFactory$DuplicateJsonObjectContextCustomizer@5f8136e3, org.springframework.boot.test.mock.mockito.MockitoContextCustomizer@0, org.springframework.boot.test.web.client.TestRestTemplateContextCustomizer@2fd2a23b, org.springframework.boot.test.context.SpringBootTestArgs@1, org.springframework.boot.test.context.SpringBootTestWebEnvironment@54ccae9], resourceBasePath = 'src/main/webapp', contextLoader = 'org.springframework.boot.test.context.SpringBootContextLoader', parent = [null]], attributes = map['org.springframework.test.context.web.ServletTestExecutionListener.activateListener' -> true, 'org.springframework.test.context.web.ServletTestExecutionListener.populatedRequestContextHolder' -> true, 'org.springframework.test.context.web.ServletTestExecutionListener.resetRequestContextHolder' -> true, 'org.springframework.test.context.event.ApplicationEventsTestExecutionListener.recordApplicationEvents' -> false]]
]]></system-out>
  <system-err><![CDATA[]]></system-err>
</testsuite>
