<?xml version="1.0" encoding="UTF-8"?>
<testsuite name="at.fhv.se.banking.application.CustomerServiceTests" tests="3" skipped="0" failures="0" errors="0" timestamp="2021-10-18T08:46:55" hostname="zazengine" time="0.023">
  <properties/>
  <testcase name="given_customersinrepo_when_listall_thenreturnall()" classname="at.fhv.se.banking.application.CustomerServiceTests" time="0.007"/>
  <testcase name="given_customerinrepo_when_informationFor_thenreturninfo()" classname="at.fhv.se.banking.application.CustomerServiceTests" time="0.007"/>
  <testcase name="given_nocustomerinrepo_when_informationFor_thenthrowsexception()" classname="at.fhv.se.banking.application.CustomerServiceTests" time="0.006"/>
  <system-out><![CDATA[10:46:54.536 [Test worker] INFO  o.s.b.t.c.SpringBootTestContextBootstrapper - Neither @ContextConfiguration nor @ContextHierarchy found for test class [at.fhv.se.banking.application.CustomerServiceTests], using SpringBootContextLoader
10:46:54.536 [Test worker] INFO  o.s.t.c.s.AbstractContextLoader - Could not detect default resource locations for test class [at.fhv.se.banking.application.CustomerServiceTests]: no resource found for suffixes {-context.xml, Context.groovy}.
10:46:54.536 [Test worker] INFO  o.s.t.c.s.AnnotationConfigContextLoaderUtils - Could not detect default configuration classes for test class [at.fhv.se.banking.application.CustomerServiceTests]: CustomerServiceTests does not declare any static, non-private, non-final, nested classes annotated with @Configuration.
10:46:54.540 [Test worker] INFO  o.s.b.t.c.SpringBootTestContextBootstrapper - Found @SpringBootConfiguration at.fhv.se.banking.BankingApplication for test class at.fhv.se.banking.application.CustomerServiceTests
10:46:54.542 [Test worker] INFO  o.s.b.t.c.SpringBootTestContextBootstrapper - Loaded default TestExecutionListener class names from location [META-INF/spring.factories]: [org.springframework.boot.test.autoconfigure.restdocs.RestDocsTestExecutionListener, org.springframework.boot.test.autoconfigure.web.client.MockRestServiceServerResetTestExecutionListener, org.springframework.boot.test.autoconfigure.web.servlet.MockMvcPrintOnlyOnFailureTestExecutionListener, org.springframework.boot.test.autoconfigure.web.servlet.WebDriverTestExecutionListener, org.springframework.boot.test.autoconfigure.webservices.client.MockWebServiceServerTestExecutionListener, org.springframework.boot.test.mock.mockito.MockitoTestExecutionListener, org.springframework.boot.test.mock.mockito.ResetMocksTestExecutionListener, org.springframework.test.context.web.ServletTestExecutionListener, org.springframework.test.context.support.DirtiesContextBeforeModesTestExecutionListener, org.springframework.test.context.event.ApplicationEventsTestExecutionListener, org.springframework.test.context.support.DependencyInjectionTestExecutionListener, org.springframework.test.context.support.DirtiesContextTestExecutionListener, org.springframework.test.context.transaction.TransactionalTestExecutionListener, org.springframework.test.context.jdbc.SqlScriptsTestExecutionListener, org.springframework.test.context.event.EventPublishingTestExecutionListener]
10:46:54.543 [Test worker] INFO  o.s.b.t.c.SpringBootTestContextBootstrapper - Using TestExecutionListeners: [org.springframework.test.context.web.ServletTestExecutionListener@5fe9f2d2, org.springframework.test.context.support.DirtiesContextBeforeModesTestExecutionListener@dde316, org.springframework.test.context.event.ApplicationEventsTestExecutionListener@2d0fdf4f, org.springframework.boot.test.mock.mockito.MockitoTestExecutionListener@146f9266, org.springframework.boot.test.autoconfigure.SpringBootDependencyInjectionTestExecutionListener@4009d5b, org.springframework.test.context.support.DirtiesContextTestExecutionListener@6b2a1b9e, org.springframework.test.context.transaction.TransactionalTestExecutionListener@388c4413, org.springframework.test.context.jdbc.SqlScriptsTestExecutionListener@50981dc6, org.springframework.test.context.event.EventPublishingTestExecutionListener@50f2a8cb, org.springframework.boot.test.autoconfigure.restdocs.RestDocsTestExecutionListener@6b3fbfa0, org.springframework.boot.test.autoconfigure.web.client.MockRestServiceServerResetTestExecutionListener@31c9c208, org.springframework.boot.test.autoconfigure.web.servlet.MockMvcPrintOnlyOnFailureTestExecutionListener@21af9fda, org.springframework.boot.test.autoconfigure.web.servlet.WebDriverTestExecutionListener@64dedfd4, org.springframework.boot.test.autoconfigure.webservices.client.MockWebServiceServerTestExecutionListener@728abe50, org.springframework.boot.test.mock.mockito.ResetMocksTestExecutionListener@d2ceb8b]

  .   ____          _            __ _ _
 /\\ / ___'_ __ _ _(_)_ __  __ _ \ \ \ \
( ( )\___ | '_ | '_| | '_ \/ _` | \ \ \ \
 \\/  ___)| |_)| | | | | || (_| |  ) ) ) )
  '  |____| .__|_| |_|_| |_\__, | / / / /
 =========|_|==============|___/=/_/_/_/
 :: Spring Boot ::                (v2.5.5)

10:46:54.584 [Test worker] INFO  a.f.s.b.a.CustomerServiceTests - Starting CustomerServiceTests using Java 15.0.3 on zazengine with PID 15602 (started by ionathan in /home/ionathan/gitrepos/DDDHaskell/java)
10:46:54.584 [Test worker] DEBUG a.f.s.b.a.CustomerServiceTests - Running with Spring Boot v2.5.5, Spring v5.3.10
10:46:54.586 [Test worker] INFO  a.f.s.b.a.CustomerServiceTests - No active profile set, falling back to default profiles: default
10:46:54.797 [Test worker] INFO  o.s.d.r.c.RepositoryConfigurationDelegate - Bootstrapping Spring Data JPA repositories in DEFAULT mode.
10:46:54.802 [Test worker] INFO  o.s.d.r.c.RepositoryConfigurationDelegate - Finished Spring Data repository scanning in 4 ms. Found 0 JPA repository interfaces.
10:46:54.949 [Test worker] INFO  com.zaxxer.hikari.HikariDataSource - HikariPool-2 - Starting...
10:46:54.950 [Test worker] INFO  com.zaxxer.hikari.HikariDataSource - HikariPool-2 - Start completed.
10:46:54.988 [Test worker] INFO  o.h.jpa.internal.util.LogHelper - HHH000204: Processing PersistenceUnitInfo [name: default]
10:46:54.996 [Test worker] INFO  org.hibernate.dialect.Dialect - HHH000400: Using dialect: org.hibernate.dialect.H2Dialect
10:46:55.018 [Test worker] INFO  o.h.e.t.j.p.i.JtaPlatformInitiator - HHH000490: Using JtaPlatform implementation: [org.hibernate.engine.transaction.jta.platform.internal.NoJtaPlatform]
10:46:55.019 [Test worker] INFO  o.s.o.j.LocalContainerEntityManagerFactoryBean - Initialized JPA EntityManagerFactory for persistence unit 'default'
10:46:55.173 [Test worker] WARN  o.s.b.a.o.j.JpaBaseConfiguration$JpaWebConfiguration - spring.jpa.open-in-view is enabled by default. Therefore, database queries may be performed during view rendering. Explicitly configure spring.jpa.open-in-view to disable this warning
10:46:55.321 [Test worker] INFO  o.s.b.a.h.H2ConsoleAutoConfiguration - H2 console available at '/h2-console'. Database available at 'jdbc:h2:mem:collabnotes'
10:46:55.614 [Test worker] INFO  a.f.s.b.a.CustomerServiceTests - Started CustomerServiceTests in 1.068 seconds (JVM running for 19.169)
]]></system-out>
  <system-err><![CDATA[]]></system-err>
</testsuite>
