<?xml version="1.0" encoding="UTF-8"?>
<testsuite name="at.fhv.se.banking.application.AccountServiceTests" tests="11" skipped="0" failures="0" errors="0" timestamp="2021-10-20T09:05:08" hostname="zazengine" time="0.112">
  <properties/>
  <testcase name="given_receivingaccountnotinrepo_when_transfer_thenthrows()" classname="at.fhv.se.banking.application.AccountServiceTests" time="0.006"/>
  <testcase name="given_receivingcustomernotinrepo_when_transfer_thenthrows()" classname="at.fhv.se.banking.application.AccountServiceTests" time="0.005"/>
  <testcase name="given_noaccountinrepo_when_withdraw_thenthrows()" classname="at.fhv.se.banking.application.AccountServiceTests" time="0.004"/>
  <testcase name="given_accountinrepo_when_deposit_thenincreasebalance()" classname="at.fhv.se.banking.application.AccountServiceTests" time="0.055"/>
  <testcase name="given_nomatchingaccountinrepo_when_byIban_thenthrows()" classname="at.fhv.se.banking.application.AccountServiceTests" time="0.004"/>
  <testcase name="given_sendingcustomernotinrepo_when_transfer_thenthrows()" classname="at.fhv.se.banking.application.AccountServiceTests" time="0.004"/>
  <testcase name="given_accountinrepo_when_transfer_thenexchangedbalances()" classname="at.fhv.se.banking.application.AccountServiceTests" time="0.007"/>
  <testcase name="given_accountinrepo_when_withdraw_thendecreasebalance()" classname="at.fhv.se.banking.application.AccountServiceTests" time="0.004"/>
  <testcase name="given_accountinrepo_when_byIban_thenreturn()" classname="at.fhv.se.banking.application.AccountServiceTests" time="0.004"/>
  <testcase name="given_sendingaccountnotinrepo_when_transfer_thenthrows()" classname="at.fhv.se.banking.application.AccountServiceTests" time="0.004"/>
  <testcase name="given_noaccountinrepo_when_deposit_thenthrows()" classname="at.fhv.se.banking.application.AccountServiceTests" time="0.004"/>
  <system-out><![CDATA[11:05:07.626 [Test worker] INFO  o.s.b.t.c.SpringBootTestContextBootstrapper - Neither @ContextConfiguration nor @ContextHierarchy found for test class [at.fhv.se.banking.application.AccountServiceTests], using SpringBootContextLoader
11:05:07.627 [Test worker] INFO  o.s.t.c.s.AbstractContextLoader - Could not detect default resource locations for test class [at.fhv.se.banking.application.AccountServiceTests]: no resource found for suffixes {-context.xml, Context.groovy}.
11:05:07.627 [Test worker] INFO  o.s.t.c.s.AnnotationConfigContextLoaderUtils - Could not detect default configuration classes for test class [at.fhv.se.banking.application.AccountServiceTests]: AccountServiceTests does not declare any static, non-private, non-final, nested classes annotated with @Configuration.
11:05:07.629 [Test worker] INFO  o.s.b.t.c.SpringBootTestContextBootstrapper - Found @SpringBootConfiguration at.fhv.se.banking.BankingApplication for test class at.fhv.se.banking.application.AccountServiceTests
11:05:07.630 [Test worker] INFO  o.s.b.t.c.SpringBootTestContextBootstrapper - Loaded default TestExecutionListener class names from location [META-INF/spring.factories]: [org.springframework.boot.test.autoconfigure.restdocs.RestDocsTestExecutionListener, org.springframework.boot.test.autoconfigure.web.client.MockRestServiceServerResetTestExecutionListener, org.springframework.boot.test.autoconfigure.web.servlet.MockMvcPrintOnlyOnFailureTestExecutionListener, org.springframework.boot.test.autoconfigure.web.servlet.WebDriverTestExecutionListener, org.springframework.boot.test.autoconfigure.webservices.client.MockWebServiceServerTestExecutionListener, org.springframework.boot.test.mock.mockito.MockitoTestExecutionListener, org.springframework.boot.test.mock.mockito.ResetMocksTestExecutionListener, org.springframework.test.context.web.ServletTestExecutionListener, org.springframework.test.context.support.DirtiesContextBeforeModesTestExecutionListener, org.springframework.test.context.event.ApplicationEventsTestExecutionListener, org.springframework.test.context.support.DependencyInjectionTestExecutionListener, org.springframework.test.context.support.DirtiesContextTestExecutionListener, org.springframework.test.context.transaction.TransactionalTestExecutionListener, org.springframework.test.context.jdbc.SqlScriptsTestExecutionListener, org.springframework.test.context.event.EventPublishingTestExecutionListener]
11:05:07.631 [Test worker] INFO  o.s.b.t.c.SpringBootTestContextBootstrapper - Using TestExecutionListeners: [org.springframework.test.context.web.ServletTestExecutionListener@1dc29b3a, org.springframework.test.context.support.DirtiesContextBeforeModesTestExecutionListener@4e9788d6, org.springframework.test.context.event.ApplicationEventsTestExecutionListener@7897a197, org.springframework.boot.test.mock.mockito.MockitoTestExecutionListener@22c34cbd, org.springframework.boot.test.autoconfigure.SpringBootDependencyInjectionTestExecutionListener@2bd10894, org.springframework.test.context.support.DirtiesContextTestExecutionListener@5972f400, org.springframework.test.context.transaction.TransactionalTestExecutionListener@1cac6da0, org.springframework.test.context.jdbc.SqlScriptsTestExecutionListener@24b27c2c, org.springframework.test.context.event.EventPublishingTestExecutionListener@7044586, org.springframework.boot.test.autoconfigure.restdocs.RestDocsTestExecutionListener@49986392, org.springframework.boot.test.autoconfigure.web.client.MockRestServiceServerResetTestExecutionListener@36a6c66c, org.springframework.boot.test.autoconfigure.web.servlet.MockMvcPrintOnlyOnFailureTestExecutionListener@1429f88, org.springframework.boot.test.autoconfigure.web.servlet.WebDriverTestExecutionListener@244fc253, org.springframework.boot.test.autoconfigure.webservices.client.MockWebServiceServerTestExecutionListener@2e41b1bb, org.springframework.boot.test.mock.mockito.ResetMocksTestExecutionListener@2e5497b9]

  .   ____          _            __ _ _
 /\\ / ___'_ __ _ _(_)_ __  __ _ \ \ \ \
( ( )\___ | '_ | '_| | '_ \/ _` | \ \ \ \
 \\/  ___)| |_)| | | | | || (_| |  ) ) ) )
  '  |____| .__|_| |_|_| |_\__, | / / / /
 =========|_|==============|___/=/_/_/_/
 :: Spring Boot ::                (v2.5.5)

11:05:07.658 [Test worker] INFO  a.f.s.b.a.AccountServiceTests - Starting AccountServiceTests using Java 15.0.3 on zazengine with PID 27471 (started by ionathan in /home/ionathan/gitrepos/DDDHaskell/java)
11:05:07.659 [Test worker] DEBUG a.f.s.b.a.AccountServiceTests - Running with Spring Boot v2.5.5, Spring v5.3.10
11:05:07.660 [Test worker] INFO  a.f.s.b.a.AccountServiceTests - No active profile set, falling back to default profiles: default
11:05:07.786 [Test worker] INFO  o.s.d.r.c.RepositoryConfigurationDelegate - Bootstrapping Spring Data JPA repositories in DEFAULT mode.
11:05:07.789 [Test worker] INFO  o.s.d.r.c.RepositoryConfigurationDelegate - Finished Spring Data repository scanning in 3 ms. Found 0 JPA repository interfaces.
11:05:07.882 [Test worker] INFO  com.zaxxer.hikari.HikariDataSource - HikariPool-3 - Starting...
11:05:07.883 [Test worker] INFO  com.zaxxer.hikari.HikariDataSource - HikariPool-3 - Start completed.
11:05:07.906 [Test worker] INFO  o.h.jpa.internal.util.LogHelper - HHH000204: Processing PersistenceUnitInfo [name: default]
11:05:07.910 [Test worker] INFO  org.hibernate.dialect.Dialect - HHH000400: Using dialect: org.hibernate.dialect.H2Dialect
11:05:07.919 [Test worker] INFO  o.h.e.t.j.p.i.JtaPlatformInitiator - HHH000490: Using JtaPlatform implementation: [org.hibernate.engine.transaction.jta.platform.internal.NoJtaPlatform]
11:05:07.919 [Test worker] INFO  o.s.o.j.LocalContainerEntityManagerFactoryBean - Initialized JPA EntityManagerFactory for persistence unit 'default'
11:05:07.989 [Test worker] WARN  o.s.b.a.o.j.JpaBaseConfiguration$JpaWebConfiguration - spring.jpa.open-in-view is enabled by default. Therefore, database queries may be performed during view rendering. Explicitly configure spring.jpa.open-in-view to disable this warning
11:05:08.056 [Test worker] INFO  o.s.b.a.h.H2ConsoleAutoConfiguration - H2 console available at '/h2-console'. Database available at 'jdbc:h2:mem:collabnotes'
11:05:08.197 [Test worker] INFO  a.f.s.b.a.AccountServiceTests - Started AccountServiceTests in 0.564 seconds (JVM running for 14.352)
]]></system-out>
  <system-err><![CDATA[]]></system-err>
</testsuite>
