<?xml version="1.0" encoding="UTF-8"?>
<testsuite name="at.fhv.se.banking.application.CustomerServiceTests" tests="3" skipped="0" failures="0" errors="0" timestamp="2021-11-04T08:46:44" hostname="DESKTOP-PSP3COV" time="0.027">
  <properties/>
  <testcase name="given_customersinrepo_when_listall_thenreturnall()" classname="at.fhv.se.banking.application.CustomerServiceTests" time="0.015"/>
  <testcase name="given_customerinrepo_when_informationFor_thenreturninfo()" classname="at.fhv.se.banking.application.CustomerServiceTests" time="0.005"/>
  <testcase name="given_nocustomerinrepo_when_informationFor_thenthrowsexception()" classname="at.fhv.se.banking.application.CustomerServiceTests" time="0.005"/>
  <system-out><![CDATA[09:46:43.276 [Test worker] INFO  o.s.b.t.c.SpringBootTestContextBootstrapper - Neither @ContextConfiguration nor @ContextHierarchy found for test class [at.fhv.se.banking.application.CustomerServiceTests], using SpringBootContextLoader
09:46:43.277 [Test worker] INFO  o.s.t.c.s.AbstractContextLoader - Could not detect default resource locations for test class [at.fhv.se.banking.application.CustomerServiceTests]: no resource found for suffixes {-context.xml, Context.groovy}.
09:46:43.277 [Test worker] INFO  o.s.t.c.s.AnnotationConfigContextLoaderUtils - Could not detect default configuration classes for test class [at.fhv.se.banking.application.CustomerServiceTests]: CustomerServiceTests does not declare any static, non-private, non-final, nested classes annotated with @Configuration.
09:46:43.279 [Test worker] INFO  o.s.b.t.c.SpringBootTestContextBootstrapper - Found @SpringBootConfiguration at.fhv.se.banking.BankingApplication for test class at.fhv.se.banking.application.CustomerServiceTests
09:46:43.281 [Test worker] INFO  o.s.b.t.c.SpringBootTestContextBootstrapper - Loaded default TestExecutionListener class names from location [META-INF/spring.factories]: [org.springframework.boot.test.autoconfigure.restdocs.RestDocsTestExecutionListener, org.springframework.boot.test.autoconfigure.web.client.MockRestServiceServerResetTestExecutionListener, org.springframework.boot.test.autoconfigure.web.servlet.MockMvcPrintOnlyOnFailureTestExecutionListener, org.springframework.boot.test.autoconfigure.web.servlet.WebDriverTestExecutionListener, org.springframework.boot.test.autoconfigure.webservices.client.MockWebServiceServerTestExecutionListener, org.springframework.boot.test.mock.mockito.MockitoTestExecutionListener, org.springframework.boot.test.mock.mockito.ResetMocksTestExecutionListener, org.springframework.test.context.web.ServletTestExecutionListener, org.springframework.test.context.support.DirtiesContextBeforeModesTestExecutionListener, org.springframework.test.context.event.ApplicationEventsTestExecutionListener, org.springframework.test.context.support.DependencyInjectionTestExecutionListener, org.springframework.test.context.support.DirtiesContextTestExecutionListener, org.springframework.test.context.transaction.TransactionalTestExecutionListener, org.springframework.test.context.jdbc.SqlScriptsTestExecutionListener, org.springframework.test.context.event.EventPublishingTestExecutionListener]
09:46:43.281 [Test worker] INFO  o.s.b.t.c.SpringBootTestContextBootstrapper - Using TestExecutionListeners: [org.springframework.test.context.web.ServletTestExecutionListener@5685a421, org.springframework.test.context.support.DirtiesContextBeforeModesTestExecutionListener@564018fc, org.springframework.test.context.event.ApplicationEventsTestExecutionListener@7ca77c56, org.springframework.boot.test.mock.mockito.MockitoTestExecutionListener@16d4714, org.springframework.boot.test.autoconfigure.SpringBootDependencyInjectionTestExecutionListener@7ab24fb4, org.springframework.test.context.support.DirtiesContextTestExecutionListener@2c633fe6, org.springframework.test.context.transaction.TransactionalTestExecutionListener@6be1b3f0, org.springframework.test.context.jdbc.SqlScriptsTestExecutionListener@df1c7f, org.springframework.test.context.event.EventPublishingTestExecutionListener@68f82c3f, org.springframework.boot.test.autoconfigure.restdocs.RestDocsTestExecutionListener@5d51b2c9, org.springframework.boot.test.autoconfigure.web.client.MockRestServiceServerResetTestExecutionListener@3bc9f4a0, org.springframework.boot.test.autoconfigure.web.servlet.MockMvcPrintOnlyOnFailureTestExecutionListener@438d3b42, org.springframework.boot.test.autoconfigure.web.servlet.WebDriverTestExecutionListener@6abd6ed8, org.springframework.boot.test.autoconfigure.webservices.client.MockWebServiceServerTestExecutionListener@3aaa5ebc, org.springframework.boot.test.mock.mockito.ResetMocksTestExecutionListener@4e32d1bd]

  .   ____          _            __ _ _
 /\\ / ___'_ __ _ _(_)_ __  __ _ \ \ \ \
( ( )\___ | '_ | '_| | '_ \/ _` | \ \ \ \
 \\/  ___)| |_)| | | | | || (_| |  ) ) ) )
  '  |____| .__|_| |_|_| |_\__, | / / / /
 =========|_|==============|___/=/_/_/_/
 :: Spring Boot ::                (v2.5.5)

09:46:43.304 [Test worker] INFO  a.f.s.b.a.CustomerServiceTests - Starting CustomerServiceTests using Java 11.0.9.1 on DESKTOP-PSP3COV with PID 25164 (started by Jonathan Thaler in C:\Users\Jonathan Thaler\gitrepos\DDDHaskell\java)
09:46:43.304 [Test worker] DEBUG a.f.s.b.a.CustomerServiceTests - Running with Spring Boot v2.5.5, Spring v5.3.10
09:46:43.305 [Test worker] INFO  a.f.s.b.a.CustomerServiceTests - No active profile set, falling back to default profiles: default
09:46:43.493 [Test worker] INFO  o.s.d.r.c.RepositoryConfigurationDelegate - Bootstrapping Spring Data JPA repositories in DEFAULT mode.
09:46:43.510 [Test worker] INFO  o.s.d.r.c.RepositoryConfigurationDelegate - Finished Spring Data repository scanning in 16 ms. Found 0 JPA repository interfaces.
09:46:43.606 [Test worker] INFO  com.zaxxer.hikari.HikariDataSource - HikariPool-3 - Starting...
09:46:43.607 [Test worker] INFO  com.zaxxer.hikari.HikariDataSource - HikariPool-3 - Start completed.
09:46:43.649 [Test worker] INFO  o.h.jpa.internal.util.LogHelper - HHH000204: Processing PersistenceUnitInfo [name: default]
09:46:43.725 [Test worker] INFO  org.hibernate.dialect.Dialect - HHH000400: Using dialect: org.hibernate.dialect.H2Dialect
Hibernate: 
    
    drop table if exists accounts CASCADE 
Hibernate: 
    
    drop table if exists customers CASCADE 
Hibernate: 
    
    drop table if exists persistedevents CASCADE 
Hibernate: 
    
    drop table if exists transactions CASCADE 
Hibernate: 
    
    create table accounts (
       id bigint generated by default as identity,
        account_version integer not null,
        account_type varchar(255) not null,
        account_owner_id varchar(255),
        account_iban varchar(255),
        primary key (id)
    )
Hibernate: 
    
    create table customers (
       customer_id bigint generated by default as identity,
        customer_name varchar(255),
        customer_domain_id varchar(255),
        primary key (customer_id)
    )
Hibernate: 
    
    create table persistedevents (
       id bigint generated by default as identity,
        persistedevent_created timestamp,
        persistedevent_type varchar(255),
        persistedevent_processed boolean,
        persistedevent_failed boolean,
        persistedevent_fail_message varchar(255),
        persistedevent_payload varchar(4096),
        primary key (id)
    )
Hibernate: 
    
    create table transactions (
       id bigint generated by default as identity,
        tx_account varchar(255),
        tx_amount double,
        tx_iban varchar(255),
        tx_name varchar(255),
        tx_reference varchar(255),
        tx_time timestamp,
        account_id bigint,
        primary key (id)
    )
Hibernate: 
    
    alter table transactions 
       add constraint FK20w7wsg13u9srbq3bd7chfxdh 
       foreign key (account_id) 
       references accounts
09:46:43.799 [Test worker] INFO  o.h.e.t.j.p.i.JtaPlatformInitiator - HHH000490: Using JtaPlatform implementation: [org.hibernate.engine.transaction.jta.platform.internal.NoJtaPlatform]
09:46:43.799 [Test worker] INFO  o.s.o.j.LocalContainerEntityManagerFactoryBean - Initialized JPA EntityManagerFactory for persistence unit 'default'
09:46:43.913 [Test worker] WARN  o.s.b.a.o.j.JpaBaseConfiguration$JpaWebConfiguration - spring.jpa.open-in-view is enabled by default. Therefore, database queries may be performed during view rendering. Explicitly configure spring.jpa.open-in-view to disable this warning
09:46:44.013 [Test worker] INFO  o.s.b.a.h.H2ConsoleAutoConfiguration - H2 console available at '/h2-console'. Database available at 'jdbc:h2:mem:collabnotes'
09:46:44.259 [Test worker] INFO  a.f.s.b.a.CustomerServiceTests - Started CustomerServiceTests in 0.974 seconds (JVM running for 19.209)
Hibernate: 
    select
        persistede0_.id as id1_2_,
        persistede0_.persistedevent_created as persiste2_2_,
        persistede0_.persistedevent_type as persiste3_2_,
        persistede0_.persistedevent_processed as persiste4_2_,
        persistede0_.persistedevent_failed as persiste5_2_,
        persistede0_.persistedevent_fail_message as persiste6_2_,
        persistede0_.persistedevent_payload as persiste7_2_ 
    from
        persistedevents persistede0_ 
    where
        persistede0_.persistedevent_processed=? 
        and persistede0_.persistedevent_failed=0 
    order by
        persistede0_.persistedevent_created limit ?
]]></system-out>
  <system-err><![CDATA[]]></system-err>
</testsuite>
