<?xml version="1.0" encoding="UTF-8"?>
<testsuite name="at.fhv.se.banking.infrastructure.db.HibernateAccountRepositoryTests" tests="2" skipped="0" failures="0" errors="0" timestamp="2021-10-25T05:43:53" hostname="zazengine" time="0.071">
  <properties/>
  <testcase name="given_account_when_add_then_fetch()" classname="at.fhv.se.banking.infrastructure.db.HibernateAccountRepositoryTests" time="0.041"/>
  <testcase name="given_accounts_when_add_and_forcustomer_then_fetch()" classname="at.fhv.se.banking.infrastructure.db.HibernateAccountRepositoryTests" time="0.029"/>
  <system-out><![CDATA[07:43:53.013 [Test worker] INFO  o.s.b.t.c.SpringBootTestContextBootstrapper - Neither @ContextConfiguration nor @ContextHierarchy found for test class [at.fhv.se.banking.infrastructure.db.HibernateAccountRepositoryTests], using SpringBootContextLoader
07:43:53.014 [Test worker] INFO  o.s.t.c.s.AbstractContextLoader - Could not detect default resource locations for test class [at.fhv.se.banking.infrastructure.db.HibernateAccountRepositoryTests]: no resource found for suffixes {-context.xml, Context.groovy}.
07:43:53.014 [Test worker] INFO  o.s.t.c.s.AnnotationConfigContextLoaderUtils - Could not detect default configuration classes for test class [at.fhv.se.banking.infrastructure.db.HibernateAccountRepositoryTests]: HibernateAccountRepositoryTests does not declare any static, non-private, non-final, nested classes annotated with @Configuration.
07:43:53.016 [Test worker] INFO  o.s.b.t.c.SpringBootTestContextBootstrapper - Found @SpringBootConfiguration at.fhv.se.banking.BankingApplication for test class at.fhv.se.banking.infrastructure.db.HibernateAccountRepositoryTests
07:43:53.017 [Test worker] INFO  o.s.b.t.c.SpringBootTestContextBootstrapper - Loaded default TestExecutionListener class names from location [META-INF/spring.factories]: [org.springframework.boot.test.autoconfigure.restdocs.RestDocsTestExecutionListener, org.springframework.boot.test.autoconfigure.web.client.MockRestServiceServerResetTestExecutionListener, org.springframework.boot.test.autoconfigure.web.servlet.MockMvcPrintOnlyOnFailureTestExecutionListener, org.springframework.boot.test.autoconfigure.web.servlet.WebDriverTestExecutionListener, org.springframework.boot.test.autoconfigure.webservices.client.MockWebServiceServerTestExecutionListener, org.springframework.boot.test.mock.mockito.MockitoTestExecutionListener, org.springframework.boot.test.mock.mockito.ResetMocksTestExecutionListener, org.springframework.test.context.web.ServletTestExecutionListener, org.springframework.test.context.support.DirtiesContextBeforeModesTestExecutionListener, org.springframework.test.context.event.ApplicationEventsTestExecutionListener, org.springframework.test.context.support.DependencyInjectionTestExecutionListener, org.springframework.test.context.support.DirtiesContextTestExecutionListener, org.springframework.test.context.transaction.TransactionalTestExecutionListener, org.springframework.test.context.jdbc.SqlScriptsTestExecutionListener, org.springframework.test.context.event.EventPublishingTestExecutionListener]
07:43:53.018 [Test worker] INFO  o.s.b.t.c.SpringBootTestContextBootstrapper - Using TestExecutionListeners: [org.springframework.test.context.web.ServletTestExecutionListener@6f40e01f, org.springframework.test.context.support.DirtiesContextBeforeModesTestExecutionListener@6b48753a, org.springframework.test.context.event.ApplicationEventsTestExecutionListener@37d9977a, org.springframework.boot.test.mock.mockito.MockitoTestExecutionListener@336edb0c, org.springframework.boot.test.autoconfigure.SpringBootDependencyInjectionTestExecutionListener@5b469566, org.springframework.test.context.support.DirtiesContextTestExecutionListener@730fca91, org.springframework.test.context.transaction.TransactionalTestExecutionListener@896e1cd, org.springframework.test.context.jdbc.SqlScriptsTestExecutionListener@4de5fd68, org.springframework.test.context.event.EventPublishingTestExecutionListener@22e7bc17, org.springframework.boot.test.autoconfigure.restdocs.RestDocsTestExecutionListener@2fb1b198, org.springframework.boot.test.autoconfigure.web.client.MockRestServiceServerResetTestExecutionListener@1016b52a, org.springframework.boot.test.autoconfigure.web.servlet.MockMvcPrintOnlyOnFailureTestExecutionListener@727a14fd, org.springframework.boot.test.autoconfigure.web.servlet.WebDriverTestExecutionListener@6de209a1, org.springframework.boot.test.autoconfigure.webservices.client.MockWebServiceServerTestExecutionListener@4ffd48f4, org.springframework.boot.test.mock.mockito.ResetMocksTestExecutionListener@6a671bc4]
07:43:53.022 [Test worker] INFO  o.s.t.c.t.TransactionContext - Began transaction (1) for test context [DefaultTestContext@42be547a testClass = HibernateAccountRepositoryTests, testInstance = at.fhv.se.banking.infrastructure.db.HibernateAccountRepositoryTests@4b1317db, testMethod = given_account_when_add_then_fetch@HibernateAccountRepositoryTests, testException = [null], mergedContextConfiguration = [WebMergedContextConfiguration@2ab995c3 testClass = HibernateAccountRepositoryTests, locations = '{}', classes = '{class at.fhv.se.banking.BankingApplication}', contextInitializerClasses = '[]', activeProfiles = '{test}', propertySourceLocations = '{}', propertySourceProperties = '{org.springframework.boot.test.context.SpringBootTestContextBootstrapper=true}', contextCustomizers = set[org.springframework.boot.test.autoconfigure.actuate.metrics.MetricsExportContextCustomizerFactory$DisableMetricExportContextCustomizer@222e2c8a, org.springframework.boot.test.autoconfigure.properties.PropertyMappingContextCustomizer@0, org.springframework.boot.test.autoconfigure.web.servlet.WebDriverContextCustomizerFactory$Customizer@11a1666d, org.springframework.boot.test.context.filter.ExcludeFilterContextCustomizer@54fa9e5d, org.springframework.boot.test.json.DuplicateJsonObjectContextCustomizerFactory$DuplicateJsonObjectContextCustomizer@df4e071, org.springframework.boot.test.mock.mockito.MockitoContextCustomizer@0, org.springframework.boot.test.web.client.TestRestTemplateContextCustomizer@561a9117, org.springframework.boot.test.context.SpringBootTestArgs@1, org.springframework.boot.test.context.SpringBootTestWebEnvironment@7fe832c2], resourceBasePath = 'src/main/webapp', contextLoader = 'org.springframework.boot.test.context.SpringBootContextLoader', parent = [null]], attributes = map['org.springframework.test.context.web.ServletTestExecutionListener.activateListener' -> true, 'org.springframework.test.context.web.ServletTestExecutionListener.populatedRequestContextHolder' -> true, 'org.springframework.test.context.web.ServletTestExecutionListener.resetRequestContextHolder' -> true, 'org.springframework.test.context.event.ApplicationEventsTestExecutionListener.recordApplicationEvents' -> false]]; transaction manager [org.springframework.orm.jpa.JpaTransactionManager@5af09c75]; rollback [true]
Hibernate: 
    insert 
    into
        accounts
        (id, account_version, account_owner_id, account_iban, account_type) 
    values
        (null, ?, ?, ?, 'GIRO')
Hibernate: 
    insert 
    into
        transactions
        (id, tx_account, tx_amount, tx_iban, tx_name, tx_reference, tx_time) 
    values
        (null, ?, ?, ?, ?, ?, ?)
Hibernate: 
    insert 
    into
        transactions
        (id, tx_account, tx_amount, tx_iban, tx_name, tx_reference, tx_time) 
    values
        (null, ?, ?, ?, ?, ?, ?)
Hibernate: 
    select
        account0_.id as id1_0_,
        account0_.account_version as account_2_0_,
        account0_.account_owner_id as account_4_0_,
        account0_.account_iban as account_5_0_,
        account0_.account_type as account_3_0_ 
    from
        accounts account0_ 
    where
        account0_.account_iban=?
07:43:53.061 [Test worker] INFO  o.s.t.c.t.TransactionContext - Rolled back transaction for test: [DefaultTestContext@42be547a testClass = HibernateAccountRepositoryTests, testInstance = at.fhv.se.banking.infrastructure.db.HibernateAccountRepositoryTests@4b1317db, testMethod = given_account_when_add_then_fetch@HibernateAccountRepositoryTests, testException = [null], mergedContextConfiguration = [WebMergedContextConfiguration@2ab995c3 testClass = HibernateAccountRepositoryTests, locations = '{}', classes = '{class at.fhv.se.banking.BankingApplication}', contextInitializerClasses = '[]', activeProfiles = '{test}', propertySourceLocations = '{}', propertySourceProperties = '{org.springframework.boot.test.context.SpringBootTestContextBootstrapper=true}', contextCustomizers = set[org.springframework.boot.test.autoconfigure.actuate.metrics.MetricsExportContextCustomizerFactory$DisableMetricExportContextCustomizer@222e2c8a, org.springframework.boot.test.autoconfigure.properties.PropertyMappingContextCustomizer@0, org.springframework.boot.test.autoconfigure.web.servlet.WebDriverContextCustomizerFactory$Customizer@11a1666d, org.springframework.boot.test.context.filter.ExcludeFilterContextCustomizer@54fa9e5d, org.springframework.boot.test.json.DuplicateJsonObjectContextCustomizerFactory$DuplicateJsonObjectContextCustomizer@df4e071, org.springframework.boot.test.mock.mockito.MockitoContextCustomizer@0, org.springframework.boot.test.web.client.TestRestTemplateContextCustomizer@561a9117, org.springframework.boot.test.context.SpringBootTestArgs@1, org.springframework.boot.test.context.SpringBootTestWebEnvironment@7fe832c2], resourceBasePath = 'src/main/webapp', contextLoader = 'org.springframework.boot.test.context.SpringBootContextLoader', parent = [null]], attributes = map['org.springframework.test.context.web.ServletTestExecutionListener.activateListener' -> true, 'org.springframework.test.context.web.ServletTestExecutionListener.populatedRequestContextHolder' -> true, 'org.springframework.test.context.web.ServletTestExecutionListener.resetRequestContextHolder' -> true, 'org.springframework.test.context.event.ApplicationEventsTestExecutionListener.recordApplicationEvents' -> false]]
07:43:53.063 [Test worker] INFO  o.s.t.c.t.TransactionContext - Began transaction (1) for test context [DefaultTestContext@42be547a testClass = HibernateAccountRepositoryTests, testInstance = at.fhv.se.banking.infrastructure.db.HibernateAccountRepositoryTests@5f42a79a, testMethod = given_accounts_when_add_and_forcustomer_then_fetch@HibernateAccountRepositoryTests, testException = [null], mergedContextConfiguration = [WebMergedContextConfiguration@2ab995c3 testClass = HibernateAccountRepositoryTests, locations = '{}', classes = '{class at.fhv.se.banking.BankingApplication}', contextInitializerClasses = '[]', activeProfiles = '{test}', propertySourceLocations = '{}', propertySourceProperties = '{org.springframework.boot.test.context.SpringBootTestContextBootstrapper=true}', contextCustomizers = set[org.springframework.boot.test.autoconfigure.actuate.metrics.MetricsExportContextCustomizerFactory$DisableMetricExportContextCustomizer@222e2c8a, org.springframework.boot.test.autoconfigure.properties.PropertyMappingContextCustomizer@0, org.springframework.boot.test.autoconfigure.web.servlet.WebDriverContextCustomizerFactory$Customizer@11a1666d, org.springframework.boot.test.context.filter.ExcludeFilterContextCustomizer@54fa9e5d, org.springframework.boot.test.json.DuplicateJsonObjectContextCustomizerFactory$DuplicateJsonObjectContextCustomizer@df4e071, org.springframework.boot.test.mock.mockito.MockitoContextCustomizer@0, org.springframework.boot.test.web.client.TestRestTemplateContextCustomizer@561a9117, org.springframework.boot.test.context.SpringBootTestArgs@1, org.springframework.boot.test.context.SpringBootTestWebEnvironment@7fe832c2], resourceBasePath = 'src/main/webapp', contextLoader = 'org.springframework.boot.test.context.SpringBootContextLoader', parent = [null]], attributes = map['org.springframework.test.context.web.ServletTestExecutionListener.activateListener' -> true, 'org.springframework.test.context.web.ServletTestExecutionListener.populatedRequestContextHolder' -> true, 'org.springframework.test.context.web.ServletTestExecutionListener.resetRequestContextHolder' -> true, 'org.springframework.test.context.event.ApplicationEventsTestExecutionListener.recordApplicationEvents' -> false]]; transaction manager [org.springframework.orm.jpa.JpaTransactionManager@5af09c75]; rollback [true]
Hibernate: 
    insert 
    into
        accounts
        (id, account_version, account_owner_id, account_iban, account_type) 
    values
        (null, ?, ?, ?, 'GIRO')
Hibernate: 
    insert 
    into
        transactions
        (id, tx_account, tx_amount, tx_iban, tx_name, tx_reference, tx_time) 
    values
        (null, ?, ?, ?, ?, ?, ?)
Hibernate: 
    insert 
    into
        transactions
        (id, tx_account, tx_amount, tx_iban, tx_name, tx_reference, tx_time) 
    values
        (null, ?, ?, ?, ?, ?, ?)
Hibernate: 
    insert 
    into
        accounts
        (id, account_version, account_owner_id, account_iban, account_type) 
    values
        (null, ?, ?, ?, 'GIRO')
Hibernate: 
    insert 
    into
        transactions
        (id, tx_account, tx_amount, tx_iban, tx_name, tx_reference, tx_time) 
    values
        (null, ?, ?, ?, ?, ?, ?)
Hibernate: 
    insert 
    into
        transactions
        (id, tx_account, tx_amount, tx_iban, tx_name, tx_reference, tx_time) 
    values
        (null, ?, ?, ?, ?, ?, ?)
Hibernate: 
    insert 
    into
        accounts
        (id, account_version, account_owner_id, account_iban, account_type) 
    values
        (null, ?, ?, ?, 'GIRO')
Hibernate: 
    insert 
    into
        transactions
        (id, tx_account, tx_amount, tx_iban, tx_name, tx_reference, tx_time) 
    values
        (null, ?, ?, ?, ?, ?, ?)
Hibernate: 
    insert 
    into
        transactions
        (id, tx_account, tx_amount, tx_iban, tx_name, tx_reference, tx_time) 
    values
        (null, ?, ?, ?, ?, ?, ?)
Hibernate: 
    select
        account0_.id as id1_0_,
        account0_.account_version as account_2_0_,
        account0_.account_owner_id as account_4_0_,
        account0_.account_iban as account_5_0_,
        account0_.account_type as account_3_0_ 
    from
        accounts account0_ 
    where
        account0_.account_owner_id=?
Hibernate: 
    select
        account0_.id as id1_0_,
        account0_.account_version as account_2_0_,
        account0_.account_owner_id as account_4_0_,
        account0_.account_iban as account_5_0_,
        account0_.account_type as account_3_0_ 
    from
        accounts account0_ 
    where
        account0_.account_owner_id=?
07:43:53.091 [Test worker] INFO  o.s.t.c.t.TransactionContext - Rolled back transaction for test: [DefaultTestContext@42be547a testClass = HibernateAccountRepositoryTests, testInstance = at.fhv.se.banking.infrastructure.db.HibernateAccountRepositoryTests@5f42a79a, testMethod = given_accounts_when_add_and_forcustomer_then_fetch@HibernateAccountRepositoryTests, testException = [null], mergedContextConfiguration = [WebMergedContextConfiguration@2ab995c3 testClass = HibernateAccountRepositoryTests, locations = '{}', classes = '{class at.fhv.se.banking.BankingApplication}', contextInitializerClasses = '[]', activeProfiles = '{test}', propertySourceLocations = '{}', propertySourceProperties = '{org.springframework.boot.test.context.SpringBootTestContextBootstrapper=true}', contextCustomizers = set[org.springframework.boot.test.autoconfigure.actuate.metrics.MetricsExportContextCustomizerFactory$DisableMetricExportContextCustomizer@222e2c8a, org.springframework.boot.test.autoconfigure.properties.PropertyMappingContextCustomizer@0, org.springframework.boot.test.autoconfigure.web.servlet.WebDriverContextCustomizerFactory$Customizer@11a1666d, org.springframework.boot.test.context.filter.ExcludeFilterContextCustomizer@54fa9e5d, org.springframework.boot.test.json.DuplicateJsonObjectContextCustomizerFactory$DuplicateJsonObjectContextCustomizer@df4e071, org.springframework.boot.test.mock.mockito.MockitoContextCustomizer@0, org.springframework.boot.test.web.client.TestRestTemplateContextCustomizer@561a9117, org.springframework.boot.test.context.SpringBootTestArgs@1, org.springframework.boot.test.context.SpringBootTestWebEnvironment@7fe832c2], resourceBasePath = 'src/main/webapp', contextLoader = 'org.springframework.boot.test.context.SpringBootContextLoader', parent = [null]], attributes = map['org.springframework.test.context.web.ServletTestExecutionListener.activateListener' -> true, 'org.springframework.test.context.web.ServletTestExecutionListener.populatedRequestContextHolder' -> true, 'org.springframework.test.context.web.ServletTestExecutionListener.resetRequestContextHolder' -> true, 'org.springframework.test.context.event.ApplicationEventsTestExecutionListener.recordApplicationEvents' -> false]]
]]></system-out>
  <system-err><![CDATA[]]></system-err>
</testsuite>
