<?xml version="1.0" encoding="UTF-8"?>
<testsuite name="at.fhv.se.banking.application.CustomerServiceTests" tests="3" skipped="0" failures="0" errors="0" timestamp="2021-10-25T13:19:01" hostname="zazengine" time="0.023">
  <properties/>
  <testcase name="given_customersinrepo_when_listall_thenreturnall()" classname="at.fhv.se.banking.application.CustomerServiceTests" time="0.011"/>
  <testcase name="given_customerinrepo_when_informationFor_thenreturninfo()" classname="at.fhv.se.banking.application.CustomerServiceTests" time="0.005"/>
  <testcase name="given_nocustomerinrepo_when_informationFor_thenthrowsexception()" classname="at.fhv.se.banking.application.CustomerServiceTests" time="0.005"/>
  <system-out><![CDATA[15:19:00.248 [Test worker] INFO  o.s.b.t.c.SpringBootTestContextBootstrapper - Neither @ContextConfiguration nor @ContextHierarchy found for test class [at.fhv.se.banking.application.CustomerServiceTests], using SpringBootContextLoader
15:19:00.249 [Test worker] INFO  o.s.t.c.s.AbstractContextLoader - Could not detect default resource locations for test class [at.fhv.se.banking.application.CustomerServiceTests]: no resource found for suffixes {-context.xml, Context.groovy}.
15:19:00.250 [Test worker] INFO  o.s.t.c.s.AnnotationConfigContextLoaderUtils - Could not detect default configuration classes for test class [at.fhv.se.banking.application.CustomerServiceTests]: CustomerServiceTests does not declare any static, non-private, non-final, nested classes annotated with @Configuration.
15:19:00.255 [Test worker] INFO  o.s.b.t.c.SpringBootTestContextBootstrapper - Found @SpringBootConfiguration at.fhv.se.banking.BankingApplication for test class at.fhv.se.banking.application.CustomerServiceTests
15:19:00.257 [Test worker] INFO  o.s.b.t.c.SpringBootTestContextBootstrapper - Loaded default TestExecutionListener class names from location [META-INF/spring.factories]: [org.springframework.boot.test.autoconfigure.restdocs.RestDocsTestExecutionListener, org.springframework.boot.test.autoconfigure.web.client.MockRestServiceServerResetTestExecutionListener, org.springframework.boot.test.autoconfigure.web.servlet.MockMvcPrintOnlyOnFailureTestExecutionListener, org.springframework.boot.test.autoconfigure.web.servlet.WebDriverTestExecutionListener, org.springframework.boot.test.autoconfigure.webservices.client.MockWebServiceServerTestExecutionListener, org.springframework.boot.test.mock.mockito.MockitoTestExecutionListener, org.springframework.boot.test.mock.mockito.ResetMocksTestExecutionListener, org.springframework.test.context.web.ServletTestExecutionListener, org.springframework.test.context.support.DirtiesContextBeforeModesTestExecutionListener, org.springframework.test.context.event.ApplicationEventsTestExecutionListener, org.springframework.test.context.support.DependencyInjectionTestExecutionListener, org.springframework.test.context.support.DirtiesContextTestExecutionListener, org.springframework.test.context.transaction.TransactionalTestExecutionListener, org.springframework.test.context.jdbc.SqlScriptsTestExecutionListener, org.springframework.test.context.event.EventPublishingTestExecutionListener]
15:19:00.257 [Test worker] INFO  o.s.b.t.c.SpringBootTestContextBootstrapper - Using TestExecutionListeners: [org.springframework.test.context.web.ServletTestExecutionListener@4d7ca1b6, org.springframework.test.context.support.DirtiesContextBeforeModesTestExecutionListener@4be0b0e3, org.springframework.test.context.event.ApplicationEventsTestExecutionListener@25c1269b, org.springframework.boot.test.mock.mockito.MockitoTestExecutionListener@1dc604b1, org.springframework.boot.test.autoconfigure.SpringBootDependencyInjectionTestExecutionListener@359f77ae, org.springframework.test.context.support.DirtiesContextTestExecutionListener@7b36ae56, org.springframework.test.context.transaction.TransactionalTestExecutionListener@576faa55, org.springframework.test.context.jdbc.SqlScriptsTestExecutionListener@7a21df85, org.springframework.test.context.event.EventPublishingTestExecutionListener@344df568, org.springframework.boot.test.autoconfigure.restdocs.RestDocsTestExecutionListener@7ac7a9a9, org.springframework.boot.test.autoconfigure.web.client.MockRestServiceServerResetTestExecutionListener@505089a6, org.springframework.boot.test.autoconfigure.web.servlet.MockMvcPrintOnlyOnFailureTestExecutionListener@24f9a9de, org.springframework.boot.test.autoconfigure.web.servlet.WebDriverTestExecutionListener@7f44fe9c, org.springframework.boot.test.autoconfigure.webservices.client.MockWebServiceServerTestExecutionListener@38099a3c, org.springframework.boot.test.mock.mockito.ResetMocksTestExecutionListener@6cc02922]

  .   ____          _            __ _ _
 /\\ / ___'_ __ _ _(_)_ __  __ _ \ \ \ \
( ( )\___ | '_ | '_| | '_ \/ _` | \ \ \ \
 \\/  ___)| |_)| | | | | || (_| |  ) ) ) )
  '  |____| .__|_| |_|_| |_\__, | / / / /
 =========|_|==============|___/=/_/_/_/
 :: Spring Boot ::                (v2.5.5)

15:19:00.277 [Test worker] INFO  a.f.s.b.a.CustomerServiceTests - Starting CustomerServiceTests using Java 15.0.3 on zazengine with PID 72625 (started by ionathan in /home/ionathan/gitrepos/DDDHaskell/java)
15:19:00.277 [Test worker] DEBUG a.f.s.b.a.CustomerServiceTests - Running with Spring Boot v2.5.5, Spring v5.3.10
15:19:00.278 [Test worker] INFO  a.f.s.b.a.CustomerServiceTests - No active profile set, falling back to default profiles: default
15:19:00.460 [Test worker] INFO  o.s.d.r.c.RepositoryConfigurationDelegate - Bootstrapping Spring Data JPA repositories in DEFAULT mode.
15:19:00.468 [Test worker] INFO  o.s.d.r.c.RepositoryConfigurationDelegate - Finished Spring Data repository scanning in 7 ms. Found 0 JPA repository interfaces.
15:19:00.656 [Test worker] INFO  com.zaxxer.hikari.HikariDataSource - HikariPool-3 - Starting...
15:19:00.657 [Test worker] INFO  com.zaxxer.hikari.HikariDataSource - HikariPool-3 - Start completed.
15:19:00.683 [Test worker] INFO  o.h.jpa.internal.util.LogHelper - HHH000204: Processing PersistenceUnitInfo [name: default]
15:19:00.762 [Test worker] INFO  org.hibernate.dialect.Dialect - HHH000400: Using dialect: org.hibernate.dialect.H2Dialect
Hibernate: 
    
    drop table if exists accounts CASCADE 
Hibernate: 
    
    drop table if exists customers CASCADE 
Hibernate: 
    
    drop table if exists persistedevents CASCADE 
Hibernate: 
    
    drop table if exists transactions CASCADE 
Hibernate: 
    
    create table accounts (
       id bigint generated by default as identity,
        account_version integer not null,
        account_type varchar(255) not null,
        account_owner_id varchar(255),
        account_iban varchar(255),
        primary key (id)
    )
Hibernate: 
    
    create table customers (
       customer_id bigint generated by default as identity,
        customer_name varchar(255),
        customer_domain_id varchar(255),
        primary key (customer_id)
    )
Hibernate: 
    
    create table persistedevents (
       id bigint generated by default as identity,
        persistedevent_created timestamp,
        persistedevent_type varchar(255),
        persistedevent_processed boolean,
        persistedevent_failed boolean,
        persistedevent_fail_message varchar(255),
        persistedevent_payload varchar(255),
        primary key (id)
    )
Hibernate: 
    
    create table transactions (
       id bigint generated by default as identity,
        tx_account varchar(255),
        tx_amount double,
        tx_iban varchar(255),
        tx_name varchar(255),
        tx_reference varchar(255),
        tx_time timestamp,
        account_id bigint,
        primary key (id)
    )
Hibernate: 
    
    alter table transactions 
       add constraint FK20w7wsg13u9srbq3bd7chfxdh 
       foreign key (account_id) 
       references accounts
15:19:00.823 [Test worker] INFO  o.h.e.t.j.p.i.JtaPlatformInitiator - HHH000490: Using JtaPlatform implementation: [org.hibernate.engine.transaction.jta.platform.internal.NoJtaPlatform]
15:19:00.823 [Test worker] INFO  o.s.o.j.LocalContainerEntityManagerFactoryBean - Initialized JPA EntityManagerFactory for persistence unit 'default'
15:19:00.902 [Test worker] WARN  o.s.b.a.o.j.JpaBaseConfiguration$JpaWebConfiguration - spring.jpa.open-in-view is enabled by default. Therefore, database queries may be performed during view rendering. Explicitly configure spring.jpa.open-in-view to disable this warning
15:19:00.979 [Test worker] INFO  o.s.b.a.h.H2ConsoleAutoConfiguration - H2 console available at '/h2-console'. Database available at 'jdbc:h2:mem:collabnotes'
15:19:01.118 [Test worker] INFO  a.f.s.b.a.CustomerServiceTests - Started CustomerServiceTests in 0.859 seconds (JVM running for 17.417)
Hibernate: 
    select
        persistede0_.id as id1_2_,
        persistede0_.persistedevent_created as persiste2_2_,
        persistede0_.persistedevent_type as persiste3_2_,
        persistede0_.persistedevent_processed as persiste4_2_,
        persistede0_.persistedevent_failed as persiste5_2_,
        persistede0_.persistedevent_fail_message as persiste6_2_,
        persistede0_.persistedevent_payload as persiste7_2_ 
    from
        persistedevents persistede0_ 
    where
        persistede0_.persistedevent_processed=? 
        and persistede0_.persistedevent_failed=0 
    order by
        persistede0_.persistedevent_created limit ?
]]></system-out>
  <system-err><![CDATA[]]></system-err>
</testsuite>
