<?xml version="1.0" encoding="UTF-8"?>
<testsuite name="at.fhv.se.banking.infrastructure.db.HibernatePersistedEventRepositoryTests" tests="2" skipped="0" failures="0" errors="0" timestamp="2021-11-15T16:33:47" hostname="zazengine" time="0.083">
  <properties/>
  <testcase name="given_domainevent_when_persisted_then_returnasnext()" classname="at.fhv.se.banking.infrastructure.db.HibernatePersistedEventRepositoryTests" time="0.076"/>
  <testcase name="given_emptyeventtable_when_nextevent_then_returnempty()" classname="at.fhv.se.banking.infrastructure.db.HibernatePersistedEventRepositoryTests" time="0.006"/>
  <system-out><![CDATA[17:33:47.495 [Test worker] INFO  o.s.b.t.c.SpringBootTestContextBootstrapper - Neither @ContextConfiguration nor @ContextHierarchy found for test class [at.fhv.se.banking.infrastructure.db.HibernatePersistedEventRepositoryTests], using SpringBootContextLoader
17:33:47.495 [Test worker] INFO  o.s.t.c.s.AbstractContextLoader - Could not detect default resource locations for test class [at.fhv.se.banking.infrastructure.db.HibernatePersistedEventRepositoryTests]: no resource found for suffixes {-context.xml, Context.groovy}.
17:33:47.496 [Test worker] INFO  o.s.t.c.s.AnnotationConfigContextLoaderUtils - Could not detect default configuration classes for test class [at.fhv.se.banking.infrastructure.db.HibernatePersistedEventRepositoryTests]: HibernatePersistedEventRepositoryTests does not declare any static, non-private, non-final, nested classes annotated with @Configuration.
17:33:47.497 [Test worker] INFO  o.s.b.t.c.SpringBootTestContextBootstrapper - Found @SpringBootConfiguration at.fhv.se.banking.BankingApplication for test class at.fhv.se.banking.infrastructure.db.HibernatePersistedEventRepositoryTests
17:33:47.498 [Test worker] INFO  o.s.b.t.c.SpringBootTestContextBootstrapper - Loaded default TestExecutionListener class names from location [META-INF/spring.factories]: [org.springframework.boot.test.autoconfigure.restdocs.RestDocsTestExecutionListener, org.springframework.boot.test.autoconfigure.web.client.MockRestServiceServerResetTestExecutionListener, org.springframework.boot.test.autoconfigure.web.servlet.MockMvcPrintOnlyOnFailureTestExecutionListener, org.springframework.boot.test.autoconfigure.web.servlet.WebDriverTestExecutionListener, org.springframework.boot.test.autoconfigure.webservices.client.MockWebServiceServerTestExecutionListener, org.springframework.boot.test.mock.mockito.MockitoTestExecutionListener, org.springframework.boot.test.mock.mockito.ResetMocksTestExecutionListener, org.springframework.test.context.web.ServletTestExecutionListener, org.springframework.test.context.support.DirtiesContextBeforeModesTestExecutionListener, org.springframework.test.context.event.ApplicationEventsTestExecutionListener, org.springframework.test.context.support.DependencyInjectionTestExecutionListener, org.springframework.test.context.support.DirtiesContextTestExecutionListener, org.springframework.test.context.transaction.TransactionalTestExecutionListener, org.springframework.test.context.jdbc.SqlScriptsTestExecutionListener, org.springframework.test.context.event.EventPublishingTestExecutionListener]
17:33:47.498 [Test worker] INFO  o.s.b.t.c.SpringBootTestContextBootstrapper - Using TestExecutionListeners: [org.springframework.test.context.web.ServletTestExecutionListener@6e7c678e, org.springframework.test.context.support.DirtiesContextBeforeModesTestExecutionListener@72a4277c, org.springframework.test.context.event.ApplicationEventsTestExecutionListener@2cba5c09, org.springframework.boot.test.mock.mockito.MockitoTestExecutionListener@2b90fde3, org.springframework.boot.test.autoconfigure.SpringBootDependencyInjectionTestExecutionListener@265daf08, org.springframework.test.context.support.DirtiesContextTestExecutionListener@7511e378, org.springframework.test.context.transaction.TransactionalTestExecutionListener@bb5a3c7, org.springframework.test.context.jdbc.SqlScriptsTestExecutionListener@276628b7, org.springframework.test.context.event.EventPublishingTestExecutionListener@6c08e6bc, org.springframework.boot.test.autoconfigure.restdocs.RestDocsTestExecutionListener@16f8c266, org.springframework.boot.test.autoconfigure.web.client.MockRestServiceServerResetTestExecutionListener@3075e0e5, org.springframework.boot.test.autoconfigure.web.servlet.MockMvcPrintOnlyOnFailureTestExecutionListener@264045cc, org.springframework.boot.test.autoconfigure.web.servlet.WebDriverTestExecutionListener@d566abe, org.springframework.boot.test.autoconfigure.webservices.client.MockWebServiceServerTestExecutionListener@5ded6280, org.springframework.boot.test.mock.mockito.ResetMocksTestExecutionListener@4280c310]
17:33:47.502 [Test worker] INFO  o.s.t.c.t.TransactionContext - Began transaction (1) for test context [DefaultTestContext@2a64533c testClass = HibernatePersistedEventRepositoryTests, testInstance = at.fhv.se.banking.infrastructure.db.HibernatePersistedEventRepositoryTests@18994101, testMethod = given_domainevent_when_persisted_then_returnasnext@HibernatePersistedEventRepositoryTests, testException = [null], mergedContextConfiguration = [WebMergedContextConfiguration@78243a73 testClass = HibernatePersistedEventRepositoryTests, locations = '{}', classes = '{class at.fhv.se.banking.BankingApplication}', contextInitializerClasses = '[]', activeProfiles = '{test}', propertySourceLocations = '{}', propertySourceProperties = '{org.springframework.boot.test.context.SpringBootTestContextBootstrapper=true}', contextCustomizers = set[org.springframework.boot.test.autoconfigure.actuate.metrics.MetricsExportContextCustomizerFactory$DisableMetricExportContextCustomizer@258e0c1a, org.springframework.boot.test.autoconfigure.properties.PropertyMappingContextCustomizer@0, org.springframework.boot.test.autoconfigure.web.servlet.WebDriverContextCustomizerFactory$Customizer@46bbe622, org.springframework.boot.test.context.filter.ExcludeFilterContextCustomizer@4df2cea2, org.springframework.boot.test.json.DuplicateJsonObjectContextCustomizerFactory$DuplicateJsonObjectContextCustomizer@7371b122, org.springframework.boot.test.mock.mockito.MockitoContextCustomizer@0, org.springframework.boot.test.web.client.TestRestTemplateContextCustomizer@312510bc, org.springframework.boot.test.context.SpringBootTestArgs@1, org.springframework.boot.test.context.SpringBootTestWebEnvironment@522987b7], resourceBasePath = 'src/main/webapp', contextLoader = 'org.springframework.boot.test.context.SpringBootContextLoader', parent = [null]], attributes = map['org.springframework.test.context.web.ServletTestExecutionListener.activateListener' -> true, 'org.springframework.test.context.web.ServletTestExecutionListener.populatedRequestContextHolder' -> true, 'org.springframework.test.context.web.ServletTestExecutionListener.resetRequestContextHolder' -> true, 'org.springframework.test.context.event.ApplicationEventsTestExecutionListener.recordApplicationEvents' -> false]]; transaction manager [org.springframework.orm.jpa.JpaTransactionManager@798b4de7]; rollback [true]
Hibernate: 
    insert 
    into
        persistedevents
        (id, persistedevent_created, persistedevent_type, persistedevent_processed, persistedevent_failed, persistedevent_fail_message, persistedevent_payload) 
    values
        (null, ?, ?, ?, ?, ?, ?)
Hibernate: 
    select
        persistede0_.id as id1_2_,
        persistede0_.persistedevent_created as persiste2_2_,
        persistede0_.persistedevent_type as persiste3_2_,
        persistede0_.persistedevent_processed as persiste4_2_,
        persistede0_.persistedevent_failed as persiste5_2_,
        persistede0_.persistedevent_fail_message as persiste6_2_,
        persistede0_.persistedevent_payload as persiste7_2_ 
    from
        persistedevents persistede0_ 
    where
        persistede0_.persistedevent_processed=? 
        and persistede0_.persistedevent_failed=0 
    order by
        persistede0_.persistedevent_created limit ?
17:33:47.577 [Test worker] INFO  o.s.t.c.t.TransactionContext - Rolled back transaction for test: [DefaultTestContext@2a64533c testClass = HibernatePersistedEventRepositoryTests, testInstance = at.fhv.se.banking.infrastructure.db.HibernatePersistedEventRepositoryTests@18994101, testMethod = given_domainevent_when_persisted_then_returnasnext@HibernatePersistedEventRepositoryTests, testException = [null], mergedContextConfiguration = [WebMergedContextConfiguration@78243a73 testClass = HibernatePersistedEventRepositoryTests, locations = '{}', classes = '{class at.fhv.se.banking.BankingApplication}', contextInitializerClasses = '[]', activeProfiles = '{test}', propertySourceLocations = '{}', propertySourceProperties = '{org.springframework.boot.test.context.SpringBootTestContextBootstrapper=true}', contextCustomizers = set[org.springframework.boot.test.autoconfigure.actuate.metrics.MetricsExportContextCustomizerFactory$DisableMetricExportContextCustomizer@258e0c1a, org.springframework.boot.test.autoconfigure.properties.PropertyMappingContextCustomizer@0, org.springframework.boot.test.autoconfigure.web.servlet.WebDriverContextCustomizerFactory$Customizer@46bbe622, org.springframework.boot.test.context.filter.ExcludeFilterContextCustomizer@4df2cea2, org.springframework.boot.test.json.DuplicateJsonObjectContextCustomizerFactory$DuplicateJsonObjectContextCustomizer@7371b122, org.springframework.boot.test.mock.mockito.MockitoContextCustomizer@0, org.springframework.boot.test.web.client.TestRestTemplateContextCustomizer@312510bc, org.springframework.boot.test.context.SpringBootTestArgs@1, org.springframework.boot.test.context.SpringBootTestWebEnvironment@522987b7], resourceBasePath = 'src/main/webapp', contextLoader = 'org.springframework.boot.test.context.SpringBootContextLoader', parent = [null]], attributes = map['org.springframework.test.context.web.ServletTestExecutionListener.activateListener' -> true, 'org.springframework.test.context.web.ServletTestExecutionListener.populatedRequestContextHolder' -> true, 'org.springframework.test.context.web.ServletTestExecutionListener.resetRequestContextHolder' -> true, 'org.springframework.test.context.event.ApplicationEventsTestExecutionListener.recordApplicationEvents' -> false]]
17:33:47.579 [Test worker] INFO  o.s.t.c.t.TransactionContext - Began transaction (1) for test context [DefaultTestContext@2a64533c testClass = HibernatePersistedEventRepositoryTests, testInstance = at.fhv.se.banking.infrastructure.db.HibernatePersistedEventRepositoryTests@33348cac, testMethod = given_emptyeventtable_when_nextevent_then_returnempty@HibernatePersistedEventRepositoryTests, testException = [null], mergedContextConfiguration = [WebMergedContextConfiguration@78243a73 testClass = HibernatePersistedEventRepositoryTests, locations = '{}', classes = '{class at.fhv.se.banking.BankingApplication}', contextInitializerClasses = '[]', activeProfiles = '{test}', propertySourceLocations = '{}', propertySourceProperties = '{org.springframework.boot.test.context.SpringBootTestContextBootstrapper=true}', contextCustomizers = set[org.springframework.boot.test.autoconfigure.actuate.metrics.MetricsExportContextCustomizerFactory$DisableMetricExportContextCustomizer@258e0c1a, org.springframework.boot.test.autoconfigure.properties.PropertyMappingContextCustomizer@0, org.springframework.boot.test.autoconfigure.web.servlet.WebDriverContextCustomizerFactory$Customizer@46bbe622, org.springframework.boot.test.context.filter.ExcludeFilterContextCustomizer@4df2cea2, org.springframework.boot.test.json.DuplicateJsonObjectContextCustomizerFactory$DuplicateJsonObjectContextCustomizer@7371b122, org.springframework.boot.test.mock.mockito.MockitoContextCustomizer@0, org.springframework.boot.test.web.client.TestRestTemplateContextCustomizer@312510bc, org.springframework.boot.test.context.SpringBootTestArgs@1, org.springframework.boot.test.context.SpringBootTestWebEnvironment@522987b7], resourceBasePath = 'src/main/webapp', contextLoader = 'org.springframework.boot.test.context.SpringBootContextLoader', parent = [null]], attributes = map['org.springframework.test.context.web.ServletTestExecutionListener.activateListener' -> true, 'org.springframework.test.context.web.ServletTestExecutionListener.populatedRequestContextHolder' -> true, 'org.springframework.test.context.web.ServletTestExecutionListener.resetRequestContextHolder' -> true, 'org.springframework.test.context.event.ApplicationEventsTestExecutionListener.recordApplicationEvents' -> false]]; transaction manager [org.springframework.orm.jpa.JpaTransactionManager@798b4de7]; rollback [true]
Hibernate: 
    select
        persistede0_.id as id1_2_,
        persistede0_.persistedevent_created as persiste2_2_,
        persistede0_.persistedevent_type as persiste3_2_,
        persistede0_.persistedevent_processed as persiste4_2_,
        persistede0_.persistedevent_failed as persiste5_2_,
        persistede0_.persistedevent_fail_message as persiste6_2_,
        persistede0_.persistedevent_payload as persiste7_2_ 
    from
        persistedevents persistede0_ 
    where
        persistede0_.persistedevent_processed=? 
        and persistede0_.persistedevent_failed=0 
    order by
        persistede0_.persistedevent_created limit ?
17:33:47.583 [Test worker] INFO  o.s.t.c.t.TransactionContext - Rolled back transaction for test: [DefaultTestContext@2a64533c testClass = HibernatePersistedEventRepositoryTests, testInstance = at.fhv.se.banking.infrastructure.db.HibernatePersistedEventRepositoryTests@33348cac, testMethod = given_emptyeventtable_when_nextevent_then_returnempty@HibernatePersistedEventRepositoryTests, testException = [null], mergedContextConfiguration = [WebMergedContextConfiguration@78243a73 testClass = HibernatePersistedEventRepositoryTests, locations = '{}', classes = '{class at.fhv.se.banking.BankingApplication}', contextInitializerClasses = '[]', activeProfiles = '{test}', propertySourceLocations = '{}', propertySourceProperties = '{org.springframework.boot.test.context.SpringBootTestContextBootstrapper=true}', contextCustomizers = set[org.springframework.boot.test.autoconfigure.actuate.metrics.MetricsExportContextCustomizerFactory$DisableMetricExportContextCustomizer@258e0c1a, org.springframework.boot.test.autoconfigure.properties.PropertyMappingContextCustomizer@0, org.springframework.boot.test.autoconfigure.web.servlet.WebDriverContextCustomizerFactory$Customizer@46bbe622, org.springframework.boot.test.context.filter.ExcludeFilterContextCustomizer@4df2cea2, org.springframework.boot.test.json.DuplicateJsonObjectContextCustomizerFactory$DuplicateJsonObjectContextCustomizer@7371b122, org.springframework.boot.test.mock.mockito.MockitoContextCustomizer@0, org.springframework.boot.test.web.client.TestRestTemplateContextCustomizer@312510bc, org.springframework.boot.test.context.SpringBootTestArgs@1, org.springframework.boot.test.context.SpringBootTestWebEnvironment@522987b7], resourceBasePath = 'src/main/webapp', contextLoader = 'org.springframework.boot.test.context.SpringBootContextLoader', parent = [null]], attributes = map['org.springframework.test.context.web.ServletTestExecutionListener.activateListener' -> true, 'org.springframework.test.context.web.ServletTestExecutionListener.populatedRequestContextHolder' -> true, 'org.springframework.test.context.web.ServletTestExecutionListener.resetRequestContextHolder' -> true, 'org.springframework.test.context.event.ApplicationEventsTestExecutionListener.recordApplicationEvents' -> false]]
]]></system-out>
  <system-err><![CDATA[]]></system-err>
</testsuite>
