<?xml version="1.0" encoding="UTF-8"?>
<testsuite name="at.fhv.se.banking.application.AccountServiceTests" tests="19" skipped="0" failures="0" errors="0" timestamp="2021-11-11T09:56:23" hostname="DESKTOP-PSP3COV" time="0.281">
  <properties/>
  <testcase name="given_receivingcustomernotinrepo_when_transferTransactional_thenthrows()" classname="at.fhv.se.banking.application.AccountServiceTests" time="0.074"/>
  <testcase name="given_sendingcustomernotinrepo_when_transferTransactional_thenthrows()" classname="at.fhv.se.banking.application.AccountServiceTests" time="0.009"/>
  <testcase name="given_transferserviceexception_when_transferEventual_theninteractions()" classname="at.fhv.se.banking.application.AccountServiceTests" time="0.062"/>
  <testcase name="given_noaccountinrepo_when_withdraw_thenthrows()" classname="at.fhv.se.banking.application.AccountServiceTests" time="0.008"/>
  <testcase name="given_accountinrepo_when_deposit_thenincreasebalance()" classname="at.fhv.se.banking.application.AccountServiceTests" time="0.01"/>
  <testcase name="given_receivingCustomerNotFound_when_transferEventual_theninteractions()" classname="at.fhv.se.banking.application.AccountServiceTests" time="0.008"/>
  <testcase name="given_sendingCustomerNotFound_when_transferEventual_theninteractions()" classname="at.fhv.se.banking.application.AccountServiceTests" time="0.009"/>
  <testcase name="given_sendingaccountnotinrepo_when_transferTransactional_thenthrows()" classname="at.fhv.se.banking.application.AccountServiceTests" time="0.007"/>
  <testcase name="given_nomatchingaccountinrepo_when_byIban_thenthrows()" classname="at.fhv.se.banking.application.AccountServiceTests" time="0.006"/>
  <testcase name="given_accountinrepo_when_transferTransactional_theninteractions()" classname="at.fhv.se.banking.application.AccountServiceTests" time="0.007"/>
  <testcase name="given_accountinrepo_when_transferTransactional_andinvalidoperation_then_throws()" classname="at.fhv.se.banking.application.AccountServiceTests" time="0.007"/>
  <testcase name="given_accountinrepo_when_transferEventual_theninteractions()" classname="at.fhv.se.banking.application.AccountServiceTests" time="0.007"/>
  <testcase name="given_sendingAccountNotFound_when_transferEventual_theninteractions()" classname="at.fhv.se.banking.application.AccountServiceTests" time="0.006"/>
  <testcase name="given_accountinrepo_when_transferReceive_theninteractions()" classname="at.fhv.se.banking.application.AccountServiceTests" time="0.008"/>
  <testcase name="given_receivingaccountnotinrepo_when_transferTransactional_thenthrows()" classname="at.fhv.se.banking.application.AccountServiceTests" time="0.006"/>
  <testcase name="given_receivingAccountNotFound_when_transferEventual_theninteractions()" classname="at.fhv.se.banking.application.AccountServiceTests" time="0.005"/>
  <testcase name="given_accountinrepo_when_withdraw_thendecreasebalance()" classname="at.fhv.se.banking.application.AccountServiceTests" time="0.005"/>
  <testcase name="given_accountinrepo_when_byIban_thenreturn()" classname="at.fhv.se.banking.application.AccountServiceTests" time="0.006"/>
  <testcase name="given_noaccountinrepo_when_deposit_thenthrows()" classname="at.fhv.se.banking.application.AccountServiceTests" time="0.005"/>
  <system-out><![CDATA[10:56:15.149 [Test worker] DEBUG org.springframework.test.context.BootstrapUtils - Instantiating CacheAwareContextLoaderDelegate from class [org.springframework.test.context.cache.DefaultCacheAwareContextLoaderDelegate]
10:56:15.193 [Test worker] DEBUG org.springframework.test.context.BootstrapUtils - Instantiating BootstrapContext using constructor [public org.springframework.test.context.support.DefaultBootstrapContext(java.lang.Class,org.springframework.test.context.CacheAwareContextLoaderDelegate)]
10:56:15.279 [Test worker] DEBUG org.springframework.test.context.BootstrapUtils - Instantiating TestContextBootstrapper for test class [at.fhv.se.banking.application.AccountServiceTests] from class [org.springframework.boot.test.context.SpringBootTestContextBootstrapper]
10:56:15.300 [Test worker] INFO org.springframework.boot.test.context.SpringBootTestContextBootstrapper - Neither @ContextConfiguration nor @ContextHierarchy found for test class [at.fhv.se.banking.application.AccountServiceTests], using SpringBootContextLoader
10:56:15.311 [Test worker] DEBUG org.springframework.test.context.support.AbstractContextLoader - Did not detect default resource location for test class [at.fhv.se.banking.application.AccountServiceTests]: class path resource [at/fhv/se/banking/application/AccountServiceTests-context.xml] does not exist
10:56:15.312 [Test worker] DEBUG org.springframework.test.context.support.AbstractContextLoader - Did not detect default resource location for test class [at.fhv.se.banking.application.AccountServiceTests]: class path resource [at/fhv/se/banking/application/AccountServiceTestsContext.groovy] does not exist
10:56:15.313 [Test worker] INFO org.springframework.test.context.support.AbstractContextLoader - Could not detect default resource locations for test class [at.fhv.se.banking.application.AccountServiceTests]: no resource found for suffixes {-context.xml, Context.groovy}.
10:56:15.314 [Test worker] INFO org.springframework.test.context.support.AnnotationConfigContextLoaderUtils - Could not detect default configuration classes for test class [at.fhv.se.banking.application.AccountServiceTests]: AccountServiceTests does not declare any static, non-private, non-final, nested classes annotated with @Configuration.
10:56:15.443 [Test worker] DEBUG org.springframework.test.context.support.ActiveProfilesUtils - Could not find an 'annotation declaring class' for annotation type [org.springframework.test.context.ActiveProfiles] and class [at.fhv.se.banking.application.AccountServiceTests]
10:56:15.604 [Test worker] DEBUG org.springframework.context.annotation.ClassPathScanningCandidateComponentProvider - Identified candidate component class: file [C:\Users\Jonathan Thaler\gitrepos\DDDHaskell\java\build\classes\java\main\at\fhv\se\banking\BankingApplication.class]
10:56:15.608 [Test worker] INFO org.springframework.boot.test.context.SpringBootTestContextBootstrapper - Found @SpringBootConfiguration at.fhv.se.banking.BankingApplication for test class at.fhv.se.banking.application.AccountServiceTests
10:56:15.820 [Test worker] DEBUG org.springframework.boot.test.context.SpringBootTestContextBootstrapper - @TestExecutionListeners is not present for class [at.fhv.se.banking.application.AccountServiceTests]: using defaults.
10:56:15.820 [Test worker] INFO org.springframework.boot.test.context.SpringBootTestContextBootstrapper - Loaded default TestExecutionListener class names from location [META-INF/spring.factories]: [org.springframework.boot.test.autoconfigure.restdocs.RestDocsTestExecutionListener, org.springframework.boot.test.autoconfigure.web.client.MockRestServiceServerResetTestExecutionListener, org.springframework.boot.test.autoconfigure.web.servlet.MockMvcPrintOnlyOnFailureTestExecutionListener, org.springframework.boot.test.autoconfigure.web.servlet.WebDriverTestExecutionListener, org.springframework.boot.test.autoconfigure.webservices.client.MockWebServiceServerTestExecutionListener, org.springframework.boot.test.mock.mockito.MockitoTestExecutionListener, org.springframework.boot.test.mock.mockito.ResetMocksTestExecutionListener, org.springframework.test.context.web.ServletTestExecutionListener, org.springframework.test.context.support.DirtiesContextBeforeModesTestExecutionListener, org.springframework.test.context.event.ApplicationEventsTestExecutionListener, org.springframework.test.context.support.DependencyInjectionTestExecutionListener, org.springframework.test.context.support.DirtiesContextTestExecutionListener, org.springframework.test.context.transaction.TransactionalTestExecutionListener, org.springframework.test.context.jdbc.SqlScriptsTestExecutionListener, org.springframework.test.context.event.EventPublishingTestExecutionListener]
10:56:15.856 [Test worker] INFO org.springframework.boot.test.context.SpringBootTestContextBootstrapper - Using TestExecutionListeners: [org.springframework.test.context.web.ServletTestExecutionListener@1031a9aa, org.springframework.test.context.support.DirtiesContextBeforeModesTestExecutionListener@3e3b8082, org.springframework.test.context.event.ApplicationEventsTestExecutionListener@3fdeda63, org.springframework.boot.test.mock.mockito.MockitoTestExecutionListener@356c299a, org.springframework.boot.test.autoconfigure.SpringBootDependencyInjectionTestExecutionListener@280daa64, org.springframework.test.context.support.DirtiesContextTestExecutionListener@4ad00077, org.springframework.test.context.transaction.TransactionalTestExecutionListener@394d68c, org.springframework.test.context.jdbc.SqlScriptsTestExecutionListener@57e01f9d, org.springframework.test.context.event.EventPublishingTestExecutionListener@12fbd18f, org.springframework.boot.test.autoconfigure.restdocs.RestDocsTestExecutionListener@5862a81f, org.springframework.boot.test.autoconfigure.web.client.MockRestServiceServerResetTestExecutionListener@7d672529, org.springframework.boot.test.autoconfigure.web.servlet.MockMvcPrintOnlyOnFailureTestExecutionListener@2aacd1ef, org.springframework.boot.test.autoconfigure.web.servlet.WebDriverTestExecutionListener@66970a9c, org.springframework.boot.test.autoconfigure.webservices.client.MockWebServiceServerTestExecutionListener@2b787401, org.springframework.boot.test.mock.mockito.ResetMocksTestExecutionListener@6ff2422a]
10:56:15.862 [Test worker] DEBUG org.springframework.test.context.support.AbstractDirtiesContextTestExecutionListener - Before test class: context [DefaultTestContext@8e44905 testClass = AccountServiceTests, testInstance = [null], testMethod = [null], testException = [null], mergedContextConfiguration = [WebMergedContextConfiguration@5c31e1cd testClass = AccountServiceTests, locations = '{}', classes = '{class at.fhv.se.banking.BankingApplication}', contextInitializerClasses = '[]', activeProfiles = '{}', propertySourceLocations = '{}', propertySourceProperties = '{org.springframework.boot.test.context.SpringBootTestContextBootstrapper=true}', contextCustomizers = set[org.springframework.boot.test.autoconfigure.actuate.metrics.MetricsExportContextCustomizerFactory$DisableMetricExportContextCustomizer@45535f4e, org.springframework.boot.test.autoconfigure.properties.PropertyMappingContextCustomizer@0, org.springframework.boot.test.autoconfigure.web.servlet.WebDriverContextCustomizerFactory$Customizer@595a4ad2, org.springframework.boot.test.context.filter.ExcludeFilterContextCustomizer@6a3f3619, org.springframework.boot.test.json.DuplicateJsonObjectContextCustomizerFactory$DuplicateJsonObjectContextCustomizer@5f8136e3, org.springframework.boot.test.mock.mockito.MockitoContextCustomizer@f16ce7e9, org.springframework.boot.test.web.client.TestRestTemplateContextCustomizer@2fd2a23b, org.springframework.boot.test.context.SpringBootTestArgs@1, org.springframework.boot.test.context.SpringBootTestWebEnvironment@54ccae9], resourceBasePath = 'src/main/webapp', contextLoader = 'org.springframework.boot.test.context.SpringBootContextLoader', parent = [null]], attributes = map['org.springframework.test.context.web.ServletTestExecutionListener.activateListener' -> true]], class annotated with @DirtiesContext [false] with mode [null].
10:56:15.920 [Test worker] DEBUG org.springframework.test.context.support.TestPropertySourceUtils - Adding inlined properties to environment: {spring.jmx.enabled=false, org.springframework.boot.test.context.SpringBootTestContextBootstrapper=true}

  .   ____          _            __ _ _
 /\\ / ___'_ __ _ _(_)_ __  __ _ \ \ \ \
( ( )\___ | '_ | '_| | '_ \/ _` | \ \ \ \
 \\/  ___)| |_)| | | | | || (_| |  ) ) ) )
  '  |____| .__|_| |_|_| |_\__, | / / / /
 =========|_|==============|___/=/_/_/_/
 :: Spring Boot ::                (v2.5.5)

10:56:16.544 [Test worker] INFO  a.f.s.b.a.AccountServiceTests - Starting AccountServiceTests using Java 11.0.9.1 on DESKTOP-PSP3COV with PID 1352 (started by Jonathan Thaler in C:\Users\Jonathan Thaler\gitrepos\DDDHaskell\java)
10:56:16.546 [Test worker] DEBUG a.f.s.b.a.AccountServiceTests - Running with Spring Boot v2.5.5, Spring v5.3.10
10:56:16.548 [Test worker] INFO  a.f.s.b.a.AccountServiceTests - No active profile set, falling back to default profiles: default
10:56:17.677 [Test worker] INFO  o.s.d.r.c.RepositoryConfigurationDelegate - Bootstrapping Spring Data JPA repositories in DEFAULT mode.
10:56:17.716 [Test worker] INFO  o.s.d.r.c.RepositoryConfigurationDelegate - Finished Spring Data repository scanning in 25 ms. Found 0 JPA repository interfaces.
10:56:18.962 [Test worker] INFO  com.zaxxer.hikari.HikariDataSource - HikariPool-1 - Starting...
10:56:19.323 [Test worker] INFO  com.zaxxer.hikari.HikariDataSource - HikariPool-1 - Start completed.
10:56:19.575 [Test worker] INFO  o.h.jpa.internal.util.LogHelper - HHH000204: Processing PersistenceUnitInfo [name: default]
10:56:19.664 [Test worker] INFO  org.hibernate.Version - HHH000412: Hibernate ORM core version 5.4.32.Final
10:56:19.733 [Test worker] INFO  o.h.annotations.common.Version - HCANN000001: Hibernate Commons Annotations {5.1.2.Final}
10:56:20.852 [Test worker] INFO  org.hibernate.dialect.Dialect - HHH000400: Using dialect: org.hibernate.dialect.H2Dialect
Hibernate: 
    
    drop table if exists accounts CASCADE 
Hibernate: 
    
    drop table if exists customers CASCADE 
Hibernate: 
    
    drop table if exists persistedevents CASCADE 
Hibernate: 
    
    drop table if exists transactions CASCADE 
Hibernate: 
    
    create table accounts (
       id bigint generated by default as identity,
        account_version integer not null,
        account_type varchar(255) not null,
        account_owner_id varchar(255),
        account_iban varchar(255),
        primary key (id)
    )
Hibernate: 
    
    create table customers (
       customer_id bigint generated by default as identity,
        customer_name varchar(255),
        customer_domain_id varchar(255),
        primary key (customer_id)
    )
Hibernate: 
    
    create table persistedevents (
       id bigint generated by default as identity,
        persistedevent_created timestamp,
        persistedevent_type varchar(255),
        persistedevent_processed boolean,
        persistedevent_failed boolean,
        persistedevent_fail_message varchar(255),
        persistedevent_payload varchar(4096),
        primary key (id)
    )
Hibernate: 
    
    create table transactions (
       id bigint generated by default as identity,
        tx_account varchar(255),
        tx_amount double,
        tx_iban varchar(255),
        tx_name varchar(255),
        tx_reference varchar(255),
        tx_time timestamp,
        account_id bigint,
        primary key (id)
    )
Hibernate: 
    
    alter table transactions 
       add constraint FK20w7wsg13u9srbq3bd7chfxdh 
       foreign key (account_id) 
       references accounts
10:56:21.623 [Test worker] INFO  o.h.e.t.j.p.i.JtaPlatformInitiator - HHH000490: Using JtaPlatform implementation: [org.hibernate.engine.transaction.jta.platform.internal.NoJtaPlatform]
10:56:21.639 [Test worker] INFO  o.s.o.j.LocalContainerEntityManagerFactoryBean - Initialized JPA EntityManagerFactory for persistence unit 'default'
10:56:22.038 [Test worker] WARN  o.s.b.a.o.j.JpaBaseConfiguration$JpaWebConfiguration - spring.jpa.open-in-view is enabled by default. Therefore, database queries may be performed during view rendering. Explicitly configure spring.jpa.open-in-view to disable this warning
10:56:22.439 [Test worker] INFO  o.s.b.a.h.H2ConsoleAutoConfiguration - H2 console available at '/h2-console'. Database available at 'jdbc:h2:mem:collabnotes'
10:56:22.974 [Test worker] INFO  a.f.s.b.a.AccountServiceTests - Started AccountServiceTests in 7.036 seconds (JVM running for 9.695)
]]></system-out>
  <system-err><![CDATA[]]></system-err>
</testsuite>
