<?xml version="1.0" encoding="UTF-8"?>
<testsuite name="at.fhv.se.banking.application.AccountServiceTests" tests="11" skipped="0" failures="0" errors="0" timestamp="2021-10-18T10:57:08" hostname="zazengine" time="0.35">
  <properties/>
  <testcase name="given_receivingaccountnotinrepo_when_transfer_thenthrows()" classname="at.fhv.se.banking.application.AccountServiceTests" time="0.021"/>
  <testcase name="given_receivingcustomernotinrepo_when_transfer_thenthrows()" classname="at.fhv.se.banking.application.AccountServiceTests" time="0.016"/>
  <testcase name="given_noaccountinrepo_when_withdraw_thenthrows()" classname="at.fhv.se.banking.application.AccountServiceTests" time="0.013"/>
  <testcase name="given_accountinrepo_when_deposit_thenincreasebalance()" classname="at.fhv.se.banking.application.AccountServiceTests" time="0.169"/>
  <testcase name="given_nomatchingaccountinrepo_when_byIban_thenthrows()" classname="at.fhv.se.banking.application.AccountServiceTests" time="0.014"/>
  <testcase name="given_sendingcustomernotinrepo_when_transfer_thenthrows()" classname="at.fhv.se.banking.application.AccountServiceTests" time="0.013"/>
  <testcase name="given_accountinrepo_when_transfer_thenexchangedbalances()" classname="at.fhv.se.banking.application.AccountServiceTests" time="0.021"/>
  <testcase name="given_accountinrepo_when_withdraw_thendecreasebalance()" classname="at.fhv.se.banking.application.AccountServiceTests" time="0.011"/>
  <testcase name="given_accountinrepo_when_byIban_thenreturn()" classname="at.fhv.se.banking.application.AccountServiceTests" time="0.011"/>
  <testcase name="given_sendingaccountnotinrepo_when_transfer_thenthrows()" classname="at.fhv.se.banking.application.AccountServiceTests" time="0.011"/>
  <testcase name="given_noaccountinrepo_when_deposit_thenthrows()" classname="at.fhv.se.banking.application.AccountServiceTests" time="0.013"/>
  <system-out><![CDATA[12:57:08.831 [Test worker] INFO  o.s.b.t.c.SpringBootTestContextBootstrapper - Neither @ContextConfiguration nor @ContextHierarchy found for test class [at.fhv.se.banking.application.AccountServiceTests], using SpringBootContextLoader
12:57:08.832 [Test worker] INFO  o.s.t.c.s.AbstractContextLoader - Could not detect default resource locations for test class [at.fhv.se.banking.application.AccountServiceTests]: no resource found for suffixes {-context.xml, Context.groovy}.
12:57:08.840 [Test worker] INFO  o.s.t.c.s.AnnotationConfigContextLoaderUtils - Could not detect default configuration classes for test class [at.fhv.se.banking.application.AccountServiceTests]: AccountServiceTests does not declare any static, non-private, non-final, nested classes annotated with @Configuration.
12:57:08.842 [Test worker] INFO  o.s.b.t.c.SpringBootTestContextBootstrapper - Found @SpringBootConfiguration at.fhv.se.banking.BankingApplication for test class at.fhv.se.banking.application.AccountServiceTests
12:57:08.851 [Test worker] INFO  o.s.b.t.c.SpringBootTestContextBootstrapper - Loaded default TestExecutionListener class names from location [META-INF/spring.factories]: [org.springframework.boot.test.autoconfigure.restdocs.RestDocsTestExecutionListener, org.springframework.boot.test.autoconfigure.web.client.MockRestServiceServerResetTestExecutionListener, org.springframework.boot.test.autoconfigure.web.servlet.MockMvcPrintOnlyOnFailureTestExecutionListener, org.springframework.boot.test.autoconfigure.web.servlet.WebDriverTestExecutionListener, org.springframework.boot.test.autoconfigure.webservices.client.MockWebServiceServerTestExecutionListener, org.springframework.boot.test.mock.mockito.MockitoTestExecutionListener, org.springframework.boot.test.mock.mockito.ResetMocksTestExecutionListener, org.springframework.test.context.web.ServletTestExecutionListener, org.springframework.test.context.support.DirtiesContextBeforeModesTestExecutionListener, org.springframework.test.context.event.ApplicationEventsTestExecutionListener, org.springframework.test.context.support.DependencyInjectionTestExecutionListener, org.springframework.test.context.support.DirtiesContextTestExecutionListener, org.springframework.test.context.transaction.TransactionalTestExecutionListener, org.springframework.test.context.jdbc.SqlScriptsTestExecutionListener, org.springframework.test.context.event.EventPublishingTestExecutionListener]
12:57:08.852 [Test worker] INFO  o.s.b.t.c.SpringBootTestContextBootstrapper - Using TestExecutionListeners: [org.springframework.test.context.web.ServletTestExecutionListener@24494970, org.springframework.test.context.support.DirtiesContextBeforeModesTestExecutionListener@293ade25, org.springframework.test.context.event.ApplicationEventsTestExecutionListener@5edde520, org.springframework.boot.test.mock.mockito.MockitoTestExecutionListener@4f37a805, org.springframework.boot.test.autoconfigure.SpringBootDependencyInjectionTestExecutionListener@21db7a5a, org.springframework.test.context.support.DirtiesContextTestExecutionListener@5eef43b2, org.springframework.test.context.transaction.TransactionalTestExecutionListener@6faa49aa, org.springframework.test.context.jdbc.SqlScriptsTestExecutionListener@1dafb3da, org.springframework.test.context.event.EventPublishingTestExecutionListener@675c139f, org.springframework.boot.test.autoconfigure.restdocs.RestDocsTestExecutionListener@430a2e15, org.springframework.boot.test.autoconfigure.web.client.MockRestServiceServerResetTestExecutionListener@7ed0d8c7, org.springframework.boot.test.autoconfigure.web.servlet.MockMvcPrintOnlyOnFailureTestExecutionListener@1e8185a4, org.springframework.boot.test.autoconfigure.web.servlet.WebDriverTestExecutionListener@1946ad00, org.springframework.boot.test.autoconfigure.webservices.client.MockWebServiceServerTestExecutionListener@b2e52bb, org.springframework.boot.test.mock.mockito.ResetMocksTestExecutionListener@73c0a5f9]
]]></system-out>
  <system-err><![CDATA[]]></system-err>
</testsuite>
