<?xml version="1.0" encoding="UTF-8"?>
<testsuite name="at.fhv.se.banking.infrastructure.db.HibernateCustomerRepositoryTests" tests="2" skipped="0" failures="0" errors="0" timestamp="2021-10-22T12:47:07" hostname="zazengine" time="0.003">
  <properties/>
  <testcase name="given_customer_when_added_then_fetched()" classname="at.fhv.se.banking.infrastructure.db.HibernateCustomerRepositoryTests" time="0.002"/>
  <testcase name="given_customers_when_addedandall_then_fetched()" classname="at.fhv.se.banking.infrastructure.db.HibernateCustomerRepositoryTests" time="0.0"/>
  <system-out><![CDATA[]]></system-out>
  <system-err><![CDATA[]]></system-err>
</testsuite>
